[1.617s] Invoking command in '/home/chotaehyun/waver_ws/build/vizanti_server': AMENT_PREFIX_PATH=/home/chotaehyun/waver_ws/install/vizanti_msgs:${AMENT_PREFIX_PATH} CMAKE_PREFIX_PATH=/home/chotaehyun/waver_ws/install/vizanti_msgs:/opt/ros/humble LD_LIBRARY_PATH=/home/chotaehyun/waver_ws/install/vizanti_msgs/lib:${LD_LIBRARY_PATH} PYTHONPATH=/home/chotaehyun/waver_ws/install/vizanti_msgs/local/lib/python3.10/dist-packages:${PYTHONPATH} /usr/bin/cmake --build /home/chotaehyun/waver_ws/build/vizanti_server -- -j16 -l16
[1.967s] Invoked command in '/home/chotaehyun/waver_ws/build/vizanti_server' returned '0': AMENT_PREFIX_PATH=/home/chotaehyun/waver_ws/install/vizanti_msgs:${AMENT_PREFIX_PATH} CMAKE_PREFIX_PATH=/home/chotaehyun/waver_ws/install/vizanti_msgs:/opt/ros/humble LD_LIBRARY_PATH=/home/chotaehyun/waver_ws/install/vizanti_msgs/lib:${LD_LIBRARY_PATH} PYTHONPATH=/home/chotaehyun/waver_ws/install/vizanti_msgs/local/lib/python3.10/dist-packages:${PYTHONPATH} /usr/bin/cmake --build /home/chotaehyun/waver_ws/build/vizanti_server -- -j16 -l16
[1.968s] Invoking command in '/home/chotaehyun/waver_ws/build/vizanti_server': AMENT_PREFIX_PATH=/home/chotaehyun/waver_ws/install/vizanti_msgs:${AMENT_PREFIX_PATH} CMAKE_PREFIX_PATH=/home/chotaehyun/waver_ws/install/vizanti_msgs:/opt/ros/humble LD_LIBRARY_PATH=/home/chotaehyun/waver_ws/install/vizanti_msgs/lib:${LD_LIBRARY_PATH} PYTHONPATH=/home/chotaehyun/waver_ws/install/vizanti_msgs/local/lib/python3.10/dist-packages:${PYTHONPATH} /usr/bin/cmake --install /home/chotaehyun/waver_ws/build/vizanti_server
[1.982s] -- Install configuration: ""
[1.982s] -- Execute custom install script
[1.982s] -- Up-to-date symlink: /home/chotaehyun/waver_ws/install/vizanti_server/share/vizanti_server//launch/vizanti_rws.launch.py
[1.982s] -- Up-to-date symlink: /home/chotaehyun/waver_ws/install/vizanti_server/share/vizanti_server//launch/vizanti_server.launch.py
[1.982s] -- Up-to-date symlink: /home/chotaehyun/waver_ws/install/vizanti_server/share/vizanti_server//public/assets/add.svg
[1.982s] -- Up-to-date symlink: /home/chotaehyun/waver_ws/install/vizanti_server/share/vizanti_server//public/assets/altimeter.svg
[1.982s] -- Up-to-date symlink: /home/chotaehyun/waver_ws/install/vizanti_server/share/vizanti_server//public/assets/altimeter_arrow.svg
[1.983s] -- Up-to-date symlink: /home/chotaehyun/waver_ws/install/vizanti_server/share/vizanti_server//public/assets/altimeter_arrow_green.svg
[1.983s] -- Up-to-date symlink: /home/chotaehyun/waver_ws/install/vizanti_server/share/vizanti_server//public/assets/altimeter_green.svg
[1.983s] -- Up-to-date symlink: /home/chotaehyun/waver_ws/install/vizanti_server/share/vizanti_server//public/assets/area.svg
[1.983s] -- Up-to-date symlink: /home/chotaehyun/waver_ws/install/vizanti_server/share/vizanti_server//public/assets/battery_100.svg
[1.983s] -- Up-to-date symlink: /home/chotaehyun/waver_ws/install/vizanti_server/share/vizanti_server//public/assets/battery_20.svg
[1.989s] -- Up-to-date symlink: /home/chotaehyun/waver_ws/install/vizanti_server/share/vizanti_server//public/assets/battery_40.svg
[1.989s] -- Up-to-date symlink: /home/chotaehyun/waver_ws/install/vizanti_server/share/vizanti_server//public/assets/battery_60.svg
[1.989s] -- Up-to-date symlink: /home/chotaehyun/waver_ws/install/vizanti_server/share/vizanti_server//public/assets/battery_80.svg
[1.989s] -- Up-to-date symlink: /home/chotaehyun/waver_ws/install/vizanti_server/share/vizanti_server//public/assets/battery_unknown.svg
[1.989s] -- Up-to-date symlink: /home/chotaehyun/waver_ws/install/vizanti_server/share/vizanti_server//public/assets/button.svg
[1.989s] -- Up-to-date symlink: /home/chotaehyun/waver_ws/install/vizanti_server/share/vizanti_server//public/assets/button_false.svg
[1.989s] -- Up-to-date symlink: /home/chotaehyun/waver_ws/install/vizanti_server/share/vizanti_server//public/assets/button_true.svg
[1.989s] -- Up-to-date symlink: /home/chotaehyun/waver_ws/install/vizanti_server/share/vizanti_server//public/assets/costmap.svg
[1.989s] -- Up-to-date symlink: /home/chotaehyun/waver_ws/install/vizanti_server/share/vizanti_server//public/assets/default_layout.json
[1.990s] -- Up-to-date symlink: /home/chotaehyun/waver_ws/install/vizanti_server/share/vizanti_server//public/assets/folder.svg
[1.993s] -- Up-to-date symlink: /home/chotaehyun/waver_ws/install/vizanti_server/share/vizanti_server//public/assets/grid.svg
[2.001s] -- Up-to-date symlink: /home/chotaehyun/waver_ws/install/vizanti_server/share/vizanti_server//public/assets/gridcells.svg
[2.002s] -- Up-to-date symlink: /home/chotaehyun/waver_ws/install/vizanti_server/share/vizanti_server//public/assets/icon/152.png
[2.002s] -- Up-to-date symlink: /home/chotaehyun/waver_ws/install/vizanti_server/share/vizanti_server//public/assets/icon/16.png
[2.002s] -- Up-to-date symlink: /home/chotaehyun/waver_ws/install/vizanti_server/share/vizanti_server//public/assets/icon/192.png
[2.002s] -- Up-to-date symlink: /home/chotaehyun/waver_ws/install/vizanti_server/share/vizanti_server//public/assets/icon/32.png
[2.002s] -- Up-to-date symlink: /home/chotaehyun/waver_ws/install/vizanti_server/share/vizanti_server//public/assets/icon/512.png
[2.002s] -- Up-to-date symlink: /home/chotaehyun/waver_ws/install/vizanti_server/share/vizanti_server//public/assets/icon/96.png
[2.002s] -- Up-to-date symlink: /home/chotaehyun/waver_ws/install/vizanti_server/share/vizanti_server//public/assets/icon/icon.svg
[2.003s] -- Up-to-date symlink: /home/chotaehyun/waver_ws/install/vizanti_server/share/vizanti_server//public/assets/icon/manifest.json
[2.003s] -- Up-to-date symlink: /home/chotaehyun/waver_ws/install/vizanti_server/share/vizanti_server//public/assets/icon/preview.jpg
[2.013s] -- Up-to-date symlink: /home/chotaehyun/waver_ws/install/vizanti_server/share/vizanti_server//public/assets/image.svg
[2.014s] -- Up-to-date symlink: /home/chotaehyun/waver_ws/install/vizanti_server/share/vizanti_server//public/assets/initialpose.png
[2.016s] -- Up-to-date symlink: /home/chotaehyun/waver_ws/install/vizanti_server/share/vizanti_server//public/assets/initialpose.svg
[2.016s] -- Up-to-date symlink: /home/chotaehyun/waver_ws/install/vizanti_server/share/vizanti_server//public/assets/joypos.svg
[2.017s] -- Up-to-date symlink: /home/chotaehyun/waver_ws/install/vizanti_server/share/vizanti_server//public/assets/joystick.svg
[2.017s] -- Up-to-date symlink: /home/chotaehyun/waver_ws/install/vizanti_server/share/vizanti_server//public/assets/map.svg
[2.017s] -- Up-to-date symlink: /home/chotaehyun/waver_ws/install/vizanti_server/share/vizanti_server//public/assets/marker.svg
[2.017s] -- Up-to-date symlink: /home/chotaehyun/waver_ws/install/vizanti_server/share/vizanti_server//public/assets/markerarray.svg
[2.017s] -- Up-to-date symlink: /home/chotaehyun/waver_ws/install/vizanti_server/share/vizanti_server//public/assets/node_kill.svg
[2.018s] -- Up-to-date symlink: /home/chotaehyun/waver_ws/install/vizanti_server/share/vizanti_server//public/assets/node_restart.svg
[2.018s] -- Up-to-date symlink: /home/chotaehyun/waver_ws/install/vizanti_server/share/vizanti_server//public/assets/nodemgr.svg
[2.018s] -- Up-to-date symlink: /home/chotaehyun/waver_ws/install/vizanti_server/share/vizanti_server//public/assets/path.svg
[2.018s] -- Up-to-date symlink: /home/chotaehyun/waver_ws/install/vizanti_server/share/vizanti_server//public/assets/pointcloud.svg
[2.018s] -- Up-to-date symlink: /home/chotaehyun/waver_ws/install/vizanti_server/share/vizanti_server//public/assets/posearray.svg
[2.019s] -- Up-to-date symlink: /home/chotaehyun/waver_ws/install/vizanti_server/share/vizanti_server//public/assets/posewithcovariancestamped.svg
[2.019s] -- Up-to-date symlink: /home/chotaehyun/waver_ws/install/vizanti_server/share/vizanti_server//public/assets/range.svg
[2.019s] -- Up-to-date symlink: /home/chotaehyun/waver_ws/install/vizanti_server/share/vizanti_server//public/assets/rawmap.svg
[2.020s] -- Up-to-date symlink: /home/chotaehyun/waver_ws/install/vizanti_server/share/vizanti_server//public/assets/reconfigure.svg
[2.020s] -- Up-to-date symlink: /home/chotaehyun/waver_ws/install/vizanti_server/share/vizanti_server//public/assets/robot_model/_2wd.png
[2.020s] -- Up-to-date symlink: /home/chotaehyun/waver_ws/install/vizanti_server/share/vizanti_server//public/assets/robot_model/_4wd.png
[2.020s] -- Up-to-date symlink: /home/chotaehyun/waver_ws/install/vizanti_server/share/vizanti_server//public/assets/robot_model/_arrow.png
[2.020s] -- Up-to-date symlink: /home/chotaehyun/waver_ws/install/vizanti_server/share/vizanti_server//public/assets/robot_model/_dog.png
[2.020s] -- Up-to-date symlink: /home/chotaehyun/waver_ws/install/vizanti_server/share/vizanti_server//public/assets/robot_model/_hatchback.png
[2.020s] -- Up-to-date symlink: /home/chotaehyun/waver_ws/install/vizanti_server/share/vizanti_server//public/assets/robot_model/_orca.png
[2.022s] -- Up-to-date symlink: /home/chotaehyun/waver_ws/install/vizanti_server/share/vizanti_server//public/assets/robot_model/_pancake.png
[2.023s] -- Up-to-date symlink: /home/chotaehyun/waver_ws/install/vizanti_server/share/vizanti_server//public/assets/robot_model/_rccar.png
[2.024s] -- Up-to-date symlink: /home/chotaehyun/waver_ws/install/vizanti_server/share/vizanti_server//public/assets/robot_model/_sandwich.png
[2.025s] -- Up-to-date symlink: /home/chotaehyun/waver_ws/install/vizanti_server/share/vizanti_server//public/assets/robot_model/_tortoise.png
[2.025s] -- Up-to-date symlink: /home/chotaehyun/waver_ws/install/vizanti_server/share/vizanti_server//public/assets/robot_model/_tuna.png
[2.025s] -- Up-to-date symlink: /home/chotaehyun/waver_ws/install/vizanti_server/share/vizanti_server//public/assets/robotmodel.svg
[2.025s] -- Up-to-date symlink: /home/chotaehyun/waver_ws/install/vizanti_server/share/vizanti_server//public/assets/rosbag.svg
[2.025s] -- Up-to-date symlink: /home/chotaehyun/waver_ws/install/vizanti_server/share/vizanti_server//public/assets/rosbag_active.svg
[2.026s] -- Up-to-date symlink: /home/chotaehyun/waver_ws/install/vizanti_server/share/vizanti_server//public/assets/rosbridge_connected.svg
[2.028s] -- Up-to-date symlink: /home/chotaehyun/waver_ws/install/vizanti_server/share/vizanti_server//public/assets/rosbridge_disconnected.svg
[2.028s] -- Up-to-date symlink: /home/chotaehyun/waver_ws/install/vizanti_server/share/vizanti_server//public/assets/rosbridge_reconnect.svg
[2.028s] -- Up-to-date symlink: /home/chotaehyun/waver_ws/install/vizanti_server/share/vizanti_server//public/assets/satelite.svg
[2.030s] -- Up-to-date symlink: /home/chotaehyun/waver_ws/install/vizanti_server/share/vizanti_server//public/assets/scan.svg
[2.031s] -- Up-to-date symlink: /home/chotaehyun/waver_ws/install/vizanti_server/share/vizanti_server//public/assets/settings.svg
[2.031s] -- Up-to-date symlink: /home/chotaehyun/waver_ws/install/vizanti_server/share/vizanti_server//public/assets/simplegoal.png
[2.031s] -- Up-to-date symlink: /home/chotaehyun/waver_ws/install/vizanti_server/share/vizanti_server//public/assets/simplegoal.svg
[2.031s] -- Up-to-date symlink: /home/chotaehyun/waver_ws/install/vizanti_server/share/vizanti_server//public/assets/temp_cold.svg
[2.031s] -- Up-to-date symlink: /home/chotaehyun/waver_ws/install/vizanti_server/share/vizanti_server//public/assets/temp_hot.svg
[2.031s] -- Up-to-date symlink: /home/chotaehyun/waver_ws/install/vizanti_server/share/vizanti_server//public/assets/temp_unknown.svg
[2.031s] -- Up-to-date symlink: /home/chotaehyun/waver_ws/install/vizanti_server/share/vizanti_server//public/assets/temp_warm.svg
[2.031s] -- Up-to-date symlink: /home/chotaehyun/waver_ws/install/vizanti_server/share/vizanti_server//public/assets/tf.svg
[2.031s] -- Up-to-date symlink: /home/chotaehyun/waver_ws/install/vizanti_server/share/vizanti_server//public/assets/tile_error.png
[2.031s] -- Up-to-date symlink: /home/chotaehyun/waver_ws/install/vizanti_server/share/vizanti_server//public/assets/tile_loading.png
[2.031s] -- Up-to-date symlink: /home/chotaehyun/waver_ws/install/vizanti_server/share/vizanti_server//public/assets/waypoints.svg
[2.032s] -- Up-to-date symlink: /home/chotaehyun/waver_ws/install/vizanti_server/share/vizanti_server//public/css/style.css
[2.032s] -- Up-to-date symlink: /home/chotaehyun/waver_ws/install/vizanti_server/share/vizanti_server//public/head.html
[2.032s] -- Up-to-date symlink: /home/chotaehyun/waver_ws/install/vizanti_server/share/vizanti_server//public/iconbar.html
[2.032s] -- Up-to-date symlink: /home/chotaehyun/waver_ws/install/vizanti_server/share/vizanti_server//public/index.html
[2.032s] -- Up-to-date symlink: /home/chotaehyun/waver_ws/install/vizanti_server/share/vizanti_server//public/js/lib/nipplejs.js
[2.032s] -- Up-to-date symlink: /home/chotaehyun/waver_ws/install/vizanti_server/share/vizanti_server//public/js/lib/nipplejs.min.js
[2.032s] -- Up-to-date symlink: /home/chotaehyun/waver_ws/install/vizanti_server/share/vizanti_server//public/js/lib/nipplejs_LICENSE.txt
[2.032s] -- Up-to-date symlink: /home/chotaehyun/waver_ws/install/vizanti_server/share/vizanti_server//public/js/lib/quaternion.min.js
[2.032s] -- Up-to-date symlink: /home/chotaehyun/waver_ws/install/vizanti_server/share/vizanti_server//public/js/lib/quaternionjs_LICENSE.txt
[2.032s] -- Up-to-date symlink: /home/chotaehyun/waver_ws/install/vizanti_server/share/vizanti_server//public/js/lib/roslib.min.js
[2.033s] -- Up-to-date symlink: /home/chotaehyun/waver_ws/install/vizanti_server/share/vizanti_server//public/js/lib/roslibjs_LICENSE.txt
[2.033s] -- Up-to-date symlink: /home/chotaehyun/waver_ws/install/vizanti_server/share/vizanti_server//public/js/main.js
[2.033s] -- Up-to-date symlink: /home/chotaehyun/waver_ws/install/vizanti_server/share/vizanti_server//public/js/modules/database.js
[2.035s] -- Up-to-date symlink: /home/chotaehyun/waver_ws/install/vizanti_server/share/vizanti_server//public/js/modules/elements.js
[2.035s] -- Up-to-date symlink: /home/chotaehyun/waver_ws/install/vizanti_server/share/vizanti_server//public/js/modules/joystick.js
[2.035s] -- Up-to-date symlink: /home/chotaehyun/waver_ws/install/vizanti_server/share/vizanti_server//public/js/modules/navsat.js
[2.036s] -- Up-to-date symlink: /home/chotaehyun/waver_ws/install/vizanti_server/share/vizanti_server//public/js/modules/persistent.js
[2.036s] -- Up-to-date symlink: /home/chotaehyun/waver_ws/install/vizanti_server/share/vizanti_server//public/js/modules/rosbridge.js
[2.036s] -- Up-to-date symlink: /home/chotaehyun/waver_ws/install/vizanti_server/share/vizanti_server//public/js/modules/status.js
[2.036s] -- Up-to-date symlink: /home/chotaehyun/waver_ws/install/vizanti_server/share/vizanti_server//public/js/modules/tf.js
[2.036s] -- Up-to-date symlink: /home/chotaehyun/waver_ws/install/vizanti_server/share/vizanti_server//public/js/modules/util.js
[2.036s] -- Up-to-date symlink: /home/chotaehyun/waver_ws/install/vizanti_server/share/vizanti_server//public/js/modules/view.js
[2.036s] -- Up-to-date symlink: /home/chotaehyun/waver_ws/install/vizanti_server/share/vizanti_server//public/js/setup.js
[2.036s] -- Up-to-date symlink: /home/chotaehyun/waver_ws/install/vizanti_server/share/vizanti_server//public/templates/add/add_icon.html
[2.036s] -- Up-to-date symlink: /home/chotaehyun/waver_ws/install/vizanti_server/share/vizanti_server//public/templates/add/add_modal.html
[2.036s] -- Up-to-date symlink: /home/chotaehyun/waver_ws/install/vizanti_server/share/vizanti_server//public/templates/add/add_script.js
[2.036s] -- Up-to-date symlink: /home/chotaehyun/waver_ws/install/vizanti_server/share/vizanti_server//public/templates/altimeter/altimeter_icon.html
[2.036s] -- Up-to-date symlink: /home/chotaehyun/waver_ws/install/vizanti_server/share/vizanti_server//public/templates/altimeter/altimeter_modal.html
[2.037s] -- Up-to-date symlink: /home/chotaehyun/waver_ws/install/vizanti_server/share/vizanti_server//public/templates/altimeter/altimeter_script.js
[2.037s] -- Up-to-date symlink: /home/chotaehyun/waver_ws/install/vizanti_server/share/vizanti_server//public/templates/altimeter/altimeter_view.html
[2.037s] -- Up-to-date symlink: /home/chotaehyun/waver_ws/install/vizanti_server/share/vizanti_server//public/templates/area/area_icon.html
[2.037s] -- Up-to-date symlink: /home/chotaehyun/waver_ws/install/vizanti_server/share/vizanti_server//public/templates/area/area_modal.html
[2.037s] -- Up-to-date symlink: /home/chotaehyun/waver_ws/install/vizanti_server/share/vizanti_server//public/templates/area/area_script.js
[2.037s] -- Up-to-date symlink: /home/chotaehyun/waver_ws/install/vizanti_server/share/vizanti_server//public/templates/area/area_view.html
[2.038s] -- Up-to-date symlink: /home/chotaehyun/waver_ws/install/vizanti_server/share/vizanti_server//public/templates/battery/battery_icon.html
[2.038s] -- Up-to-date symlink: /home/chotaehyun/waver_ws/install/vizanti_server/share/vizanti_server//public/templates/battery/battery_modal.html
[2.038s] -- Up-to-date symlink: /home/chotaehyun/waver_ws/install/vizanti_server/share/vizanti_server//public/templates/battery/battery_script.js
[2.038s] -- Up-to-date symlink: /home/chotaehyun/waver_ws/install/vizanti_server/share/vizanti_server//public/templates/button/button_icon.html
[2.038s] -- Up-to-date symlink: /home/chotaehyun/waver_ws/install/vizanti_server/share/vizanti_server//public/templates/button/button_modal.html
[2.038s] -- Up-to-date symlink: /home/chotaehyun/waver_ws/install/vizanti_server/share/vizanti_server//public/templates/button/button_script.js
[2.038s] -- Up-to-date symlink: /home/chotaehyun/waver_ws/install/vizanti_server/share/vizanti_server//public/templates/compressedimage/compressedimage_icon.html
[2.038s] -- Up-to-date symlink: /home/chotaehyun/waver_ws/install/vizanti_server/share/vizanti_server//public/templates/compressedimage/compressedimage_modal.html
[2.038s] -- Up-to-date symlink: /home/chotaehyun/waver_ws/install/vizanti_server/share/vizanti_server//public/templates/compressedimage/compressedimage_script.js
[2.039s] -- Up-to-date symlink: /home/chotaehyun/waver_ws/install/vizanti_server/share/vizanti_server//public/templates/compressedimage/compressedimage_view.html
[2.039s] -- Up-to-date symlink: /home/chotaehyun/waver_ws/install/vizanti_server/share/vizanti_server//public/templates/folder/folder_icon.html
[2.039s] -- Up-to-date symlink: /home/chotaehyun/waver_ws/install/vizanti_server/share/vizanti_server//public/templates/folder/folder_modal.html
[2.039s] -- Up-to-date symlink: /home/chotaehyun/waver_ws/install/vizanti_server/share/vizanti_server//public/templates/folder/folder_script.js
[2.039s] -- Up-to-date symlink: /home/chotaehyun/waver_ws/install/vizanti_server/share/vizanti_server//public/templates/grid/grid_icon.html
[2.039s] -- Up-to-date symlink: /home/chotaehyun/waver_ws/install/vizanti_server/share/vizanti_server//public/templates/grid/grid_modal.html
[2.040s] -- Up-to-date symlink: /home/chotaehyun/waver_ws/install/vizanti_server/share/vizanti_server//public/templates/grid/grid_script.js
[2.040s] -- Up-to-date symlink: /home/chotaehyun/waver_ws/install/vizanti_server/share/vizanti_server//public/templates/grid/grid_view.html
[2.040s] -- Up-to-date symlink: /home/chotaehyun/waver_ws/install/vizanti_server/share/vizanti_server//public/templates/gridcells/gridcells_icon.html
[2.040s] -- Up-to-date symlink: /home/chotaehyun/waver_ws/install/vizanti_server/share/vizanti_server//public/templates/gridcells/gridcells_modal.html
[2.040s] -- Up-to-date symlink: /home/chotaehyun/waver_ws/install/vizanti_server/share/vizanti_server//public/templates/gridcells/gridcells_script.js
[2.040s] -- Up-to-date symlink: /home/chotaehyun/waver_ws/install/vizanti_server/share/vizanti_server//public/templates/gridcells/gridcells_view.html
[2.041s] -- Up-to-date symlink: /home/chotaehyun/waver_ws/install/vizanti_server/share/vizanti_server//public/templates/initialpose/initialpose_icon.html
[2.041s] -- Up-to-date symlink: /home/chotaehyun/waver_ws/install/vizanti_server/share/vizanti_server//public/templates/initialpose/initialpose_modal.html
[2.041s] -- Up-to-date symlink: /home/chotaehyun/waver_ws/install/vizanti_server/share/vizanti_server//public/templates/initialpose/initialpose_script.js
[2.041s] -- Up-to-date symlink: /home/chotaehyun/waver_ws/install/vizanti_server/share/vizanti_server//public/templates/initialpose/initialpose_view.html
[2.041s] -- Up-to-date symlink: /home/chotaehyun/waver_ws/install/vizanti_server/share/vizanti_server//public/templates/map/map_icon.html
[2.041s] -- Up-to-date symlink: /home/chotaehyun/waver_ws/install/vizanti_server/share/vizanti_server//public/templates/map/map_modal.html
[2.041s] -- Up-to-date symlink: /home/chotaehyun/waver_ws/install/vizanti_server/share/vizanti_server//public/templates/map/map_script.js
[2.041s] -- Up-to-date symlink: /home/chotaehyun/waver_ws/install/vizanti_server/share/vizanti_server//public/templates/map/map_view.html
[2.041s] -- Up-to-date symlink: /home/chotaehyun/waver_ws/install/vizanti_server/share/vizanti_server//public/templates/map/map_worker.js
[2.041s] -- Up-to-date symlink: /home/chotaehyun/waver_ws/install/vizanti_server/share/vizanti_server//public/templates/markerarray/markerarray_icon.html
[2.041s] -- Up-to-date symlink: /home/chotaehyun/waver_ws/install/vizanti_server/share/vizanti_server//public/templates/markerarray/markerarray_modal.html
[2.041s] -- Up-to-date symlink: /home/chotaehyun/waver_ws/install/vizanti_server/share/vizanti_server//public/templates/markerarray/markerarray_script.js
[2.041s] -- Up-to-date symlink: /home/chotaehyun/waver_ws/install/vizanti_server/share/vizanti_server//public/templates/markerarray/markerarray_view.html
[2.042s] -- Up-to-date symlink: /home/chotaehyun/waver_ws/install/vizanti_server/share/vizanti_server//public/templates/nodemgr/nodemgr_icon.html
[2.042s] -- Up-to-date symlink: /home/chotaehyun/waver_ws/install/vizanti_server/share/vizanti_server//public/templates/nodemgr/nodemgr_modal.html
[2.042s] -- Up-to-date symlink: /home/chotaehyun/waver_ws/install/vizanti_server/share/vizanti_server//public/templates/nodemgr/nodemgr_script.js
[2.042s] -- Up-to-date symlink: /home/chotaehyun/waver_ws/install/vizanti_server/share/vizanti_server//public/templates/path/path_icon.html
[2.042s] -- Up-to-date symlink: /home/chotaehyun/waver_ws/install/vizanti_server/share/vizanti_server//public/templates/path/path_modal.html
[2.042s] -- Up-to-date symlink: /home/chotaehyun/waver_ws/install/vizanti_server/share/vizanti_server//public/templates/path/path_script.js
[2.042s] -- Up-to-date symlink: /home/chotaehyun/waver_ws/install/vizanti_server/share/vizanti_server//public/templates/path/path_view.html
[2.042s] -- Up-to-date symlink: /home/chotaehyun/waver_ws/install/vizanti_server/share/vizanti_server//public/templates/pointcloud/pointcloud_icon.html
[2.042s] -- Up-to-date symlink: /home/chotaehyun/waver_ws/install/vizanti_server/share/vizanti_server//public/templates/pointcloud/pointcloud_modal.html
[2.042s] -- Up-to-date symlink: /home/chotaehyun/waver_ws/install/vizanti_server/share/vizanti_server//public/templates/pointcloud/pointcloud_script.js
[2.043s] -- Up-to-date symlink: /home/chotaehyun/waver_ws/install/vizanti_server/share/vizanti_server//public/templates/pointcloud/pointcloud_view.html
[2.043s] -- Up-to-date symlink: /home/chotaehyun/waver_ws/install/vizanti_server/share/vizanti_server//public/templates/posearray/posearray_icon.html
[2.043s] -- Up-to-date symlink: /home/chotaehyun/waver_ws/install/vizanti_server/share/vizanti_server//public/templates/posearray/posearray_modal.html
[2.043s] -- Up-to-date symlink: /home/chotaehyun/waver_ws/install/vizanti_server/share/vizanti_server//public/templates/posearray/posearray_script.js
[2.043s] -- Up-to-date symlink: /home/chotaehyun/waver_ws/install/vizanti_server/share/vizanti_server//public/templates/posearray/posearray_view.html
[2.043s] -- Up-to-date symlink: /home/chotaehyun/waver_ws/install/vizanti_server/share/vizanti_server//public/templates/posewithcovariancestamped/posewithcovariancestamped_icon.html
[2.043s] -- Up-to-date symlink: /home/chotaehyun/waver_ws/install/vizanti_server/share/vizanti_server//public/templates/posewithcovariancestamped/posewithcovariancestamped_modal.html
[2.043s] -- Up-to-date symlink: /home/chotaehyun/waver_ws/install/vizanti_server/share/vizanti_server//public/templates/posewithcovariancestamped/posewithcovariancestamped_script.js
[2.043s] -- Up-to-date symlink: /home/chotaehyun/waver_ws/install/vizanti_server/share/vizanti_server//public/templates/posewithcovariancestamped/posewithcovariancestamped_view.html
[2.043s] -- Up-to-date symlink: /home/chotaehyun/waver_ws/install/vizanti_server/share/vizanti_server//public/templates/range/range_icon.html
[2.043s] -- Up-to-date symlink: /home/chotaehyun/waver_ws/install/vizanti_server/share/vizanti_server//public/templates/range/range_modal.html
[2.043s] -- Up-to-date symlink: /home/chotaehyun/waver_ws/install/vizanti_server/share/vizanti_server//public/templates/range/range_script.js
[2.043s] -- Up-to-date symlink: /home/chotaehyun/waver_ws/install/vizanti_server/share/vizanti_server//public/templates/range/range_view.html
[2.044s] -- Up-to-date symlink: /home/chotaehyun/waver_ws/install/vizanti_server/share/vizanti_server//public/templates/reconfigure/reconfigure_icon.html
[2.044s] -- Up-to-date symlink: /home/chotaehyun/waver_ws/install/vizanti_server/share/vizanti_server//public/templates/reconfigure/reconfigure_modal.html
[2.044s] -- Up-to-date symlink: /home/chotaehyun/waver_ws/install/vizanti_server/share/vizanti_server//public/templates/reconfigure/reconfigure_script.js
[2.044s] -- Up-to-date symlink: /home/chotaehyun/waver_ws/install/vizanti_server/share/vizanti_server//public/templates/robotmodel/robotmodel_icon.html
[2.044s] -- Up-to-date symlink: /home/chotaehyun/waver_ws/install/vizanti_server/share/vizanti_server//public/templates/robotmodel/robotmodel_modal.html
[2.044s] -- Up-to-date symlink: /home/chotaehyun/waver_ws/install/vizanti_server/share/vizanti_server//public/templates/robotmodel/robotmodel_script.js
[2.044s] -- Up-to-date symlink: /home/chotaehyun/waver_ws/install/vizanti_server/share/vizanti_server//public/templates/robotmodel/robotmodel_view.html
[2.044s] -- Up-to-date symlink: /home/chotaehyun/waver_ws/install/vizanti_server/share/vizanti_server//public/templates/rosbag/rosbag_icon.html
[2.045s] -- Up-to-date symlink: /home/chotaehyun/waver_ws/install/vizanti_server/share/vizanti_server//public/templates/rosbag/rosbag_modal.html
[2.046s] -- Up-to-date symlink: /home/chotaehyun/waver_ws/install/vizanti_server/share/vizanti_server//public/templates/rosbag/rosbag_script.js
[2.047s] -- Up-to-date symlink: /home/chotaehyun/waver_ws/install/vizanti_server/share/vizanti_server//public/templates/rosbridge/rosbridge_icon.html
[2.047s] -- Up-to-date symlink: /home/chotaehyun/waver_ws/install/vizanti_server/share/vizanti_server//public/templates/rosbridge/rosbridge_modal.html
[2.047s] -- Up-to-date symlink: /home/chotaehyun/waver_ws/install/vizanti_server/share/vizanti_server//public/templates/rosbridge/rosbridge_script.js
[2.047s] -- Up-to-date symlink: /home/chotaehyun/waver_ws/install/vizanti_server/share/vizanti_server//public/templates/satelite/satelite_icon.html
[2.047s] -- Up-to-date symlink: /home/chotaehyun/waver_ws/install/vizanti_server/share/vizanti_server//public/templates/satelite/satelite_modal.html
[2.047s] -- Up-to-date symlink: /home/chotaehyun/waver_ws/install/vizanti_server/share/vizanti_server//public/templates/satelite/satelite_script.js
[2.047s] -- Up-to-date symlink: /home/chotaehyun/waver_ws/install/vizanti_server/share/vizanti_server//public/templates/satelite/satelite_view.html
[2.047s] -- Up-to-date symlink: /home/chotaehyun/waver_ws/install/vizanti_server/share/vizanti_server//public/templates/scan/scan_icon.html
[2.047s] -- Up-to-date symlink: /home/chotaehyun/waver_ws/install/vizanti_server/share/vizanti_server//public/templates/scan/scan_modal.html
[2.047s] -- Up-to-date symlink: /home/chotaehyun/waver_ws/install/vizanti_server/share/vizanti_server//public/templates/scan/scan_script.js
[2.047s] -- Up-to-date symlink: /home/chotaehyun/waver_ws/install/vizanti_server/share/vizanti_server//public/templates/scan/scan_view.html
[2.047s] -- Up-to-date symlink: /home/chotaehyun/waver_ws/install/vizanti_server/share/vizanti_server//public/templates/settings/settings_icon.html
[2.047s] -- Up-to-date symlink: /home/chotaehyun/waver_ws/install/vizanti_server/share/vizanti_server//public/templates/settings/settings_modal.html
[2.048s] -- Up-to-date symlink: /home/chotaehyun/waver_ws/install/vizanti_server/share/vizanti_server//public/templates/settings/settings_script.js
[2.048s] -- Up-to-date symlink: /home/chotaehyun/waver_ws/install/vizanti_server/share/vizanti_server//public/templates/simplegoal/simplegoal_icon.html
[2.048s] -- Up-to-date symlink: /home/chotaehyun/waver_ws/install/vizanti_server/share/vizanti_server//public/templates/simplegoal/simplegoal_modal.html
[2.048s] -- Up-to-date symlink: /home/chotaehyun/waver_ws/install/vizanti_server/share/vizanti_server//public/templates/simplegoal/simplegoal_script.js
[2.048s] -- Up-to-date symlink: /home/chotaehyun/waver_ws/install/vizanti_server/share/vizanti_server//public/templates/simplegoal/simplegoal_view.html
[2.048s] -- Up-to-date symlink: /home/chotaehyun/waver_ws/install/vizanti_server/share/vizanti_server//public/templates/teleop/teleop_icon.html
[2.048s] -- Up-to-date symlink: /home/chotaehyun/waver_ws/install/vizanti_server/share/vizanti_server//public/templates/teleop/teleop_modal.html
[2.048s] -- Up-to-date symlink: /home/chotaehyun/waver_ws/install/vizanti_server/share/vizanti_server//public/templates/teleop/teleop_script.js
[2.048s] -- Up-to-date symlink: /home/chotaehyun/waver_ws/install/vizanti_server/share/vizanti_server//public/templates/teleop/teleop_view.html
[2.048s] -- Up-to-date symlink: /home/chotaehyun/waver_ws/install/vizanti_server/share/vizanti_server//public/templates/temperature/temperature_icon.html
[2.048s] -- Up-to-date symlink: /home/chotaehyun/waver_ws/install/vizanti_server/share/vizanti_server//public/templates/temperature/temperature_modal.html
[2.048s] -- Up-to-date symlink: /home/chotaehyun/waver_ws/install/vizanti_server/share/vizanti_server//public/templates/temperature/temperature_script.js
[2.048s] -- Up-to-date symlink: /home/chotaehyun/waver_ws/install/vizanti_server/share/vizanti_server//public/templates/tf/tf_icon.html
[2.051s] -- Up-to-date symlink: /home/chotaehyun/waver_ws/install/vizanti_server/share/vizanti_server//public/templates/tf/tf_modal.html
[2.051s] -- Up-to-date symlink: /home/chotaehyun/waver_ws/install/vizanti_server/share/vizanti_server//public/templates/tf/tf_script.js
[2.051s] -- Up-to-date symlink: /home/chotaehyun/waver_ws/install/vizanti_server/share/vizanti_server//public/templates/tf/tf_view.html
[2.051s] -- Up-to-date symlink: /home/chotaehyun/waver_ws/install/vizanti_server/share/vizanti_server//public/templates/waypoints/waypoints_icon.html
[2.051s] -- Up-to-date symlink: /home/chotaehyun/waver_ws/install/vizanti_server/share/vizanti_server//public/templates/waypoints/waypoints_modal.html
[2.051s] -- Up-to-date symlink: /home/chotaehyun/waver_ws/install/vizanti_server/share/vizanti_server//public/templates/waypoints/waypoints_script.js
[2.051s] -- Up-to-date symlink: /home/chotaehyun/waver_ws/install/vizanti_server/share/vizanti_server//public/templates/waypoints/waypoints_view.html
[2.051s] -- Up-to-date symlink: /home/chotaehyun/waver_ws/install/vizanti_server/lib/vizanti_server/server.py
[2.051s] -- Up-to-date symlink: /home/chotaehyun/waver_ws/install/vizanti_server/lib/vizanti_server/service_handler.py
[2.051s] -- Up-to-date symlink: /home/chotaehyun/waver_ws/install/vizanti_server/lib/vizanti_server/rosapi_launch.py
[2.051s] -- Up-to-date symlink: /home/chotaehyun/waver_ws/install/vizanti_server/share/ament_index/resource_index/package_run_dependencies/vizanti_server
[2.052s] -- Up-to-date symlink: /home/chotaehyun/waver_ws/install/vizanti_server/share/ament_index/resource_index/parent_prefix_path/vizanti_server
[2.052s] -- Up-to-date symlink: /home/chotaehyun/waver_ws/install/vizanti_server/share/vizanti_server/environment/ament_prefix_path.sh
[2.052s] -- Up-to-date symlink: /home/chotaehyun/waver_ws/install/vizanti_server/share/vizanti_server/environment/ament_prefix_path.dsv
[2.055s] -- Up-to-date symlink: /home/chotaehyun/waver_ws/install/vizanti_server/share/vizanti_server/environment/path.sh
[2.056s] -- Up-to-date symlink: /home/chotaehyun/waver_ws/install/vizanti_server/share/vizanti_server/environment/path.dsv
[2.057s] -- Up-to-date symlink: /home/chotaehyun/waver_ws/install/vizanti_server/share/vizanti_server/local_setup.bash
[2.057s] -- Up-to-date symlink: /home/chotaehyun/waver_ws/install/vizanti_server/share/vizanti_server/local_setup.sh
[2.058s] -- Up-to-date symlink: /home/chotaehyun/waver_ws/install/vizanti_server/share/vizanti_server/local_setup.zsh
[2.058s] -- Up-to-date symlink: /home/chotaehyun/waver_ws/install/vizanti_server/share/vizanti_server/local_setup.dsv
[2.060s] -- Symlinking: /home/chotaehyun/waver_ws/install/vizanti_server/share/vizanti_server/package.dsv
[2.063s] -- Up-to-date symlink: /home/chotaehyun/waver_ws/install/vizanti_server/share/ament_index/resource_index/packages/vizanti_server
[2.066s] -- Up-to-date symlink: /home/chotaehyun/waver_ws/install/vizanti_server/share/vizanti_server/cmake/vizanti_serverConfig.cmake
[2.066s] -- Up-to-date symlink: /home/chotaehyun/waver_ws/install/vizanti_server/share/vizanti_server/cmake/vizanti_serverConfig-version.cmake
[2.066s] -- Up-to-date symlink: /home/chotaehyun/waver_ws/install/vizanti_server/share/vizanti_server/package.xml
[2.201s] Invoked command in '/home/chotaehyun/waver_ws/build/vizanti_server' returned '0': AMENT_PREFIX_PATH=/home/chotaehyun/waver_ws/install/vizanti_msgs:${AMENT_PREFIX_PATH} CMAKE_PREFIX_PATH=/home/chotaehyun/waver_ws/install/vizanti_msgs:/opt/ros/humble LD_LIBRARY_PATH=/home/chotaehyun/waver_ws/install/vizanti_msgs/lib:${LD_LIBRARY_PATH} PYTHONPATH=/home/chotaehyun/waver_ws/install/vizanti_msgs/local/lib/python3.10/dist-packages:${PYTHONPATH} /usr/bin/cmake --install /home/chotaehyun/waver_ws/build/vizanti_server
