[0.106s] Invoking command in '/home/chotaehyun/waver_ws/build/emcl2': CMAKE_PREFIX_PATH=/opt/ros/humble /usr/bin/cmake --build /home/chotaehyun/waver_ws/build/emcl2 -- -j16 -l16
[1.949s] [100%] Built target emcl2_node
[1.969s] Invoked command in '/home/chotaehyun/waver_ws/build/emcl2' returned '0': CMAKE_PREFIX_PATH=/opt/ros/humble /usr/bin/cmake --build /home/chotaehyun/waver_ws/build/emcl2 -- -j16 -l16
[1.970s] Invoking command in '/home/chotaehyun/waver_ws/build/emcl2': CMAKE_PREFIX_PATH=/opt/ros/humble /usr/bin/cmake --install /home/chotaehyun/waver_ws/build/emcl2
[2.049s] -- Install configuration: ""
[2.049s] -- Execute custom install script
[2.049s] -- Up-to-date symlink: /home/chotaehyun/waver_ws/install/emcl2/lib/emcl2/test.bash
[2.049s] -- Up-to-date symlink: /home/chotaehyun/waver_ws/install/emcl2/lib/emcl2/test_gui.bash
[2.053s] -- Up-to-date symlink: /home/chotaehyun/waver_ws/install/emcl2/include/emcl2/ExpResetMcl2.h
[2.053s] -- Up-to-date symlink: /home/chotaehyun/waver_ws/install/emcl2/include/emcl2/LikelihoodFieldMap.h
[2.054s] -- Up-to-date symlink: /home/chotaehyun/waver_ws/install/emcl2/include/emcl2/Mcl.h
[2.054s] -- Up-to-date symlink: /home/chotaehyun/waver_ws/install/emcl2/include/emcl2/OdomModel.h
[2.054s] -- Up-to-date symlink: /home/chotaehyun/waver_ws/install/emcl2/include/emcl2/Particle.h
[2.055s] -- Up-to-date symlink: /home/chotaehyun/waver_ws/install/emcl2/include/emcl2/Pose.h
[2.062s] -- Up-to-date symlink: /home/chotaehyun/waver_ws/install/emcl2/include/emcl2/Scan.h
[2.066s] -- Up-to-date symlink: /home/chotaehyun/waver_ws/install/emcl2/include/emcl2/emcl2_node.h
[2.066s] -- Up-to-date symlink: /home/chotaehyun/waver_ws/install/emcl2/lib/emcl2/emcl2_node
[2.069s] -- Up-to-date symlink: /home/chotaehyun/waver_ws/install/emcl2/share/emcl2/config/emcl2.param.yaml
[2.074s] -- Up-to-date symlink: /home/chotaehyun/waver_ws/install/emcl2/share/emcl2/config/emcl2_quick_start.param.yaml
[2.075s] -- Up-to-date symlink: /home/chotaehyun/waver_ws/install/emcl2/share/emcl2/launch/emcl2.launch.py
[2.076s] -- Up-to-date symlink: /home/chotaehyun/waver_ws/install/emcl2/share/emcl2/test/demo.bash
[2.076s] -- Up-to-date symlink: /home/chotaehyun/waver_ws/install/emcl2/share/emcl2/test/test.bash
[2.076s] -- Up-to-date symlink: /home/chotaehyun/waver_ws/install/emcl2/share/emcl2/test/test.launch.xml
[2.076s] -- Up-to-date symlink: /home/chotaehyun/waver_ws/install/emcl2/share/emcl2/test/test_gui.bash
[2.077s] -- Up-to-date symlink: /home/chotaehyun/waver_ws/install/emcl2/share/ament_index/resource_index/package_run_dependencies/emcl2
[2.077s] -- Up-to-date symlink: /home/chotaehyun/waver_ws/install/emcl2/share/ament_index/resource_index/parent_prefix_path/emcl2
[2.077s] -- Up-to-date symlink: /home/chotaehyun/waver_ws/install/emcl2/share/emcl2/environment/ament_prefix_path.sh
[2.077s] -- Up-to-date symlink: /home/chotaehyun/waver_ws/install/emcl2/share/emcl2/environment/ament_prefix_path.dsv
[2.077s] -- Up-to-date symlink: /home/chotaehyun/waver_ws/install/emcl2/share/emcl2/environment/path.sh
[2.077s] -- Up-to-date symlink: /home/chotaehyun/waver_ws/install/emcl2/share/emcl2/environment/path.dsv
[2.078s] -- Up-to-date symlink: /home/chotaehyun/waver_ws/install/emcl2/share/emcl2/local_setup.bash
[2.078s] -- Up-to-date symlink: /home/chotaehyun/waver_ws/install/emcl2/share/emcl2/local_setup.sh
[2.078s] -- Up-to-date symlink: /home/chotaehyun/waver_ws/install/emcl2/share/emcl2/local_setup.zsh
[2.078s] -- Up-to-date symlink: /home/chotaehyun/waver_ws/install/emcl2/share/emcl2/local_setup.dsv
[2.078s] -- Symlinking: /home/chotaehyun/waver_ws/install/emcl2/share/emcl2/package.dsv
[2.079s] -- Up-to-date symlink: /home/chotaehyun/waver_ws/install/emcl2/share/ament_index/resource_index/packages/emcl2
[2.079s] -- Up-to-date symlink: /home/chotaehyun/waver_ws/install/emcl2/share/emcl2/cmake/ament_cmake_export_dependencies-extras.cmake
[2.079s] -- Up-to-date symlink: /home/chotaehyun/waver_ws/install/emcl2/share/emcl2/cmake/ament_cmake_export_include_directories-extras.cmake
[2.079s] -- Up-to-date symlink: /home/chotaehyun/waver_ws/install/emcl2/share/emcl2/cmake/emcl2Config.cmake
[2.079s] -- Up-to-date symlink: /home/chotaehyun/waver_ws/install/emcl2/share/emcl2/cmake/emcl2Config-version.cmake
[2.079s] -- Up-to-date symlink: /home/chotaehyun/waver_ws/install/emcl2/share/emcl2/package.xml
[2.306s] Invoked command in '/home/chotaehyun/waver_ws/build/emcl2' returned '0': CMAKE_PREFIX_PATH=/opt/ros/humble /usr/bin/cmake --install /home/chotaehyun/waver_ws/build/emcl2
