[1.572s] Invoking command in '/home/chotaehyun/waver_ws/build/ugv_vision': PYTHONPATH=/home/chotaehyun/waver_ws/build/ugv_vision/prefix_override:/usr/lib/python3/dist-packages/colcon_core/task/python/colcon_distutils_commands:/home/chotaehyun/waver_ws/install/ugv_vision/lib/python3.10/site-packages:${PYTHONPATH} /usr/bin/python3 -W ignore:setup.py install is deprecated -W ignore:easy_install command is deprecated setup.py develop --editable --build-directory /home/chotaehyun/waver_ws/build/ugv_vision/build --no-deps symlink_data
[1.845s] running develop
[2.023s] running egg_info
[2.024s] writing ugv_vision.egg-info/PKG-INFO
[2.024s] writing dependency_links to ugv_vision.egg-info/dependency_links.txt
[2.024s] writing entry points to ugv_vision.egg-info/entry_points.txt
[2.024s] writing requirements to ugv_vision.egg-info/requires.txt
[2.024s] writing top-level names to ugv_vision.egg-info/top_level.txt
[2.026s] reading manifest file 'ugv_vision.egg-info/SOURCES.txt'
[2.027s] writing manifest file 'ugv_vision.egg-info/SOURCES.txt'
[2.028s] running build_ext
[2.028s] Creating /home/chotaehyun/waver_ws/install/ugv_vision/lib/python3.10/site-packages/ugv-vision.egg-link (link to .)
[2.029s] Installing apriltag_ctrl script to /home/chotaehyun/waver_ws/install/ugv_vision/lib/ugv_vision
[2.029s] Installing apriltag_track_0 script to /home/chotaehyun/waver_ws/install/ugv_vision/lib/ugv_vision
[2.029s] Installing apriltag_track_1 script to /home/chotaehyun/waver_ws/install/ugv_vision/lib/ugv_vision
[2.029s] Installing apriltag_track_2 script to /home/chotaehyun/waver_ws/install/ugv_vision/lib/ugv_vision
[2.029s] Installing color_track script to /home/chotaehyun/waver_ws/install/ugv_vision/lib/ugv_vision
[2.029s] Installing gesture_ctrl script to /home/chotaehyun/waver_ws/install/ugv_vision/lib/ugv_vision
[2.029s] Installing kcf_track script to /home/chotaehyun/waver_ws/install/ugv_vision/lib/ugv_vision
[2.029s] 
[2.029s] Installed /home/chotaehyun/waver_ws/build/ugv_vision
[2.029s] running symlink_data
[2.064s] Invoked command in '/home/chotaehyun/waver_ws/build/ugv_vision' returned '0': PYTHONPATH=/home/chotaehyun/waver_ws/build/ugv_vision/prefix_override:/usr/lib/python3/dist-packages/colcon_core/task/python/colcon_distutils_commands:/home/chotaehyun/waver_ws/install/ugv_vision/lib/python3.10/site-packages:${PYTHONPATH} /usr/bin/python3 -W ignore:setup.py install is deprecated -W ignore:easy_install command is deprecated setup.py develop --editable --build-directory /home/chotaehyun/waver_ws/build/ugv_vision/build --no-deps symlink_data
