[0.336s] Invoking command in '/home/chotaehyun/waver_ws/build/robot_pose_publisher': CMAKE_PREFIX_PATH=/opt/ros/humble /usr/bin/cmake /home/chotaehyun/waver_ws/src/ugv_ws/src/ugv_else/robot_pose_publisher -DAMENT_CMAKE_SYMLINK_INSTALL=1 -DCMAKE_INSTALL_PREFIX=/home/chotaehyun/waver_ws/install/robot_pose_publisher
[1.262s] -- The C compiler identification is GNU 11.4.0
[1.262s] -- The CXX compiler identification is GNU 11.4.0
[1.262s] -- Detecting C compiler ABI info
[1.262s] -- Detecting C compiler ABI info - done
[1.262s] -- Check for working C compiler: /usr/bin/cc - skipped
[1.262s] -- Detecting C compile features
[1.262s] -- Detecting C compile features - done
[1.263s] -- Detecting CXX compiler ABI info
[1.263s] -- Detecting CXX compiler ABI info - done
[1.263s] -- Check for working CXX compiler: /usr/bin/c++ - skipped
[1.263s] -- Detecting CXX compile features
[1.263s] -- Detecting CXX compile features - done
[1.263s] -- Found ament_cmake: 1.3.14 (/opt/ros/humble/share/ament_cmake/cmake)
[1.263s] -- Found Python3: /usr/bin/python3 (found version "3.10.12") found components: Interpreter 
[1.264s] -- Override CMake install command with custom implementation using symlinks instead of copying resources
[1.264s] -- Found rclcpp: 16.0.18 (/opt/ros/humble/share/rclcpp/cmake)
[1.322s] -- Found rosidl_generator_c: 3.1.8 (/opt/ros/humble/share/rosidl_generator_c/cmake)
[1.330s] -- Found rosidl_adapter: 3.1.8 (/opt/ros/humble/share/rosidl_adapter/cmake)
[1.348s] -- Found rosidl_generator_cpp: 3.1.8 (/opt/ros/humble/share/rosidl_generator_cpp/cmake)
[1.377s] -- Using all available rosidl_typesupport_c: rosidl_typesupport_fastrtps_c;rosidl_typesupport_introspection_c
[1.455s] -- Using all available rosidl_typesupport_cpp: rosidl_typesupport_fastrtps_cpp;rosidl_typesupport_introspection_cpp
[1.542s] -- Found rmw_implementation_cmake: 6.1.2 (/opt/ros/humble/share/rmw_implementation_cmake/cmake)
[1.548s] -- Found rmw_fastrtps_cpp: 6.2.10 (/opt/ros/humble/share/rmw_fastrtps_cpp/cmake)
[1.775s] -- Found OpenSSL: /usr/lib/x86_64-linux-gnu/libcrypto.so (found version "3.0.2")  
[1.829s] -- Found FastRTPS: /opt/ros/humble/include  
[1.905s] -- Using RMW implementation 'rmw_fastrtps_cpp' as default
[1.922s] -- Looking for pthread.h
[2.144s] -- Looking for pthread.h - found
[2.144s] -- Performing Test CMAKE_HAVE_LIBC_PTHREAD
[2.468s] -- Performing Test CMAKE_HAVE_LIBC_PTHREAD - Success
[2.472s] -- Found Threads: TRUE  
[2.616s] -- Found geometry_msgs: 4.9.1 (/opt/ros/humble/share/geometry_msgs/cmake)
[2.674s] -- Found tf2_ros: 0.25.19 (/opt/ros/humble/share/tf2_ros/cmake)
[3.110s] -- Configuring done
[3.134s] -- Generating done
[3.146s] -- Build files have been written to: /home/chotaehyun/waver_ws/build/robot_pose_publisher
[3.185s] Invoked command in '/home/chotaehyun/waver_ws/build/robot_pose_publisher' returned '0': CMAKE_PREFIX_PATH=/opt/ros/humble /usr/bin/cmake /home/chotaehyun/waver_ws/src/ugv_ws/src/ugv_else/robot_pose_publisher -DAMENT_CMAKE_SYMLINK_INSTALL=1 -DCMAKE_INSTALL_PREFIX=/home/chotaehyun/waver_ws/install/robot_pose_publisher
[3.186s] Invoking command in '/home/chotaehyun/waver_ws/build/robot_pose_publisher': CMAKE_PREFIX_PATH=/opt/ros/humble /usr/bin/cmake --build /home/chotaehyun/waver_ws/build/robot_pose_publisher -- -j16 -l16
[3.619s] [ 50%] [32mBuilding CXX object CMakeFiles/robot_pose_publisher.dir/src/robot_pose_publisher.cpp.o[0m
[21.861s] [100%] [32m[1mLinking CXX executable robot_pose_publisher[0m
[22.629s] [100%] Built target robot_pose_publisher
[22.676s] Invoked command in '/home/chotaehyun/waver_ws/build/robot_pose_publisher' returned '0': CMAKE_PREFIX_PATH=/opt/ros/humble /usr/bin/cmake --build /home/chotaehyun/waver_ws/build/robot_pose_publisher -- -j16 -l16
[22.683s] Invoking command in '/home/chotaehyun/waver_ws/build/robot_pose_publisher': CMAKE_PREFIX_PATH=/opt/ros/humble /usr/bin/cmake --install /home/chotaehyun/waver_ws/build/robot_pose_publisher
[23.032s] -- Install configuration: ""
[23.032s] -- Execute custom install script
[23.032s] -- Symlinking: /home/chotaehyun/waver_ws/install/robot_pose_publisher/lib/robot_pose_publisher/robot_pose_publisher
[23.033s] -- Symlinking: /home/chotaehyun/waver_ws/install/robot_pose_publisher/share/robot_pose_publisher/launch/robot_pose_publisher_launch.py
[23.034s] -- Symlinking: /home/chotaehyun/waver_ws/install/robot_pose_publisher/share/ament_index/resource_index/package_run_dependencies/robot_pose_publisher
[23.034s] -- Symlinking: /home/chotaehyun/waver_ws/install/robot_pose_publisher/share/ament_index/resource_index/parent_prefix_path/robot_pose_publisher
[23.034s] -- Symlinking: /home/chotaehyun/waver_ws/install/robot_pose_publisher/share/robot_pose_publisher/environment/ament_prefix_path.sh
[23.034s] -- Symlinking: /home/chotaehyun/waver_ws/install/robot_pose_publisher/share/robot_pose_publisher/environment/ament_prefix_path.dsv
[23.034s] -- Symlinking: /home/chotaehyun/waver_ws/install/robot_pose_publisher/share/robot_pose_publisher/environment/path.sh
[23.034s] -- Symlinking: /home/chotaehyun/waver_ws/install/robot_pose_publisher/share/robot_pose_publisher/environment/path.dsv
[23.034s] -- Symlinking: /home/chotaehyun/waver_ws/install/robot_pose_publisher/share/robot_pose_publisher/local_setup.bash
[23.034s] -- Symlinking: /home/chotaehyun/waver_ws/install/robot_pose_publisher/share/robot_pose_publisher/local_setup.sh
[23.034s] -- Symlinking: /home/chotaehyun/waver_ws/install/robot_pose_publisher/share/robot_pose_publisher/local_setup.zsh
[23.034s] -- Symlinking: /home/chotaehyun/waver_ws/install/robot_pose_publisher/share/robot_pose_publisher/local_setup.dsv
[23.034s] -- Symlinking: /home/chotaehyun/waver_ws/install/robot_pose_publisher/share/robot_pose_publisher/package.dsv
[23.034s] -- Symlinking: /home/chotaehyun/waver_ws/install/robot_pose_publisher/share/ament_index/resource_index/packages/robot_pose_publisher
[23.034s] -- Symlinking: /home/chotaehyun/waver_ws/install/robot_pose_publisher/share/robot_pose_publisher/cmake/robot_pose_publisherConfig.cmake
[23.054s] -- Symlinking: /home/chotaehyun/waver_ws/install/robot_pose_publisher/share/robot_pose_publisher/cmake/robot_pose_publisherConfig-version.cmake
[23.066s] -- Symlinking: /home/chotaehyun/waver_ws/install/robot_pose_publisher/share/robot_pose_publisher/package.xml
[23.086s] Invoked command in '/home/chotaehyun/waver_ws/build/robot_pose_publisher' returned '0': CMAKE_PREFIX_PATH=/opt/ros/humble /usr/bin/cmake --install /home/chotaehyun/waver_ws/build/robot_pose_publisher
