[0.151s] Invoking command in '/home/chotaehyun/waver_ws/build/apriltag_msgs': CMAKE_PREFIX_PATH=/opt/ros/humble /usr/bin/cmake --build /home/chotaehyun/waver_ws/build/apriltag_msgs -- -j16 -l16
[1.975s] [  2%] Built target apriltag_msgs__cpp
[1.975s] [ 12%] Built target apriltag_msgs__rosidl_generator_c
[1.975s] [ 12%] Built target ament_cmake_python_symlink_apriltag_msgs
[1.975s] [ 23%] Built target apriltag_msgs__rosidl_typesupport_cpp
[1.976s] [ 33%] Built target apriltag_msgs__rosidl_typesupport_fastrtps_c
[1.976s] [ 43%] Built target apriltag_msgs__rosidl_typesupport_c
[1.976s] [ 53%] Built target apriltag_msgs__rosidl_typesupport_introspection_c
[1.976s] [ 64%] Built target apriltag_msgs__rosidl_typesupport_fastrtps_cpp
[1.976s] [ 74%] Built target apriltag_msgs__rosidl_typesupport_introspection_cpp
[1.976s] [ 74%] Built target apriltag_msgs
[1.976s] [ 76%] Built target apriltag_msgs__py
[1.976s] [ 84%] Built target apriltag_msgs__rosidl_generator_py
[1.976s] [ 89%] Built target apriltag_msgs__rosidl_typesupport_c__pyext
[1.976s] [ 94%] Built target apriltag_msgs__rosidl_typesupport_fastrtps_c__pyext
[1.976s] [100%] Built target apriltag_msgs__rosidl_typesupport_introspection_c__pyext
[1.976s] running egg_info
[1.976s] writing apriltag_msgs.egg-info/PKG-INFO
[1.976s] writing dependency_links to apriltag_msgs.egg-info/dependency_links.txt
[1.976s] writing top-level names to apriltag_msgs.egg-info/top_level.txt
[1.976s] reading manifest file 'apriltag_msgs.egg-info/SOURCES.txt'
[1.977s] writing manifest file 'apriltag_msgs.egg-info/SOURCES.txt'
[1.977s] [100%] Built target ament_cmake_python_build_apriltag_msgs_egg
[2.036s] Invoked command in '/home/chotaehyun/waver_ws/build/apriltag_msgs' returned '0': CMAKE_PREFIX_PATH=/opt/ros/humble /usr/bin/cmake --build /home/chotaehyun/waver_ws/build/apriltag_msgs -- -j16 -l16
[2.037s] Invoking command in '/home/chotaehyun/waver_ws/build/apriltag_msgs': CMAKE_PREFIX_PATH=/opt/ros/humble /usr/bin/cmake --install /home/chotaehyun/waver_ws/build/apriltag_msgs
[2.187s] -- Install configuration: ""
[2.188s] -- Execute custom install script
[2.188s] -- Up-to-date symlink: /home/chotaehyun/waver_ws/install/apriltag_msgs/share/ament_index/resource_index/rosidl_interfaces/apriltag_msgs
[2.188s] -- Up-to-date symlink: /home/chotaehyun/waver_ws/install/apriltag_msgs/include/apriltag_msgs/apriltag_msgs/msg/april_tag_detection.h
[2.188s] -- Up-to-date symlink: /home/chotaehyun/waver_ws/install/apriltag_msgs/include/apriltag_msgs/apriltag_msgs/msg/april_tag_detection_array.h
[2.189s] -- Up-to-date symlink: /home/chotaehyun/waver_ws/install/apriltag_msgs/include/apriltag_msgs/apriltag_msgs/msg/detail/april_tag_detection__functions.h
[2.189s] -- Up-to-date symlink: /home/chotaehyun/waver_ws/install/apriltag_msgs/include/apriltag_msgs/apriltag_msgs/msg/detail/april_tag_detection__struct.h
[2.189s] -- Up-to-date symlink: /home/chotaehyun/waver_ws/install/apriltag_msgs/include/apriltag_msgs/apriltag_msgs/msg/detail/april_tag_detection__type_support.h
[2.190s] -- Up-to-date symlink: /home/chotaehyun/waver_ws/install/apriltag_msgs/include/apriltag_msgs/apriltag_msgs/msg/detail/april_tag_detection_array__functions.h
[2.190s] -- Up-to-date symlink: /home/chotaehyun/waver_ws/install/apriltag_msgs/include/apriltag_msgs/apriltag_msgs/msg/detail/april_tag_detection_array__struct.h
[2.190s] -- Up-to-date symlink: /home/chotaehyun/waver_ws/install/apriltag_msgs/include/apriltag_msgs/apriltag_msgs/msg/detail/april_tag_detection_array__type_support.h
[2.190s] -- Up-to-date symlink: /home/chotaehyun/waver_ws/install/apriltag_msgs/include/apriltag_msgs/apriltag_msgs/msg/rosidl_generator_c__visibility_control.h
[2.190s] -- Up-to-date symlink: /home/chotaehyun/waver_ws/install/apriltag_msgs/share/apriltag_msgs/environment/library_path.sh
[2.190s] -- Up-to-date symlink: /home/chotaehyun/waver_ws/install/apriltag_msgs/share/apriltag_msgs/environment/library_path.dsv
[2.191s] -- Up-to-date symlink: /home/chotaehyun/waver_ws/install/apriltag_msgs/include/apriltag_msgs/apriltag_msgs/msg/detail/april_tag_detection__rosidl_typesupport_fastrtps_c.h
[2.191s] -- Up-to-date symlink: /home/chotaehyun/waver_ws/install/apriltag_msgs/include/apriltag_msgs/apriltag_msgs/msg/detail/april_tag_detection_array__rosidl_typesupport_fastrtps_c.h
[2.191s] -- Up-to-date symlink: /home/chotaehyun/waver_ws/install/apriltag_msgs/include/apriltag_msgs/apriltag_msgs/msg/rosidl_typesupport_fastrtps_c__visibility_control.h
[2.191s] -- Up-to-date symlink: /home/chotaehyun/waver_ws/install/apriltag_msgs/include/apriltag_msgs/apriltag_msgs/msg/april_tag_detection.hpp
[2.191s] -- Up-to-date symlink: /home/chotaehyun/waver_ws/install/apriltag_msgs/include/apriltag_msgs/apriltag_msgs/msg/april_tag_detection_array.hpp
[2.191s] -- Up-to-date symlink: /home/chotaehyun/waver_ws/install/apriltag_msgs/include/apriltag_msgs/apriltag_msgs/msg/detail/april_tag_detection__builder.hpp
[2.191s] -- Up-to-date symlink: /home/chotaehyun/waver_ws/install/apriltag_msgs/include/apriltag_msgs/apriltag_msgs/msg/detail/april_tag_detection__struct.hpp
[2.191s] -- Up-to-date symlink: /home/chotaehyun/waver_ws/install/apriltag_msgs/include/apriltag_msgs/apriltag_msgs/msg/detail/april_tag_detection__traits.hpp
[2.191s] -- Up-to-date symlink: /home/chotaehyun/waver_ws/install/apriltag_msgs/include/apriltag_msgs/apriltag_msgs/msg/detail/april_tag_detection__type_support.hpp
[2.191s] -- Up-to-date symlink: /home/chotaehyun/waver_ws/install/apriltag_msgs/include/apriltag_msgs/apriltag_msgs/msg/detail/april_tag_detection_array__builder.hpp
[2.192s] -- Up-to-date symlink: /home/chotaehyun/waver_ws/install/apriltag_msgs/include/apriltag_msgs/apriltag_msgs/msg/detail/april_tag_detection_array__struct.hpp
[2.192s] -- Up-to-date symlink: /home/chotaehyun/waver_ws/install/apriltag_msgs/include/apriltag_msgs/apriltag_msgs/msg/detail/april_tag_detection_array__traits.hpp
[2.192s] -- Up-to-date symlink: /home/chotaehyun/waver_ws/install/apriltag_msgs/include/apriltag_msgs/apriltag_msgs/msg/detail/april_tag_detection_array__type_support.hpp
[2.192s] -- Up-to-date symlink: /home/chotaehyun/waver_ws/install/apriltag_msgs/include/apriltag_msgs/apriltag_msgs/msg/rosidl_generator_cpp__visibility_control.hpp
[2.195s] -- Up-to-date symlink: /home/chotaehyun/waver_ws/install/apriltag_msgs/include/apriltag_msgs/apriltag_msgs/msg/detail/april_tag_detection__rosidl_typesupport_fastrtps_cpp.hpp
[2.195s] -- Up-to-date symlink: /home/chotaehyun/waver_ws/install/apriltag_msgs/include/apriltag_msgs/apriltag_msgs/msg/detail/april_tag_detection_array__rosidl_typesupport_fastrtps_cpp.hpp
[2.195s] -- Up-to-date symlink: /home/chotaehyun/waver_ws/install/apriltag_msgs/include/apriltag_msgs/apriltag_msgs/msg/rosidl_typesupport_fastrtps_cpp__visibility_control.h
[2.196s] -- Up-to-date symlink: /home/chotaehyun/waver_ws/install/apriltag_msgs/include/apriltag_msgs/apriltag_msgs/msg/detail/april_tag_detection__rosidl_typesupport_introspection_c.h
[2.196s] -- Up-to-date symlink: /home/chotaehyun/waver_ws/install/apriltag_msgs/include/apriltag_msgs/apriltag_msgs/msg/detail/april_tag_detection_array__rosidl_typesupport_introspection_c.h
[2.196s] -- Up-to-date symlink: /home/chotaehyun/waver_ws/install/apriltag_msgs/include/apriltag_msgs/apriltag_msgs/msg/rosidl_typesupport_introspection_c__visibility_control.h
[2.196s] -- Up-to-date symlink: /home/chotaehyun/waver_ws/install/apriltag_msgs/include/apriltag_msgs/apriltag_msgs/msg/detail/april_tag_detection__rosidl_typesupport_introspection_cpp.hpp
[2.196s] -- Up-to-date symlink: /home/chotaehyun/waver_ws/install/apriltag_msgs/include/apriltag_msgs/apriltag_msgs/msg/detail/april_tag_detection_array__rosidl_typesupport_introspection_cpp.hpp
[2.196s] -- Up-to-date symlink: /home/chotaehyun/waver_ws/install/apriltag_msgs/share/apriltag_msgs/environment/pythonpath.sh
[2.198s] -- Up-to-date symlink: /home/chotaehyun/waver_ws/install/apriltag_msgs/share/apriltag_msgs/environment/pythonpath.dsv
[2.200s] -- Up-to-date symlink: /home/chotaehyun/waver_ws/install/apriltag_msgs/local/lib/python3.10/dist-packages/apriltag_msgs-0.0.0-py3.10.egg-info/PKG-INFO
[2.201s] -- Up-to-date symlink: /home/chotaehyun/waver_ws/install/apriltag_msgs/local/lib/python3.10/dist-packages/apriltag_msgs-0.0.0-py3.10.egg-info/SOURCES.txt
[2.202s] -- Up-to-date symlink: /home/chotaehyun/waver_ws/install/apriltag_msgs/local/lib/python3.10/dist-packages/apriltag_msgs-0.0.0-py3.10.egg-info/dependency_links.txt
[2.202s] -- Up-to-date symlink: /home/chotaehyun/waver_ws/install/apriltag_msgs/local/lib/python3.10/dist-packages/apriltag_msgs-0.0.0-py3.10.egg-info/top_level.txt
[2.202s] -- Up-to-date symlink: /home/chotaehyun/waver_ws/install/apriltag_msgs/local/lib/python3.10/dist-packages/apriltag_msgs/__init__.py
[2.202s] -- Up-to-date symlink: /home/chotaehyun/waver_ws/install/apriltag_msgs/local/lib/python3.10/dist-packages/apriltag_msgs/_apriltag_msgs_s.ep.rosidl_typesupport_c.c
[2.203s] -- Up-to-date symlink: /home/chotaehyun/waver_ws/install/apriltag_msgs/local/lib/python3.10/dist-packages/apriltag_msgs/_apriltag_msgs_s.ep.rosidl_typesupport_fastrtps_c.c
[2.203s] -- Up-to-date symlink: /home/chotaehyun/waver_ws/install/apriltag_msgs/local/lib/python3.10/dist-packages/apriltag_msgs/_apriltag_msgs_s.ep.rosidl_typesupport_introspection_c.c
[2.205s] -- Up-to-date symlink: /home/chotaehyun/waver_ws/install/apriltag_msgs/local/lib/python3.10/dist-packages/apriltag_msgs/apriltag_msgs_s__rosidl_typesupport_c.cpython-310-x86_64-linux-gnu.so
[2.205s] -- Up-to-date symlink: /home/chotaehyun/waver_ws/install/apriltag_msgs/local/lib/python3.10/dist-packages/apriltag_msgs/apriltag_msgs_s__rosidl_typesupport_fastrtps_c.cpython-310-x86_64-linux-gnu.so
[2.205s] -- Up-to-date symlink: /home/chotaehyun/waver_ws/install/apriltag_msgs/local/lib/python3.10/dist-packages/apriltag_msgs/apriltag_msgs_s__rosidl_typesupport_introspection_c.cpython-310-x86_64-linux-gnu.so
[2.205s] -- Up-to-date symlink: /home/chotaehyun/waver_ws/install/apriltag_msgs/local/lib/python3.10/dist-packages/apriltag_msgs/libapriltag_msgs__rosidl_generator_py.so
[2.205s] -- Up-to-date symlink: /home/chotaehyun/waver_ws/install/apriltag_msgs/local/lib/python3.10/dist-packages/apriltag_msgs/msg/__init__.py
[2.205s] -- Up-to-date symlink: /home/chotaehyun/waver_ws/install/apriltag_msgs/local/lib/python3.10/dist-packages/apriltag_msgs/msg/_april_tag_detection.py
[2.205s] -- Up-to-date symlink: /home/chotaehyun/waver_ws/install/apriltag_msgs/local/lib/python3.10/dist-packages/apriltag_msgs/msg/_april_tag_detection_array.py
[2.207s] -- Up-to-date symlink: /home/chotaehyun/waver_ws/install/apriltag_msgs/local/lib/python3.10/dist-packages/apriltag_msgs/msg/_april_tag_detection_array_s.c
[2.208s] -- Up-to-date symlink: /home/chotaehyun/waver_ws/install/apriltag_msgs/local/lib/python3.10/dist-packages/apriltag_msgs/msg/_april_tag_detection_s.c
[2.210s] -- Up-to-date symlink: /home/chotaehyun/waver_ws/install/apriltag_msgs/local/lib/python3.10/dist-packages/apriltag_msgs/apriltag_msgs_s__rosidl_typesupport_fastrtps_c.cpython-310-x86_64-linux-gnu.so
[2.211s] -- Up-to-date symlink: /home/chotaehyun/waver_ws/install/apriltag_msgs/local/lib/python3.10/dist-packages/apriltag_msgs/apriltag_msgs_s__rosidl_typesupport_introspection_c.cpython-310-x86_64-linux-gnu.so
[2.211s] -- Up-to-date symlink: /home/chotaehyun/waver_ws/install/apriltag_msgs/local/lib/python3.10/dist-packages/apriltag_msgs/apriltag_msgs_s__rosidl_typesupport_c.cpython-310-x86_64-linux-gnu.so
[2.212s] -- Up-to-date symlink: /home/chotaehyun/waver_ws/install/apriltag_msgs/share/apriltag_msgs/msg/AprilTagDetectionArray.idl
[2.212s] -- Up-to-date symlink: /home/chotaehyun/waver_ws/install/apriltag_msgs/share/apriltag_msgs/msg/AprilTagDetection.idl
[2.212s] -- Up-to-date symlink: /home/chotaehyun/waver_ws/install/apriltag_msgs/share/apriltag_msgs/msg/AprilTagDetectionArray.msg
[2.212s] -- Up-to-date symlink: /home/chotaehyun/waver_ws/install/apriltag_msgs/share/apriltag_msgs/msg/AprilTagDetection.msg
[2.212s] -- Up-to-date symlink: /home/chotaehyun/waver_ws/install/apriltag_msgs/share/ament_index/resource_index/package_run_dependencies/apriltag_msgs
[2.212s] -- Up-to-date symlink: /home/chotaehyun/waver_ws/install/apriltag_msgs/share/ament_index/resource_index/parent_prefix_path/apriltag_msgs
[2.212s] -- Up-to-date symlink: /home/chotaehyun/waver_ws/install/apriltag_msgs/share/apriltag_msgs/environment/ament_prefix_path.sh
[2.212s] -- Up-to-date symlink: /home/chotaehyun/waver_ws/install/apriltag_msgs/share/apriltag_msgs/environment/ament_prefix_path.dsv
[2.212s] -- Up-to-date symlink: /home/chotaehyun/waver_ws/install/apriltag_msgs/share/apriltag_msgs/environment/path.sh
[2.212s] -- Up-to-date symlink: /home/chotaehyun/waver_ws/install/apriltag_msgs/share/apriltag_msgs/environment/path.dsv
[2.212s] -- Up-to-date symlink: /home/chotaehyun/waver_ws/install/apriltag_msgs/share/apriltag_msgs/local_setup.bash
[2.212s] -- Up-to-date symlink: /home/chotaehyun/waver_ws/install/apriltag_msgs/share/apriltag_msgs/local_setup.sh
[2.212s] -- Up-to-date symlink: /home/chotaehyun/waver_ws/install/apriltag_msgs/share/apriltag_msgs/local_setup.zsh
[2.213s] -- Up-to-date symlink: /home/chotaehyun/waver_ws/install/apriltag_msgs/share/apriltag_msgs/local_setup.dsv
[2.213s] -- Symlinking: /home/chotaehyun/waver_ws/install/apriltag_msgs/share/apriltag_msgs/package.dsv
[2.213s] -- Up-to-date symlink: /home/chotaehyun/waver_ws/install/apriltag_msgs/share/ament_index/resource_index/packages/apriltag_msgs
[2.213s] -- Up-to-date symlink: /home/chotaehyun/waver_ws/install/apriltag_msgs/share/apriltag_msgs/cmake/rosidl_cmake-extras.cmake
[2.213s] -- Up-to-date symlink: /home/chotaehyun/waver_ws/install/apriltag_msgs/share/apriltag_msgs/cmake/ament_cmake_export_dependencies-extras.cmake
[2.213s] -- Up-to-date symlink: /home/chotaehyun/waver_ws/install/apriltag_msgs/share/apriltag_msgs/cmake/ament_cmake_export_include_directories-extras.cmake
[2.216s] -- Up-to-date symlink: /home/chotaehyun/waver_ws/install/apriltag_msgs/share/apriltag_msgs/cmake/ament_cmake_export_libraries-extras.cmake
[2.216s] -- Up-to-date symlink: /home/chotaehyun/waver_ws/install/apriltag_msgs/share/apriltag_msgs/cmake/ament_cmake_export_targets-extras.cmake
[2.216s] -- Up-to-date symlink: /home/chotaehyun/waver_ws/install/apriltag_msgs/share/apriltag_msgs/cmake/rosidl_cmake_export_typesupport_targets-extras.cmake
[2.216s] -- Up-to-date symlink: /home/chotaehyun/waver_ws/install/apriltag_msgs/share/apriltag_msgs/cmake/rosidl_cmake_export_typesupport_libraries-extras.cmake
[2.216s] -- Up-to-date symlink: /home/chotaehyun/waver_ws/install/apriltag_msgs/share/apriltag_msgs/cmake/apriltag_msgsConfig.cmake
[2.216s] -- Up-to-date symlink: /home/chotaehyun/waver_ws/install/apriltag_msgs/share/apriltag_msgs/cmake/apriltag_msgsConfig-version.cmake
[2.217s] -- Up-to-date symlink: /home/chotaehyun/waver_ws/install/apriltag_msgs/share/apriltag_msgs/package.xml
[2.217s] -- Up-to-date: /home/chotaehyun/waver_ws/install/apriltag_msgs/lib/libapriltag_msgs__rosidl_generator_c.so
[2.219s] -- Up-to-date: /home/chotaehyun/waver_ws/install/apriltag_msgs/lib/libapriltag_msgs__rosidl_typesupport_fastrtps_c.so
[2.219s] -- Up-to-date: /home/chotaehyun/waver_ws/install/apriltag_msgs/lib/libapriltag_msgs__rosidl_typesupport_fastrtps_cpp.so
[2.219s] -- Up-to-date: /home/chotaehyun/waver_ws/install/apriltag_msgs/lib/libapriltag_msgs__rosidl_typesupport_introspection_c.so
[2.219s] -- Up-to-date: /home/chotaehyun/waver_ws/install/apriltag_msgs/lib/libapriltag_msgs__rosidl_typesupport_c.so
[2.220s] -- Up-to-date: /home/chotaehyun/waver_ws/install/apriltag_msgs/lib/libapriltag_msgs__rosidl_typesupport_introspection_cpp.so
[2.220s] -- Up-to-date: /home/chotaehyun/waver_ws/install/apriltag_msgs/lib/libapriltag_msgs__rosidl_typesupport_cpp.so
[2.272s] Listing '/home/chotaehyun/waver_ws/install/apriltag_msgs/local/lib/python3.10/dist-packages/apriltag_msgs'...
[2.272s] Listing '/home/chotaehyun/waver_ws/install/apriltag_msgs/local/lib/python3.10/dist-packages/apriltag_msgs/msg'...
[2.279s] -- Up-to-date: /home/chotaehyun/waver_ws/install/apriltag_msgs/lib/libapriltag_msgs__rosidl_generator_py.so
[2.279s] -- Up-to-date: /home/chotaehyun/waver_ws/install/apriltag_msgs/share/apriltag_msgs/cmake/export_apriltag_msgs__rosidl_generator_cExport.cmake
[2.280s] -- Up-to-date: /home/chotaehyun/waver_ws/install/apriltag_msgs/share/apriltag_msgs/cmake/export_apriltag_msgs__rosidl_generator_cExport-noconfig.cmake
[2.280s] -- Up-to-date: /home/chotaehyun/waver_ws/install/apriltag_msgs/share/apriltag_msgs/cmake/export_apriltag_msgs__rosidl_typesupport_fastrtps_cExport.cmake
[2.280s] -- Up-to-date: /home/chotaehyun/waver_ws/install/apriltag_msgs/share/apriltag_msgs/cmake/export_apriltag_msgs__rosidl_typesupport_fastrtps_cExport-noconfig.cmake
[2.280s] -- Up-to-date: /home/chotaehyun/waver_ws/install/apriltag_msgs/share/apriltag_msgs/cmake/export_apriltag_msgs__rosidl_generator_cppExport.cmake
[2.280s] -- Up-to-date: /home/chotaehyun/waver_ws/install/apriltag_msgs/share/apriltag_msgs/cmake/export_apriltag_msgs__rosidl_typesupport_fastrtps_cppExport.cmake
[2.280s] -- Up-to-date: /home/chotaehyun/waver_ws/install/apriltag_msgs/share/apriltag_msgs/cmake/export_apriltag_msgs__rosidl_typesupport_fastrtps_cppExport-noconfig.cmake
[2.280s] -- Up-to-date: /home/chotaehyun/waver_ws/install/apriltag_msgs/share/apriltag_msgs/cmake/apriltag_msgs__rosidl_typesupport_introspection_cExport.cmake
[2.282s] -- Up-to-date: /home/chotaehyun/waver_ws/install/apriltag_msgs/share/apriltag_msgs/cmake/apriltag_msgs__rosidl_typesupport_introspection_cExport-noconfig.cmake
[2.282s] -- Up-to-date: /home/chotaehyun/waver_ws/install/apriltag_msgs/share/apriltag_msgs/cmake/apriltag_msgs__rosidl_typesupport_cExport.cmake
[2.282s] -- Up-to-date: /home/chotaehyun/waver_ws/install/apriltag_msgs/share/apriltag_msgs/cmake/apriltag_msgs__rosidl_typesupport_cExport-noconfig.cmake
[2.282s] -- Up-to-date: /home/chotaehyun/waver_ws/install/apriltag_msgs/share/apriltag_msgs/cmake/apriltag_msgs__rosidl_typesupport_introspection_cppExport.cmake
[2.283s] -- Up-to-date: /home/chotaehyun/waver_ws/install/apriltag_msgs/share/apriltag_msgs/cmake/apriltag_msgs__rosidl_typesupport_introspection_cppExport-noconfig.cmake
[2.283s] -- Up-to-date: /home/chotaehyun/waver_ws/install/apriltag_msgs/share/apriltag_msgs/cmake/apriltag_msgs__rosidl_typesupport_cppExport.cmake
[2.283s] -- Up-to-date: /home/chotaehyun/waver_ws/install/apriltag_msgs/share/apriltag_msgs/cmake/apriltag_msgs__rosidl_typesupport_cppExport-noconfig.cmake
[2.283s] -- Up-to-date: /home/chotaehyun/waver_ws/install/apriltag_msgs/share/apriltag_msgs/cmake/export_apriltag_msgs__rosidl_generator_pyExport.cmake
[2.283s] -- Up-to-date: /home/chotaehyun/waver_ws/install/apriltag_msgs/share/apriltag_msgs/cmake/export_apriltag_msgs__rosidl_generator_pyExport-noconfig.cmake
[2.624s] Invoked command in '/home/chotaehyun/waver_ws/build/apriltag_msgs' returned '0': CMAKE_PREFIX_PATH=/opt/ros/humble /usr/bin/cmake --install /home/chotaehyun/waver_ws/build/apriltag_msgs
