[1.369s] Invoking command in '/home/chotaehyun/waver_ws/build/vizanti_cpp': CMAKE_PREFIX_PATH=/opt/ros/humble /usr/bin/cmake --build /home/chotaehyun/waver_ws/build/vizanti_cpp -- -j16 -l16
[1.516s] [100%] Built target tf_consolidator
[1.694s] Invoked command in '/home/chotaehyun/waver_ws/build/vizanti_cpp' returned '0': CMAKE_PREFIX_PATH=/opt/ros/humble /usr/bin/cmake --build /home/chotaehyun/waver_ws/build/vizanti_cpp -- -j16 -l16
[1.695s] Invoking command in '/home/chotaehyun/waver_ws/build/vizanti_cpp': CMAKE_PREFIX_PATH=/opt/ros/humble /usr/bin/cmake --install /home/chotaehyun/waver_ws/build/vizanti_cpp
[1.803s] -- Install configuration: ""
[1.804s] -- Execute custom install script
[1.812s] -- Up-to-date symlink: /home/chotaehyun/waver_ws/install/vizanti_cpp/lib/vizanti_cpp/tf_consolidator
[1.812s] -- Up-to-date symlink: /home/chotaehyun/waver_ws/install/vizanti_cpp/share/ament_index/resource_index/package_run_dependencies/vizanti_cpp
[1.812s] -- Up-to-date symlink: /home/chotaehyun/waver_ws/install/vizanti_cpp/share/ament_index/resource_index/parent_prefix_path/vizanti_cpp
[1.812s] -- Up-to-date symlink: /home/chotaehyun/waver_ws/install/vizanti_cpp/share/vizanti_cpp/environment/ament_prefix_path.sh
[1.812s] -- Up-to-date symlink: /home/chotaehyun/waver_ws/install/vizanti_cpp/share/vizanti_cpp/environment/ament_prefix_path.dsv
[1.817s] -- Up-to-date symlink: /home/chotaehyun/waver_ws/install/vizanti_cpp/share/vizanti_cpp/environment/path.sh
[1.817s] -- Up-to-date symlink: /home/chotaehyun/waver_ws/install/vizanti_cpp/share/vizanti_cpp/environment/path.dsv
[1.817s] -- Up-to-date symlink: /home/chotaehyun/waver_ws/install/vizanti_cpp/share/vizanti_cpp/local_setup.bash
[1.817s] -- Up-to-date symlink: /home/chotaehyun/waver_ws/install/vizanti_cpp/share/vizanti_cpp/local_setup.sh
[1.817s] -- Up-to-date symlink: /home/chotaehyun/waver_ws/install/vizanti_cpp/share/vizanti_cpp/local_setup.zsh
[1.821s] -- Up-to-date symlink: /home/chotaehyun/waver_ws/install/vizanti_cpp/share/vizanti_cpp/local_setup.dsv
[1.822s] -- Symlinking: /home/chotaehyun/waver_ws/install/vizanti_cpp/share/vizanti_cpp/package.dsv
[1.822s] -- Up-to-date symlink: /home/chotaehyun/waver_ws/install/vizanti_cpp/share/ament_index/resource_index/packages/vizanti_cpp
[1.822s] -- Up-to-date symlink: /home/chotaehyun/waver_ws/install/vizanti_cpp/share/vizanti_cpp/cmake/vizanti_cppConfig.cmake
[1.822s] -- Up-to-date symlink: /home/chotaehyun/waver_ws/install/vizanti_cpp/share/vizanti_cpp/cmake/vizanti_cppConfig-version.cmake
[1.822s] -- Up-to-date symlink: /home/chotaehyun/waver_ws/install/vizanti_cpp/share/vizanti_cpp/package.xml
[1.912s] Invoked command in '/home/chotaehyun/waver_ws/build/vizanti_cpp' returned '0': CMAKE_PREFIX_PATH=/opt/ros/humble /usr/bin/cmake --install /home/chotaehyun/waver_ws/build/vizanti_cpp
