[0.066s] Invoking command in '/home/chotaehyun/waver_ws/build/emcl2': CMAKE_PREFIX_PATH=/opt/ros/humble /usr/bin/cmake --build /home/chotaehyun/waver_ws/build/emcl2 -- -j16 -l16
[0.976s] [100%] Built target emcl2_node
[0.999s] Invoked command in '/home/chotaehyun/waver_ws/build/emcl2' returned '0': CMAKE_PREFIX_PATH=/opt/ros/humble /usr/bin/cmake --build /home/chotaehyun/waver_ws/build/emcl2 -- -j16 -l16
[1.000s] Invoking command in '/home/chotaehyun/waver_ws/build/emcl2': CMAKE_PREFIX_PATH=/opt/ros/humble /usr/bin/cmake --install /home/chotaehyun/waver_ws/build/emcl2
[1.060s] -- Install configuration: ""
[1.061s] -- Execute custom install script
[1.061s] -- Up-to-date symlink: /home/chotaehyun/waver_ws/install/emcl2/lib/emcl2/test.bash
[1.061s] -- Up-to-date symlink: /home/chotaehyun/waver_ws/install/emcl2/lib/emcl2/test_gui.bash
[1.061s] -- Up-to-date symlink: /home/chotaehyun/waver_ws/install/emcl2/include/emcl2/ExpResetMcl2.h
[1.061s] -- Up-to-date symlink: /home/chotaehyun/waver_ws/install/emcl2/include/emcl2/LikelihoodFieldMap.h
[1.061s] -- Up-to-date symlink: /home/chotaehyun/waver_ws/install/emcl2/include/emcl2/Mcl.h
[1.061s] -- Up-to-date symlink: /home/chotaehyun/waver_ws/install/emcl2/include/emcl2/OdomModel.h
[1.061s] -- Up-to-date symlink: /home/chotaehyun/waver_ws/install/emcl2/include/emcl2/Particle.h
[1.061s] -- Up-to-date symlink: /home/chotaehyun/waver_ws/install/emcl2/include/emcl2/Pose.h
[1.061s] -- Up-to-date symlink: /home/chotaehyun/waver_ws/install/emcl2/include/emcl2/Scan.h
[1.062s] -- Up-to-date symlink: /home/chotaehyun/waver_ws/install/emcl2/include/emcl2/emcl2_node.h
[1.062s] -- Up-to-date symlink: /home/chotaehyun/waver_ws/install/emcl2/lib/emcl2/emcl2_node
[1.062s] -- Up-to-date symlink: /home/chotaehyun/waver_ws/install/emcl2/share/emcl2/config/emcl2.param.yaml
[1.062s] -- Up-to-date symlink: /home/chotaehyun/waver_ws/install/emcl2/share/emcl2/config/emcl2_quick_start.param.yaml
[1.062s] -- Up-to-date symlink: /home/chotaehyun/waver_ws/install/emcl2/share/emcl2/launch/emcl2.launch.py
[1.062s] -- Up-to-date symlink: /home/chotaehyun/waver_ws/install/emcl2/share/emcl2/test/demo.bash
[1.062s] -- Up-to-date symlink: /home/chotaehyun/waver_ws/install/emcl2/share/emcl2/test/test.bash
[1.062s] -- Up-to-date symlink: /home/chotaehyun/waver_ws/install/emcl2/share/emcl2/test/test.launch.xml
[1.062s] -- Up-to-date symlink: /home/chotaehyun/waver_ws/install/emcl2/share/emcl2/test/test_gui.bash
[1.062s] -- Up-to-date symlink: /home/chotaehyun/waver_ws/install/emcl2/share/ament_index/resource_index/package_run_dependencies/emcl2
[1.062s] -- Up-to-date symlink: /home/chotaehyun/waver_ws/install/emcl2/share/ament_index/resource_index/parent_prefix_path/emcl2
[1.063s] -- Up-to-date symlink: /home/chotaehyun/waver_ws/install/emcl2/share/emcl2/environment/ament_prefix_path.sh
[1.063s] -- Up-to-date symlink: /home/chotaehyun/waver_ws/install/emcl2/share/emcl2/environment/ament_prefix_path.dsv
[1.063s] -- Up-to-date symlink: /home/chotaehyun/waver_ws/install/emcl2/share/emcl2/environment/path.sh
[1.063s] -- Up-to-date symlink: /home/chotaehyun/waver_ws/install/emcl2/share/emcl2/environment/path.dsv
[1.063s] -- Up-to-date symlink: /home/chotaehyun/waver_ws/install/emcl2/share/emcl2/local_setup.bash
[1.063s] -- Up-to-date symlink: /home/chotaehyun/waver_ws/install/emcl2/share/emcl2/local_setup.sh
[1.063s] -- Up-to-date symlink: /home/chotaehyun/waver_ws/install/emcl2/share/emcl2/local_setup.zsh
[1.063s] -- Up-to-date symlink: /home/chotaehyun/waver_ws/install/emcl2/share/emcl2/local_setup.dsv
[1.063s] -- Symlinking: /home/chotaehyun/waver_ws/install/emcl2/share/emcl2/package.dsv
[1.063s] -- Up-to-date symlink: /home/chotaehyun/waver_ws/install/emcl2/share/ament_index/resource_index/packages/emcl2
[1.063s] -- Up-to-date symlink: /home/chotaehyun/waver_ws/install/emcl2/share/emcl2/cmake/ament_cmake_export_dependencies-extras.cmake
[1.063s] -- Up-to-date symlink: /home/chotaehyun/waver_ws/install/emcl2/share/emcl2/cmake/ament_cmake_export_include_directories-extras.cmake
[1.063s] -- Up-to-date symlink: /home/chotaehyun/waver_ws/install/emcl2/share/emcl2/cmake/emcl2Config.cmake
[1.064s] -- Up-to-date symlink: /home/chotaehyun/waver_ws/install/emcl2/share/emcl2/cmake/emcl2Config-version.cmake
[1.064s] -- Up-to-date symlink: /home/chotaehyun/waver_ws/install/emcl2/share/emcl2/package.xml
[1.176s] Invoked command in '/home/chotaehyun/waver_ws/build/emcl2' returned '0': CMAKE_PREFIX_PATH=/opt/ros/humble /usr/bin/cmake --install /home/chotaehyun/waver_ws/build/emcl2
