[0.065s] Invoking command in '/home/chotaehyun/waver_ws/build/ldlidar': CMAKE_PREFIX_PATH=/opt/ros/humble /usr/bin/cmake --build /home/chotaehyun/waver_ws/build/ldlidar -- -j16 -l16
[0.926s] [100%] Built target ldlidar_node
[0.939s] Invoked command in '/home/chotaehyun/waver_ws/build/ldlidar' returned '0': CMAKE_PREFIX_PATH=/opt/ros/humble /usr/bin/cmake --build /home/chotaehyun/waver_ws/build/ldlidar -- -j16 -l16
[0.941s] Invoking command in '/home/chotaehyun/waver_ws/build/ldlidar': CMAKE_PREFIX_PATH=/opt/ros/humble /usr/bin/cmake --install /home/chotaehyun/waver_ws/build/ldlidar
[0.986s] -- Install configuration: ""
[0.986s] -- Execute custom install script
[0.986s] -- Up-to-date symlink: /home/chotaehyun/waver_ws/install/ldlidar/lib/ldlidar/ldlidar_node
[0.986s] -- Up-to-date symlink: /home/chotaehyun/waver_ws/install/ldlidar/share/ldlidar//launch/ld06.launch.py
[0.986s] -- Up-to-date symlink: /home/chotaehyun/waver_ws/install/ldlidar/share/ldlidar//launch/ld19.launch.py
[0.986s] -- Up-to-date symlink: /home/chotaehyun/waver_ws/install/ldlidar/share/ldlidar//launch/ldlidar.launch.py
[0.986s] -- Up-to-date symlink: /home/chotaehyun/waver_ws/install/ldlidar/share/ldlidar//launch/stl27l.launch.py
[0.986s] -- Up-to-date symlink: /home/chotaehyun/waver_ws/install/ldlidar/share/ldlidar//launch/viewer_ld06.launch.py
[0.987s] -- Up-to-date symlink: /home/chotaehyun/waver_ws/install/ldlidar/share/ldlidar//launch/viewer_ld19.launch.py
[0.987s] -- Up-to-date symlink: /home/chotaehyun/waver_ws/install/ldlidar/share/ldlidar//launch/viewer_ldlidar.launch.py
[0.987s] -- Up-to-date symlink: /home/chotaehyun/waver_ws/install/ldlidar/share/ldlidar//launch/viewer_stl27l.launch.py
[0.987s] -- Up-to-date symlink: /home/chotaehyun/waver_ws/install/ldlidar/share/ldlidar//rviz/view.rviz
[0.987s] -- Up-to-date symlink: /home/chotaehyun/waver_ws/install/ldlidar/share/ament_index/resource_index/package_run_dependencies/ldlidar
[0.987s] -- Up-to-date symlink: /home/chotaehyun/waver_ws/install/ldlidar/share/ament_index/resource_index/parent_prefix_path/ldlidar
[0.987s] -- Up-to-date symlink: /home/chotaehyun/waver_ws/install/ldlidar/share/ldlidar/environment/ament_prefix_path.sh
[0.987s] -- Up-to-date symlink: /home/chotaehyun/waver_ws/install/ldlidar/share/ldlidar/environment/ament_prefix_path.dsv
[0.987s] -- Up-to-date symlink: /home/chotaehyun/waver_ws/install/ldlidar/share/ldlidar/environment/path.sh
[0.987s] -- Up-to-date symlink: /home/chotaehyun/waver_ws/install/ldlidar/share/ldlidar/environment/path.dsv
[0.987s] -- Up-to-date symlink: /home/chotaehyun/waver_ws/install/ldlidar/share/ldlidar/local_setup.bash
[0.987s] -- Up-to-date symlink: /home/chotaehyun/waver_ws/install/ldlidar/share/ldlidar/local_setup.sh
[0.987s] -- Up-to-date symlink: /home/chotaehyun/waver_ws/install/ldlidar/share/ldlidar/local_setup.zsh
[0.988s] -- Up-to-date symlink: /home/chotaehyun/waver_ws/install/ldlidar/share/ldlidar/local_setup.dsv
[0.988s] -- Symlinking: /home/chotaehyun/waver_ws/install/ldlidar/share/ldlidar/package.dsv
[0.988s] -- Up-to-date symlink: /home/chotaehyun/waver_ws/install/ldlidar/share/ament_index/resource_index/packages/ldlidar
[0.988s] -- Up-to-date symlink: /home/chotaehyun/waver_ws/install/ldlidar/share/ldlidar/cmake/ldlidarConfig.cmake
[0.988s] -- Up-to-date symlink: /home/chotaehyun/waver_ws/install/ldlidar/share/ldlidar/cmake/ldlidarConfig-version.cmake
[0.988s] -- Up-to-date symlink: /home/chotaehyun/waver_ws/install/ldlidar/share/ldlidar/package.xml
[1.121s] Invoked command in '/home/chotaehyun/waver_ws/build/ldlidar' returned '0': CMAKE_PREFIX_PATH=/opt/ros/humble /usr/bin/cmake --install /home/chotaehyun/waver_ws/build/ldlidar
