[0.108s] Invoking command in '/home/chotaehyun/waver_ws/build/explore_lite': CMAKE_PREFIX_PATH=/opt/ros/humble /usr/bin/cmake --build /home/chotaehyun/waver_ws/build/explore_lite -- -j16 -l16
[1.456s] [ 20%] Built target gtest
[1.456s] [ 40%] Built target gtest_main
[1.456s] [ 80%] Built target explore
[1.456s] [100%] Built target test_explore
[1.490s] Invoked command in '/home/chotaehyun/waver_ws/build/explore_lite' returned '0': CMAKE_PREFIX_PATH=/opt/ros/humble /usr/bin/cmake --build /home/chotaehyun/waver_ws/build/explore_lite -- -j16 -l16
[1.493s] Invoking command in '/home/chotaehyun/waver_ws/build/explore_lite': CMAKE_PREFIX_PATH=/opt/ros/humble /usr/bin/cmake --install /home/chotaehyun/waver_ws/build/explore_lite
[1.573s] -- Install configuration: ""
[1.574s] -- Execute custom install script
[1.574s] -- Up-to-date symlink: /home/chotaehyun/waver_ws/install/explore_lite/include/explore//costmap_client.h
[1.574s] -- Up-to-date symlink: /home/chotaehyun/waver_ws/install/explore_lite/include/explore//costmap_tools.h
[1.574s] -- Up-to-date symlink: /home/chotaehyun/waver_ws/install/explore_lite/include/explore//explore.h
[1.574s] -- Up-to-date symlink: /home/chotaehyun/waver_ws/install/explore_lite/include/explore//frontier_search.h
[1.574s] -- Up-to-date symlink: /home/chotaehyun/waver_ws/install/explore_lite/share/explore_lite/config/params.yaml
[1.574s] -- Up-to-date symlink: /home/chotaehyun/waver_ws/install/explore_lite/share/explore_lite/config/params_costmap.yaml
[1.574s] -- Up-to-date symlink: /home/chotaehyun/waver_ws/install/explore_lite/share/explore_lite/launch/explore.launch.py
[1.574s] -- Up-to-date symlink: /home/chotaehyun/waver_ws/install/explore_lite/lib/explore_lite/explore
[1.574s] -- Up-to-date symlink: /home/chotaehyun/waver_ws/install/explore_lite/share/ament_index/resource_index/package_run_dependencies/explore_lite
[1.575s] -- Up-to-date symlink: /home/chotaehyun/waver_ws/install/explore_lite/share/ament_index/resource_index/parent_prefix_path/explore_lite
[1.575s] -- Up-to-date symlink: /home/chotaehyun/waver_ws/install/explore_lite/share/explore_lite/environment/ament_prefix_path.sh
[1.575s] -- Up-to-date symlink: /home/chotaehyun/waver_ws/install/explore_lite/share/explore_lite/environment/ament_prefix_path.dsv
[1.575s] -- Up-to-date symlink: /home/chotaehyun/waver_ws/install/explore_lite/share/explore_lite/environment/path.sh
[1.575s] -- Up-to-date symlink: /home/chotaehyun/waver_ws/install/explore_lite/share/explore_lite/environment/path.dsv
[1.576s] -- Up-to-date symlink: /home/chotaehyun/waver_ws/install/explore_lite/share/explore_lite/local_setup.bash
[1.576s] -- Up-to-date symlink: /home/chotaehyun/waver_ws/install/explore_lite/share/explore_lite/local_setup.sh
[1.576s] -- Up-to-date symlink: /home/chotaehyun/waver_ws/install/explore_lite/share/explore_lite/local_setup.zsh
[1.576s] -- Up-to-date symlink: /home/chotaehyun/waver_ws/install/explore_lite/share/explore_lite/local_setup.dsv
[1.576s] -- Symlinking: /home/chotaehyun/waver_ws/install/explore_lite/share/explore_lite/package.dsv
[1.576s] -- Up-to-date symlink: /home/chotaehyun/waver_ws/install/explore_lite/share/ament_index/resource_index/packages/explore_lite
[1.577s] -- Up-to-date symlink: /home/chotaehyun/waver_ws/install/explore_lite/share/explore_lite/cmake/ament_cmake_export_include_directories-extras.cmake
[1.577s] -- Up-to-date symlink: /home/chotaehyun/waver_ws/install/explore_lite/share/explore_lite/cmake/explore_liteConfig.cmake
[1.577s] -- Up-to-date symlink: /home/chotaehyun/waver_ws/install/explore_lite/share/explore_lite/cmake/explore_liteConfig-version.cmake
[1.577s] -- Up-to-date symlink: /home/chotaehyun/waver_ws/install/explore_lite/share/explore_lite/package.xml
[1.771s] Invoked command in '/home/chotaehyun/waver_ws/build/explore_lite' returned '0': CMAKE_PREFIX_PATH=/opt/ros/humble /usr/bin/cmake --install /home/chotaehyun/waver_ws/build/explore_lite
