running develop
running egg_info
creating ugv_chat_ai.egg-info
writing ugv_chat_ai.egg-info/PKG-INFO
writing dependency_links to ugv_chat_ai.egg-info/dependency_links.txt
writing entry points to ugv_chat_ai.egg-info/entry_points.txt
writing requirements to ugv_chat_ai.egg-info/requires.txt
writing top-level names to ugv_chat_ai.egg-info/top_level.txt
writing manifest file 'ugv_chat_ai.egg-info/SOURCES.txt'
reading manifest file 'ugv_chat_ai.egg-info/SOURCES.txt'
writing manifest file 'ugv_chat_ai.egg-info/SOURCES.txt'
running build_ext
Creating /home/chotaehyun/waver_ws/install/ugv_chat_ai/lib/python3.10/site-packages/ugv-chat-ai.egg-link (link to .)
Installing app script to /home/chotaehyun/waver_ws/install/ugv_chat_ai/lib/ugv_chat_ai

Installed /home/chotaehyun/waver_ws/build/ugv_chat_ai
running symlink_data
creating /home/chotaehyun/waver_ws/install/ugv_chat_ai/share/ament_index
creating /home/chotaehyun/waver_ws/install/ugv_chat_ai/share/ament_index/resource_index
creating /home/chotaehyun/waver_ws/install/ugv_chat_ai/share/ament_index/resource_index/packages
symbolically linking /home/chotaehyun/waver_ws/build/ugv_chat_ai/resource/ugv_chat_ai -> /home/chotaehyun/waver_ws/install/ugv_chat_ai/share/ament_index/resource_index/packages
symbolically linking /home/chotaehyun/waver_ws/build/ugv_chat_ai/package.xml -> /home/chotaehyun/waver_ws/install/ugv_chat_ai/share/ugv_chat_ai
creating /home/chotaehyun/waver_ws/install/ugv_chat_ai/share/ugv_chat_ai/launch
