[0.907s] Invoking command in '/home/chotaehyun/waver_ws/build/vizanti_cpp': CMAKE_PREFIX_PATH=/opt/ros/humble /usr/bin/cmake --build /home/chotaehyun/waver_ws/build/vizanti_cpp -- -j16 -l16
[1.032s] [100%] Built target tf_consolidator
[1.150s] Invoked command in '/home/chotaehyun/waver_ws/build/vizanti_cpp' returned '0': CMAKE_PREFIX_PATH=/opt/ros/humble /usr/bin/cmake --build /home/chotaehyun/waver_ws/build/vizanti_cpp -- -j16 -l16
[1.152s] Invoking command in '/home/chotaehyun/waver_ws/build/vizanti_cpp': CMAKE_PREFIX_PATH=/opt/ros/humble /usr/bin/cmake --install /home/chotaehyun/waver_ws/build/vizanti_cpp
[1.169s] -- Install configuration: ""
[1.175s] -- Execute custom install script
[1.176s] -- Up-to-date symlink: /home/chotaehyun/waver_ws/install/vizanti_cpp/lib/vizanti_cpp/tf_consolidator
[1.177s] -- Up-to-date symlink: /home/chotaehyun/waver_ws/install/vizanti_cpp/share/ament_index/resource_index/package_run_dependencies/vizanti_cpp
[1.179s] -- Up-to-date symlink: /home/chotaehyun/waver_ws/install/vizanti_cpp/share/ament_index/resource_index/parent_prefix_path/vizanti_cpp
[1.180s] -- Up-to-date symlink: /home/chotaehyun/waver_ws/install/vizanti_cpp/share/vizanti_cpp/environment/ament_prefix_path.sh
[1.181s] -- Up-to-date symlink: /home/chotaehyun/waver_ws/install/vizanti_cpp/share/vizanti_cpp/environment/ament_prefix_path.dsv
[1.181s] -- Up-to-date symlink: /home/chotaehyun/waver_ws/install/vizanti_cpp/share/vizanti_cpp/environment/path.sh
[1.181s] -- Up-to-date symlink: /home/chotaehyun/waver_ws/install/vizanti_cpp/share/vizanti_cpp/environment/path.dsv
[1.181s] -- Up-to-date symlink: /home/chotaehyun/waver_ws/install/vizanti_cpp/share/vizanti_cpp/local_setup.bash
[1.181s] -- Up-to-date symlink: /home/chotaehyun/waver_ws/install/vizanti_cpp/share/vizanti_cpp/local_setup.sh
[1.182s] -- Up-to-date symlink: /home/chotaehyun/waver_ws/install/vizanti_cpp/share/vizanti_cpp/local_setup.zsh
[1.182s] -- Up-to-date symlink: /home/chotaehyun/waver_ws/install/vizanti_cpp/share/vizanti_cpp/local_setup.dsv
[1.182s] -- Symlinking: /home/chotaehyun/waver_ws/install/vizanti_cpp/share/vizanti_cpp/package.dsv
[1.197s] -- Up-to-date symlink: /home/chotaehyun/waver_ws/install/vizanti_cpp/share/ament_index/resource_index/packages/vizanti_cpp
[1.198s] -- Up-to-date symlink: /home/chotaehyun/waver_ws/install/vizanti_cpp/share/vizanti_cpp/cmake/vizanti_cppConfig.cmake
[1.198s] -- Up-to-date symlink: /home/chotaehyun/waver_ws/install/vizanti_cpp/share/vizanti_cpp/cmake/vizanti_cppConfig-version.cmake
[1.198s] -- Up-to-date symlink: /home/chotaehyun/waver_ws/install/vizanti_cpp/share/vizanti_cpp/package.xml
[1.310s] Invoked command in '/home/chotaehyun/waver_ws/build/vizanti_cpp' returned '0': CMAKE_PREFIX_PATH=/opt/ros/humble /usr/bin/cmake --install /home/chotaehyun/waver_ws/build/vizanti_cpp
