[0.937s] Invoking command in '/home/chotaehyun/waver_ws/build/rf2o_laser_odometry': CMAKE_PREFIX_PATH=/opt/ros/humble /usr/bin/cmake --build /home/chotaehyun/waver_ws/build/rf2o_laser_odometry -- -j16 -l16
[1.923s] [ 60%] Built target rf2o_laser_odometry_node
[1.924s] [100%] Built target rf2o_laser_odometry
[1.981s] Invoked command in '/home/chotaehyun/waver_ws/build/rf2o_laser_odometry' returned '0': CMAKE_PREFIX_PATH=/opt/ros/humble /usr/bin/cmake --build /home/chotaehyun/waver_ws/build/rf2o_laser_odometry -- -j16 -l16
[1.983s] Invoking command in '/home/chotaehyun/waver_ws/build/rf2o_laser_odometry': CMAKE_PREFIX_PATH=/opt/ros/humble /usr/bin/cmake --install /home/chotaehyun/waver_ws/build/rf2o_laser_odometry
[2.136s] -- Install configuration: ""
[2.136s] -- Execute custom install script
[2.136s] -- Up-to-date symlink: /home/chotaehyun/waver_ws/install/rf2o_laser_odometry/lib/rf2o_laser_odometry/rf2o_laser_odometry_node
[2.136s] -- Up-to-date symlink: /home/chotaehyun/waver_ws/install/rf2o_laser_odometry/share/rf2o_laser_odometry/launch/rf2o_laser_odometry.launch.py
[2.136s] -- Up-to-date symlink: /home/chotaehyun/waver_ws/install/rf2o_laser_odometry/share/ament_index/resource_index/package_run_dependencies/rf2o_laser_odometry
[2.137s] -- Up-to-date symlink: /home/chotaehyun/waver_ws/install/rf2o_laser_odometry/share/ament_index/resource_index/parent_prefix_path/rf2o_laser_odometry
[2.137s] -- Up-to-date symlink: /home/chotaehyun/waver_ws/install/rf2o_laser_odometry/share/rf2o_laser_odometry/environment/ament_prefix_path.sh
[2.137s] -- Up-to-date symlink: /home/chotaehyun/waver_ws/install/rf2o_laser_odometry/share/rf2o_laser_odometry/environment/ament_prefix_path.dsv
[2.137s] -- Up-to-date symlink: /home/chotaehyun/waver_ws/install/rf2o_laser_odometry/share/rf2o_laser_odometry/environment/path.sh
[2.137s] -- Up-to-date symlink: /home/chotaehyun/waver_ws/install/rf2o_laser_odometry/share/rf2o_laser_odometry/environment/path.dsv
[2.137s] -- Up-to-date symlink: /home/chotaehyun/waver_ws/install/rf2o_laser_odometry/share/rf2o_laser_odometry/local_setup.bash
[2.137s] -- Up-to-date symlink: /home/chotaehyun/waver_ws/install/rf2o_laser_odometry/share/rf2o_laser_odometry/local_setup.sh
[2.137s] -- Up-to-date symlink: /home/chotaehyun/waver_ws/install/rf2o_laser_odometry/share/rf2o_laser_odometry/local_setup.zsh
[2.137s] -- Up-to-date symlink: /home/chotaehyun/waver_ws/install/rf2o_laser_odometry/share/rf2o_laser_odometry/local_setup.dsv
[2.138s] -- Symlinking: /home/chotaehyun/waver_ws/install/rf2o_laser_odometry/share/rf2o_laser_odometry/package.dsv
[2.138s] -- Up-to-date symlink: /home/chotaehyun/waver_ws/install/rf2o_laser_odometry/share/ament_index/resource_index/packages/rf2o_laser_odometry
[2.139s] -- Up-to-date symlink: /home/chotaehyun/waver_ws/install/rf2o_laser_odometry/share/rf2o_laser_odometry/cmake/rf2o_laser_odometryConfig.cmake
[2.139s] -- Up-to-date symlink: /home/chotaehyun/waver_ws/install/rf2o_laser_odometry/share/rf2o_laser_odometry/cmake/rf2o_laser_odometryConfig-version.cmake
[2.139s] -- Up-to-date symlink: /home/chotaehyun/waver_ws/install/rf2o_laser_odometry/share/rf2o_laser_odometry/package.xml
[2.401s] Invoked command in '/home/chotaehyun/waver_ws/build/rf2o_laser_odometry' returned '0': CMAKE_PREFIX_PATH=/opt/ros/humble /usr/bin/cmake --install /home/chotaehyun/waver_ws/build/rf2o_laser_odometry
