[2.149s] Invoking command in '/home/chotaehyun/waver_ws/build/ugv_bringup': PYTHONPATH=/home/chotaehyun/waver_ws/build/ugv_bringup/prefix_override:/usr/lib/python3/dist-packages/colcon_core/task/python/colcon_distutils_commands:/home/chotaehyun/waver_ws/install/ugv_bringup/lib/python3.10/site-packages:${PYTHONPATH} /usr/bin/python3 -W ignore:setup.py install is deprecated -W ignore:easy_install command is deprecated setup.py develop --editable --build-directory /home/chotaehyun/waver_ws/build/ugv_bringup/build --no-deps symlink_data
[3.178s] running develop
[3.529s] running egg_info
[3.530s] creating ugv_bringup.egg-info
[3.530s] writing ugv_bringup.egg-info/PKG-INFO
[3.531s] writing dependency_links to ugv_bringup.egg-info/dependency_links.txt
[3.532s] writing entry points to ugv_bringup.egg-info/entry_points.txt
[3.532s] writing requirements to ugv_bringup.egg-info/requires.txt
[3.533s] writing top-level names to ugv_bringup.egg-info/top_level.txt
[3.544s] writing manifest file 'ugv_bringup.egg-info/SOURCES.txt'
[3.548s] reading manifest file 'ugv_bringup.egg-info/SOURCES.txt'
[3.549s] writing manifest file 'ugv_bringup.egg-info/SOURCES.txt'
[3.549s] running build_ext
[3.549s] Creating /home/chotaehyun/waver_ws/install/ugv_bringup/lib/python3.10/site-packages/ugv-bringup.egg-link (link to .)
[3.549s] Installing ugv_bringup script to /home/chotaehyun/waver_ws/install/ugv_bringup/lib/ugv_bringup
[3.549s] Installing ugv_driver script to /home/chotaehyun/waver_ws/install/ugv_bringup/lib/ugv_bringup
[3.550s] 
[3.550s] Installed /home/chotaehyun/waver_ws/build/ugv_bringup
[3.550s] running symlink_data
[3.550s] creating /home/chotaehyun/waver_ws/install/ugv_bringup/share/ament_index
[3.550s] creating /home/chotaehyun/waver_ws/install/ugv_bringup/share/ament_index/resource_index
[3.550s] creating /home/chotaehyun/waver_ws/install/ugv_bringup/share/ament_index/resource_index/packages
[3.550s] symbolically linking /home/chotaehyun/waver_ws/build/ugv_bringup/resource/ugv_bringup -> /home/chotaehyun/waver_ws/install/ugv_bringup/share/ament_index/resource_index/packages
[3.550s] symbolically linking /home/chotaehyun/waver_ws/build/ugv_bringup/package.xml -> /home/chotaehyun/waver_ws/install/ugv_bringup/share/ugv_bringup
[3.550s] creating /home/chotaehyun/waver_ws/install/ugv_bringup/share/ugv_bringup/launch
[3.551s] symbolically linking /home/chotaehyun/waver_ws/build/ugv_bringup/launch/bringup_imu_ekf.launch.py -> /home/chotaehyun/waver_ws/install/ugv_bringup/share/ugv_bringup/launch
[3.551s] symbolically linking /home/chotaehyun/waver_ws/build/ugv_bringup/launch/bringup_lidar.launch.py -> /home/chotaehyun/waver_ws/install/ugv_bringup/share/ugv_bringup/launch
[3.551s] symbolically linking /home/chotaehyun/waver_ws/build/ugv_bringup/launch/bringup_imu_origin.launch.py -> /home/chotaehyun/waver_ws/install/ugv_bringup/share/ugv_bringup/launch
[3.551s] creating /home/chotaehyun/waver_ws/install/ugv_bringup/share/ugv_bringup/rviz
[3.551s] symbolically linking /home/chotaehyun/waver_ws/build/ugv_bringup/rviz/view_bringup.rviz -> /home/chotaehyun/waver_ws/install/ugv_bringup/share/ugv_bringup/rviz
[3.551s] creating /home/chotaehyun/waver_ws/install/ugv_bringup/share/ugv_bringup/param
[3.551s] symbolically linking /home/chotaehyun/waver_ws/build/ugv_bringup/param/imu_filter_param.yaml -> /home/chotaehyun/waver_ws/install/ugv_bringup/share/ugv_bringup/param
[3.551s] symbolically linking /home/chotaehyun/waver_ws/build/ugv_bringup/param/ekf.yaml -> /home/chotaehyun/waver_ws/install/ugv_bringup/share/ugv_bringup/param
[3.770s] Invoked command in '/home/chotaehyun/waver_ws/build/ugv_bringup' returned '0': PYTHONPATH=/home/chotaehyun/waver_ws/build/ugv_bringup/prefix_override:/usr/lib/python3/dist-packages/colcon_core/task/python/colcon_distutils_commands:/home/chotaehyun/waver_ws/install/ugv_bringup/lib/python3.10/site-packages:${PYTHONPATH} /usr/bin/python3 -W ignore:setup.py install is deprecated -W ignore:easy_install command is deprecated setup.py develop --editable --build-directory /home/chotaehyun/waver_ws/build/ugv_bringup/build --no-deps symlink_data
