[0.154s] Invoking command in '/home/chotaehyun/waver_ws/build/explore_lite': CMAKE_PREFIX_PATH=${CMAKE_PREFIX_PATH}:/home/chotaehyun/waver_ws/install/ugv_web_app:/home/chotaehyun/waver_ws/install/ugv_vision:/home/chotaehyun/waver_ws/install/ugv_tools:/home/chotaehyun/waver_ws/install/ugv_chat_ai:/home/chotaehyun/waver_ws/install/ugv_bringup:/home/chotaehyun/waver_ws/install/my_waver_app:/opt/ros/humble /usr/bin/cmake --build /home/chotaehyun/waver_ws/build/explore_lite -- -j16 -l16
[2.045s] [ 20%] Built target gtest_main
[2.045s] [ 40%] Built target gtest
[2.045s] [ 80%] Built target explore
[2.045s] [100%] Built target test_explore
[2.083s] Invoked command in '/home/chotaehyun/waver_ws/build/explore_lite' returned '0': CMAKE_PREFIX_PATH=${CMAKE_PREFIX_PATH}:/home/chotaehyun/waver_ws/install/ugv_web_app:/home/chotaehyun/waver_ws/install/ugv_vision:/home/chotaehyun/waver_ws/install/ugv_tools:/home/chotaehyun/waver_ws/install/ugv_chat_ai:/home/chotaehyun/waver_ws/install/ugv_bringup:/home/chotaehyun/waver_ws/install/my_waver_app:/opt/ros/humble /usr/bin/cmake --build /home/chotaehyun/waver_ws/build/explore_lite -- -j16 -l16
[2.087s] Invoking command in '/home/chotaehyun/waver_ws/build/explore_lite': CMAKE_PREFIX_PATH=${CMAKE_PREFIX_PATH}:/home/chotaehyun/waver_ws/install/ugv_web_app:/home/chotaehyun/waver_ws/install/ugv_vision:/home/chotaehyun/waver_ws/install/ugv_tools:/home/chotaehyun/waver_ws/install/ugv_chat_ai:/home/chotaehyun/waver_ws/install/ugv_bringup:/home/chotaehyun/waver_ws/install/my_waver_app:/opt/ros/humble /usr/bin/cmake --install /home/chotaehyun/waver_ws/build/explore_lite
[2.183s] -- Install configuration: ""
[2.183s] -- Execute custom install script
[2.183s] -- Up-to-date symlink: /home/chotaehyun/waver_ws/install/explore_lite/include/explore//costmap_client.h
[2.183s] -- Up-to-date symlink: /home/chotaehyun/waver_ws/install/explore_lite/include/explore//costmap_tools.h
[2.183s] -- Up-to-date symlink: /home/chotaehyun/waver_ws/install/explore_lite/include/explore//explore.h
[2.183s] -- Up-to-date symlink: /home/chotaehyun/waver_ws/install/explore_lite/include/explore//frontier_search.h
[2.184s] -- Up-to-date symlink: /home/chotaehyun/waver_ws/install/explore_lite/share/explore_lite/config/params.yaml
[2.184s] -- Up-to-date symlink: /home/chotaehyun/waver_ws/install/explore_lite/share/explore_lite/config/params_costmap.yaml
[2.184s] -- Up-to-date symlink: /home/chotaehyun/waver_ws/install/explore_lite/share/explore_lite/launch/explore.launch.py
[2.184s] -- Up-to-date symlink: /home/chotaehyun/waver_ws/install/explore_lite/lib/explore_lite/explore
[2.185s] -- Up-to-date symlink: /home/chotaehyun/waver_ws/install/explore_lite/share/ament_index/resource_index/package_run_dependencies/explore_lite
[2.185s] -- Up-to-date symlink: /home/chotaehyun/waver_ws/install/explore_lite/share/ament_index/resource_index/parent_prefix_path/explore_lite
[2.185s] -- Up-to-date symlink: /home/chotaehyun/waver_ws/install/explore_lite/share/explore_lite/environment/ament_prefix_path.sh
[2.187s] -- Up-to-date symlink: /home/chotaehyun/waver_ws/install/explore_lite/share/explore_lite/environment/ament_prefix_path.dsv
[2.187s] -- Up-to-date symlink: /home/chotaehyun/waver_ws/install/explore_lite/share/explore_lite/environment/path.sh
[2.187s] -- Up-to-date symlink: /home/chotaehyun/waver_ws/install/explore_lite/share/explore_lite/environment/path.dsv
[2.187s] -- Up-to-date symlink: /home/chotaehyun/waver_ws/install/explore_lite/share/explore_lite/local_setup.bash
[2.188s] -- Up-to-date symlink: /home/chotaehyun/waver_ws/install/explore_lite/share/explore_lite/local_setup.sh
[2.189s] -- Up-to-date symlink: /home/chotaehyun/waver_ws/install/explore_lite/share/explore_lite/local_setup.zsh
[2.194s] -- Up-to-date symlink: /home/chotaehyun/waver_ws/install/explore_lite/share/explore_lite/local_setup.dsv
[2.194s] -- Symlinking: /home/chotaehyun/waver_ws/install/explore_lite/share/explore_lite/package.dsv
[2.194s] -- Up-to-date symlink: /home/chotaehyun/waver_ws/install/explore_lite/share/ament_index/resource_index/packages/explore_lite
[2.194s] -- Up-to-date symlink: /home/chotaehyun/waver_ws/install/explore_lite/share/explore_lite/cmake/ament_cmake_export_include_directories-extras.cmake
[2.194s] -- Up-to-date symlink: /home/chotaehyun/waver_ws/install/explore_lite/share/explore_lite/cmake/explore_liteConfig.cmake
[2.194s] -- Up-to-date symlink: /home/chotaehyun/waver_ws/install/explore_lite/share/explore_lite/cmake/explore_liteConfig-version.cmake
[2.194s] -- Up-to-date symlink: /home/chotaehyun/waver_ws/install/explore_lite/share/explore_lite/package.xml
[2.395s] Invoked command in '/home/chotaehyun/waver_ws/build/explore_lite' returned '0': CMAKE_PREFIX_PATH=${CMAKE_PREFIX_PATH}:/home/chotaehyun/waver_ws/install/ugv_web_app:/home/chotaehyun/waver_ws/install/ugv_vision:/home/chotaehyun/waver_ws/install/ugv_tools:/home/chotaehyun/waver_ws/install/ugv_chat_ai:/home/chotaehyun/waver_ws/install/ugv_bringup:/home/chotaehyun/waver_ws/install/my_waver_app:/opt/ros/humble /usr/bin/cmake --install /home/chotaehyun/waver_ws/build/explore_lite
