[0.237s] Invoking command in '/home/chotaehyun/waver_ws/build/slam_gmapping': AMENT_PREFIX_PATH=/home/chotaehyun/waver_ws/install/openslam_gmapping:${AMENT_PREFIX_PATH} CMAKE_PREFIX_PATH=/home/chotaehyun/waver_ws/install/openslam_gmapping:/opt/ros/humble LD_LIBRARY_PATH=/home/chotaehyun/waver_ws/install/openslam_gmapping/lib:${LD_LIBRARY_PATH} /usr/bin/cmake --build /home/chotaehyun/waver_ws/build/slam_gmapping -- -j16 -l16
[0.371s] [100%] Built target slam_gmapping
[0.484s] Invoked command in '/home/chotaehyun/waver_ws/build/slam_gmapping' returned '0': AMENT_PREFIX_PATH=/home/chotaehyun/waver_ws/install/openslam_gmapping:${AMENT_PREFIX_PATH} CMAKE_PREFIX_PATH=/home/chotaehyun/waver_ws/install/openslam_gmapping:/opt/ros/humble LD_LIBRARY_PATH=/home/chotaehyun/waver_ws/install/openslam_gmapping/lib:${LD_LIBRARY_PATH} /usr/bin/cmake --build /home/chotaehyun/waver_ws/build/slam_gmapping -- -j16 -l16
[0.488s] Invoking command in '/home/chotaehyun/waver_ws/build/slam_gmapping': AMENT_PREFIX_PATH=/home/chotaehyun/waver_ws/install/openslam_gmapping:${AMENT_PREFIX_PATH} CMAKE_PREFIX_PATH=/home/chotaehyun/waver_ws/install/openslam_gmapping:/opt/ros/humble LD_LIBRARY_PATH=/home/chotaehyun/waver_ws/install/openslam_gmapping/lib:${LD_LIBRARY_PATH} /usr/bin/cmake --install /home/chotaehyun/waver_ws/build/slam_gmapping
[0.508s] -- Install configuration: ""
[0.508s] -- Execute custom install script
[0.509s] -- Up-to-date symlink: /home/chotaehyun/waver_ws/install/slam_gmapping/lib/slam_gmapping/slam_gmapping
[0.511s] -- Up-to-date symlink: /home/chotaehyun/waver_ws/install/slam_gmapping/share/slam_gmapping/launch/mapping.launch.py
[0.511s] -- Up-to-date symlink: /home/chotaehyun/waver_ws/install/slam_gmapping/share/ament_index/resource_index/package_run_dependencies/slam_gmapping
[0.516s] -- Up-to-date symlink: /home/chotaehyun/waver_ws/install/slam_gmapping/share/ament_index/resource_index/parent_prefix_path/slam_gmapping
[0.516s] -- Up-to-date symlink: /home/chotaehyun/waver_ws/install/slam_gmapping/share/slam_gmapping/environment/ament_prefix_path.sh
[0.516s] -- Up-to-date symlink: /home/chotaehyun/waver_ws/install/slam_gmapping/share/slam_gmapping/environment/ament_prefix_path.dsv
[0.516s] -- Up-to-date symlink: /home/chotaehyun/waver_ws/install/slam_gmapping/share/slam_gmapping/environment/path.sh
[0.516s] -- Up-to-date symlink: /home/chotaehyun/waver_ws/install/slam_gmapping/share/slam_gmapping/environment/path.dsv
[0.517s] -- Up-to-date symlink: /home/chotaehyun/waver_ws/install/slam_gmapping/share/slam_gmapping/local_setup.bash
[0.517s] -- Up-to-date symlink: /home/chotaehyun/waver_ws/install/slam_gmapping/share/slam_gmapping/local_setup.sh
[0.517s] -- Up-to-date symlink: /home/chotaehyun/waver_ws/install/slam_gmapping/share/slam_gmapping/local_setup.zsh
[0.517s] -- Up-to-date symlink: /home/chotaehyun/waver_ws/install/slam_gmapping/share/slam_gmapping/local_setup.dsv
[0.517s] -- Symlinking: /home/chotaehyun/waver_ws/install/slam_gmapping/share/slam_gmapping/package.dsv
[0.536s] -- Up-to-date symlink: /home/chotaehyun/waver_ws/install/slam_gmapping/share/ament_index/resource_index/packages/slam_gmapping
[0.537s] -- Up-to-date symlink: /home/chotaehyun/waver_ws/install/slam_gmapping/share/slam_gmapping/cmake/slam_gmappingConfig.cmake
[0.538s] -- Up-to-date symlink: /home/chotaehyun/waver_ws/install/slam_gmapping/share/slam_gmapping/cmake/slam_gmappingConfig-version.cmake
[0.538s] -- Up-to-date symlink: /home/chotaehyun/waver_ws/install/slam_gmapping/share/slam_gmapping/package.xml
[0.545s] Invoked command in '/home/chotaehyun/waver_ws/build/slam_gmapping' returned '0': AMENT_PREFIX_PATH=/home/chotaehyun/waver_ws/install/openslam_gmapping:${AMENT_PREFIX_PATH} CMAKE_PREFIX_PATH=/home/chotaehyun/waver_ws/install/openslam_gmapping:/opt/ros/humble LD_LIBRARY_PATH=/home/chotaehyun/waver_ws/install/openslam_gmapping/lib:${LD_LIBRARY_PATH} /usr/bin/cmake --install /home/chotaehyun/waver_ws/build/slam_gmapping
