[0.121s] Invoking command in '/home/chotaehyun/waver_ws/build/vizanti_demos': AMENT_PREFIX_PATH=/home/chotaehyun/waver_ws/install/vizanti_msgs:${AMENT_PREFIX_PATH} CMAKE_PREFIX_PATH=/home/chotaehyun/waver_ws/install/vizanti_msgs:/opt/ros/humble LD_LIBRARY_PATH=/home/chotaehyun/waver_ws/install/vizanti_msgs/lib:${LD_LIBRARY_PATH} PYTHONPATH=/home/chotaehyun/waver_ws/install/vizanti_msgs/local/lib/python3.10/dist-packages:${PYTHONPATH} /usr/bin/cmake --build /home/chotaehyun/waver_ws/build/vizanti_demos -- -j16 -l16
[0.259s] Invoked command in '/home/chotaehyun/waver_ws/build/vizanti_demos' returned '0': AMENT_PREFIX_PATH=/home/chotaehyun/waver_ws/install/vizanti_msgs:${AMENT_PREFIX_PATH} CMAKE_PREFIX_PATH=/home/chotaehyun/waver_ws/install/vizanti_msgs:/opt/ros/humble LD_LIBRARY_PATH=/home/chotaehyun/waver_ws/install/vizanti_msgs/lib:${LD_LIBRARY_PATH} PYTHONPATH=/home/chotaehyun/waver_ws/install/vizanti_msgs/local/lib/python3.10/dist-packages:${PYTHONPATH} /usr/bin/cmake --build /home/chotaehyun/waver_ws/build/vizanti_demos -- -j16 -l16
[0.262s] Invoking command in '/home/chotaehyun/waver_ws/build/vizanti_demos': AMENT_PREFIX_PATH=/home/chotaehyun/waver_ws/install/vizanti_msgs:${AMENT_PREFIX_PATH} CMAKE_PREFIX_PATH=/home/chotaehyun/waver_ws/install/vizanti_msgs:/opt/ros/humble LD_LIBRARY_PATH=/home/chotaehyun/waver_ws/install/vizanti_msgs/lib:${LD_LIBRARY_PATH} PYTHONPATH=/home/chotaehyun/waver_ws/install/vizanti_msgs/local/lib/python3.10/dist-packages:${PYTHONPATH} /usr/bin/cmake --install /home/chotaehyun/waver_ws/build/vizanti_demos
[0.273s] -- Install configuration: ""
[0.273s] -- Execute custom install script
[0.274s] -- Up-to-date symlink: /home/chotaehyun/waver_ws/install/vizanti_demos/share/vizanti_demos//launch/test.launch.py
[0.274s] -- Up-to-date symlink: /home/chotaehyun/waver_ws/install/vizanti_demos/lib/vizanti_demos/particle_cloud_to_pose_array.py
[0.274s] -- Up-to-date symlink: /home/chotaehyun/waver_ws/install/vizanti_demos/lib/vizanti_demos/path_to_nav2poses.py
[0.274s] -- Up-to-date symlink: /home/chotaehyun/waver_ws/install/vizanti_demos/lib/vizanti_demos/test_grid_cells.py
[0.275s] -- Up-to-date symlink: /home/chotaehyun/waver_ws/install/vizanti_demos/lib/vizanti_demos/test_marker_array.py
[0.275s] -- Up-to-date symlink: /home/chotaehyun/waver_ws/install/vizanti_demos/lib/vizanti_demos/test_tf.py
[0.275s] -- Up-to-date symlink: /home/chotaehyun/waver_ws/install/vizanti_demos/share/ament_index/resource_index/package_run_dependencies/vizanti_demos
[0.275s] -- Up-to-date symlink: /home/chotaehyun/waver_ws/install/vizanti_demos/share/ament_index/resource_index/parent_prefix_path/vizanti_demos
[0.276s] -- Up-to-date symlink: /home/chotaehyun/waver_ws/install/vizanti_demos/share/vizanti_demos/environment/ament_prefix_path.sh
[0.276s] -- Up-to-date symlink: /home/chotaehyun/waver_ws/install/vizanti_demos/share/vizanti_demos/environment/ament_prefix_path.dsv
[0.276s] -- Up-to-date symlink: /home/chotaehyun/waver_ws/install/vizanti_demos/share/vizanti_demos/environment/path.sh
[0.276s] -- Up-to-date symlink: /home/chotaehyun/waver_ws/install/vizanti_demos/share/vizanti_demos/environment/path.dsv
[0.277s] -- Up-to-date symlink: /home/chotaehyun/waver_ws/install/vizanti_demos/share/vizanti_demos/local_setup.bash
[0.277s] -- Up-to-date symlink: /home/chotaehyun/waver_ws/install/vizanti_demos/share/vizanti_demos/local_setup.sh
[0.277s] -- Up-to-date symlink: /home/chotaehyun/waver_ws/install/vizanti_demos/share/vizanti_demos/local_setup.zsh
[0.277s] -- Up-to-date symlink: /home/chotaehyun/waver_ws/install/vizanti_demos/share/vizanti_demos/local_setup.dsv
[0.277s] -- Symlinking: /home/chotaehyun/waver_ws/install/vizanti_demos/share/vizanti_demos/package.dsv
[0.295s] -- Up-to-date symlink: /home/chotaehyun/waver_ws/install/vizanti_demos/share/ament_index/resource_index/packages/vizanti_demos
[0.295s] -- Up-to-date symlink: /home/chotaehyun/waver_ws/install/vizanti_demos/share/vizanti_demos/cmake/vizanti_demosConfig.cmake
[0.295s] -- Up-to-date symlink: /home/chotaehyun/waver_ws/install/vizanti_demos/share/vizanti_demos/cmake/vizanti_demosConfig-version.cmake
[0.295s] -- Up-to-date symlink: /home/chotaehyun/waver_ws/install/vizanti_demos/share/vizanti_demos/package.xml
[0.310s] Invoked command in '/home/chotaehyun/waver_ws/build/vizanti_demos' returned '0': AMENT_PREFIX_PATH=/home/chotaehyun/waver_ws/install/vizanti_msgs:${AMENT_PREFIX_PATH} CMAKE_PREFIX_PATH=/home/chotaehyun/waver_ws/install/vizanti_msgs:/opt/ros/humble LD_LIBRARY_PATH=/home/chotaehyun/waver_ws/install/vizanti_msgs/lib:${LD_LIBRARY_PATH} PYTHONPATH=/home/chotaehyun/waver_ws/install/vizanti_msgs/local/lib/python3.10/dist-packages:${PYTHONPATH} /usr/bin/cmake --install /home/chotaehyun/waver_ws/build/vizanti_demos
