[0.157s] Invoking command in '/home/chotaehyun/waver_ws/build/emcl2': CMAKE_PREFIX_PATH=/opt/ros/humble /usr/bin/cmake --build /home/chotaehyun/waver_ws/build/emcl2 -- -j16 -l16
[2.034s] [100%] Built target emcl2_node
[2.079s] Invoked command in '/home/chotaehyun/waver_ws/build/emcl2' returned '0': CMAKE_PREFIX_PATH=/opt/ros/humble /usr/bin/cmake --build /home/chotaehyun/waver_ws/build/emcl2 -- -j16 -l16
[2.083s] Invoking command in '/home/chotaehyun/waver_ws/build/emcl2': CMAKE_PREFIX_PATH=/opt/ros/humble /usr/bin/cmake --install /home/chotaehyun/waver_ws/build/emcl2
[2.236s] -- Install configuration: ""
[2.236s] -- Execute custom install script
[2.236s] -- Up-to-date symlink: /home/chotaehyun/waver_ws/install/emcl2/lib/emcl2/test.bash
[2.236s] -- Up-to-date symlink: /home/chotaehyun/waver_ws/install/emcl2/lib/emcl2/test_gui.bash
[2.236s] -- Up-to-date symlink: /home/chotaehyun/waver_ws/install/emcl2/include/emcl2/ExpResetMcl2.h
[2.236s] -- Up-to-date symlink: /home/chotaehyun/waver_ws/install/emcl2/include/emcl2/LikelihoodFieldMap.h
[2.236s] -- Up-to-date symlink: /home/chotaehyun/waver_ws/install/emcl2/include/emcl2/Mcl.h
[2.236s] -- Up-to-date symlink: /home/chotaehyun/waver_ws/install/emcl2/include/emcl2/OdomModel.h
[2.236s] -- Up-to-date symlink: /home/chotaehyun/waver_ws/install/emcl2/include/emcl2/Particle.h
[2.236s] -- Up-to-date symlink: /home/chotaehyun/waver_ws/install/emcl2/include/emcl2/Pose.h
[2.236s] -- Up-to-date symlink: /home/chotaehyun/waver_ws/install/emcl2/include/emcl2/Scan.h
[2.237s] -- Up-to-date symlink: /home/chotaehyun/waver_ws/install/emcl2/include/emcl2/emcl2_node.h
[2.237s] -- Up-to-date symlink: /home/chotaehyun/waver_ws/install/emcl2/lib/emcl2/emcl2_node
[2.237s] -- Up-to-date symlink: /home/chotaehyun/waver_ws/install/emcl2/share/emcl2/config/emcl2.param.yaml
[2.237s] -- Up-to-date symlink: /home/chotaehyun/waver_ws/install/emcl2/share/emcl2/config/emcl2_quick_start.param.yaml
[2.237s] -- Up-to-date symlink: /home/chotaehyun/waver_ws/install/emcl2/share/emcl2/launch/emcl2.launch.py
[2.237s] -- Up-to-date symlink: /home/chotaehyun/waver_ws/install/emcl2/share/emcl2/test/demo.bash
[2.237s] -- Up-to-date symlink: /home/chotaehyun/waver_ws/install/emcl2/share/emcl2/test/test.bash
[2.237s] -- Up-to-date symlink: /home/chotaehyun/waver_ws/install/emcl2/share/emcl2/test/test.launch.xml
[2.237s] -- Up-to-date symlink: /home/chotaehyun/waver_ws/install/emcl2/share/emcl2/test/test_gui.bash
[2.237s] -- Up-to-date symlink: /home/chotaehyun/waver_ws/install/emcl2/share/ament_index/resource_index/package_run_dependencies/emcl2
[2.238s] -- Up-to-date symlink: /home/chotaehyun/waver_ws/install/emcl2/share/ament_index/resource_index/parent_prefix_path/emcl2
[2.238s] -- Up-to-date symlink: /home/chotaehyun/waver_ws/install/emcl2/share/emcl2/environment/ament_prefix_path.sh
[2.238s] -- Up-to-date symlink: /home/chotaehyun/waver_ws/install/emcl2/share/emcl2/environment/ament_prefix_path.dsv
[2.238s] -- Up-to-date symlink: /home/chotaehyun/waver_ws/install/emcl2/share/emcl2/environment/path.sh
[2.238s] -- Up-to-date symlink: /home/chotaehyun/waver_ws/install/emcl2/share/emcl2/environment/path.dsv
[2.238s] -- Up-to-date symlink: /home/chotaehyun/waver_ws/install/emcl2/share/emcl2/local_setup.bash
[2.238s] -- Up-to-date symlink: /home/chotaehyun/waver_ws/install/emcl2/share/emcl2/local_setup.sh
[2.238s] -- Up-to-date symlink: /home/chotaehyun/waver_ws/install/emcl2/share/emcl2/local_setup.zsh
[2.238s] -- Up-to-date symlink: /home/chotaehyun/waver_ws/install/emcl2/share/emcl2/local_setup.dsv
[2.238s] -- Symlinking: /home/chotaehyun/waver_ws/install/emcl2/share/emcl2/package.dsv
[2.238s] -- Up-to-date symlink: /home/chotaehyun/waver_ws/install/emcl2/share/ament_index/resource_index/packages/emcl2
[2.239s] -- Up-to-date symlink: /home/chotaehyun/waver_ws/install/emcl2/share/emcl2/cmake/ament_cmake_export_dependencies-extras.cmake
[2.239s] -- Up-to-date symlink: /home/chotaehyun/waver_ws/install/emcl2/share/emcl2/cmake/ament_cmake_export_include_directories-extras.cmake
[2.239s] -- Up-to-date symlink: /home/chotaehyun/waver_ws/install/emcl2/share/emcl2/cmake/emcl2Config.cmake
[2.239s] -- Up-to-date symlink: /home/chotaehyun/waver_ws/install/emcl2/share/emcl2/cmake/emcl2Config-version.cmake
[2.239s] -- Up-to-date symlink: /home/chotaehyun/waver_ws/install/emcl2/share/emcl2/package.xml
[2.369s] Invoked command in '/home/chotaehyun/waver_ws/build/emcl2' returned '0': CMAKE_PREFIX_PATH=/opt/ros/humble /usr/bin/cmake --install /home/chotaehyun/waver_ws/build/emcl2
