[0.387s] Invoking command in '/home/chotaehyun/waver_ws/build/ugv_nav': CMAKE_PREFIX_PATH=/opt/ros/humble /usr/bin/cmake --build /home/chotaehyun/waver_ws/build/ugv_nav -- -j16 -l16
[1.956s] Invoked command in '/home/chotaehyun/waver_ws/build/ugv_nav' returned '0': CMAKE_PREFIX_PATH=/opt/ros/humble /usr/bin/cmake --build /home/chotaehyun/waver_ws/build/ugv_nav -- -j16 -l16
[1.961s] Invoking command in '/home/chotaehyun/waver_ws/build/ugv_nav': CMAKE_PREFIX_PATH=/opt/ros/humble /usr/bin/cmake --install /home/chotaehyun/waver_ws/build/ugv_nav
[2.048s] -- Install configuration: ""
[2.048s] -- Execute custom install script
[2.048s] -- Up-to-date symlink: /home/chotaehyun/waver_ws/install/ugv_nav/share/ugv_nav/launch/bringup_launch.py
[2.049s] -- Up-to-date symlink: /home/chotaehyun/waver_ws/install/ugv_nav/share/ugv_nav/launch/nav.launch.py
[2.059s] -- Up-to-date symlink: /home/chotaehyun/waver_ws/install/ugv_nav/share/ugv_nav/launch/nav_bringup/bringup_launch_cartographer.launch.py
[2.059s] -- Up-to-date symlink: /home/chotaehyun/waver_ws/install/ugv_nav/share/ugv_nav/launch/nav_bringup/cartographer_localization.launch.py
[2.060s] -- Up-to-date symlink: /home/chotaehyun/waver_ws/install/ugv_nav/share/ugv_nav/launch/nav_bringup/localization_launch.py
[2.060s] -- Up-to-date symlink: /home/chotaehyun/waver_ws/install/ugv_nav/share/ugv_nav/launch/nav_bringup/nav2_bringup.launch.py
[2.060s] -- Up-to-date symlink: /home/chotaehyun/waver_ws/install/ugv_nav/share/ugv_nav/launch/nav_rtabmap.launch.py
[2.060s] -- Up-to-date symlink: /home/chotaehyun/waver_ws/install/ugv_nav/share/ugv_nav/launch/rtabmap_localization_launch.py
[2.060s] -- Up-to-date symlink: /home/chotaehyun/waver_ws/install/ugv_nav/share/ugv_nav/launch/slam_nav.launch.py
[2.060s] -- Up-to-date symlink: /home/chotaehyun/waver_ws/install/ugv_nav/share/ugv_nav/launch/waver_nav.launch.py
[2.061s] -- Up-to-date symlink: /home/chotaehyun/waver_ws/install/ugv_nav/share/ugv_nav/launch/waver_slam_nav.launch.py
[2.061s] -- Up-to-date symlink: /home/chotaehyun/waver_ws/install/ugv_nav/share/ugv_nav/param/amcl_dwa.yaml
[2.062s] -- Up-to-date symlink: /home/chotaehyun/waver_ws/install/ugv_nav/share/ugv_nav/param/amcl_teb.yaml
[2.067s] -- Up-to-date symlink: /home/chotaehyun/waver_ws/install/ugv_nav/share/ugv_nav/param/emcl_dwa.yaml
[2.069s] -- Up-to-date symlink: /home/chotaehyun/waver_ws/install/ugv_nav/share/ugv_nav/param/emcl_teb.yaml
[2.069s] -- Up-to-date symlink: /home/chotaehyun/waver_ws/install/ugv_nav/share/ugv_nav/param/rtabmap_dwa.yaml
[2.069s] -- Up-to-date symlink: /home/chotaehyun/waver_ws/install/ugv_nav/share/ugv_nav/param/rtabmap_teb.yaml
[2.069s] -- Up-to-date symlink: /home/chotaehyun/waver_ws/install/ugv_nav/share/ugv_nav/param/slam_nav.yaml
[2.069s] -- Up-to-date symlink: /home/chotaehyun/waver_ws/install/ugv_nav/share/ugv_nav/param/waver_slam_nav.yaml
[2.069s] -- Up-to-date symlink: /home/chotaehyun/waver_ws/install/ugv_nav/share/ugv_nav/param/waver_slam_toolbox.yaml
[2.070s] -- Up-to-date symlink: /home/chotaehyun/waver_ws/install/ugv_nav/share/ugv_nav/maps/map.pbstream
[2.070s] -- Up-to-date symlink: /home/chotaehyun/waver_ws/install/ugv_nav/share/ugv_nav/maps/map.pgm
[2.070s] -- Up-to-date symlink: /home/chotaehyun/waver_ws/install/ugv_nav/share/ugv_nav/maps/map.yaml
[2.070s] -- Up-to-date symlink: /home/chotaehyun/waver_ws/install/ugv_nav/share/ugv_nav/maps/map_server_params.yaml
[2.070s] -- Up-to-date symlink: /home/chotaehyun/waver_ws/install/ugv_nav/share/ugv_nav/rviz/view_nav_2d.rviz
[2.070s] -- Up-to-date symlink: /home/chotaehyun/waver_ws/install/ugv_nav/share/ugv_nav/rviz/view_nav_3d.rviz
[2.070s] -- Up-to-date symlink: /home/chotaehyun/waver_ws/install/ugv_nav/share/ugv_nav/rviz/waver_slam_nav.rviz.
[2.070s] -- Up-to-date symlink: /home/chotaehyun/waver_ws/install/ugv_nav/share/ament_index/resource_index/package_run_dependencies/ugv_nav
[2.070s] -- Up-to-date symlink: /home/chotaehyun/waver_ws/install/ugv_nav/share/ament_index/resource_index/parent_prefix_path/ugv_nav
[2.070s] -- Up-to-date symlink: /home/chotaehyun/waver_ws/install/ugv_nav/share/ugv_nav/environment/ament_prefix_path.sh
[2.075s] -- Up-to-date symlink: /home/chotaehyun/waver_ws/install/ugv_nav/share/ugv_nav/environment/ament_prefix_path.dsv
[2.076s] -- Up-to-date symlink: /home/chotaehyun/waver_ws/install/ugv_nav/share/ugv_nav/environment/path.sh
[2.076s] -- Up-to-date symlink: /home/chotaehyun/waver_ws/install/ugv_nav/share/ugv_nav/environment/path.dsv
[2.076s] -- Up-to-date symlink: /home/chotaehyun/waver_ws/install/ugv_nav/share/ugv_nav/local_setup.bash
[2.076s] -- Up-to-date symlink: /home/chotaehyun/waver_ws/install/ugv_nav/share/ugv_nav/local_setup.sh
[2.076s] -- Up-to-date symlink: /home/chotaehyun/waver_ws/install/ugv_nav/share/ugv_nav/local_setup.zsh
[2.078s] -- Up-to-date symlink: /home/chotaehyun/waver_ws/install/ugv_nav/share/ugv_nav/local_setup.dsv
[2.079s] -- Symlinking: /home/chotaehyun/waver_ws/install/ugv_nav/share/ugv_nav/package.dsv
[2.079s] -- Up-to-date symlink: /home/chotaehyun/waver_ws/install/ugv_nav/share/ament_index/resource_index/packages/ugv_nav
[2.079s] -- Up-to-date symlink: /home/chotaehyun/waver_ws/install/ugv_nav/share/ugv_nav/cmake/ugv_navConfig.cmake
[2.079s] -- Up-to-date symlink: /home/chotaehyun/waver_ws/install/ugv_nav/share/ugv_nav/cmake/ugv_navConfig-version.cmake
[2.079s] -- Up-to-date symlink: /home/chotaehyun/waver_ws/install/ugv_nav/share/ugv_nav/package.xml
[2.215s] Invoked command in '/home/chotaehyun/waver_ws/build/ugv_nav' returned '0': CMAKE_PREFIX_PATH=/opt/ros/humble /usr/bin/cmake --install /home/chotaehyun/waver_ws/build/ugv_nav
