[0.185s] Invoking command in '/home/chotaehyun/waver_ws/build/ugv_slam': CMAKE_PREFIX_PATH=${CMAKE_PREFIX_PATH}:/home/chotaehyun/waver_ws/install/ugv_web_app:/home/chotaehyun/waver_ws/install/ugv_vision:/home/chotaehyun/waver_ws/install/ugv_tools:/home/chotaehyun/waver_ws/install/ugv_chat_ai:/home/chotaehyun/waver_ws/install/ugv_bringup:/home/chotaehyun/waver_ws/install/my_waver_app:/opt/ros/humble /usr/bin/cmake --build /home/chotaehyun/waver_ws/build/ugv_slam -- -j16 -l16
[1.058s] Invoked command in '/home/chotaehyun/waver_ws/build/ugv_slam' returned '0': CMAKE_PREFIX_PATH=${CMAKE_PREFIX_PATH}:/home/chotaehyun/waver_ws/install/ugv_web_app:/home/chotaehyun/waver_ws/install/ugv_vision:/home/chotaehyun/waver_ws/install/ugv_tools:/home/chotaehyun/waver_ws/install/ugv_chat_ai:/home/chotaehyun/waver_ws/install/ugv_bringup:/home/chotaehyun/waver_ws/install/my_waver_app:/opt/ros/humble /usr/bin/cmake --build /home/chotaehyun/waver_ws/build/ugv_slam -- -j16 -l16
[1.061s] Invoking command in '/home/chotaehyun/waver_ws/build/ugv_slam': CMAKE_PREFIX_PATH=${CMAKE_PREFIX_PATH}:/home/chotaehyun/waver_ws/install/ugv_web_app:/home/chotaehyun/waver_ws/install/ugv_vision:/home/chotaehyun/waver_ws/install/ugv_tools:/home/chotaehyun/waver_ws/install/ugv_chat_ai:/home/chotaehyun/waver_ws/install/ugv_bringup:/home/chotaehyun/waver_ws/install/my_waver_app:/opt/ros/humble /usr/bin/cmake --install /home/chotaehyun/waver_ws/build/ugv_slam
[1.092s] -- Install configuration: ""
[1.102s] -- Execute custom install script
[1.107s] -- Up-to-date symlink: /home/chotaehyun/waver_ws/install/ugv_slam/share/ugv_slam/launch/cartographer.launch.py
[1.107s] -- Up-to-date symlink: /home/chotaehyun/waver_ws/install/ugv_slam/share/ugv_slam/launch/gmapping.launch.py
[1.107s] -- Up-to-date symlink: /home/chotaehyun/waver_ws/install/ugv_slam/share/ugv_slam/launch/rtabmap_rgbd.launch.py
[1.107s] -- Up-to-date symlink: /home/chotaehyun/waver_ws/install/ugv_slam/share/ugv_slam/launch/waver_gmapping.launch.py
[1.108s] -- Up-to-date symlink: /home/chotaehyun/waver_ws/install/ugv_slam/share/ugv_slam/rviz/view_slam_2d.rviz
[1.108s] -- Up-to-date symlink: /home/chotaehyun/waver_ws/install/ugv_slam/share/ugv_slam/rviz/view_slam_3d.rviz
[1.108s] -- Up-to-date symlink: /home/chotaehyun/waver_ws/install/ugv_slam/share/ament_index/resource_index/package_run_dependencies/ugv_slam
[1.108s] -- Up-to-date symlink: /home/chotaehyun/waver_ws/install/ugv_slam/share/ament_index/resource_index/parent_prefix_path/ugv_slam
[1.108s] -- Up-to-date symlink: /home/chotaehyun/waver_ws/install/ugv_slam/share/ugv_slam/environment/ament_prefix_path.sh
[1.108s] -- Up-to-date symlink: /home/chotaehyun/waver_ws/install/ugv_slam/share/ugv_slam/environment/ament_prefix_path.dsv
[1.108s] -- Up-to-date symlink: /home/chotaehyun/waver_ws/install/ugv_slam/share/ugv_slam/environment/path.sh
[1.108s] -- Up-to-date symlink: /home/chotaehyun/waver_ws/install/ugv_slam/share/ugv_slam/environment/path.dsv
[1.108s] -- Up-to-date symlink: /home/chotaehyun/waver_ws/install/ugv_slam/share/ugv_slam/local_setup.bash
[1.108s] -- Up-to-date symlink: /home/chotaehyun/waver_ws/install/ugv_slam/share/ugv_slam/local_setup.sh
[1.108s] -- Up-to-date symlink: /home/chotaehyun/waver_ws/install/ugv_slam/share/ugv_slam/local_setup.zsh
[1.108s] -- Up-to-date symlink: /home/chotaehyun/waver_ws/install/ugv_slam/share/ugv_slam/local_setup.dsv
[1.108s] -- Symlinking: /home/chotaehyun/waver_ws/install/ugv_slam/share/ugv_slam/package.dsv
[1.125s] -- Up-to-date symlink: /home/chotaehyun/waver_ws/install/ugv_slam/share/ament_index/resource_index/packages/ugv_slam
[1.125s] -- Up-to-date symlink: /home/chotaehyun/waver_ws/install/ugv_slam/share/ugv_slam/cmake/ugv_slamConfig.cmake
[1.125s] -- Up-to-date symlink: /home/chotaehyun/waver_ws/install/ugv_slam/share/ugv_slam/cmake/ugv_slamConfig-version.cmake
[1.125s] -- Up-to-date symlink: /home/chotaehyun/waver_ws/install/ugv_slam/share/ugv_slam/package.xml
[1.181s] Invoked command in '/home/chotaehyun/waver_ws/build/ugv_slam' returned '0': CMAKE_PREFIX_PATH=${CMAKE_PREFIX_PATH}:/home/chotaehyun/waver_ws/install/ugv_web_app:/home/chotaehyun/waver_ws/install/ugv_vision:/home/chotaehyun/waver_ws/install/ugv_tools:/home/chotaehyun/waver_ws/install/ugv_chat_ai:/home/chotaehyun/waver_ws/install/ugv_bringup:/home/chotaehyun/waver_ws/install/my_waver_app:/opt/ros/humble /usr/bin/cmake --install /home/chotaehyun/waver_ws/build/ugv_slam
