[0.337s] Invoking command in '/home/chotaehyun/waver_ws/build/ugv_base_node': CMAKE_PREFIX_PATH=/opt/ros/humble /usr/bin/cmake /home/chotaehyun/waver_ws/src/ugv_ws/src/ugv_main/ugv_base_node -DAMENT_CMAKE_SYMLINK_INSTALL=1 -DCMAKE_INSTALL_PREFIX=/home/chotaehyun/waver_ws/install/ugv_base_node
[1.266s] -- The C compiler identification is GNU 11.4.0
[1.266s] -- The CXX compiler identification is GNU 11.4.0
[1.266s] -- Detecting C compiler ABI info
[1.266s] -- Detecting C compiler ABI info - done
[1.266s] -- Check for working C compiler: /usr/bin/cc - skipped
[1.266s] -- Detecting C compile features
[1.266s] -- Detecting C compile features - done
[1.266s] -- Detecting CXX compiler ABI info
[1.266s] -- Detecting CXX compiler ABI info - done
[1.266s] -- Check for working CXX compiler: /usr/bin/c++ - skipped
[1.266s] -- Detecting CXX compile features
[1.266s] -- Detecting CXX compile features - done
[1.267s] -- Found ament_cmake: 1.3.14 (/opt/ros/humble/share/ament_cmake/cmake)
[1.267s] -- Found Python3: /usr/bin/python3 (found version "3.10.12") found components: Interpreter 
[1.267s] -- Override CMake install command with custom implementation using symlinks instead of copying resources
[1.267s] -- Found tf2: 0.25.19 (/opt/ros/humble/share/tf2/cmake)
[1.327s] -- Found rosidl_generator_c: 3.1.8 (/opt/ros/humble/share/rosidl_generator_c/cmake)
[1.338s] -- Found rosidl_adapter: 3.1.8 (/opt/ros/humble/share/rosidl_adapter/cmake)
[1.354s] -- Found rosidl_generator_cpp: 3.1.8 (/opt/ros/humble/share/rosidl_generator_cpp/cmake)
[1.399s] -- Using all available rosidl_typesupport_c: rosidl_typesupport_fastrtps_c;rosidl_typesupport_introspection_c
[1.445s] -- Using all available rosidl_typesupport_cpp: rosidl_typesupport_fastrtps_cpp;rosidl_typesupport_introspection_cpp
[1.533s] -- Found tf2_ros: 0.25.19 (/opt/ros/humble/share/tf2_ros/cmake)
[1.737s] -- Found rmw_implementation_cmake: 6.1.2 (/opt/ros/humble/share/rmw_implementation_cmake/cmake)
[1.737s] -- Found rmw_fastrtps_cpp: 6.2.10 (/opt/ros/humble/share/rmw_fastrtps_cpp/cmake)
[1.919s] -- Found OpenSSL: /usr/lib/x86_64-linux-gnu/libcrypto.so (found version "3.0.2")  
[1.975s] -- Found FastRTPS: /opt/ros/humble/include  
[2.064s] -- Using RMW implementation 'rmw_fastrtps_cpp' as default
[2.081s] -- Looking for pthread.h
[2.372s] -- Looking for pthread.h - found
[2.372s] -- Performing Test CMAKE_HAVE_LIBC_PTHREAD
[2.707s] -- Performing Test CMAKE_HAVE_LIBC_PTHREAD - Success
[2.708s] -- Found Threads: TRUE  
[3.139s] -- Found nav_msgs: 4.9.1 (/opt/ros/humble/share/nav_msgs/cmake)
[3.170s] -- Found sensor_msgs: 4.9.1 (/opt/ros/humble/share/sensor_msgs/cmake)
[3.202s] -- Found ament_lint_auto: 0.12.15 (/opt/ros/humble/share/ament_lint_auto/cmake)
[3.421s] -- Added test 'copyright' to check source files copyright and LICENSE
[3.425s] -- Added test 'cppcheck' to perform static code analysis on C / C++ code
[3.425s] -- Configured cppcheck include dirs: 
[3.425s] -- Configured cppcheck exclude dirs and/or files: 
[3.425s] -- Added test 'cpplint' to check C / C++ code against the Google style
[3.425s] -- Configured cpplint exclude dirs and/or files: 
[3.425s] -- Added test 'lint_cmake' to check CMake code style
[3.430s] -- Added test 'uncrustify' to check C / C++ code style
[3.430s] -- Configured uncrustify additional arguments: 
[3.430s] -- Added test 'xmllint' to check XML markup files
[3.430s] -- Configuring done
[3.493s] -- Generating done
[3.495s] -- Build files have been written to: /home/chotaehyun/waver_ws/build/ugv_base_node
[3.551s] Invoked command in '/home/chotaehyun/waver_ws/build/ugv_base_node' returned '0': CMAKE_PREFIX_PATH=/opt/ros/humble /usr/bin/cmake /home/chotaehyun/waver_ws/src/ugv_ws/src/ugv_main/ugv_base_node -DAMENT_CMAKE_SYMLINK_INSTALL=1 -DCMAKE_INSTALL_PREFIX=/home/chotaehyun/waver_ws/install/ugv_base_node
[3.551s] Invoking command in '/home/chotaehyun/waver_ws/build/ugv_base_node': CMAKE_PREFIX_PATH=/opt/ros/humble /usr/bin/cmake --build /home/chotaehyun/waver_ws/build/ugv_base_node -- -j16 -l16
[4.983s] [ 25%] [32mBuilding CXX object CMakeFiles/base_node.dir/src/base_node.cpp.o[0m
[4.984s] [ 50%] [32mBuilding CXX object CMakeFiles/base_node_ekf.dir/src/base_node_ekf.cpp.o[0m
[37.900s] [ 75%] [32m[1mLinking CXX executable base_node[0m
[38.569s] [100%] [32m[1mLinking CXX executable base_node_ekf[0m
[40.098s] [100%] Built target base_node
[40.698s] [100%] Built target base_node_ekf
[40.718s] Invoked command in '/home/chotaehyun/waver_ws/build/ugv_base_node' returned '0': CMAKE_PREFIX_PATH=/opt/ros/humble /usr/bin/cmake --build /home/chotaehyun/waver_ws/build/ugv_base_node -- -j16 -l16
[40.722s] Invoking command in '/home/chotaehyun/waver_ws/build/ugv_base_node': CMAKE_PREFIX_PATH=/opt/ros/humble /usr/bin/cmake --install /home/chotaehyun/waver_ws/build/ugv_base_node
[40.735s] -- Install configuration: ""
[40.736s] -- Execute custom install script
[40.736s] -- Symlinking: /home/chotaehyun/waver_ws/install/ugv_base_node/lib/ugv_base_node/base_node
[40.756s] -- Symlinking: /home/chotaehyun/waver_ws/install/ugv_base_node/lib/ugv_base_node/base_node_ekf
[40.767s] -- Symlinking: /home/chotaehyun/waver_ws/install/ugv_base_node/share/ament_index/resource_index/package_run_dependencies/ugv_base_node
[40.783s] -- Symlinking: /home/chotaehyun/waver_ws/install/ugv_base_node/share/ament_index/resource_index/parent_prefix_path/ugv_base_node
[40.799s] -- Symlinking: /home/chotaehyun/waver_ws/install/ugv_base_node/share/ugv_base_node/environment/ament_prefix_path.sh
[40.815s] -- Symlinking: /home/chotaehyun/waver_ws/install/ugv_base_node/share/ugv_base_node/environment/ament_prefix_path.dsv
[40.832s] -- Symlinking: /home/chotaehyun/waver_ws/install/ugv_base_node/share/ugv_base_node/environment/path.sh
[40.848s] -- Symlinking: /home/chotaehyun/waver_ws/install/ugv_base_node/share/ugv_base_node/environment/path.dsv
[40.863s] -- Symlinking: /home/chotaehyun/waver_ws/install/ugv_base_node/share/ugv_base_node/local_setup.bash
[40.882s] -- Symlinking: /home/chotaehyun/waver_ws/install/ugv_base_node/share/ugv_base_node/local_setup.sh
[40.898s] -- Symlinking: /home/chotaehyun/waver_ws/install/ugv_base_node/share/ugv_base_node/local_setup.zsh
[40.914s] -- Symlinking: /home/chotaehyun/waver_ws/install/ugv_base_node/share/ugv_base_node/local_setup.dsv
[40.928s] -- Symlinking: /home/chotaehyun/waver_ws/install/ugv_base_node/share/ugv_base_node/package.dsv
[40.944s] -- Symlinking: /home/chotaehyun/waver_ws/install/ugv_base_node/share/ament_index/resource_index/packages/ugv_base_node
[40.960s] -- Symlinking: /home/chotaehyun/waver_ws/install/ugv_base_node/share/ugv_base_node/cmake/ugv_base_nodeConfig.cmake
[40.976s] -- Symlinking: /home/chotaehyun/waver_ws/install/ugv_base_node/share/ugv_base_node/cmake/ugv_base_nodeConfig-version.cmake
[40.992s] -- Symlinking: /home/chotaehyun/waver_ws/install/ugv_base_node/share/ugv_base_node/package.xml
[41.014s] Invoked command in '/home/chotaehyun/waver_ws/build/ugv_base_node' returned '0': CMAKE_PREFIX_PATH=/opt/ros/humble /usr/bin/cmake --install /home/chotaehyun/waver_ws/build/ugv_base_node
