[0.388s] Invoking command in '/home/chotaehyun/waver_ws/build/ugv_interface': CMAKE_PREFIX_PATH=/opt/ros/humble /usr/bin/cmake --build /home/chotaehyun/waver_ws/build/ugv_interface -- -j16 -l16
[0.938s] [  2%] Built target ugv_interface__cpp
[0.938s] [ 12%] Built target ugv_interface__rosidl_generator_c
[0.938s] [ 12%] Built target ament_cmake_python_symlink_ugv_interface
[0.940s] [ 23%] Built target ugv_interface__rosidl_typesupport_fastrtps_cpp
[0.940s] [ 56%] Built target ugv_interface__rosidl_typesupport_cpp
[0.940s] [ 56%] Built target ugv_interface__rosidl_typesupport_fastrtps_c
[0.940s] [ 56%] Built target ugv_interface__rosidl_typesupport_c
[0.940s] [ 64%] Built target ugv_interface__rosidl_typesupport_introspection_cpp
[0.940s] [ 74%] Built target ugv_interface__rosidl_typesupport_introspection_c
[0.940s] [ 74%] Built target ugv_interface
[0.940s] [ 76%] Built target ugv_interface__py
[0.940s] [ 84%] Built target ugv_interface__rosidl_generator_py
[0.940s] [ 89%] Built target ugv_interface__rosidl_typesupport_introspection_c__pyext
[0.940s] [ 94%] Built target ugv_interface__rosidl_typesupport_fastrtps_c__pyext
[0.940s] [100%] Built target ugv_interface__rosidl_typesupport_c__pyext
[0.940s] running egg_info
[0.940s] writing ugv_interface.egg-info/PKG-INFO
[0.940s] writing dependency_links to ugv_interface.egg-info/dependency_links.txt
[0.940s] writing top-level names to ugv_interface.egg-info/top_level.txt
[0.941s] reading manifest file 'ugv_interface.egg-info/SOURCES.txt'
[0.941s] writing manifest file 'ugv_interface.egg-info/SOURCES.txt'
[0.999s] [100%] Built target ament_cmake_python_build_ugv_interface_egg
[2.015s] Invoked command in '/home/chotaehyun/waver_ws/build/ugv_interface' returned '0': CMAKE_PREFIX_PATH=/opt/ros/humble /usr/bin/cmake --build /home/chotaehyun/waver_ws/build/ugv_interface -- -j16 -l16
[2.015s] Invoking command in '/home/chotaehyun/waver_ws/build/ugv_interface': CMAKE_PREFIX_PATH=/opt/ros/humble /usr/bin/cmake --install /home/chotaehyun/waver_ws/build/ugv_interface
[2.099s] -- Install configuration: ""
[2.099s] -- Execute custom install script
[2.099s] -- Up-to-date symlink: /home/chotaehyun/waver_ws/install/ugv_interface/share/ament_index/resource_index/rosidl_interfaces/ugv_interface
[2.099s] -- Up-to-date symlink: /home/chotaehyun/waver_ws/install/ugv_interface/include/ugv_interface/ugv_interface/action/behavior.h
[2.100s] -- Up-to-date symlink: /home/chotaehyun/waver_ws/install/ugv_interface/include/ugv_interface/ugv_interface/action/detail/behavior__functions.h
[2.100s] -- Up-to-date symlink: /home/chotaehyun/waver_ws/install/ugv_interface/include/ugv_interface/ugv_interface/action/detail/behavior__struct.h
[2.100s] -- Up-to-date symlink: /home/chotaehyun/waver_ws/install/ugv_interface/include/ugv_interface/ugv_interface/action/detail/behavior__type_support.h
[2.100s] -- Up-to-date symlink: /home/chotaehyun/waver_ws/install/ugv_interface/include/ugv_interface/ugv_interface/msg/rosidl_generator_c__visibility_control.h
[2.100s] -- Up-to-date symlink: /home/chotaehyun/waver_ws/install/ugv_interface/include/ugv_interface/ugv_interface/srv/detail/map_save__functions.h
[2.100s] -- Up-to-date symlink: /home/chotaehyun/waver_ws/install/ugv_interface/include/ugv_interface/ugv_interface/srv/detail/map_save__struct.h
[2.100s] -- Up-to-date symlink: /home/chotaehyun/waver_ws/install/ugv_interface/include/ugv_interface/ugv_interface/srv/detail/map_save__type_support.h
[2.100s] -- Up-to-date symlink: /home/chotaehyun/waver_ws/install/ugv_interface/include/ugv_interface/ugv_interface/srv/map_save.h
[2.100s] -- Up-to-date symlink: /home/chotaehyun/waver_ws/install/ugv_interface/share/ugv_interface/environment/library_path.sh
[2.105s] -- Up-to-date symlink: /home/chotaehyun/waver_ws/install/ugv_interface/share/ugv_interface/environment/library_path.dsv
[2.107s] -- Up-to-date symlink: /home/chotaehyun/waver_ws/install/ugv_interface/include/ugv_interface/ugv_interface/action/detail/behavior__rosidl_typesupport_fastrtps_c.h
[2.112s] -- Up-to-date symlink: /home/chotaehyun/waver_ws/install/ugv_interface/include/ugv_interface/ugv_interface/msg/rosidl_typesupport_fastrtps_c__visibility_control.h
[2.128s] -- Up-to-date symlink: /home/chotaehyun/waver_ws/install/ugv_interface/include/ugv_interface/ugv_interface/srv/detail/map_save__rosidl_typesupport_fastrtps_c.h
[2.128s] -- Up-to-date symlink: /home/chotaehyun/waver_ws/install/ugv_interface/include/ugv_interface/ugv_interface/action/detail/behavior__rosidl_typesupport_introspection_c.h
[2.128s] -- Up-to-date symlink: /home/chotaehyun/waver_ws/install/ugv_interface/include/ugv_interface/ugv_interface/msg/rosidl_typesupport_introspection_c__visibility_control.h
[2.128s] -- Up-to-date symlink: /home/chotaehyun/waver_ws/install/ugv_interface/include/ugv_interface/ugv_interface/srv/detail/map_save__rosidl_typesupport_introspection_c.h
[2.128s] -- Up-to-date symlink: /home/chotaehyun/waver_ws/install/ugv_interface/include/ugv_interface/ugv_interface/action/behavior.hpp
[2.129s] -- Up-to-date symlink: /home/chotaehyun/waver_ws/install/ugv_interface/include/ugv_interface/ugv_interface/action/detail/behavior__builder.hpp
[2.129s] -- Up-to-date symlink: /home/chotaehyun/waver_ws/install/ugv_interface/include/ugv_interface/ugv_interface/action/detail/behavior__struct.hpp
[2.129s] -- Up-to-date symlink: /home/chotaehyun/waver_ws/install/ugv_interface/include/ugv_interface/ugv_interface/action/detail/behavior__traits.hpp
[2.129s] -- Up-to-date symlink: /home/chotaehyun/waver_ws/install/ugv_interface/include/ugv_interface/ugv_interface/action/detail/behavior__type_support.hpp
[2.129s] -- Up-to-date symlink: /home/chotaehyun/waver_ws/install/ugv_interface/include/ugv_interface/ugv_interface/msg/rosidl_generator_cpp__visibility_control.hpp
[2.129s] -- Up-to-date symlink: /home/chotaehyun/waver_ws/install/ugv_interface/include/ugv_interface/ugv_interface/srv/detail/map_save__builder.hpp
[2.129s] -- Up-to-date symlink: /home/chotaehyun/waver_ws/install/ugv_interface/include/ugv_interface/ugv_interface/srv/detail/map_save__struct.hpp
[2.129s] -- Up-to-date symlink: /home/chotaehyun/waver_ws/install/ugv_interface/include/ugv_interface/ugv_interface/srv/detail/map_save__traits.hpp
[2.129s] -- Up-to-date symlink: /home/chotaehyun/waver_ws/install/ugv_interface/include/ugv_interface/ugv_interface/srv/detail/map_save__type_support.hpp
[2.129s] -- Up-to-date symlink: /home/chotaehyun/waver_ws/install/ugv_interface/include/ugv_interface/ugv_interface/srv/map_save.hpp
[2.129s] -- Up-to-date symlink: /home/chotaehyun/waver_ws/install/ugv_interface/include/ugv_interface/ugv_interface/action/detail/behavior__rosidl_typesupport_fastrtps_cpp.hpp
[2.130s] -- Up-to-date symlink: /home/chotaehyun/waver_ws/install/ugv_interface/include/ugv_interface/ugv_interface/msg/rosidl_typesupport_fastrtps_cpp__visibility_control.h
[2.132s] -- Up-to-date symlink: /home/chotaehyun/waver_ws/install/ugv_interface/include/ugv_interface/ugv_interface/srv/detail/map_save__rosidl_typesupport_fastrtps_cpp.hpp
[2.132s] -- Up-to-date symlink: /home/chotaehyun/waver_ws/install/ugv_interface/include/ugv_interface/ugv_interface/action/detail/behavior__rosidl_typesupport_introspection_cpp.hpp
[2.132s] -- Up-to-date symlink: /home/chotaehyun/waver_ws/install/ugv_interface/include/ugv_interface/ugv_interface/srv/detail/map_save__rosidl_typesupport_introspection_cpp.hpp
[2.140s] -- Up-to-date symlink: /home/chotaehyun/waver_ws/install/ugv_interface/share/ugv_interface/environment/pythonpath.sh
[2.140s] -- Up-to-date symlink: /home/chotaehyun/waver_ws/install/ugv_interface/share/ugv_interface/environment/pythonpath.dsv
[2.140s] -- Up-to-date symlink: /home/chotaehyun/waver_ws/install/ugv_interface/local/lib/python3.10/dist-packages/ugv_interface-0.0.0-py3.10.egg-info/PKG-INFO
[2.141s] -- Up-to-date symlink: /home/chotaehyun/waver_ws/install/ugv_interface/local/lib/python3.10/dist-packages/ugv_interface-0.0.0-py3.10.egg-info/SOURCES.txt
[2.141s] -- Up-to-date symlink: /home/chotaehyun/waver_ws/install/ugv_interface/local/lib/python3.10/dist-packages/ugv_interface-0.0.0-py3.10.egg-info/dependency_links.txt
[2.141s] -- Up-to-date symlink: /home/chotaehyun/waver_ws/install/ugv_interface/local/lib/python3.10/dist-packages/ugv_interface-0.0.0-py3.10.egg-info/top_level.txt
[2.141s] -- Up-to-date symlink: /home/chotaehyun/waver_ws/install/ugv_interface/local/lib/python3.10/dist-packages/ugv_interface/__init__.py
[2.141s] -- Up-to-date symlink: /home/chotaehyun/waver_ws/install/ugv_interface/local/lib/python3.10/dist-packages/ugv_interface/_ugv_interface_s.ep.rosidl_typesupport_c.c
[2.141s] -- Up-to-date symlink: /home/chotaehyun/waver_ws/install/ugv_interface/local/lib/python3.10/dist-packages/ugv_interface/_ugv_interface_s.ep.rosidl_typesupport_fastrtps_c.c
[2.141s] -- Up-to-date symlink: /home/chotaehyun/waver_ws/install/ugv_interface/local/lib/python3.10/dist-packages/ugv_interface/_ugv_interface_s.ep.rosidl_typesupport_introspection_c.c
[2.143s] -- Up-to-date symlink: /home/chotaehyun/waver_ws/install/ugv_interface/local/lib/python3.10/dist-packages/ugv_interface/action/__init__.py
[2.144s] -- Up-to-date symlink: /home/chotaehyun/waver_ws/install/ugv_interface/local/lib/python3.10/dist-packages/ugv_interface/action/_behavior.py
[2.144s] -- Up-to-date symlink: /home/chotaehyun/waver_ws/install/ugv_interface/local/lib/python3.10/dist-packages/ugv_interface/action/_behavior_s.c
[2.144s] -- Up-to-date symlink: /home/chotaehyun/waver_ws/install/ugv_interface/local/lib/python3.10/dist-packages/ugv_interface/libugv_interface__rosidl_generator_py.so
[2.144s] -- Up-to-date symlink: /home/chotaehyun/waver_ws/install/ugv_interface/local/lib/python3.10/dist-packages/ugv_interface/srv/__init__.py
[2.144s] -- Up-to-date symlink: /home/chotaehyun/waver_ws/install/ugv_interface/local/lib/python3.10/dist-packages/ugv_interface/srv/_map_save.py
[2.154s] -- Up-to-date symlink: /home/chotaehyun/waver_ws/install/ugv_interface/local/lib/python3.10/dist-packages/ugv_interface/srv/_map_save_s.c
[2.155s] -- Up-to-date symlink: /home/chotaehyun/waver_ws/install/ugv_interface/local/lib/python3.10/dist-packages/ugv_interface/ugv_interface_s__rosidl_typesupport_c.cpython-310-x86_64-linux-gnu.so
[2.157s] -- Up-to-date symlink: /home/chotaehyun/waver_ws/install/ugv_interface/local/lib/python3.10/dist-packages/ugv_interface/ugv_interface_s__rosidl_typesupport_fastrtps_c.cpython-310-x86_64-linux-gnu.so
[2.158s] -- Up-to-date symlink: /home/chotaehyun/waver_ws/install/ugv_interface/local/lib/python3.10/dist-packages/ugv_interface/ugv_interface_s__rosidl_typesupport_introspection_c.cpython-310-x86_64-linux-gnu.so
[2.159s] -- Up-to-date symlink: /home/chotaehyun/waver_ws/install/ugv_interface/local/lib/python3.10/dist-packages/ugv_interface/ugv_interface_s__rosidl_typesupport_fastrtps_c.cpython-310-x86_64-linux-gnu.so
[2.159s] -- Up-to-date symlink: /home/chotaehyun/waver_ws/install/ugv_interface/local/lib/python3.10/dist-packages/ugv_interface/ugv_interface_s__rosidl_typesupport_introspection_c.cpython-310-x86_64-linux-gnu.so
[2.159s] -- Up-to-date symlink: /home/chotaehyun/waver_ws/install/ugv_interface/local/lib/python3.10/dist-packages/ugv_interface/ugv_interface_s__rosidl_typesupport_c.cpython-310-x86_64-linux-gnu.so
[2.159s] -- Up-to-date symlink: /home/chotaehyun/waver_ws/install/ugv_interface/share/ugv_interface/srv/MapSave.idl
[2.159s] -- Up-to-date symlink: /home/chotaehyun/waver_ws/install/ugv_interface/share/ugv_interface/action/Behavior.idl
[2.159s] -- Up-to-date symlink: /home/chotaehyun/waver_ws/install/ugv_interface/share/ugv_interface/srv/MapSave.srv
[2.159s] -- Up-to-date symlink: /home/chotaehyun/waver_ws/install/ugv_interface/share/ugv_interface/srv/MapSave_Request.msg
[2.159s] -- Up-to-date symlink: /home/chotaehyun/waver_ws/install/ugv_interface/share/ugv_interface/srv/MapSave_Response.msg
[2.159s] -- Up-to-date symlink: /home/chotaehyun/waver_ws/install/ugv_interface/share/ugv_interface/action/Behavior.action
[2.159s] -- Up-to-date symlink: /home/chotaehyun/waver_ws/install/ugv_interface/share/ugv_interface/srv/MapSave.srv
[2.159s] -- Up-to-date symlink: /home/chotaehyun/waver_ws/install/ugv_interface/share/ugv_interface/action/Behavior.action
[2.159s] -- Up-to-date symlink: /home/chotaehyun/waver_ws/install/ugv_interface/share/ament_index/resource_index/package_run_dependencies/ugv_interface
[2.160s] -- Up-to-date symlink: /home/chotaehyun/waver_ws/install/ugv_interface/share/ament_index/resource_index/parent_prefix_path/ugv_interface
[2.160s] -- Up-to-date symlink: /home/chotaehyun/waver_ws/install/ugv_interface/share/ugv_interface/environment/ament_prefix_path.sh
[2.160s] -- Up-to-date symlink: /home/chotaehyun/waver_ws/install/ugv_interface/share/ugv_interface/environment/ament_prefix_path.dsv
[2.160s] -- Up-to-date symlink: /home/chotaehyun/waver_ws/install/ugv_interface/share/ugv_interface/environment/path.sh
[2.160s] -- Up-to-date symlink: /home/chotaehyun/waver_ws/install/ugv_interface/share/ugv_interface/environment/path.dsv
[2.160s] -- Up-to-date symlink: /home/chotaehyun/waver_ws/install/ugv_interface/share/ugv_interface/local_setup.bash
[2.160s] -- Up-to-date symlink: /home/chotaehyun/waver_ws/install/ugv_interface/share/ugv_interface/local_setup.sh
[2.160s] -- Up-to-date symlink: /home/chotaehyun/waver_ws/install/ugv_interface/share/ugv_interface/local_setup.zsh
[2.160s] -- Up-to-date symlink: /home/chotaehyun/waver_ws/install/ugv_interface/share/ugv_interface/local_setup.dsv
[2.160s] -- Symlinking: /home/chotaehyun/waver_ws/install/ugv_interface/share/ugv_interface/package.dsv
[2.160s] -- Up-to-date symlink: /home/chotaehyun/waver_ws/install/ugv_interface/share/ament_index/resource_index/packages/ugv_interface
[2.161s] -- Up-to-date symlink: /home/chotaehyun/waver_ws/install/ugv_interface/share/ugv_interface/cmake/rosidl_cmake-extras.cmake
[2.161s] -- Up-to-date symlink: /home/chotaehyun/waver_ws/install/ugv_interface/share/ugv_interface/cmake/ament_cmake_export_dependencies-extras.cmake
[2.161s] -- Up-to-date symlink: /home/chotaehyun/waver_ws/install/ugv_interface/share/ugv_interface/cmake/ament_cmake_export_include_directories-extras.cmake
[2.161s] -- Up-to-date symlink: /home/chotaehyun/waver_ws/install/ugv_interface/share/ugv_interface/cmake/ament_cmake_export_libraries-extras.cmake
[2.161s] -- Up-to-date symlink: /home/chotaehyun/waver_ws/install/ugv_interface/share/ugv_interface/cmake/ament_cmake_export_targets-extras.cmake
[2.161s] -- Up-to-date symlink: /home/chotaehyun/waver_ws/install/ugv_interface/share/ugv_interface/cmake/rosidl_cmake_export_typesupport_targets-extras.cmake
[2.161s] -- Up-to-date symlink: /home/chotaehyun/waver_ws/install/ugv_interface/share/ugv_interface/cmake/rosidl_cmake_export_typesupport_libraries-extras.cmake
[2.161s] -- Up-to-date symlink: /home/chotaehyun/waver_ws/install/ugv_interface/share/ugv_interface/cmake/ugv_interfaceConfig.cmake
[2.170s] -- Up-to-date symlink: /home/chotaehyun/waver_ws/install/ugv_interface/share/ugv_interface/cmake/ugv_interfaceConfig-version.cmake
[2.170s] -- Up-to-date symlink: /home/chotaehyun/waver_ws/install/ugv_interface/share/ugv_interface/package.xml
[2.170s] -- Up-to-date: /home/chotaehyun/waver_ws/install/ugv_interface/lib/libugv_interface__rosidl_generator_c.so
[2.170s] -- Up-to-date: /home/chotaehyun/waver_ws/install/ugv_interface/lib/libugv_interface__rosidl_typesupport_fastrtps_c.so
[2.170s] -- Up-to-date: /home/chotaehyun/waver_ws/install/ugv_interface/lib/libugv_interface__rosidl_typesupport_introspection_c.so
[2.170s] -- Up-to-date: /home/chotaehyun/waver_ws/install/ugv_interface/lib/libugv_interface__rosidl_typesupport_c.so
[2.170s] -- Up-to-date: /home/chotaehyun/waver_ws/install/ugv_interface/lib/libugv_interface__rosidl_typesupport_fastrtps_cpp.so
[2.170s] -- Up-to-date: /home/chotaehyun/waver_ws/install/ugv_interface/lib/libugv_interface__rosidl_typesupport_introspection_cpp.so
[2.170s] -- Up-to-date: /home/chotaehyun/waver_ws/install/ugv_interface/lib/libugv_interface__rosidl_typesupport_cpp.so
[2.233s] Listing '/home/chotaehyun/waver_ws/install/ugv_interface/local/lib/python3.10/dist-packages/ugv_interface'...
[2.233s] Listing '/home/chotaehyun/waver_ws/install/ugv_interface/local/lib/python3.10/dist-packages/ugv_interface/action'...
[2.234s] Listing '/home/chotaehyun/waver_ws/install/ugv_interface/local/lib/python3.10/dist-packages/ugv_interface/srv'...
[2.267s] -- Up-to-date: /home/chotaehyun/waver_ws/install/ugv_interface/lib/libugv_interface__rosidl_generator_py.so
[2.271s] -- Up-to-date: /home/chotaehyun/waver_ws/install/ugv_interface/share/ugv_interface/cmake/export_ugv_interface__rosidl_generator_cExport.cmake
[2.274s] -- Up-to-date: /home/chotaehyun/waver_ws/install/ugv_interface/share/ugv_interface/cmake/export_ugv_interface__rosidl_generator_cExport-noconfig.cmake
[2.275s] -- Up-to-date: /home/chotaehyun/waver_ws/install/ugv_interface/share/ugv_interface/cmake/export_ugv_interface__rosidl_typesupport_fastrtps_cExport.cmake
[2.275s] -- Up-to-date: /home/chotaehyun/waver_ws/install/ugv_interface/share/ugv_interface/cmake/export_ugv_interface__rosidl_typesupport_fastrtps_cExport-noconfig.cmake
[2.275s] -- Up-to-date: /home/chotaehyun/waver_ws/install/ugv_interface/share/ugv_interface/cmake/ugv_interface__rosidl_typesupport_introspection_cExport.cmake
[2.275s] -- Up-to-date: /home/chotaehyun/waver_ws/install/ugv_interface/share/ugv_interface/cmake/ugv_interface__rosidl_typesupport_introspection_cExport-noconfig.cmake
[2.275s] -- Up-to-date: /home/chotaehyun/waver_ws/install/ugv_interface/share/ugv_interface/cmake/ugv_interface__rosidl_typesupport_cExport.cmake
[2.275s] -- Up-to-date: /home/chotaehyun/waver_ws/install/ugv_interface/share/ugv_interface/cmake/ugv_interface__rosidl_typesupport_cExport-noconfig.cmake
[2.276s] -- Up-to-date: /home/chotaehyun/waver_ws/install/ugv_interface/share/ugv_interface/cmake/export_ugv_interface__rosidl_generator_cppExport.cmake
[2.276s] -- Up-to-date: /home/chotaehyun/waver_ws/install/ugv_interface/share/ugv_interface/cmake/export_ugv_interface__rosidl_typesupport_fastrtps_cppExport.cmake
[2.276s] -- Up-to-date: /home/chotaehyun/waver_ws/install/ugv_interface/share/ugv_interface/cmake/export_ugv_interface__rosidl_typesupport_fastrtps_cppExport-noconfig.cmake
[2.276s] -- Up-to-date: /home/chotaehyun/waver_ws/install/ugv_interface/share/ugv_interface/cmake/ugv_interface__rosidl_typesupport_introspection_cppExport.cmake
[2.276s] -- Up-to-date: /home/chotaehyun/waver_ws/install/ugv_interface/share/ugv_interface/cmake/ugv_interface__rosidl_typesupport_introspection_cppExport-noconfig.cmake
[2.280s] -- Up-to-date: /home/chotaehyun/waver_ws/install/ugv_interface/share/ugv_interface/cmake/ugv_interface__rosidl_typesupport_cppExport.cmake
[2.282s] -- Up-to-date: /home/chotaehyun/waver_ws/install/ugv_interface/share/ugv_interface/cmake/ugv_interface__rosidl_typesupport_cppExport-noconfig.cmake
[2.282s] -- Up-to-date: /home/chotaehyun/waver_ws/install/ugv_interface/share/ugv_interface/cmake/export_ugv_interface__rosidl_generator_pyExport.cmake
[2.282s] -- Up-to-date: /home/chotaehyun/waver_ws/install/ugv_interface/share/ugv_interface/cmake/export_ugv_interface__rosidl_generator_pyExport-noconfig.cmake
[2.400s] Invoked command in '/home/chotaehyun/waver_ws/build/ugv_interface' returned '0': CMAKE_PREFIX_PATH=/opt/ros/humble /usr/bin/cmake --install /home/chotaehyun/waver_ws/build/ugv_interface
