[0.682s] Invoking command in '/home/chotaehyun/waver_ws/build/rf2o_laser_odometry': CMAKE_PREFIX_PATH=/opt/ros/humble /usr/bin/cmake --build /home/chotaehyun/waver_ws/build/rf2o_laser_odometry -- -j16 -l16
[1.520s] [ 40%] Built target rf2o_laser_odometry
[1.522s] [100%] Built target rf2o_laser_odometry_node
[1.589s] Invoked command in '/home/chotaehyun/waver_ws/build/rf2o_laser_odometry' returned '0': CMAKE_PREFIX_PATH=/opt/ros/humble /usr/bin/cmake --build /home/chotaehyun/waver_ws/build/rf2o_laser_odometry -- -j16 -l16
[1.594s] Invoking command in '/home/chotaehyun/waver_ws/build/rf2o_laser_odometry': CMAKE_PREFIX_PATH=/opt/ros/humble /usr/bin/cmake --install /home/chotaehyun/waver_ws/build/rf2o_laser_odometry
[1.698s] -- Install configuration: ""
[1.698s] -- Execute custom install script
[1.698s] -- Up-to-date symlink: /home/chotaehyun/waver_ws/install/rf2o_laser_odometry/lib/rf2o_laser_odometry/rf2o_laser_odometry_node
[1.698s] -- Up-to-date symlink: /home/chotaehyun/waver_ws/install/rf2o_laser_odometry/share/rf2o_laser_odometry/launch/rf2o_laser_odometry.launch.py
[1.698s] -- Up-to-date symlink: /home/chotaehyun/waver_ws/install/rf2o_laser_odometry/share/ament_index/resource_index/package_run_dependencies/rf2o_laser_odometry
[1.698s] -- Up-to-date symlink: /home/chotaehyun/waver_ws/install/rf2o_laser_odometry/share/ament_index/resource_index/parent_prefix_path/rf2o_laser_odometry
[1.698s] -- Up-to-date symlink: /home/chotaehyun/waver_ws/install/rf2o_laser_odometry/share/rf2o_laser_odometry/environment/ament_prefix_path.sh
[1.698s] -- Up-to-date symlink: /home/chotaehyun/waver_ws/install/rf2o_laser_odometry/share/rf2o_laser_odometry/environment/ament_prefix_path.dsv
[1.698s] -- Up-to-date symlink: /home/chotaehyun/waver_ws/install/rf2o_laser_odometry/share/rf2o_laser_odometry/environment/path.sh
[1.698s] -- Up-to-date symlink: /home/chotaehyun/waver_ws/install/rf2o_laser_odometry/share/rf2o_laser_odometry/environment/path.dsv
[1.698s] -- Up-to-date symlink: /home/chotaehyun/waver_ws/install/rf2o_laser_odometry/share/rf2o_laser_odometry/local_setup.bash
[1.698s] -- Up-to-date symlink: /home/chotaehyun/waver_ws/install/rf2o_laser_odometry/share/rf2o_laser_odometry/local_setup.sh
[1.699s] -- Up-to-date symlink: /home/chotaehyun/waver_ws/install/rf2o_laser_odometry/share/rf2o_laser_odometry/local_setup.zsh
[1.699s] -- Up-to-date symlink: /home/chotaehyun/waver_ws/install/rf2o_laser_odometry/share/rf2o_laser_odometry/local_setup.dsv
[1.699s] -- Symlinking: /home/chotaehyun/waver_ws/install/rf2o_laser_odometry/share/rf2o_laser_odometry/package.dsv
[1.705s] -- Up-to-date symlink: /home/chotaehyun/waver_ws/install/rf2o_laser_odometry/share/ament_index/resource_index/packages/rf2o_laser_odometry
[1.706s] -- Up-to-date symlink: /home/chotaehyun/waver_ws/install/rf2o_laser_odometry/share/rf2o_laser_odometry/cmake/rf2o_laser_odometryConfig.cmake
[1.706s] -- Up-to-date symlink: /home/chotaehyun/waver_ws/install/rf2o_laser_odometry/share/rf2o_laser_odometry/cmake/rf2o_laser_odometryConfig-version.cmake
[1.706s] -- Up-to-date symlink: /home/chotaehyun/waver_ws/install/rf2o_laser_odometry/share/rf2o_laser_odometry/package.xml
[2.054s] Invoked command in '/home/chotaehyun/waver_ws/build/rf2o_laser_odometry' returned '0': CMAKE_PREFIX_PATH=/opt/ros/humble /usr/bin/cmake --install /home/chotaehyun/waver_ws/build/rf2o_laser_odometry
