[0.249s] Invoking command in '/home/chotaehyun/waver_ws/build/slam_gmapping': AMENT_PREFIX_PATH=/home/chotaehyun/waver_ws/install/openslam_gmapping:${AMENT_PREFIX_PATH} CMAKE_PREFIX_PATH=/home/chotaehyun/waver_ws/install/openslam_gmapping:/opt/ros/humble LD_LIBRARY_PATH=/home/chotaehyun/waver_ws/install/openslam_gmapping/lib:${LD_LIBRARY_PATH} /usr/bin/cmake --build /home/chotaehyun/waver_ws/build/slam_gmapping -- -j16 -l16
[0.389s] [100%] Built target slam_gmapping
[0.483s] Invoked command in '/home/chotaehyun/waver_ws/build/slam_gmapping' returned '0': AMENT_PREFIX_PATH=/home/chotaehyun/waver_ws/install/openslam_gmapping:${AMENT_PREFIX_PATH} CMAKE_PREFIX_PATH=/home/chotaehyun/waver_ws/install/openslam_gmapping:/opt/ros/humble LD_LIBRARY_PATH=/home/chotaehyun/waver_ws/install/openslam_gmapping/lib:${LD_LIBRARY_PATH} /usr/bin/cmake --build /home/chotaehyun/waver_ws/build/slam_gmapping -- -j16 -l16
[0.484s] Invoking command in '/home/chotaehyun/waver_ws/build/slam_gmapping': AMENT_PREFIX_PATH=/home/chotaehyun/waver_ws/install/openslam_gmapping:${AMENT_PREFIX_PATH} CMAKE_PREFIX_PATH=/home/chotaehyun/waver_ws/install/openslam_gmapping:/opt/ros/humble LD_LIBRARY_PATH=/home/chotaehyun/waver_ws/install/openslam_gmapping/lib:${LD_LIBRARY_PATH} /usr/bin/cmake --install /home/chotaehyun/waver_ws/build/slam_gmapping
[0.501s] -- Install configuration: ""
[0.501s] -- Execute custom install script
[0.501s] -- Up-to-date symlink: /home/chotaehyun/waver_ws/install/slam_gmapping/lib/slam_gmapping/slam_gmapping
[0.502s] -- Up-to-date symlink: /home/chotaehyun/waver_ws/install/slam_gmapping/share/slam_gmapping/launch/mapping.launch.py
[0.502s] -- Up-to-date symlink: /home/chotaehyun/waver_ws/install/slam_gmapping/share/ament_index/resource_index/package_run_dependencies/slam_gmapping
[0.503s] -- Up-to-date symlink: /home/chotaehyun/waver_ws/install/slam_gmapping/share/ament_index/resource_index/parent_prefix_path/slam_gmapping
[0.503s] -- Up-to-date symlink: /home/chotaehyun/waver_ws/install/slam_gmapping/share/slam_gmapping/environment/ament_prefix_path.sh
[0.504s] -- Up-to-date symlink: /home/chotaehyun/waver_ws/install/slam_gmapping/share/slam_gmapping/environment/ament_prefix_path.dsv
[0.504s] -- Up-to-date symlink: /home/chotaehyun/waver_ws/install/slam_gmapping/share/slam_gmapping/environment/path.sh
[0.505s] -- Up-to-date symlink: /home/chotaehyun/waver_ws/install/slam_gmapping/share/slam_gmapping/environment/path.dsv
[0.505s] -- Up-to-date symlink: /home/chotaehyun/waver_ws/install/slam_gmapping/share/slam_gmapping/local_setup.bash
[0.507s] -- Up-to-date symlink: /home/chotaehyun/waver_ws/install/slam_gmapping/share/slam_gmapping/local_setup.sh
[0.507s] -- Up-to-date symlink: /home/chotaehyun/waver_ws/install/slam_gmapping/share/slam_gmapping/local_setup.zsh
[0.508s] -- Up-to-date symlink: /home/chotaehyun/waver_ws/install/slam_gmapping/share/slam_gmapping/local_setup.dsv
[0.508s] -- Symlinking: /home/chotaehyun/waver_ws/install/slam_gmapping/share/slam_gmapping/package.dsv
[0.528s] -- Up-to-date symlink: /home/chotaehyun/waver_ws/install/slam_gmapping/share/ament_index/resource_index/packages/slam_gmapping
[0.528s] -- Up-to-date symlink: /home/chotaehyun/waver_ws/install/slam_gmapping/share/slam_gmapping/cmake/slam_gmappingConfig.cmake
[0.528s] -- Up-to-date symlink: /home/chotaehyun/waver_ws/install/slam_gmapping/share/slam_gmapping/cmake/slam_gmappingConfig-version.cmake
[0.528s] -- Up-to-date symlink: /home/chotaehyun/waver_ws/install/slam_gmapping/share/slam_gmapping/package.xml
[0.533s] Invoked command in '/home/chotaehyun/waver_ws/build/slam_gmapping' returned '0': AMENT_PREFIX_PATH=/home/chotaehyun/waver_ws/install/openslam_gmapping:${AMENT_PREFIX_PATH} CMAKE_PREFIX_PATH=/home/chotaehyun/waver_ws/install/openslam_gmapping:/opt/ros/humble LD_LIBRARY_PATH=/home/chotaehyun/waver_ws/install/openslam_gmapping/lib:${LD_LIBRARY_PATH} /usr/bin/cmake --install /home/chotaehyun/waver_ws/build/slam_gmapping
