[0.047s] Invoking command in '/home/chotaehyun/waver_ws/build/vizanti_demos': AMENT_PREFIX_PATH=/home/chotaehyun/waver_ws/install/vizanti_msgs:${AMENT_PREFIX_PATH} CMAKE_PREFIX_PATH=/home/chotaehyun/waver_ws/install/vizanti_msgs:/opt/ros/humble LD_LIBRARY_PATH=/home/chotaehyun/waver_ws/install/vizanti_msgs/lib:${LD_LIBRARY_PATH} PYTHONPATH=/home/chotaehyun/waver_ws/install/vizanti_msgs/local/lib/python3.10/dist-packages:${PYTHONPATH} /usr/bin/cmake /home/chotaehyun/waver_ws/src/ugv_ws/src/ugv_else/vizanti/vizanti_demos -DAMENT_CMAKE_SYMLINK_INSTALL=1 -DCMAKE_INSTALL_PREFIX=/home/chotaehyun/waver_ws/install/vizanti_demos
[3.249s] -- The C compiler identification is GNU 11.4.0
[3.249s] -- The CXX compiler identification is GNU 11.4.0
[3.249s] -- Detecting C compiler ABI info
[3.249s] -- Detecting C compiler ABI info - done
[3.249s] -- Check for working C compiler: /usr/bin/cc - skipped
[3.249s] -- Detecting C compile features
[3.249s] -- Detecting C compile features - done
[3.249s] -- Detecting CXX compiler ABI info
[3.249s] -- Detecting CXX compiler ABI info - done
[3.249s] -- Check for working CXX compiler: /usr/bin/c++ - skipped
[3.250s] -- Detecting CXX compile features
[3.250s] -- Detecting CXX compile features - done
[3.250s] -- Found ament_cmake: 1.3.14 (/opt/ros/humble/share/ament_cmake/cmake)
[3.250s] -- Found Python3: /usr/bin/python3 (found version "3.10.12") found components: Interpreter 
[3.250s] -- Override CMake install command with custom implementation using symlinks instead of copying resources
[3.250s] -- Found rclcpp: 16.0.18 (/opt/ros/humble/share/rclcpp/cmake)
[3.250s] -- Found rosidl_generator_c: 3.1.8 (/opt/ros/humble/share/rosidl_generator_c/cmake)
[3.250s] -- Found rosidl_adapter: 3.1.8 (/opt/ros/humble/share/rosidl_adapter/cmake)
[3.250s] -- Found rosidl_generator_cpp: 3.1.8 (/opt/ros/humble/share/rosidl_generator_cpp/cmake)
[3.250s] -- Using all available rosidl_typesupport_c: rosidl_typesupport_fastrtps_c;rosidl_typesupport_introspection_c
[3.250s] -- Using all available rosidl_typesupport_cpp: rosidl_typesupport_fastrtps_cpp;rosidl_typesupport_introspection_cpp
[3.250s] -- Found rmw_implementation_cmake: 6.1.2 (/opt/ros/humble/share/rmw_implementation_cmake/cmake)
[3.251s] -- Found rmw_fastrtps_cpp: 6.2.10 (/opt/ros/humble/share/rmw_fastrtps_cpp/cmake)
[3.254s] -- Found OpenSSL: /usr/lib/x86_64-linux-gnu/libcrypto.so (found version "3.0.2")  
[3.254s] -- Found FastRTPS: /opt/ros/humble/include  
[3.254s] -- Using RMW implementation 'rmw_fastrtps_cpp' as default
[3.254s] -- Looking for pthread.h
[3.254s] -- Looking for pthread.h - found
[3.254s] -- Performing Test CMAKE_HAVE_LIBC_PTHREAD
[3.417s] -- Performing Test CMAKE_HAVE_LIBC_PTHREAD - Success
[3.422s] -- Found Threads: TRUE  
[3.655s] -- Found rclpy: 3.3.21 (/opt/ros/humble/share/rclpy/cmake)
[3.663s] -- Found std_srvs: 4.9.1 (/opt/ros/humble/share/std_srvs/cmake)
[3.688s] -- Found tf2_msgs: 0.25.19 (/opt/ros/humble/share/tf2_msgs/cmake)
[3.802s] -- Found vizanti_msgs: 0.1.0 (/home/chotaehyun/waver_ws/install/vizanti_msgs/share/vizanti_msgs/cmake)
[3.954s] -- Found visualization_msgs: 4.9.1 (/opt/ros/humble/share/visualization_msgs/cmake)
[4.292s] -- Configuring done
[4.308s] -- Generating done
[4.317s] -- Build files have been written to: /home/chotaehyun/waver_ws/build/vizanti_demos
[4.379s] Invoked command in '/home/chotaehyun/waver_ws/build/vizanti_demos' returned '0': AMENT_PREFIX_PATH=/home/chotaehyun/waver_ws/install/vizanti_msgs:${AMENT_PREFIX_PATH} CMAKE_PREFIX_PATH=/home/chotaehyun/waver_ws/install/vizanti_msgs:/opt/ros/humble LD_LIBRARY_PATH=/home/chotaehyun/waver_ws/install/vizanti_msgs/lib:${LD_LIBRARY_PATH} PYTHONPATH=/home/chotaehyun/waver_ws/install/vizanti_msgs/local/lib/python3.10/dist-packages:${PYTHONPATH} /usr/bin/cmake /home/chotaehyun/waver_ws/src/ugv_ws/src/ugv_else/vizanti/vizanti_demos -DAMENT_CMAKE_SYMLINK_INSTALL=1 -DCMAKE_INSTALL_PREFIX=/home/chotaehyun/waver_ws/install/vizanti_demos
[4.379s] Invoking command in '/home/chotaehyun/waver_ws/build/vizanti_demos': AMENT_PREFIX_PATH=/home/chotaehyun/waver_ws/install/vizanti_msgs:${AMENT_PREFIX_PATH} CMAKE_PREFIX_PATH=/home/chotaehyun/waver_ws/install/vizanti_msgs:/opt/ros/humble LD_LIBRARY_PATH=/home/chotaehyun/waver_ws/install/vizanti_msgs/lib:${LD_LIBRARY_PATH} PYTHONPATH=/home/chotaehyun/waver_ws/install/vizanti_msgs/local/lib/python3.10/dist-packages:${PYTHONPATH} /usr/bin/cmake --build /home/chotaehyun/waver_ws/build/vizanti_demos -- -j16 -l16
[4.616s] Invoked command in '/home/chotaehyun/waver_ws/build/vizanti_demos' returned '0': AMENT_PREFIX_PATH=/home/chotaehyun/waver_ws/install/vizanti_msgs:${AMENT_PREFIX_PATH} CMAKE_PREFIX_PATH=/home/chotaehyun/waver_ws/install/vizanti_msgs:/opt/ros/humble LD_LIBRARY_PATH=/home/chotaehyun/waver_ws/install/vizanti_msgs/lib:${LD_LIBRARY_PATH} PYTHONPATH=/home/chotaehyun/waver_ws/install/vizanti_msgs/local/lib/python3.10/dist-packages:${PYTHONPATH} /usr/bin/cmake --build /home/chotaehyun/waver_ws/build/vizanti_demos -- -j16 -l16
[4.617s] Invoking command in '/home/chotaehyun/waver_ws/build/vizanti_demos': AMENT_PREFIX_PATH=/home/chotaehyun/waver_ws/install/vizanti_msgs:${AMENT_PREFIX_PATH} CMAKE_PREFIX_PATH=/home/chotaehyun/waver_ws/install/vizanti_msgs:/opt/ros/humble LD_LIBRARY_PATH=/home/chotaehyun/waver_ws/install/vizanti_msgs/lib:${LD_LIBRARY_PATH} PYTHONPATH=/home/chotaehyun/waver_ws/install/vizanti_msgs/local/lib/python3.10/dist-packages:${PYTHONPATH} /usr/bin/cmake --install /home/chotaehyun/waver_ws/build/vizanti_demos
[4.637s] -- Install configuration: ""
[4.641s] -- Execute custom install script
[4.642s] -- Symlinking: /home/chotaehyun/waver_ws/install/vizanti_demos/share/vizanti_demos//launch/test.launch.py
[4.676s] -- Symlinking: /home/chotaehyun/waver_ws/install/vizanti_demos/lib/vizanti_demos/particle_cloud_to_pose_array.py
[4.706s] -- Symlinking: /home/chotaehyun/waver_ws/install/vizanti_demos/lib/vizanti_demos/path_to_nav2poses.py
[4.728s] -- Symlinking: /home/chotaehyun/waver_ws/install/vizanti_demos/lib/vizanti_demos/test_grid_cells.py
[4.759s] -- Symlinking: /home/chotaehyun/waver_ws/install/vizanti_demos/lib/vizanti_demos/test_marker_array.py
[4.793s] -- Symlinking: /home/chotaehyun/waver_ws/install/vizanti_demos/lib/vizanti_demos/test_tf.py
[4.822s] -- Symlinking: /home/chotaehyun/waver_ws/install/vizanti_demos/share/ament_index/resource_index/package_run_dependencies/vizanti_demos
[4.839s] -- Symlinking: /home/chotaehyun/waver_ws/install/vizanti_demos/share/ament_index/resource_index/parent_prefix_path/vizanti_demos
[4.857s] -- Symlinking: /home/chotaehyun/waver_ws/install/vizanti_demos/share/vizanti_demos/environment/ament_prefix_path.sh
[4.874s] -- Symlinking: /home/chotaehyun/waver_ws/install/vizanti_demos/share/vizanti_demos/environment/ament_prefix_path.dsv
[4.894s] -- Symlinking: /home/chotaehyun/waver_ws/install/vizanti_demos/share/vizanti_demos/environment/path.sh
[4.912s] -- Symlinking: /home/chotaehyun/waver_ws/install/vizanti_demos/share/vizanti_demos/environment/path.dsv
[4.951s] -- Symlinking: /home/chotaehyun/waver_ws/install/vizanti_demos/share/vizanti_demos/local_setup.bash
[4.968s] -- Symlinking: /home/chotaehyun/waver_ws/install/vizanti_demos/share/vizanti_demos/local_setup.sh
[4.986s] -- Symlinking: /home/chotaehyun/waver_ws/install/vizanti_demos/share/vizanti_demos/local_setup.zsh
[5.003s] -- Symlinking: /home/chotaehyun/waver_ws/install/vizanti_demos/share/vizanti_demos/local_setup.dsv
[5.021s] -- Symlinking: /home/chotaehyun/waver_ws/install/vizanti_demos/share/vizanti_demos/package.dsv
[5.037s] -- Symlinking: /home/chotaehyun/waver_ws/install/vizanti_demos/share/ament_index/resource_index/packages/vizanti_demos
[5.071s] -- Symlinking: /home/chotaehyun/waver_ws/install/vizanti_demos/share/vizanti_demos/cmake/vizanti_demosConfig.cmake
[5.086s] -- Symlinking: /home/chotaehyun/waver_ws/install/vizanti_demos/share/vizanti_demos/cmake/vizanti_demosConfig-version.cmake
[5.105s] -- Symlinking: /home/chotaehyun/waver_ws/install/vizanti_demos/share/vizanti_demos/package.xml
[5.125s] Invoked command in '/home/chotaehyun/waver_ws/build/vizanti_demos' returned '0': AMENT_PREFIX_PATH=/home/chotaehyun/waver_ws/install/vizanti_msgs:${AMENT_PREFIX_PATH} CMAKE_PREFIX_PATH=/home/chotaehyun/waver_ws/install/vizanti_msgs:/opt/ros/humble LD_LIBRARY_PATH=/home/chotaehyun/waver_ws/install/vizanti_msgs/lib:${LD_LIBRARY_PATH} PYTHONPATH=/home/chotaehyun/waver_ws/install/vizanti_msgs/local/lib/python3.10/dist-packages:${PYTHONPATH} /usr/bin/cmake --install /home/chotaehyun/waver_ws/build/vizanti_demos
