[0.961s] Invoking command in '/home/chotaehyun/waver_ws/build/rf2o_laser_odometry': CMAKE_PREFIX_PATH=/opt/ros/humble /usr/bin/cmake --build /home/chotaehyun/waver_ws/build/rf2o_laser_odometry -- -j16 -l16
[2.004s] [ 40%] Built target rf2o_laser_odometry
[2.005s] [100%] Built target rf2o_laser_odometry_node
[2.115s] Invoked command in '/home/chotaehyun/waver_ws/build/rf2o_laser_odometry' returned '0': CMAKE_PREFIX_PATH=/opt/ros/humble /usr/bin/cmake --build /home/chotaehyun/waver_ws/build/rf2o_laser_odometry -- -j16 -l16
[2.117s] Invoking command in '/home/chotaehyun/waver_ws/build/rf2o_laser_odometry': CMAKE_PREFIX_PATH=/opt/ros/humble /usr/bin/cmake --install /home/chotaehyun/waver_ws/build/rf2o_laser_odometry
[2.282s] -- Install configuration: ""
[2.282s] -- Execute custom install script
[2.282s] -- Up-to-date symlink: /home/chotaehyun/waver_ws/install/rf2o_laser_odometry/lib/rf2o_laser_odometry/rf2o_laser_odometry_node
[2.282s] -- Up-to-date symlink: /home/chotaehyun/waver_ws/install/rf2o_laser_odometry/share/rf2o_laser_odometry/launch/rf2o_laser_odometry.launch.py
[2.282s] -- Up-to-date symlink: /home/chotaehyun/waver_ws/install/rf2o_laser_odometry/share/ament_index/resource_index/package_run_dependencies/rf2o_laser_odometry
[2.282s] -- Up-to-date symlink: /home/chotaehyun/waver_ws/install/rf2o_laser_odometry/share/ament_index/resource_index/parent_prefix_path/rf2o_laser_odometry
[2.282s] -- Up-to-date symlink: /home/chotaehyun/waver_ws/install/rf2o_laser_odometry/share/rf2o_laser_odometry/environment/ament_prefix_path.sh
[2.282s] -- Up-to-date symlink: /home/chotaehyun/waver_ws/install/rf2o_laser_odometry/share/rf2o_laser_odometry/environment/ament_prefix_path.dsv
[2.282s] -- Up-to-date symlink: /home/chotaehyun/waver_ws/install/rf2o_laser_odometry/share/rf2o_laser_odometry/environment/path.sh
[2.282s] -- Up-to-date symlink: /home/chotaehyun/waver_ws/install/rf2o_laser_odometry/share/rf2o_laser_odometry/environment/path.dsv
[2.283s] -- Up-to-date symlink: /home/chotaehyun/waver_ws/install/rf2o_laser_odometry/share/rf2o_laser_odometry/local_setup.bash
[2.283s] -- Up-to-date symlink: /home/chotaehyun/waver_ws/install/rf2o_laser_odometry/share/rf2o_laser_odometry/local_setup.sh
[2.283s] -- Up-to-date symlink: /home/chotaehyun/waver_ws/install/rf2o_laser_odometry/share/rf2o_laser_odometry/local_setup.zsh
[2.283s] -- Up-to-date symlink: /home/chotaehyun/waver_ws/install/rf2o_laser_odometry/share/rf2o_laser_odometry/local_setup.dsv
[2.283s] -- Symlinking: /home/chotaehyun/waver_ws/install/rf2o_laser_odometry/share/rf2o_laser_odometry/package.dsv
[2.283s] -- Up-to-date symlink: /home/chotaehyun/waver_ws/install/rf2o_laser_odometry/share/ament_index/resource_index/packages/rf2o_laser_odometry
[2.283s] -- Up-to-date symlink: /home/chotaehyun/waver_ws/install/rf2o_laser_odometry/share/rf2o_laser_odometry/cmake/rf2o_laser_odometryConfig.cmake
[2.283s] -- Up-to-date symlink: /home/chotaehyun/waver_ws/install/rf2o_laser_odometry/share/rf2o_laser_odometry/cmake/rf2o_laser_odometryConfig-version.cmake
[2.283s] -- Up-to-date symlink: /home/chotaehyun/waver_ws/install/rf2o_laser_odometry/share/rf2o_laser_odometry/package.xml
[2.534s] Invoked command in '/home/chotaehyun/waver_ws/build/rf2o_laser_odometry' returned '0': CMAKE_PREFIX_PATH=/opt/ros/humble /usr/bin/cmake --install /home/chotaehyun/waver_ws/build/rf2o_laser_odometry
