[0.406s] Invoking command in '/home/chotaehyun/waver_ws/build/ugv_slam': CMAKE_PREFIX_PATH=/opt/ros/humble /usr/bin/cmake --build /home/chotaehyun/waver_ws/build/ugv_slam -- -j16 -l16
[1.954s] Invoked command in '/home/chotaehyun/waver_ws/build/ugv_slam' returned '0': CMAKE_PREFIX_PATH=/opt/ros/humble /usr/bin/cmake --build /home/chotaehyun/waver_ws/build/ugv_slam -- -j16 -l16
[1.961s] Invoking command in '/home/chotaehyun/waver_ws/build/ugv_slam': CMAKE_PREFIX_PATH=/opt/ros/humble /usr/bin/cmake --install /home/chotaehyun/waver_ws/build/ugv_slam
[2.037s] -- Install configuration: ""
[2.038s] -- Execute custom install script
[2.038s] -- Up-to-date symlink: /home/chotaehyun/waver_ws/install/ugv_slam/share/ugv_slam/launch/cartographer.launch.py
[2.038s] -- Up-to-date symlink: /home/chotaehyun/waver_ws/install/ugv_slam/share/ugv_slam/launch/gmapping.launch.py
[2.038s] -- Up-to-date symlink: /home/chotaehyun/waver_ws/install/ugv_slam/share/ugv_slam/launch/rtabmap_rgbd.launch.py
[2.043s] -- Up-to-date symlink: /home/chotaehyun/waver_ws/install/ugv_slam/share/ugv_slam/launch/waver_gmapping.launch.py
[2.043s] -- Up-to-date symlink: /home/chotaehyun/waver_ws/install/ugv_slam/share/ugv_slam/rviz/view_slam_2d.rviz
[2.044s] -- Up-to-date symlink: /home/chotaehyun/waver_ws/install/ugv_slam/share/ugv_slam/rviz/view_slam_3d.rviz
[2.044s] -- Up-to-date symlink: /home/chotaehyun/waver_ws/install/ugv_slam/share/ament_index/resource_index/package_run_dependencies/ugv_slam
[2.044s] -- Up-to-date symlink: /home/chotaehyun/waver_ws/install/ugv_slam/share/ament_index/resource_index/parent_prefix_path/ugv_slam
[2.044s] -- Up-to-date symlink: /home/chotaehyun/waver_ws/install/ugv_slam/share/ugv_slam/environment/ament_prefix_path.sh
[2.044s] -- Up-to-date symlink: /home/chotaehyun/waver_ws/install/ugv_slam/share/ugv_slam/environment/ament_prefix_path.dsv
[2.044s] -- Up-to-date symlink: /home/chotaehyun/waver_ws/install/ugv_slam/share/ugv_slam/environment/path.sh
[2.044s] -- Up-to-date symlink: /home/chotaehyun/waver_ws/install/ugv_slam/share/ugv_slam/environment/path.dsv
[2.044s] -- Up-to-date symlink: /home/chotaehyun/waver_ws/install/ugv_slam/share/ugv_slam/local_setup.bash
[2.044s] -- Up-to-date symlink: /home/chotaehyun/waver_ws/install/ugv_slam/share/ugv_slam/local_setup.sh
[2.044s] -- Up-to-date symlink: /home/chotaehyun/waver_ws/install/ugv_slam/share/ugv_slam/local_setup.zsh
[2.044s] -- Up-to-date symlink: /home/chotaehyun/waver_ws/install/ugv_slam/share/ugv_slam/local_setup.dsv
[2.044s] -- Symlinking: /home/chotaehyun/waver_ws/install/ugv_slam/share/ugv_slam/package.dsv
[2.054s] -- Up-to-date symlink: /home/chotaehyun/waver_ws/install/ugv_slam/share/ament_index/resource_index/packages/ugv_slam
[2.054s] -- Up-to-date symlink: /home/chotaehyun/waver_ws/install/ugv_slam/share/ugv_slam/cmake/ugv_slamConfig.cmake
[2.054s] -- Up-to-date symlink: /home/chotaehyun/waver_ws/install/ugv_slam/share/ugv_slam/cmake/ugv_slamConfig-version.cmake
[2.054s] -- Up-to-date symlink: /home/chotaehyun/waver_ws/install/ugv_slam/share/ugv_slam/package.xml
[2.245s] Invoked command in '/home/chotaehyun/waver_ws/build/ugv_slam' returned '0': CMAKE_PREFIX_PATH=/opt/ros/humble /usr/bin/cmake --install /home/chotaehyun/waver_ws/build/ugv_slam
