[0.051s] Invoking command in '/home/chotaehyun/waver_ws/build/vizanti': AMENT_PREFIX_PATH=/home/chotaehyun/waver_ws/install/vizanti_server:/home/chotaehyun/waver_ws/install/vizanti_msgs:${AMENT_PREFIX_PATH} CMAKE_PREFIX_PATH=/home/chotaehyun/waver_ws/install/vizanti_server:/home/chotaehyun/waver_ws/install/vizanti_msgs:/opt/ros/humble LD_LIBRARY_PATH=/home/chotaehyun/waver_ws/install/vizanti_msgs/lib:${LD_LIBRARY_PATH} PYTHONPATH=/home/chotaehyun/waver_ws/install/vizanti_msgs/local/lib/python3.10/dist-packages:${PYTHONPATH} /usr/bin/cmake /home/chotaehyun/waver_ws/src/ugv_ws/src/ugv_else/vizanti/vizanti -DAMENT_CMAKE_SYMLINK_INSTALL=1 -DCMAKE_INSTALL_PREFIX=/home/chotaehyun/waver_ws/install/vizanti
[0.111s] -- Found ament_cmake_core: 1.3.14 (/opt/ros/humble/share/ament_cmake_core/cmake)
[0.565s] -- Found Python3: /usr/bin/python3 (found version "3.10.12") found components: Interpreter 
[0.714s] -- Override CMake install command with custom implementation using symlinks instead of copying resources
[0.853s] -- Configuring done
[0.857s] -- Generating done
[0.860s] -- Build files have been written to: /home/chotaehyun/waver_ws/build/vizanti
[0.864s] Invoked command in '/home/chotaehyun/waver_ws/build/vizanti' returned '0': AMENT_PREFIX_PATH=/home/chotaehyun/waver_ws/install/vizanti_server:/home/chotaehyun/waver_ws/install/vizanti_msgs:${AMENT_PREFIX_PATH} CMAKE_PREFIX_PATH=/home/chotaehyun/waver_ws/install/vizanti_server:/home/chotaehyun/waver_ws/install/vizanti_msgs:/opt/ros/humble LD_LIBRARY_PATH=/home/chotaehyun/waver_ws/install/vizanti_msgs/lib:${LD_LIBRARY_PATH} PYTHONPATH=/home/chotaehyun/waver_ws/install/vizanti_msgs/local/lib/python3.10/dist-packages:${PYTHONPATH} /usr/bin/cmake /home/chotaehyun/waver_ws/src/ugv_ws/src/ugv_else/vizanti/vizanti -DAMENT_CMAKE_SYMLINK_INSTALL=1 -DCMAKE_INSTALL_PREFIX=/home/chotaehyun/waver_ws/install/vizanti
[0.868s] Invoking command in '/home/chotaehyun/waver_ws/build/vizanti': AMENT_PREFIX_PATH=/home/chotaehyun/waver_ws/install/vizanti_server:/home/chotaehyun/waver_ws/install/vizanti_msgs:${AMENT_PREFIX_PATH} CMAKE_PREFIX_PATH=/home/chotaehyun/waver_ws/install/vizanti_server:/home/chotaehyun/waver_ws/install/vizanti_msgs:/opt/ros/humble LD_LIBRARY_PATH=/home/chotaehyun/waver_ws/install/vizanti_msgs/lib:${LD_LIBRARY_PATH} PYTHONPATH=/home/chotaehyun/waver_ws/install/vizanti_msgs/local/lib/python3.10/dist-packages:${PYTHONPATH} /usr/bin/cmake --build /home/chotaehyun/waver_ws/build/vizanti -- -j16 -l16
[0.936s] Invoked command in '/home/chotaehyun/waver_ws/build/vizanti' returned '0': AMENT_PREFIX_PATH=/home/chotaehyun/waver_ws/install/vizanti_server:/home/chotaehyun/waver_ws/install/vizanti_msgs:${AMENT_PREFIX_PATH} CMAKE_PREFIX_PATH=/home/chotaehyun/waver_ws/install/vizanti_server:/home/chotaehyun/waver_ws/install/vizanti_msgs:/opt/ros/humble LD_LIBRARY_PATH=/home/chotaehyun/waver_ws/install/vizanti_msgs/lib:${LD_LIBRARY_PATH} PYTHONPATH=/home/chotaehyun/waver_ws/install/vizanti_msgs/local/lib/python3.10/dist-packages:${PYTHONPATH} /usr/bin/cmake --build /home/chotaehyun/waver_ws/build/vizanti -- -j16 -l16
[0.937s] Invoking command in '/home/chotaehyun/waver_ws/build/vizanti': AMENT_PREFIX_PATH=/home/chotaehyun/waver_ws/install/vizanti_server:/home/chotaehyun/waver_ws/install/vizanti_msgs:${AMENT_PREFIX_PATH} CMAKE_PREFIX_PATH=/home/chotaehyun/waver_ws/install/vizanti_server:/home/chotaehyun/waver_ws/install/vizanti_msgs:/opt/ros/humble LD_LIBRARY_PATH=/home/chotaehyun/waver_ws/install/vizanti_msgs/lib:${LD_LIBRARY_PATH} PYTHONPATH=/home/chotaehyun/waver_ws/install/vizanti_msgs/local/lib/python3.10/dist-packages:${PYTHONPATH} /usr/bin/cmake --install /home/chotaehyun/waver_ws/build/vizanti
[0.950s] -- Install configuration: ""
[0.951s] -- Execute custom install script
[0.951s] -- Symlinking: /home/chotaehyun/waver_ws/install/vizanti/share/ament_index/resource_index/package_run_dependencies/vizanti
[0.968s] -- Symlinking: /home/chotaehyun/waver_ws/install/vizanti/share/ament_index/resource_index/parent_prefix_path/vizanti
[0.999s] -- Symlinking: /home/chotaehyun/waver_ws/install/vizanti/share/vizanti/environment/ament_prefix_path.sh
[1.015s] -- Symlinking: /home/chotaehyun/waver_ws/install/vizanti/share/vizanti/environment/ament_prefix_path.dsv
[1.034s] -- Symlinking: /home/chotaehyun/waver_ws/install/vizanti/share/vizanti/environment/path.sh
[1.049s] -- Symlinking: /home/chotaehyun/waver_ws/install/vizanti/share/vizanti/environment/path.dsv
[1.067s] -- Symlinking: /home/chotaehyun/waver_ws/install/vizanti/share/vizanti/local_setup.bash
[1.082s] -- Symlinking: /home/chotaehyun/waver_ws/install/vizanti/share/vizanti/local_setup.sh
[1.098s] -- Symlinking: /home/chotaehyun/waver_ws/install/vizanti/share/vizanti/local_setup.zsh
[1.115s] -- Symlinking: /home/chotaehyun/waver_ws/install/vizanti/share/vizanti/local_setup.dsv
[1.132s] -- Symlinking: /home/chotaehyun/waver_ws/install/vizanti/share/vizanti/package.dsv
[1.149s] -- Symlinking: /home/chotaehyun/waver_ws/install/vizanti/share/ament_index/resource_index/packages/vizanti
[1.165s] -- Symlinking: /home/chotaehyun/waver_ws/install/vizanti/share/vizanti/cmake/vizantiConfig.cmake
[1.182s] -- Symlinking: /home/chotaehyun/waver_ws/install/vizanti/share/vizanti/cmake/vizantiConfig-version.cmake
[1.197s] -- Symlinking: /home/chotaehyun/waver_ws/install/vizanti/share/vizanti/package.xml
[1.217s] Invoked command in '/home/chotaehyun/waver_ws/build/vizanti' returned '0': AMENT_PREFIX_PATH=/home/chotaehyun/waver_ws/install/vizanti_server:/home/chotaehyun/waver_ws/install/vizanti_msgs:${AMENT_PREFIX_PATH} CMAKE_PREFIX_PATH=/home/chotaehyun/waver_ws/install/vizanti_server:/home/chotaehyun/waver_ws/install/vizanti_msgs:/opt/ros/humble LD_LIBRARY_PATH=/home/chotaehyun/waver_ws/install/vizanti_msgs/lib:${LD_LIBRARY_PATH} PYTHONPATH=/home/chotaehyun/waver_ws/install/vizanti_msgs/local/lib/python3.10/dist-packages:${PYTHONPATH} /usr/bin/cmake --install /home/chotaehyun/waver_ws/build/vizanti
