[0.145s] Invoking command in '/home/chotaehyun/waver_ws/build/apriltag_msgs': CMAKE_PREFIX_PATH=${CMAKE_PREFIX_PATH}:/home/chotaehyun/waver_ws/install/ugv_web_app:/home/chotaehyun/waver_ws/install/ugv_vision:/home/chotaehyun/waver_ws/install/ugv_tools:/home/chotaehyun/waver_ws/install/ugv_chat_ai:/home/chotaehyun/waver_ws/install/ugv_bringup:/home/chotaehyun/waver_ws/install/my_waver_app:/opt/ros/humble /usr/bin/cmake --build /home/chotaehyun/waver_ws/build/apriltag_msgs -- -j16 -l16
[1.870s] [  2%] Built target apriltag_msgs__cpp
[1.870s] [ 12%] Built target apriltag_msgs__rosidl_generator_c
[1.870s] [ 12%] Built target ament_cmake_python_symlink_apriltag_msgs
[1.870s] [ 23%] Built target apriltag_msgs__rosidl_typesupport_cpp
[1.870s] [ 33%] Built target apriltag_msgs__rosidl_typesupport_introspection_cpp
[1.870s] [ 43%] Built target apriltag_msgs__rosidl_typesupport_fastrtps_cpp
[1.870s] [ 53%] Built target apriltag_msgs__rosidl_typesupport_fastrtps_c
[1.870s] [ 64%] Built target apriltag_msgs__rosidl_typesupport_c
[1.870s] [ 74%] Built target apriltag_msgs__rosidl_typesupport_introspection_c
[1.870s] [ 74%] Built target apriltag_msgs
[1.870s] [ 76%] Built target apriltag_msgs__py
[1.871s] [ 84%] Built target apriltag_msgs__rosidl_generator_py
[1.871s] [ 89%] Built target apriltag_msgs__rosidl_typesupport_fastrtps_c__pyext
[1.871s] [ 94%] Built target apriltag_msgs__rosidl_typesupport_c__pyext
[1.871s] [100%] Built target apriltag_msgs__rosidl_typesupport_introspection_c__pyext
[1.871s] running egg_info
[1.871s] writing apriltag_msgs.egg-info/PKG-INFO
[1.871s] writing dependency_links to apriltag_msgs.egg-info/dependency_links.txt
[1.871s] writing top-level names to apriltag_msgs.egg-info/top_level.txt
[1.871s] reading manifest file 'apriltag_msgs.egg-info/SOURCES.txt'
[1.871s] writing manifest file 'apriltag_msgs.egg-info/SOURCES.txt'
[1.871s] [100%] Built target ament_cmake_python_build_apriltag_msgs_egg
[1.969s] Invoked command in '/home/chotaehyun/waver_ws/build/apriltag_msgs' returned '0': CMAKE_PREFIX_PATH=${CMAKE_PREFIX_PATH}:/home/chotaehyun/waver_ws/install/ugv_web_app:/home/chotaehyun/waver_ws/install/ugv_vision:/home/chotaehyun/waver_ws/install/ugv_tools:/home/chotaehyun/waver_ws/install/ugv_chat_ai:/home/chotaehyun/waver_ws/install/ugv_bringup:/home/chotaehyun/waver_ws/install/my_waver_app:/opt/ros/humble /usr/bin/cmake --build /home/chotaehyun/waver_ws/build/apriltag_msgs -- -j16 -l16
[1.972s] Invoking command in '/home/chotaehyun/waver_ws/build/apriltag_msgs': CMAKE_PREFIX_PATH=${CMAKE_PREFIX_PATH}:/home/chotaehyun/waver_ws/install/ugv_web_app:/home/chotaehyun/waver_ws/install/ugv_vision:/home/chotaehyun/waver_ws/install/ugv_tools:/home/chotaehyun/waver_ws/install/ugv_chat_ai:/home/chotaehyun/waver_ws/install/ugv_bringup:/home/chotaehyun/waver_ws/install/my_waver_app:/opt/ros/humble /usr/bin/cmake --install /home/chotaehyun/waver_ws/build/apriltag_msgs
[2.073s] -- Install configuration: ""
[2.073s] -- Execute custom install script
[2.073s] -- Up-to-date symlink: /home/chotaehyun/waver_ws/install/apriltag_msgs/share/ament_index/resource_index/rosidl_interfaces/apriltag_msgs
[2.073s] -- Up-to-date symlink: /home/chotaehyun/waver_ws/install/apriltag_msgs/include/apriltag_msgs/apriltag_msgs/msg/april_tag_detection.h
[2.073s] -- Up-to-date symlink: /home/chotaehyun/waver_ws/install/apriltag_msgs/include/apriltag_msgs/apriltag_msgs/msg/april_tag_detection_array.h
[2.073s] -- Up-to-date symlink: /home/chotaehyun/waver_ws/install/apriltag_msgs/include/apriltag_msgs/apriltag_msgs/msg/detail/april_tag_detection__functions.h
[2.073s] -- Up-to-date symlink: /home/chotaehyun/waver_ws/install/apriltag_msgs/include/apriltag_msgs/apriltag_msgs/msg/detail/april_tag_detection__struct.h
[2.073s] -- Up-to-date symlink: /home/chotaehyun/waver_ws/install/apriltag_msgs/include/apriltag_msgs/apriltag_msgs/msg/detail/april_tag_detection__type_support.h
[2.073s] -- Up-to-date symlink: /home/chotaehyun/waver_ws/install/apriltag_msgs/include/apriltag_msgs/apriltag_msgs/msg/detail/april_tag_detection_array__functions.h
[2.074s] -- Up-to-date symlink: /home/chotaehyun/waver_ws/install/apriltag_msgs/include/apriltag_msgs/apriltag_msgs/msg/detail/april_tag_detection_array__struct.h
[2.074s] -- Up-to-date symlink: /home/chotaehyun/waver_ws/install/apriltag_msgs/include/apriltag_msgs/apriltag_msgs/msg/detail/april_tag_detection_array__type_support.h
[2.074s] -- Up-to-date symlink: /home/chotaehyun/waver_ws/install/apriltag_msgs/include/apriltag_msgs/apriltag_msgs/msg/rosidl_generator_c__visibility_control.h
[2.074s] -- Up-to-date symlink: /home/chotaehyun/waver_ws/install/apriltag_msgs/share/apriltag_msgs/environment/library_path.sh
[2.074s] -- Up-to-date symlink: /home/chotaehyun/waver_ws/install/apriltag_msgs/share/apriltag_msgs/environment/library_path.dsv
[2.074s] -- Up-to-date symlink: /home/chotaehyun/waver_ws/install/apriltag_msgs/include/apriltag_msgs/apriltag_msgs/msg/detail/april_tag_detection__rosidl_typesupport_fastrtps_c.h
[2.089s] -- Up-to-date symlink: /home/chotaehyun/waver_ws/install/apriltag_msgs/include/apriltag_msgs/apriltag_msgs/msg/detail/april_tag_detection_array__rosidl_typesupport_fastrtps_c.h
[2.089s] -- Up-to-date symlink: /home/chotaehyun/waver_ws/install/apriltag_msgs/include/apriltag_msgs/apriltag_msgs/msg/rosidl_typesupport_fastrtps_c__visibility_control.h
[2.090s] -- Up-to-date symlink: /home/chotaehyun/waver_ws/install/apriltag_msgs/include/apriltag_msgs/apriltag_msgs/msg/april_tag_detection.hpp
[2.090s] -- Up-to-date symlink: /home/chotaehyun/waver_ws/install/apriltag_msgs/include/apriltag_msgs/apriltag_msgs/msg/april_tag_detection_array.hpp
[2.090s] -- Up-to-date symlink: /home/chotaehyun/waver_ws/install/apriltag_msgs/include/apriltag_msgs/apriltag_msgs/msg/detail/april_tag_detection__builder.hpp
[2.090s] -- Up-to-date symlink: /home/chotaehyun/waver_ws/install/apriltag_msgs/include/apriltag_msgs/apriltag_msgs/msg/detail/april_tag_detection__struct.hpp
[2.092s] -- Up-to-date symlink: /home/chotaehyun/waver_ws/install/apriltag_msgs/include/apriltag_msgs/apriltag_msgs/msg/detail/april_tag_detection__traits.hpp
[2.093s] -- Up-to-date symlink: /home/chotaehyun/waver_ws/install/apriltag_msgs/include/apriltag_msgs/apriltag_msgs/msg/detail/april_tag_detection__type_support.hpp
[2.093s] -- Up-to-date symlink: /home/chotaehyun/waver_ws/install/apriltag_msgs/include/apriltag_msgs/apriltag_msgs/msg/detail/april_tag_detection_array__builder.hpp
[2.093s] -- Up-to-date symlink: /home/chotaehyun/waver_ws/install/apriltag_msgs/include/apriltag_msgs/apriltag_msgs/msg/detail/april_tag_detection_array__struct.hpp
[2.093s] -- Up-to-date symlink: /home/chotaehyun/waver_ws/install/apriltag_msgs/include/apriltag_msgs/apriltag_msgs/msg/detail/april_tag_detection_array__traits.hpp
[2.093s] -- Up-to-date symlink: /home/chotaehyun/waver_ws/install/apriltag_msgs/include/apriltag_msgs/apriltag_msgs/msg/detail/april_tag_detection_array__type_support.hpp
[2.093s] -- Up-to-date symlink: /home/chotaehyun/waver_ws/install/apriltag_msgs/include/apriltag_msgs/apriltag_msgs/msg/rosidl_generator_cpp__visibility_control.hpp
[2.093s] -- Up-to-date symlink: /home/chotaehyun/waver_ws/install/apriltag_msgs/include/apriltag_msgs/apriltag_msgs/msg/detail/april_tag_detection__rosidl_typesupport_fastrtps_cpp.hpp
[2.094s] -- Up-to-date symlink: /home/chotaehyun/waver_ws/install/apriltag_msgs/include/apriltag_msgs/apriltag_msgs/msg/detail/april_tag_detection_array__rosidl_typesupport_fastrtps_cpp.hpp
[2.094s] -- Up-to-date symlink: /home/chotaehyun/waver_ws/install/apriltag_msgs/include/apriltag_msgs/apriltag_msgs/msg/rosidl_typesupport_fastrtps_cpp__visibility_control.h
[2.094s] -- Up-to-date symlink: /home/chotaehyun/waver_ws/install/apriltag_msgs/include/apriltag_msgs/apriltag_msgs/msg/detail/april_tag_detection__rosidl_typesupport_introspection_c.h
[2.095s] -- Up-to-date symlink: /home/chotaehyun/waver_ws/install/apriltag_msgs/include/apriltag_msgs/apriltag_msgs/msg/detail/april_tag_detection_array__rosidl_typesupport_introspection_c.h
[2.095s] -- Up-to-date symlink: /home/chotaehyun/waver_ws/install/apriltag_msgs/include/apriltag_msgs/apriltag_msgs/msg/rosidl_typesupport_introspection_c__visibility_control.h
[2.096s] -- Up-to-date symlink: /home/chotaehyun/waver_ws/install/apriltag_msgs/include/apriltag_msgs/apriltag_msgs/msg/detail/april_tag_detection__rosidl_typesupport_introspection_cpp.hpp
[2.096s] -- Up-to-date symlink: /home/chotaehyun/waver_ws/install/apriltag_msgs/include/apriltag_msgs/apriltag_msgs/msg/detail/april_tag_detection_array__rosidl_typesupport_introspection_cpp.hpp
[2.096s] -- Up-to-date symlink: /home/chotaehyun/waver_ws/install/apriltag_msgs/share/apriltag_msgs/environment/pythonpath.sh
[2.096s] -- Up-to-date symlink: /home/chotaehyun/waver_ws/install/apriltag_msgs/share/apriltag_msgs/environment/pythonpath.dsv
[2.096s] -- Up-to-date symlink: /home/chotaehyun/waver_ws/install/apriltag_msgs/local/lib/python3.10/dist-packages/apriltag_msgs-0.0.0-py3.10.egg-info/PKG-INFO
[2.096s] -- Up-to-date symlink: /home/chotaehyun/waver_ws/install/apriltag_msgs/local/lib/python3.10/dist-packages/apriltag_msgs-0.0.0-py3.10.egg-info/SOURCES.txt
[2.096s] -- Up-to-date symlink: /home/chotaehyun/waver_ws/install/apriltag_msgs/local/lib/python3.10/dist-packages/apriltag_msgs-0.0.0-py3.10.egg-info/dependency_links.txt
[2.096s] -- Up-to-date symlink: /home/chotaehyun/waver_ws/install/apriltag_msgs/local/lib/python3.10/dist-packages/apriltag_msgs-0.0.0-py3.10.egg-info/top_level.txt
[2.096s] -- Up-to-date symlink: /home/chotaehyun/waver_ws/install/apriltag_msgs/local/lib/python3.10/dist-packages/apriltag_msgs/__init__.py
[2.096s] -- Up-to-date symlink: /home/chotaehyun/waver_ws/install/apriltag_msgs/local/lib/python3.10/dist-packages/apriltag_msgs/_apriltag_msgs_s.ep.rosidl_typesupport_c.c
[2.097s] -- Up-to-date symlink: /home/chotaehyun/waver_ws/install/apriltag_msgs/local/lib/python3.10/dist-packages/apriltag_msgs/_apriltag_msgs_s.ep.rosidl_typesupport_fastrtps_c.c
[2.097s] -- Up-to-date symlink: /home/chotaehyun/waver_ws/install/apriltag_msgs/local/lib/python3.10/dist-packages/apriltag_msgs/_apriltag_msgs_s.ep.rosidl_typesupport_introspection_c.c
[2.097s] -- Up-to-date symlink: /home/chotaehyun/waver_ws/install/apriltag_msgs/local/lib/python3.10/dist-packages/apriltag_msgs/apriltag_msgs_s__rosidl_typesupport_c.cpython-310-x86_64-linux-gnu.so
[2.097s] -- Up-to-date symlink: /home/chotaehyun/waver_ws/install/apriltag_msgs/local/lib/python3.10/dist-packages/apriltag_msgs/apriltag_msgs_s__rosidl_typesupport_fastrtps_c.cpython-310-x86_64-linux-gnu.so
[2.097s] -- Up-to-date symlink: /home/chotaehyun/waver_ws/install/apriltag_msgs/local/lib/python3.10/dist-packages/apriltag_msgs/apriltag_msgs_s__rosidl_typesupport_introspection_c.cpython-310-x86_64-linux-gnu.so
[2.097s] -- Up-to-date symlink: /home/chotaehyun/waver_ws/install/apriltag_msgs/local/lib/python3.10/dist-packages/apriltag_msgs/libapriltag_msgs__rosidl_generator_py.so
[2.097s] -- Up-to-date symlink: /home/chotaehyun/waver_ws/install/apriltag_msgs/local/lib/python3.10/dist-packages/apriltag_msgs/msg/__init__.py
[2.097s] -- Up-to-date symlink: /home/chotaehyun/waver_ws/install/apriltag_msgs/local/lib/python3.10/dist-packages/apriltag_msgs/msg/_april_tag_detection.py
[2.097s] -- Up-to-date symlink: /home/chotaehyun/waver_ws/install/apriltag_msgs/local/lib/python3.10/dist-packages/apriltag_msgs/msg/_april_tag_detection_array.py
[2.097s] -- Up-to-date symlink: /home/chotaehyun/waver_ws/install/apriltag_msgs/local/lib/python3.10/dist-packages/apriltag_msgs/msg/_april_tag_detection_array_s.c
[2.097s] -- Up-to-date symlink: /home/chotaehyun/waver_ws/install/apriltag_msgs/local/lib/python3.10/dist-packages/apriltag_msgs/msg/_april_tag_detection_s.c
[2.097s] -- Up-to-date symlink: /home/chotaehyun/waver_ws/install/apriltag_msgs/local/lib/python3.10/dist-packages/apriltag_msgs/apriltag_msgs_s__rosidl_typesupport_fastrtps_c.cpython-310-x86_64-linux-gnu.so
[2.098s] -- Up-to-date symlink: /home/chotaehyun/waver_ws/install/apriltag_msgs/local/lib/python3.10/dist-packages/apriltag_msgs/apriltag_msgs_s__rosidl_typesupport_introspection_c.cpython-310-x86_64-linux-gnu.so
[2.099s] -- Up-to-date symlink: /home/chotaehyun/waver_ws/install/apriltag_msgs/local/lib/python3.10/dist-packages/apriltag_msgs/apriltag_msgs_s__rosidl_typesupport_c.cpython-310-x86_64-linux-gnu.so
[2.099s] -- Up-to-date symlink: /home/chotaehyun/waver_ws/install/apriltag_msgs/share/apriltag_msgs/msg/AprilTagDetectionArray.idl
[2.099s] -- Up-to-date symlink: /home/chotaehyun/waver_ws/install/apriltag_msgs/share/apriltag_msgs/msg/AprilTagDetection.idl
[2.104s] -- Up-to-date symlink: /home/chotaehyun/waver_ws/install/apriltag_msgs/share/apriltag_msgs/msg/AprilTagDetectionArray.msg
[2.104s] -- Up-to-date symlink: /home/chotaehyun/waver_ws/install/apriltag_msgs/share/apriltag_msgs/msg/AprilTagDetection.msg
[2.105s] -- Up-to-date symlink: /home/chotaehyun/waver_ws/install/apriltag_msgs/share/ament_index/resource_index/package_run_dependencies/apriltag_msgs
[2.107s] -- Up-to-date symlink: /home/chotaehyun/waver_ws/install/apriltag_msgs/share/ament_index/resource_index/parent_prefix_path/apriltag_msgs
[2.107s] -- Up-to-date symlink: /home/chotaehyun/waver_ws/install/apriltag_msgs/share/apriltag_msgs/environment/ament_prefix_path.sh
[2.107s] -- Up-to-date symlink: /home/chotaehyun/waver_ws/install/apriltag_msgs/share/apriltag_msgs/environment/ament_prefix_path.dsv
[2.108s] -- Up-to-date symlink: /home/chotaehyun/waver_ws/install/apriltag_msgs/share/apriltag_msgs/environment/path.sh
[2.108s] -- Up-to-date symlink: /home/chotaehyun/waver_ws/install/apriltag_msgs/share/apriltag_msgs/environment/path.dsv
[2.108s] -- Up-to-date symlink: /home/chotaehyun/waver_ws/install/apriltag_msgs/share/apriltag_msgs/local_setup.bash
[2.110s] -- Up-to-date symlink: /home/chotaehyun/waver_ws/install/apriltag_msgs/share/apriltag_msgs/local_setup.sh
[2.110s] -- Up-to-date symlink: /home/chotaehyun/waver_ws/install/apriltag_msgs/share/apriltag_msgs/local_setup.zsh
[2.112s] -- Up-to-date symlink: /home/chotaehyun/waver_ws/install/apriltag_msgs/share/apriltag_msgs/local_setup.dsv
[2.112s] -- Symlinking: /home/chotaehyun/waver_ws/install/apriltag_msgs/share/apriltag_msgs/package.dsv
[2.116s] -- Up-to-date symlink: /home/chotaehyun/waver_ws/install/apriltag_msgs/share/ament_index/resource_index/packages/apriltag_msgs
[2.116s] -- Up-to-date symlink: /home/chotaehyun/waver_ws/install/apriltag_msgs/share/apriltag_msgs/cmake/rosidl_cmake-extras.cmake
[2.116s] -- Up-to-date symlink: /home/chotaehyun/waver_ws/install/apriltag_msgs/share/apriltag_msgs/cmake/ament_cmake_export_dependencies-extras.cmake
[2.117s] -- Up-to-date symlink: /home/chotaehyun/waver_ws/install/apriltag_msgs/share/apriltag_msgs/cmake/ament_cmake_export_include_directories-extras.cmake
[2.117s] -- Up-to-date symlink: /home/chotaehyun/waver_ws/install/apriltag_msgs/share/apriltag_msgs/cmake/ament_cmake_export_libraries-extras.cmake
[2.117s] -- Up-to-date symlink: /home/chotaehyun/waver_ws/install/apriltag_msgs/share/apriltag_msgs/cmake/ament_cmake_export_targets-extras.cmake
[2.117s] -- Up-to-date symlink: /home/chotaehyun/waver_ws/install/apriltag_msgs/share/apriltag_msgs/cmake/rosidl_cmake_export_typesupport_targets-extras.cmake
[2.117s] -- Up-to-date symlink: /home/chotaehyun/waver_ws/install/apriltag_msgs/share/apriltag_msgs/cmake/rosidl_cmake_export_typesupport_libraries-extras.cmake
[2.117s] -- Up-to-date symlink: /home/chotaehyun/waver_ws/install/apriltag_msgs/share/apriltag_msgs/cmake/apriltag_msgsConfig.cmake
[2.117s] -- Up-to-date symlink: /home/chotaehyun/waver_ws/install/apriltag_msgs/share/apriltag_msgs/cmake/apriltag_msgsConfig-version.cmake
[2.117s] -- Up-to-date symlink: /home/chotaehyun/waver_ws/install/apriltag_msgs/share/apriltag_msgs/package.xml
[2.123s] -- Up-to-date: /home/chotaehyun/waver_ws/install/apriltag_msgs/lib/libapriltag_msgs__rosidl_generator_c.so
[2.123s] -- Up-to-date: /home/chotaehyun/waver_ws/install/apriltag_msgs/lib/libapriltag_msgs__rosidl_typesupport_fastrtps_c.so
[2.123s] -- Up-to-date: /home/chotaehyun/waver_ws/install/apriltag_msgs/lib/libapriltag_msgs__rosidl_typesupport_fastrtps_cpp.so
[2.123s] -- Up-to-date: /home/chotaehyun/waver_ws/install/apriltag_msgs/lib/libapriltag_msgs__rosidl_typesupport_introspection_c.so
[2.123s] -- Up-to-date: /home/chotaehyun/waver_ws/install/apriltag_msgs/lib/libapriltag_msgs__rosidl_typesupport_c.so
[2.124s] -- Up-to-date: /home/chotaehyun/waver_ws/install/apriltag_msgs/lib/libapriltag_msgs__rosidl_typesupport_introspection_cpp.so
[2.124s] -- Up-to-date: /home/chotaehyun/waver_ws/install/apriltag_msgs/lib/libapriltag_msgs__rosidl_typesupport_cpp.so
[2.130s] Listing '/home/chotaehyun/waver_ws/install/apriltag_msgs/local/lib/python3.10/dist-packages/apriltag_msgs'...
[2.130s] Listing '/home/chotaehyun/waver_ws/install/apriltag_msgs/local/lib/python3.10/dist-packages/apriltag_msgs/msg'...
[2.131s] -- Up-to-date: /home/chotaehyun/waver_ws/install/apriltag_msgs/lib/libapriltag_msgs__rosidl_generator_py.so
[2.133s] -- Up-to-date: /home/chotaehyun/waver_ws/install/apriltag_msgs/share/apriltag_msgs/cmake/export_apriltag_msgs__rosidl_generator_cExport.cmake
[2.133s] -- Up-to-date: /home/chotaehyun/waver_ws/install/apriltag_msgs/share/apriltag_msgs/cmake/export_apriltag_msgs__rosidl_generator_cExport-noconfig.cmake
[2.133s] -- Up-to-date: /home/chotaehyun/waver_ws/install/apriltag_msgs/share/apriltag_msgs/cmake/export_apriltag_msgs__rosidl_typesupport_fastrtps_cExport.cmake
[2.134s] -- Up-to-date: /home/chotaehyun/waver_ws/install/apriltag_msgs/share/apriltag_msgs/cmake/export_apriltag_msgs__rosidl_typesupport_fastrtps_cExport-noconfig.cmake
[2.134s] -- Up-to-date: /home/chotaehyun/waver_ws/install/apriltag_msgs/share/apriltag_msgs/cmake/export_apriltag_msgs__rosidl_generator_cppExport.cmake
[2.134s] -- Up-to-date: /home/chotaehyun/waver_ws/install/apriltag_msgs/share/apriltag_msgs/cmake/export_apriltag_msgs__rosidl_typesupport_fastrtps_cppExport.cmake
[2.134s] -- Up-to-date: /home/chotaehyun/waver_ws/install/apriltag_msgs/share/apriltag_msgs/cmake/export_apriltag_msgs__rosidl_typesupport_fastrtps_cppExport-noconfig.cmake
[2.134s] -- Up-to-date: /home/chotaehyun/waver_ws/install/apriltag_msgs/share/apriltag_msgs/cmake/apriltag_msgs__rosidl_typesupport_introspection_cExport.cmake
[2.134s] -- Up-to-date: /home/chotaehyun/waver_ws/install/apriltag_msgs/share/apriltag_msgs/cmake/apriltag_msgs__rosidl_typesupport_introspection_cExport-noconfig.cmake
[2.134s] -- Up-to-date: /home/chotaehyun/waver_ws/install/apriltag_msgs/share/apriltag_msgs/cmake/apriltag_msgs__rosidl_typesupport_cExport.cmake
[2.134s] -- Up-to-date: /home/chotaehyun/waver_ws/install/apriltag_msgs/share/apriltag_msgs/cmake/apriltag_msgs__rosidl_typesupport_cExport-noconfig.cmake
[2.134s] -- Up-to-date: /home/chotaehyun/waver_ws/install/apriltag_msgs/share/apriltag_msgs/cmake/apriltag_msgs__rosidl_typesupport_introspection_cppExport.cmake
[2.135s] -- Up-to-date: /home/chotaehyun/waver_ws/install/apriltag_msgs/share/apriltag_msgs/cmake/apriltag_msgs__rosidl_typesupport_introspection_cppExport-noconfig.cmake
[2.135s] -- Up-to-date: /home/chotaehyun/waver_ws/install/apriltag_msgs/share/apriltag_msgs/cmake/apriltag_msgs__rosidl_typesupport_cppExport.cmake
[2.135s] -- Up-to-date: /home/chotaehyun/waver_ws/install/apriltag_msgs/share/apriltag_msgs/cmake/apriltag_msgs__rosidl_typesupport_cppExport-noconfig.cmake
[2.135s] -- Up-to-date: /home/chotaehyun/waver_ws/install/apriltag_msgs/share/apriltag_msgs/cmake/export_apriltag_msgs__rosidl_generator_pyExport.cmake
[2.135s] -- Up-to-date: /home/chotaehyun/waver_ws/install/apriltag_msgs/share/apriltag_msgs/cmake/export_apriltag_msgs__rosidl_generator_pyExport-noconfig.cmake
[2.512s] Invoked command in '/home/chotaehyun/waver_ws/build/apriltag_msgs' returned '0': CMAKE_PREFIX_PATH=${CMAKE_PREFIX_PATH}:/home/chotaehyun/waver_ws/install/ugv_web_app:/home/chotaehyun/waver_ws/install/ugv_vision:/home/chotaehyun/waver_ws/install/ugv_tools:/home/chotaehyun/waver_ws/install/ugv_chat_ai:/home/chotaehyun/waver_ws/install/ugv_bringup:/home/chotaehyun/waver_ws/install/my_waver_app:/opt/ros/humble /usr/bin/cmake --install /home/chotaehyun/waver_ws/build/apriltag_msgs
