[0.070s] Invoking command in '/home/chotaehyun/waver_ws/build/costmap_converter_msgs': CMAKE_PREFIX_PATH=/opt/ros/humble /usr/bin/cmake /home/chotaehyun/waver_ws/src/ugv_ws/src/ugv_else/costmap_converter/costmap_converter_msgs -DAMENT_CMAKE_SYMLINK_INSTALL=1 -DCMAKE_INSTALL_PREFIX=/home/chotaehyun/waver_ws/install/costmap_converter_msgs
[1.249s] -- The C compiler identification is GNU 11.4.0
[1.249s] -- The CXX compiler identification is GNU 11.4.0
[1.249s] -- Detecting C compiler ABI info
[1.249s] -- Detecting C compiler ABI info - done
[1.249s] -- Check for working C compiler: /usr/bin/cc - skipped
[1.249s] -- Detecting C compile features
[1.249s] -- Detecting C compile features - done
[1.249s] -- Detecting CXX compiler ABI info
[1.249s] -- Detecting CXX compiler ABI info - done
[1.249s] -- Check for working CXX compiler: /usr/bin/c++ - skipped
[1.249s] -- Detecting CXX compile features
[1.249s] -- Detecting CXX compile features - done
[1.249s] -- Found ament_cmake: 1.3.14 (/opt/ros/humble/share/ament_cmake/cmake)
[1.249s] -- Found Python3: /usr/bin/python3 (found version "3.10.12") found components: Interpreter 
[1.249s] -- Override CMake install command with custom implementation using symlinks instead of copying resources
[1.250s] -- Found builtin_interfaces: 1.2.2 (/opt/ros/humble/share/builtin_interfaces/cmake)
[1.250s] -- Found rosidl_generator_c: 3.1.8 (/opt/ros/humble/share/rosidl_generator_c/cmake)
[1.250s] -- Found rosidl_adapter: 3.1.8 (/opt/ros/humble/share/rosidl_adapter/cmake)
[1.250s] -- Found rosidl_generator_cpp: 3.1.8 (/opt/ros/humble/share/rosidl_generator_cpp/cmake)
[1.258s] -- Using all available rosidl_typesupport_c: rosidl_typesupport_fastrtps_c;rosidl_typesupport_introspection_c
[1.298s] -- Using all available rosidl_typesupport_cpp: rosidl_typesupport_fastrtps_cpp;rosidl_typesupport_introspection_cpp
[1.320s] -- Found geometry_msgs: 4.9.1 (/opt/ros/humble/share/geometry_msgs/cmake)
[1.379s] -- Found rosidl_default_generators: 1.2.0 (/opt/ros/humble/share/rosidl_default_generators/cmake)
[1.966s] -- Found ament_cmake_ros: 0.10.0 (/opt/ros/humble/share/ament_cmake_ros/cmake)
[3.434s] -- Using all available rosidl_typesupport_c: rosidl_typesupport_fastrtps_c;rosidl_typesupport_introspection_c
[4.095s] -- Using all available rosidl_typesupport_cpp: rosidl_typesupport_fastrtps_cpp;rosidl_typesupport_introspection_cpp
[4.155s] -- Found PythonInterp: /usr/bin/python3 (found suitable version "3.10.12", minimum required is "3.6") 
[4.160s] -- Found python_cmake_module: 0.10.0 (/opt/ros/humble/share/python_cmake_module/cmake)
[4.261s] -- Found PythonLibs: /usr/lib/x86_64-linux-gnu/libpython3.10.so (found suitable version "3.10.12", minimum required is "3.5") 
[4.261s] -- Using PYTHON_EXECUTABLE: /usr/bin/python3
[4.261s] -- Using PYTHON_INCLUDE_DIRS: /usr/include/python3.10
[4.261s] -- Using PYTHON_LIBRARIES: /usr/lib/x86_64-linux-gnu/libpython3.10.so
[4.323s] -- Found PythonExtra: .so  
[4.574s] -- Configuring done
[4.746s] -- Generating done
[4.816s] -- Build files have been written to: /home/chotaehyun/waver_ws/build/costmap_converter_msgs
[4.871s] Invoked command in '/home/chotaehyun/waver_ws/build/costmap_converter_msgs' returned '0': CMAKE_PREFIX_PATH=/opt/ros/humble /usr/bin/cmake /home/chotaehyun/waver_ws/src/ugv_ws/src/ugv_else/costmap_converter/costmap_converter_msgs -DAMENT_CMAKE_SYMLINK_INSTALL=1 -DCMAKE_INSTALL_PREFIX=/home/chotaehyun/waver_ws/install/costmap_converter_msgs
[4.872s] Invoking command in '/home/chotaehyun/waver_ws/build/costmap_converter_msgs': CMAKE_PREFIX_PATH=/opt/ros/humble /usr/bin/cmake --build /home/chotaehyun/waver_ws/build/costmap_converter_msgs -- -j16 -l16
[6.976s] [  2%] [34m[1mGenerating C code for ROS interfaces[0m
[6.976s] [  5%] [34m[1mGenerating C++ code for ROS interfaces[0m
[6.976s] [  5%] Built target ament_cmake_python_symlink_costmap_converter_msgs
[6.976s] running egg_info
[6.982s] creating costmap_converter_msgs.egg-info
[6.982s] writing costmap_converter_msgs.egg-info/PKG-INFO
[6.982s] writing dependency_links to costmap_converter_msgs.egg-info/dependency_links.txt
[6.982s] writing top-level names to costmap_converter_msgs.egg-info/top_level.txt
[6.982s] writing manifest file 'costmap_converter_msgs.egg-info/SOURCES.txt'
[6.982s] reading manifest file 'costmap_converter_msgs.egg-info/SOURCES.txt'
[6.982s] writing manifest file 'costmap_converter_msgs.egg-info/SOURCES.txt'
[6.982s] [  5%] Built target ament_cmake_python_build_costmap_converter_msgs_egg
[6.982s] [  7%] [32mBuilding C object CMakeFiles/costmap_converter_msgs__rosidl_generator_c.dir/rosidl_generator_c/costmap_converter_msgs/msg/detail/obstacle_array_msg__functions.c.o[0m
[6.982s] [ 10%] [32mBuilding C object CMakeFiles/costmap_converter_msgs__rosidl_generator_c.dir/rosidl_generator_c/costmap_converter_msgs/msg/detail/obstacle_msg__functions.c.o[0m
[6.982s] [ 10%] Built target costmap_converter_msgs__cpp
[6.982s] [ 12%] [34m[1mGenerating C++ type support dispatch for ROS interfaces[0m
[6.982s] [ 15%] [34m[1mGenerating C++ type support for eProsima Fast-RTPS[0m
[6.983s] [ 17%] [34m[1mGenerating C++ introspection for ROS interfaces[0m
[6.983s] [ 20%] [32m[1mLinking C shared library libcostmap_converter_msgs__rosidl_generator_c.so[0m
[7.060s] [ 20%] Built target costmap_converter_msgs__rosidl_generator_c
[7.096s] [ 23%] [34m[1mGenerating C introspection for ROS interfaces[0m
[7.111s] [ 25%] [34m[1mGenerating C type support for eProsima Fast-RTPS[0m
[7.111s] [ 28%] [34m[1mGenerating C type support dispatch for ROS interfaces[0m
[8.185s] [ 30%] [32mBuilding CXX object CMakeFiles/costmap_converter_msgs__rosidl_typesupport_introspection_cpp.dir/rosidl_typesupport_introspection_cpp/costmap_converter_msgs/msg/detail/obstacle_array_msg__type_support.cpp.o[0m
[8.190s] [ 33%] [32mBuilding CXX object CMakeFiles/costmap_converter_msgs__rosidl_typesupport_introspection_cpp.dir/rosidl_typesupport_introspection_cpp/costmap_converter_msgs/msg/detail/obstacle_msg__type_support.cpp.o[0m
[8.262s] [ 35%] [32mBuilding CXX object CMakeFiles/costmap_converter_msgs__rosidl_typesupport_fastrtps_cpp.dir/rosidl_typesupport_fastrtps_cpp/costmap_converter_msgs/msg/detail/dds_fastrtps/obstacle_array_msg__type_support.cpp.o[0m
[8.266s] [ 38%] [32mBuilding CXX object CMakeFiles/costmap_converter_msgs__rosidl_typesupport_fastrtps_cpp.dir/rosidl_typesupport_fastrtps_cpp/costmap_converter_msgs/msg/detail/dds_fastrtps/obstacle_msg__type_support.cpp.o[0m
[8.275s] [ 41%] [32mBuilding CXX object CMakeFiles/costmap_converter_msgs__rosidl_typesupport_cpp.dir/rosidl_typesupport_cpp/costmap_converter_msgs/msg/obstacle_array_msg__type_support.cpp.o[0m
[8.281s] [ 43%] [32mBuilding CXX object CMakeFiles/costmap_converter_msgs__rosidl_typesupport_cpp.dir/rosidl_typesupport_cpp/costmap_converter_msgs/msg/obstacle_msg__type_support.cpp.o[0m
[8.307s] [ 46%] [32mBuilding CXX object CMakeFiles/costmap_converter_msgs__rosidl_typesupport_fastrtps_c.dir/rosidl_typesupport_fastrtps_c/costmap_converter_msgs/msg/detail/obstacle_array_msg__type_support_c.cpp.o[0m
[8.307s] [ 48%] [32mBuilding CXX object CMakeFiles/costmap_converter_msgs__rosidl_typesupport_fastrtps_c.dir/rosidl_typesupport_fastrtps_c/costmap_converter_msgs/msg/detail/obstacle_msg__type_support_c.cpp.o[0m
[8.436s] [ 51%] [32mBuilding C object CMakeFiles/costmap_converter_msgs__rosidl_typesupport_introspection_c.dir/rosidl_typesupport_introspection_c/costmap_converter_msgs/msg/detail/obstacle_msg__type_support.c.o[0m
[8.440s] [ 53%] [32mBuilding C object CMakeFiles/costmap_converter_msgs__rosidl_typesupport_introspection_c.dir/rosidl_typesupport_introspection_c/costmap_converter_msgs/msg/detail/obstacle_array_msg__type_support.c.o[0m
[8.632s] [ 56%] [32m[1mLinking C shared library libcostmap_converter_msgs__rosidl_typesupport_introspection_c.so[0m
[8.748s] [ 58%] [32mBuilding CXX object CMakeFiles/costmap_converter_msgs__rosidl_typesupport_c.dir/rosidl_typesupport_c/costmap_converter_msgs/msg/obstacle_array_msg__type_support.cpp.o[0m
[8.750s] [ 61%] [32mBuilding CXX object CMakeFiles/costmap_converter_msgs__rosidl_typesupport_c.dir/rosidl_typesupport_c/costmap_converter_msgs/msg/obstacle_msg__type_support.cpp.o[0m
[8.816s] [ 61%] Built target costmap_converter_msgs__rosidl_typesupport_introspection_c
[8.913s] [ 64%] [32m[1mLinking CXX shared library libcostmap_converter_msgs__rosidl_typesupport_c.so[0m
[9.144s] [ 64%] Built target costmap_converter_msgs__rosidl_typesupport_c
[9.693s] [ 66%] [32m[1mLinking CXX shared library libcostmap_converter_msgs__rosidl_typesupport_cpp.so[0m
[9.882s] [ 66%] Built target costmap_converter_msgs__rosidl_typesupport_cpp
[10.054s] [ 69%] [32m[1mLinking CXX shared library libcostmap_converter_msgs__rosidl_typesupport_fastrtps_c.so[0m
[10.105s] [ 71%] [32m[1mLinking CXX shared library libcostmap_converter_msgs__rosidl_typesupport_introspection_cpp.so[0m
[10.395s] [ 74%] [32m[1mLinking CXX shared library libcostmap_converter_msgs__rosidl_typesupport_fastrtps_cpp.so[0m
[10.497s] [ 74%] Built target costmap_converter_msgs__rosidl_typesupport_introspection_cpp
[10.535s] [ 74%] Built target costmap_converter_msgs__rosidl_typesupport_fastrtps_c
[10.800s] [ 74%] Built target costmap_converter_msgs__rosidl_typesupport_fastrtps_cpp
[10.879s] [ 74%] Built target costmap_converter_msgs
[10.971s] [ 76%] [34m[1mGenerating Python code for ROS interfaces[0m
[13.422s] [ 76%] Built target costmap_converter_msgs__py
[13.505s] [ 79%] [32mBuilding C object CMakeFiles/costmap_converter_msgs__rosidl_generator_py.dir/rosidl_generator_py/costmap_converter_msgs/msg/_obstacle_msg_s.c.o[0m
[13.523s] [ 82%] [32mBuilding C object CMakeFiles/costmap_converter_msgs__rosidl_generator_py.dir/rosidl_generator_py/costmap_converter_msgs/msg/_obstacle_array_msg_s.c.o[0m
[14.064s] [ 84%] [32m[1mLinking C shared library rosidl_generator_py/costmap_converter_msgs/libcostmap_converter_msgs__rosidl_generator_py.so[0m
[14.309s] [ 84%] Built target costmap_converter_msgs__rosidl_generator_py
[14.385s] [ 87%] [32mBuilding C object CMakeFiles/costmap_converter_msgs__rosidl_typesupport_fastrtps_c__pyext.dir/rosidl_generator_py/costmap_converter_msgs/_costmap_converter_msgs_s.ep.rosidl_typesupport_fastrtps_c.c.o[0m
[14.413s] [ 89%] [32mBuilding C object CMakeFiles/costmap_converter_msgs__rosidl_typesupport_introspection_c__pyext.dir/rosidl_generator_py/costmap_converter_msgs/_costmap_converter_msgs_s.ep.rosidl_typesupport_introspection_c.c.o[0m
[14.434s] [ 92%] [32mBuilding C object CMakeFiles/costmap_converter_msgs__rosidl_typesupport_c__pyext.dir/rosidl_generator_py/costmap_converter_msgs/_costmap_converter_msgs_s.ep.rosidl_typesupport_c.c.o[0m
[14.900s] [ 94%] [32m[1mLinking C shared library rosidl_generator_py/costmap_converter_msgs/costmap_converter_msgs_s__rosidl_typesupport_introspection_c.cpython-310-x86_64-linux-gnu.so[0m
[14.967s] [ 97%] [32m[1mLinking C shared library rosidl_generator_py/costmap_converter_msgs/costmap_converter_msgs_s__rosidl_typesupport_c.cpython-310-x86_64-linux-gnu.so[0m
[15.040s] [100%] [32m[1mLinking C shared library rosidl_generator_py/costmap_converter_msgs/costmap_converter_msgs_s__rosidl_typesupport_fastrtps_c.cpython-310-x86_64-linux-gnu.so[0m
[15.122s] [100%] Built target costmap_converter_msgs__rosidl_typesupport_introspection_c__pyext
[15.232s] [100%] Built target costmap_converter_msgs__rosidl_typesupport_c__pyext
[15.345s] [100%] Built target costmap_converter_msgs__rosidl_typesupport_fastrtps_c__pyext
[16.325s] Invoked command in '/home/chotaehyun/waver_ws/build/costmap_converter_msgs' returned '0': CMAKE_PREFIX_PATH=/opt/ros/humble /usr/bin/cmake --build /home/chotaehyun/waver_ws/build/costmap_converter_msgs -- -j16 -l16
[16.326s] Invoking command in '/home/chotaehyun/waver_ws/build/costmap_converter_msgs': CMAKE_PREFIX_PATH=/opt/ros/humble /usr/bin/cmake --install /home/chotaehyun/waver_ws/build/costmap_converter_msgs
[17.371s] -- Install configuration: ""
[17.371s] -- Execute custom install script
[17.375s] -- Symlinking: /home/chotaehyun/waver_ws/install/costmap_converter_msgs/share/ament_index/resource_index/rosidl_interfaces/costmap_converter_msgs
[17.375s] -- Symlinking: /home/chotaehyun/waver_ws/install/costmap_converter_msgs/include/costmap_converter_msgs/costmap_converter_msgs/msg/detail/obstacle_array_msg__functions.h
[17.375s] -- Symlinking: /home/chotaehyun/waver_ws/install/costmap_converter_msgs/include/costmap_converter_msgs/costmap_converter_msgs/msg/detail/obstacle_array_msg__struct.h
[17.375s] -- Symlinking: /home/chotaehyun/waver_ws/install/costmap_converter_msgs/include/costmap_converter_msgs/costmap_converter_msgs/msg/detail/obstacle_array_msg__type_support.h
[17.375s] -- Symlinking: /home/chotaehyun/waver_ws/install/costmap_converter_msgs/include/costmap_converter_msgs/costmap_converter_msgs/msg/detail/obstacle_msg__functions.h
[17.375s] -- Symlinking: /home/chotaehyun/waver_ws/install/costmap_converter_msgs/include/costmap_converter_msgs/costmap_converter_msgs/msg/detail/obstacle_msg__struct.h
[17.375s] -- Symlinking: /home/chotaehyun/waver_ws/install/costmap_converter_msgs/include/costmap_converter_msgs/costmap_converter_msgs/msg/detail/obstacle_msg__type_support.h
[17.375s] -- Symlinking: /home/chotaehyun/waver_ws/install/costmap_converter_msgs/include/costmap_converter_msgs/costmap_converter_msgs/msg/obstacle_array_msg.h
[17.375s] -- Symlinking: /home/chotaehyun/waver_ws/install/costmap_converter_msgs/include/costmap_converter_msgs/costmap_converter_msgs/msg/obstacle_msg.h
[17.376s] -- Symlinking: /home/chotaehyun/waver_ws/install/costmap_converter_msgs/include/costmap_converter_msgs/costmap_converter_msgs/msg/rosidl_generator_c__visibility_control.h
[17.376s] -- Symlinking: /home/chotaehyun/waver_ws/install/costmap_converter_msgs/share/costmap_converter_msgs/environment/library_path.sh
[17.376s] -- Symlinking: /home/chotaehyun/waver_ws/install/costmap_converter_msgs/share/costmap_converter_msgs/environment/library_path.dsv
[17.376s] -- Symlinking: /home/chotaehyun/waver_ws/install/costmap_converter_msgs/include/costmap_converter_msgs/costmap_converter_msgs/msg/detail/obstacle_array_msg__rosidl_typesupport_fastrtps_c.h
[17.376s] -- Symlinking: /home/chotaehyun/waver_ws/install/costmap_converter_msgs/include/costmap_converter_msgs/costmap_converter_msgs/msg/detail/obstacle_msg__rosidl_typesupport_fastrtps_c.h
[17.376s] -- Symlinking: /home/chotaehyun/waver_ws/install/costmap_converter_msgs/include/costmap_converter_msgs/costmap_converter_msgs/msg/rosidl_typesupport_fastrtps_c__visibility_control.h
[17.376s] -- Symlinking: /home/chotaehyun/waver_ws/install/costmap_converter_msgs/include/costmap_converter_msgs/costmap_converter_msgs/msg/detail/obstacle_array_msg__builder.hpp
[17.376s] -- Symlinking: /home/chotaehyun/waver_ws/install/costmap_converter_msgs/include/costmap_converter_msgs/costmap_converter_msgs/msg/detail/obstacle_array_msg__struct.hpp
[17.376s] -- Symlinking: /home/chotaehyun/waver_ws/install/costmap_converter_msgs/include/costmap_converter_msgs/costmap_converter_msgs/msg/detail/obstacle_array_msg__traits.hpp
[17.376s] -- Symlinking: /home/chotaehyun/waver_ws/install/costmap_converter_msgs/include/costmap_converter_msgs/costmap_converter_msgs/msg/detail/obstacle_array_msg__type_support.hpp
[17.376s] -- Symlinking: /home/chotaehyun/waver_ws/install/costmap_converter_msgs/include/costmap_converter_msgs/costmap_converter_msgs/msg/detail/obstacle_msg__builder.hpp
[17.376s] -- Symlinking: /home/chotaehyun/waver_ws/install/costmap_converter_msgs/include/costmap_converter_msgs/costmap_converter_msgs/msg/detail/obstacle_msg__struct.hpp
[17.376s] -- Symlinking: /home/chotaehyun/waver_ws/install/costmap_converter_msgs/include/costmap_converter_msgs/costmap_converter_msgs/msg/detail/obstacle_msg__traits.hpp
[17.376s] -- Symlinking: /home/chotaehyun/waver_ws/install/costmap_converter_msgs/include/costmap_converter_msgs/costmap_converter_msgs/msg/detail/obstacle_msg__type_support.hpp
[17.381s] -- Symlinking: /home/chotaehyun/waver_ws/install/costmap_converter_msgs/include/costmap_converter_msgs/costmap_converter_msgs/msg/obstacle_array_msg.hpp
[17.382s] -- Symlinking: /home/chotaehyun/waver_ws/install/costmap_converter_msgs/include/costmap_converter_msgs/costmap_converter_msgs/msg/obstacle_msg.hpp
[17.382s] -- Symlinking: /home/chotaehyun/waver_ws/install/costmap_converter_msgs/include/costmap_converter_msgs/costmap_converter_msgs/msg/rosidl_generator_cpp__visibility_control.hpp
[17.382s] -- Symlinking: /home/chotaehyun/waver_ws/install/costmap_converter_msgs/include/costmap_converter_msgs/costmap_converter_msgs/msg/detail/obstacle_array_msg__rosidl_typesupport_fastrtps_cpp.hpp
[17.382s] -- Symlinking: /home/chotaehyun/waver_ws/install/costmap_converter_msgs/include/costmap_converter_msgs/costmap_converter_msgs/msg/detail/obstacle_msg__rosidl_typesupport_fastrtps_cpp.hpp
[17.382s] -- Symlinking: /home/chotaehyun/waver_ws/install/costmap_converter_msgs/include/costmap_converter_msgs/costmap_converter_msgs/msg/rosidl_typesupport_fastrtps_cpp__visibility_control.h
[17.382s] -- Symlinking: /home/chotaehyun/waver_ws/install/costmap_converter_msgs/include/costmap_converter_msgs/costmap_converter_msgs/msg/detail/obstacle_array_msg__rosidl_typesupport_introspection_c.h
[17.382s] -- Symlinking: /home/chotaehyun/waver_ws/install/costmap_converter_msgs/include/costmap_converter_msgs/costmap_converter_msgs/msg/detail/obstacle_msg__rosidl_typesupport_introspection_c.h
[17.382s] -- Symlinking: /home/chotaehyun/waver_ws/install/costmap_converter_msgs/include/costmap_converter_msgs/costmap_converter_msgs/msg/rosidl_typesupport_introspection_c__visibility_control.h
[17.382s] -- Symlinking: /home/chotaehyun/waver_ws/install/costmap_converter_msgs/include/costmap_converter_msgs/costmap_converter_msgs/msg/detail/obstacle_array_msg__rosidl_typesupport_introspection_cpp.hpp
[17.383s] -- Symlinking: /home/chotaehyun/waver_ws/install/costmap_converter_msgs/include/costmap_converter_msgs/costmap_converter_msgs/msg/detail/obstacle_msg__rosidl_typesupport_introspection_cpp.hpp
[17.391s] -- Symlinking: /home/chotaehyun/waver_ws/install/costmap_converter_msgs/share/costmap_converter_msgs/environment/pythonpath.sh
[17.399s] -- Symlinking: /home/chotaehyun/waver_ws/install/costmap_converter_msgs/share/costmap_converter_msgs/environment/pythonpath.dsv
[17.426s] -- Symlinking: /home/chotaehyun/waver_ws/install/costmap_converter_msgs/local/lib/python3.10/dist-packages/costmap_converter_msgs-0.1.2-py3.10.egg-info/PKG-INFO
[17.447s] -- Symlinking: /home/chotaehyun/waver_ws/install/costmap_converter_msgs/local/lib/python3.10/dist-packages/costmap_converter_msgs-0.1.2-py3.10.egg-info/SOURCES.txt
[17.467s] -- Symlinking: /home/chotaehyun/waver_ws/install/costmap_converter_msgs/local/lib/python3.10/dist-packages/costmap_converter_msgs-0.1.2-py3.10.egg-info/dependency_links.txt
[17.495s] -- Symlinking: /home/chotaehyun/waver_ws/install/costmap_converter_msgs/local/lib/python3.10/dist-packages/costmap_converter_msgs-0.1.2-py3.10.egg-info/top_level.txt
[17.512s] -- Symlinking: /home/chotaehyun/waver_ws/install/costmap_converter_msgs/local/lib/python3.10/dist-packages/costmap_converter_msgs/__init__.py
[17.532s] -- Symlinking: /home/chotaehyun/waver_ws/install/costmap_converter_msgs/local/lib/python3.10/dist-packages/costmap_converter_msgs/_costmap_converter_msgs_s.ep.rosidl_typesupport_c.c
[17.548s] -- Symlinking: /home/chotaehyun/waver_ws/install/costmap_converter_msgs/local/lib/python3.10/dist-packages/costmap_converter_msgs/_costmap_converter_msgs_s.ep.rosidl_typesupport_fastrtps_c.c
[17.578s] -- Symlinking: /home/chotaehyun/waver_ws/install/costmap_converter_msgs/local/lib/python3.10/dist-packages/costmap_converter_msgs/_costmap_converter_msgs_s.ep.rosidl_typesupport_introspection_c.c
[17.615s] -- Symlinking: /home/chotaehyun/waver_ws/install/costmap_converter_msgs/local/lib/python3.10/dist-packages/costmap_converter_msgs/costmap_converter_msgs_s__rosidl_typesupport_c.cpython-310-x86_64-linux-gnu.so
[17.648s] -- Symlinking: /home/chotaehyun/waver_ws/install/costmap_converter_msgs/local/lib/python3.10/dist-packages/costmap_converter_msgs/costmap_converter_msgs_s__rosidl_typesupport_fastrtps_c.cpython-310-x86_64-linux-gnu.so
[17.679s] -- Symlinking: /home/chotaehyun/waver_ws/install/costmap_converter_msgs/local/lib/python3.10/dist-packages/costmap_converter_msgs/costmap_converter_msgs_s__rosidl_typesupport_introspection_c.cpython-310-x86_64-linux-gnu.so
[17.714s] -- Symlinking: /home/chotaehyun/waver_ws/install/costmap_converter_msgs/local/lib/python3.10/dist-packages/costmap_converter_msgs/libcostmap_converter_msgs__rosidl_generator_py.so
[17.732s] -- Symlinking: /home/chotaehyun/waver_ws/install/costmap_converter_msgs/local/lib/python3.10/dist-packages/costmap_converter_msgs/msg/__init__.py
[17.748s] -- Symlinking: /home/chotaehyun/waver_ws/install/costmap_converter_msgs/local/lib/python3.10/dist-packages/costmap_converter_msgs/msg/_obstacle_array_msg.py
[17.764s] -- Symlinking: /home/chotaehyun/waver_ws/install/costmap_converter_msgs/local/lib/python3.10/dist-packages/costmap_converter_msgs/msg/_obstacle_array_msg_s.c
[17.780s] -- Symlinking: /home/chotaehyun/waver_ws/install/costmap_converter_msgs/local/lib/python3.10/dist-packages/costmap_converter_msgs/msg/_obstacle_msg.py
[17.802s] -- Symlinking: /home/chotaehyun/waver_ws/install/costmap_converter_msgs/local/lib/python3.10/dist-packages/costmap_converter_msgs/msg/_obstacle_msg_s.c
[17.827s] -- Up-to-date symlink: /home/chotaehyun/waver_ws/install/costmap_converter_msgs/local/lib/python3.10/dist-packages/costmap_converter_msgs/costmap_converter_msgs_s__rosidl_typesupport_fastrtps_c.cpython-310-x86_64-linux-gnu.so
[17.827s] -- Up-to-date symlink: /home/chotaehyun/waver_ws/install/costmap_converter_msgs/local/lib/python3.10/dist-packages/costmap_converter_msgs/costmap_converter_msgs_s__rosidl_typesupport_introspection_c.cpython-310-x86_64-linux-gnu.so
[17.828s] -- Up-to-date symlink: /home/chotaehyun/waver_ws/install/costmap_converter_msgs/local/lib/python3.10/dist-packages/costmap_converter_msgs/costmap_converter_msgs_s__rosidl_typesupport_c.cpython-310-x86_64-linux-gnu.so
[17.831s] -- Symlinking: /home/chotaehyun/waver_ws/install/costmap_converter_msgs/share/costmap_converter_msgs/msg/ObstacleMsg.idl
[17.865s] -- Symlinking: /home/chotaehyun/waver_ws/install/costmap_converter_msgs/share/costmap_converter_msgs/msg/ObstacleArrayMsg.idl
[17.905s] -- Symlinking: /home/chotaehyun/waver_ws/install/costmap_converter_msgs/share/costmap_converter_msgs/msg/ObstacleMsg.msg
[17.929s] -- Symlinking: /home/chotaehyun/waver_ws/install/costmap_converter_msgs/share/costmap_converter_msgs/msg/ObstacleArrayMsg.msg
[17.960s] -- Symlinking: /home/chotaehyun/waver_ws/install/costmap_converter_msgs/share/ament_index/resource_index/package_run_dependencies/costmap_converter_msgs
[17.978s] -- Symlinking: /home/chotaehyun/waver_ws/install/costmap_converter_msgs/share/ament_index/resource_index/parent_prefix_path/costmap_converter_msgs
[17.995s] -- Symlinking: /home/chotaehyun/waver_ws/install/costmap_converter_msgs/share/costmap_converter_msgs/environment/ament_prefix_path.sh
[18.012s] -- Symlinking: /home/chotaehyun/waver_ws/install/costmap_converter_msgs/share/costmap_converter_msgs/environment/ament_prefix_path.dsv
[18.029s] -- Symlinking: /home/chotaehyun/waver_ws/install/costmap_converter_msgs/share/costmap_converter_msgs/environment/path.sh
[18.049s] -- Symlinking: /home/chotaehyun/waver_ws/install/costmap_converter_msgs/share/costmap_converter_msgs/environment/path.dsv
[18.062s] -- Symlinking: /home/chotaehyun/waver_ws/install/costmap_converter_msgs/share/costmap_converter_msgs/local_setup.bash
[18.078s] -- Symlinking: /home/chotaehyun/waver_ws/install/costmap_converter_msgs/share/costmap_converter_msgs/local_setup.sh
[18.097s] -- Symlinking: /home/chotaehyun/waver_ws/install/costmap_converter_msgs/share/costmap_converter_msgs/local_setup.zsh
[18.116s] -- Symlinking: /home/chotaehyun/waver_ws/install/costmap_converter_msgs/share/costmap_converter_msgs/local_setup.dsv
[18.148s] -- Symlinking: /home/chotaehyun/waver_ws/install/costmap_converter_msgs/share/costmap_converter_msgs/package.dsv
[18.181s] -- Symlinking: /home/chotaehyun/waver_ws/install/costmap_converter_msgs/share/ament_index/resource_index/packages/costmap_converter_msgs
[18.213s] -- Symlinking: /home/chotaehyun/waver_ws/install/costmap_converter_msgs/share/costmap_converter_msgs/cmake/rosidl_cmake-extras.cmake
[18.255s] -- Symlinking: /home/chotaehyun/waver_ws/install/costmap_converter_msgs/share/costmap_converter_msgs/cmake/ament_cmake_export_dependencies-extras.cmake
[18.286s] -- Symlinking: /home/chotaehyun/waver_ws/install/costmap_converter_msgs/share/costmap_converter_msgs/cmake/ament_cmake_export_include_directories-extras.cmake
[18.321s] -- Symlinking: /home/chotaehyun/waver_ws/install/costmap_converter_msgs/share/costmap_converter_msgs/cmake/ament_cmake_export_libraries-extras.cmake
[18.357s] -- Symlinking: /home/chotaehyun/waver_ws/install/costmap_converter_msgs/share/costmap_converter_msgs/cmake/ament_cmake_export_targets-extras.cmake
[18.388s] -- Symlinking: /home/chotaehyun/waver_ws/install/costmap_converter_msgs/share/costmap_converter_msgs/cmake/rosidl_cmake_export_typesupport_targets-extras.cmake
[18.414s] -- Symlinking: /home/chotaehyun/waver_ws/install/costmap_converter_msgs/share/costmap_converter_msgs/cmake/rosidl_cmake_export_typesupport_libraries-extras.cmake
[18.437s] -- Symlinking: /home/chotaehyun/waver_ws/install/costmap_converter_msgs/share/costmap_converter_msgs/cmake/costmap_converter_msgsConfig.cmake
[18.470s] -- Symlinking: /home/chotaehyun/waver_ws/install/costmap_converter_msgs/share/costmap_converter_msgs/cmake/costmap_converter_msgsConfig-version.cmake
[18.503s] -- Symlinking: /home/chotaehyun/waver_ws/install/costmap_converter_msgs/share/costmap_converter_msgs/package.xml
[18.536s] -- Installing: /home/chotaehyun/waver_ws/install/costmap_converter_msgs/lib/libcostmap_converter_msgs__rosidl_generator_c.so
[18.536s] -- Set runtime path of "/home/chotaehyun/waver_ws/install/costmap_converter_msgs/lib/libcostmap_converter_msgs__rosidl_generator_c.so" to ""
[18.539s] -- Installing: /home/chotaehyun/waver_ws/install/costmap_converter_msgs/lib/libcostmap_converter_msgs__rosidl_typesupport_fastrtps_c.so
[18.542s] -- Set runtime path of "/home/chotaehyun/waver_ws/install/costmap_converter_msgs/lib/libcostmap_converter_msgs__rosidl_typesupport_fastrtps_c.so" to ""
[18.542s] -- Installing: /home/chotaehyun/waver_ws/install/costmap_converter_msgs/lib/libcostmap_converter_msgs__rosidl_typesupport_fastrtps_cpp.so
[18.542s] -- Set runtime path of "/home/chotaehyun/waver_ws/install/costmap_converter_msgs/lib/libcostmap_converter_msgs__rosidl_typesupport_fastrtps_cpp.so" to ""
[18.542s] -- Installing: /home/chotaehyun/waver_ws/install/costmap_converter_msgs/lib/libcostmap_converter_msgs__rosidl_typesupport_introspection_c.so
[18.542s] -- Set runtime path of "/home/chotaehyun/waver_ws/install/costmap_converter_msgs/lib/libcostmap_converter_msgs__rosidl_typesupport_introspection_c.so" to ""
[18.543s] -- Installing: /home/chotaehyun/waver_ws/install/costmap_converter_msgs/lib/libcostmap_converter_msgs__rosidl_typesupport_c.so
[18.544s] -- Set runtime path of "/home/chotaehyun/waver_ws/install/costmap_converter_msgs/lib/libcostmap_converter_msgs__rosidl_typesupport_c.so" to ""
[18.549s] -- Installing: /home/chotaehyun/waver_ws/install/costmap_converter_msgs/lib/libcostmap_converter_msgs__rosidl_typesupport_introspection_cpp.so
[18.549s] -- Set runtime path of "/home/chotaehyun/waver_ws/install/costmap_converter_msgs/lib/libcostmap_converter_msgs__rosidl_typesupport_introspection_cpp.so" to ""
[18.551s] -- Installing: /home/chotaehyun/waver_ws/install/costmap_converter_msgs/lib/libcostmap_converter_msgs__rosidl_typesupport_cpp.so
[18.551s] -- Set runtime path of "/home/chotaehyun/waver_ws/install/costmap_converter_msgs/lib/libcostmap_converter_msgs__rosidl_typesupport_cpp.so" to ""
[18.613s] Listing '/home/chotaehyun/waver_ws/install/costmap_converter_msgs/local/lib/python3.10/dist-packages/costmap_converter_msgs'...
[18.613s] Compiling '/home/chotaehyun/waver_ws/install/costmap_converter_msgs/local/lib/python3.10/dist-packages/costmap_converter_msgs/__init__.py'...
[18.613s] Listing '/home/chotaehyun/waver_ws/install/costmap_converter_msgs/local/lib/python3.10/dist-packages/costmap_converter_msgs/msg'...
[18.613s] Compiling '/home/chotaehyun/waver_ws/install/costmap_converter_msgs/local/lib/python3.10/dist-packages/costmap_converter_msgs/msg/__init__.py'...
[18.613s] Compiling '/home/chotaehyun/waver_ws/install/costmap_converter_msgs/local/lib/python3.10/dist-packages/costmap_converter_msgs/msg/_obstacle_array_msg.py'...
[18.613s] Compiling '/home/chotaehyun/waver_ws/install/costmap_converter_msgs/local/lib/python3.10/dist-packages/costmap_converter_msgs/msg/_obstacle_msg.py'...
[18.630s] -- Installing: /home/chotaehyun/waver_ws/install/costmap_converter_msgs/lib/libcostmap_converter_msgs__rosidl_generator_py.so
[18.631s] -- Set runtime path of "/home/chotaehyun/waver_ws/install/costmap_converter_msgs/lib/libcostmap_converter_msgs__rosidl_generator_py.so" to ""
[18.631s] -- Installing: /home/chotaehyun/waver_ws/install/costmap_converter_msgs/share/costmap_converter_msgs/cmake/export_costmap_converter_msgs__rosidl_generator_cExport.cmake
[18.631s] -- Installing: /home/chotaehyun/waver_ws/install/costmap_converter_msgs/share/costmap_converter_msgs/cmake/export_costmap_converter_msgs__rosidl_generator_cExport-noconfig.cmake
[18.631s] -- Installing: /home/chotaehyun/waver_ws/install/costmap_converter_msgs/share/costmap_converter_msgs/cmake/export_costmap_converter_msgs__rosidl_typesupport_fastrtps_cExport.cmake
[18.631s] -- Installing: /home/chotaehyun/waver_ws/install/costmap_converter_msgs/share/costmap_converter_msgs/cmake/export_costmap_converter_msgs__rosidl_typesupport_fastrtps_cExport-noconfig.cmake
[18.631s] -- Installing: /home/chotaehyun/waver_ws/install/costmap_converter_msgs/share/costmap_converter_msgs/cmake/export_costmap_converter_msgs__rosidl_generator_cppExport.cmake
[18.631s] -- Installing: /home/chotaehyun/waver_ws/install/costmap_converter_msgs/share/costmap_converter_msgs/cmake/export_costmap_converter_msgs__rosidl_typesupport_fastrtps_cppExport.cmake
[18.632s] -- Installing: /home/chotaehyun/waver_ws/install/costmap_converter_msgs/share/costmap_converter_msgs/cmake/export_costmap_converter_msgs__rosidl_typesupport_fastrtps_cppExport-noconfig.cmake
[18.633s] -- Installing: /home/chotaehyun/waver_ws/install/costmap_converter_msgs/share/costmap_converter_msgs/cmake/costmap_converter_msgs__rosidl_typesupport_introspection_cExport.cmake
[18.635s] -- Installing: /home/chotaehyun/waver_ws/install/costmap_converter_msgs/share/costmap_converter_msgs/cmake/costmap_converter_msgs__rosidl_typesupport_introspection_cExport-noconfig.cmake
[18.635s] -- Installing: /home/chotaehyun/waver_ws/install/costmap_converter_msgs/share/costmap_converter_msgs/cmake/costmap_converter_msgs__rosidl_typesupport_cExport.cmake
[18.637s] -- Installing: /home/chotaehyun/waver_ws/install/costmap_converter_msgs/share/costmap_converter_msgs/cmake/costmap_converter_msgs__rosidl_typesupport_cExport-noconfig.cmake
[18.637s] -- Installing: /home/chotaehyun/waver_ws/install/costmap_converter_msgs/share/costmap_converter_msgs/cmake/costmap_converter_msgs__rosidl_typesupport_introspection_cppExport.cmake
[18.638s] -- Installing: /home/chotaehyun/waver_ws/install/costmap_converter_msgs/share/costmap_converter_msgs/cmake/costmap_converter_msgs__rosidl_typesupport_introspection_cppExport-noconfig.cmake
[18.638s] -- Installing: /home/chotaehyun/waver_ws/install/costmap_converter_msgs/share/costmap_converter_msgs/cmake/costmap_converter_msgs__rosidl_typesupport_cppExport.cmake
[18.640s] -- Installing: /home/chotaehyun/waver_ws/install/costmap_converter_msgs/share/costmap_converter_msgs/cmake/costmap_converter_msgs__rosidl_typesupport_cppExport-noconfig.cmake
[18.647s] -- Installing: /home/chotaehyun/waver_ws/install/costmap_converter_msgs/share/costmap_converter_msgs/cmake/export_costmap_converter_msgs__rosidl_generator_pyExport.cmake
[18.649s] -- Installing: /home/chotaehyun/waver_ws/install/costmap_converter_msgs/share/costmap_converter_msgs/cmake/export_costmap_converter_msgs__rosidl_generator_pyExport-noconfig.cmake
[18.708s] Invoked command in '/home/chotaehyun/waver_ws/build/costmap_converter_msgs' returned '0': CMAKE_PREFIX_PATH=/opt/ros/humble /usr/bin/cmake --install /home/chotaehyun/waver_ws/build/costmap_converter_msgs
