[0.032s] Invoking command in '/home/chotaehyun/waver_ws/build/ugv_slam': CMAKE_PREFIX_PATH=/opt/ros/humble /usr/bin/cmake /home/chotaehyun/waver_ws/src/ugv_ws/src/ugv_main/ugv_slam -DAMENT_CMAKE_SYMLINK_INSTALL=1 -DCMAKE_INSTALL_PREFIX=/home/chotaehyun/waver_ws/install/ugv_slam
[2.884s] -- The C compiler identification is GNU 11.4.0
[2.884s] -- The CXX compiler identification is GNU 11.4.0
[2.884s] -- Detecting C compiler ABI info
[2.885s] -- Detecting C compiler ABI info - done
[2.885s] -- Check for working C compiler: /usr/bin/cc - skipped
[2.885s] -- Detecting C compile features
[2.885s] -- Detecting C compile features - done
[2.885s] -- Detecting CXX compiler ABI info
[2.885s] -- Detecting CXX compiler ABI info - done
[2.885s] -- Check for working CXX compiler: /usr/bin/c++ - skipped
[2.885s] -- Detecting CXX compile features
[2.885s] -- Detecting CXX compile features - done
[2.885s] -- Found ament_cmake: 1.3.14 (/opt/ros/humble/share/ament_cmake/cmake)
[2.885s] -- Found Python3: /usr/bin/python3 (found version "3.10.12") found components: Interpreter 
[2.885s] -- Override CMake install command with custom implementation using symlinks instead of copying resources
[2.885s] -- Found ament_lint_auto: 0.12.15 (/opt/ros/humble/share/ament_lint_auto/cmake)
[2.885s] -- Added test 'copyright' to check source files copyright and LICENSE
[2.886s] -- Added test 'flake8' to check Python code syntax and style conventions
[2.886s] -- Added test 'lint_cmake' to check CMake code style
[2.886s] -- Added test 'pep257' to check Python code against some of the docstring style conventions in PEP 257
[2.886s] -- Added test 'xmllint' to check XML markup files
[2.886s] -- Configuring done
[2.886s] -- Generating done
[2.886s] -- Build files have been written to: /home/chotaehyun/waver_ws/build/ugv_slam
[2.919s] Invoked command in '/home/chotaehyun/waver_ws/build/ugv_slam' returned '0': CMAKE_PREFIX_PATH=/opt/ros/humble /usr/bin/cmake /home/chotaehyun/waver_ws/src/ugv_ws/src/ugv_main/ugv_slam -DAMENT_CMAKE_SYMLINK_INSTALL=1 -DCMAKE_INSTALL_PREFIX=/home/chotaehyun/waver_ws/install/ugv_slam
[2.921s] Invoking command in '/home/chotaehyun/waver_ws/build/ugv_slam': CMAKE_PREFIX_PATH=/opt/ros/humble /usr/bin/cmake --build /home/chotaehyun/waver_ws/build/ugv_slam -- -j16 -l16
[10.418s] Invoked command in '/home/chotaehyun/waver_ws/build/ugv_slam' returned '0': CMAKE_PREFIX_PATH=/opt/ros/humble /usr/bin/cmake --build /home/chotaehyun/waver_ws/build/ugv_slam -- -j16 -l16
[10.419s] Invoking command in '/home/chotaehyun/waver_ws/build/ugv_slam': CMAKE_PREFIX_PATH=/opt/ros/humble /usr/bin/cmake --install /home/chotaehyun/waver_ws/build/ugv_slam
[12.211s] -- Install configuration: ""
[12.216s] -- Execute custom install script
[12.216s] -- Symlinking: /home/chotaehyun/waver_ws/install/ugv_slam/share/ugv_slam/launch/cartographer.launch.py
[12.217s] -- Symlinking: /home/chotaehyun/waver_ws/install/ugv_slam/share/ugv_slam/launch/gmapping.launch.py
[12.217s] -- Symlinking: /home/chotaehyun/waver_ws/install/ugv_slam/share/ugv_slam/launch/rtabmap_rgbd.launch.py
[12.217s] -- Symlinking: /home/chotaehyun/waver_ws/install/ugv_slam/share/ugv_slam/rviz/view_slam_2d.rviz
[12.217s] -- Symlinking: /home/chotaehyun/waver_ws/install/ugv_slam/share/ugv_slam/rviz/view_slam_3d.rviz
[12.221s] -- Symlinking: /home/chotaehyun/waver_ws/install/ugv_slam/share/ament_index/resource_index/package_run_dependencies/ugv_slam
[12.221s] -- Symlinking: /home/chotaehyun/waver_ws/install/ugv_slam/share/ament_index/resource_index/parent_prefix_path/ugv_slam
[12.222s] -- Symlinking: /home/chotaehyun/waver_ws/install/ugv_slam/share/ugv_slam/environment/ament_prefix_path.sh
[12.222s] -- Symlinking: /home/chotaehyun/waver_ws/install/ugv_slam/share/ugv_slam/environment/ament_prefix_path.dsv
[12.222s] -- Symlinking: /home/chotaehyun/waver_ws/install/ugv_slam/share/ugv_slam/environment/path.sh
[12.222s] -- Symlinking: /home/chotaehyun/waver_ws/install/ugv_slam/share/ugv_slam/environment/path.dsv
[12.222s] -- Symlinking: /home/chotaehyun/waver_ws/install/ugv_slam/share/ugv_slam/local_setup.bash
[12.222s] -- Symlinking: /home/chotaehyun/waver_ws/install/ugv_slam/share/ugv_slam/local_setup.sh
[12.222s] -- Symlinking: /home/chotaehyun/waver_ws/install/ugv_slam/share/ugv_slam/local_setup.zsh
[12.222s] -- Symlinking: /home/chotaehyun/waver_ws/install/ugv_slam/share/ugv_slam/local_setup.dsv
[12.222s] -- Symlinking: /home/chotaehyun/waver_ws/install/ugv_slam/share/ugv_slam/package.dsv
[12.222s] -- Symlinking: /home/chotaehyun/waver_ws/install/ugv_slam/share/ament_index/resource_index/packages/ugv_slam
[12.222s] -- Symlinking: /home/chotaehyun/waver_ws/install/ugv_slam/share/ugv_slam/cmake/ugv_slamConfig.cmake
[12.222s] -- Symlinking: /home/chotaehyun/waver_ws/install/ugv_slam/share/ugv_slam/cmake/ugv_slamConfig-version.cmake
[12.222s] -- Symlinking: /home/chotaehyun/waver_ws/install/ugv_slam/share/ugv_slam/package.xml
[12.449s] Invoked command in '/home/chotaehyun/waver_ws/build/ugv_slam' returned '0': CMAKE_PREFIX_PATH=/opt/ros/humble /usr/bin/cmake --install /home/chotaehyun/waver_ws/build/ugv_slam
