[0.718s] Invoking command in '/home/chotaehyun/waver_ws/build/ugv_base_node': CMAKE_PREFIX_PATH=/opt/ros/humble /usr/bin/cmake --build /home/chotaehyun/waver_ws/build/ugv_base_node -- -j16 -l16
[1.508s] [100%] Built target base_node_ekf
[1.508s] [100%] Built target base_node
[1.564s] Invoked command in '/home/chotaehyun/waver_ws/build/ugv_base_node' returned '0': CMAKE_PREFIX_PATH=/opt/ros/humble /usr/bin/cmake --build /home/chotaehyun/waver_ws/build/ugv_base_node -- -j16 -l16
[1.566s] Invoking command in '/home/chotaehyun/waver_ws/build/ugv_base_node': CMAKE_PREFIX_PATH=/opt/ros/humble /usr/bin/cmake --install /home/chotaehyun/waver_ws/build/ugv_base_node
[1.673s] -- Install configuration: ""
[1.673s] -- Execute custom install script
[1.673s] -- Up-to-date symlink: /home/chotaehyun/waver_ws/install/ugv_base_node/lib/ugv_base_node/base_node
[1.673s] -- Up-to-date symlink: /home/chotaehyun/waver_ws/install/ugv_base_node/lib/ugv_base_node/base_node_ekf
[1.673s] -- Up-to-date symlink: /home/chotaehyun/waver_ws/install/ugv_base_node/share/ament_index/resource_index/package_run_dependencies/ugv_base_node
[1.673s] -- Up-to-date symlink: /home/chotaehyun/waver_ws/install/ugv_base_node/share/ament_index/resource_index/parent_prefix_path/ugv_base_node
[1.674s] -- Up-to-date symlink: /home/chotaehyun/waver_ws/install/ugv_base_node/share/ugv_base_node/environment/ament_prefix_path.sh
[1.674s] -- Up-to-date symlink: /home/chotaehyun/waver_ws/install/ugv_base_node/share/ugv_base_node/environment/ament_prefix_path.dsv
[1.674s] -- Up-to-date symlink: /home/chotaehyun/waver_ws/install/ugv_base_node/share/ugv_base_node/environment/path.sh
[1.674s] -- Up-to-date symlink: /home/chotaehyun/waver_ws/install/ugv_base_node/share/ugv_base_node/environment/path.dsv
[1.674s] -- Up-to-date symlink: /home/chotaehyun/waver_ws/install/ugv_base_node/share/ugv_base_node/local_setup.bash
[1.674s] -- Up-to-date symlink: /home/chotaehyun/waver_ws/install/ugv_base_node/share/ugv_base_node/local_setup.sh
[1.674s] -- Up-to-date symlink: /home/chotaehyun/waver_ws/install/ugv_base_node/share/ugv_base_node/local_setup.zsh
[1.674s] -- Up-to-date symlink: /home/chotaehyun/waver_ws/install/ugv_base_node/share/ugv_base_node/local_setup.dsv
[1.674s] -- Symlinking: /home/chotaehyun/waver_ws/install/ugv_base_node/share/ugv_base_node/package.dsv
[1.703s] -- Up-to-date symlink: /home/chotaehyun/waver_ws/install/ugv_base_node/share/ament_index/resource_index/packages/ugv_base_node
[1.704s] -- Up-to-date symlink: /home/chotaehyun/waver_ws/install/ugv_base_node/share/ugv_base_node/cmake/ugv_base_nodeConfig.cmake
[1.706s] -- Up-to-date symlink: /home/chotaehyun/waver_ws/install/ugv_base_node/share/ugv_base_node/cmake/ugv_base_nodeConfig-version.cmake
[1.706s] -- Up-to-date symlink: /home/chotaehyun/waver_ws/install/ugv_base_node/share/ugv_base_node/package.xml
[1.943s] Invoked command in '/home/chotaehyun/waver_ws/build/ugv_base_node' returned '0': CMAKE_PREFIX_PATH=/opt/ros/humble /usr/bin/cmake --install /home/chotaehyun/waver_ws/build/ugv_base_node
