[01m[K/home/chotaehyun/waver_ws/src/ugv_ws/src/ugv_else/apriltag_ros/apriltag_ros/src/AprilTagNode.cpp:[m[K In constructor ‘[01m[KAprilTagNode::AprilTagNode(rclcpp::NodeOptions)[m[K’:
[01m[K/home/chotaehyun/waver_ws/src/ugv_ws/src/ugv_else/apriltag_ros/apriltag_ros/src/AprilTagNode.cpp:84:59:[m[K [01;35m[Kwarning: [m[Kconverting to ‘[01m[Kconst ParameterDescriptor[m[K’ {aka ‘[01m[Kconst rcl_interfaces::msg::ParameterDescriptor_<std::allocator<void> >[m[K’} from initializer list would use explicit constructor ‘[01m[Krcl_interfaces::msg::ParameterDescriptor_<ContainerAllocator>::ParameterDescriptor_(rosidl_runtime_cpp::MessageInitialization) [with ContainerAllocator = std::allocator<void>][m[K’
   84 |   const auto ids = [01;35m[Kdeclare_parameter<std::vector<int64_t>>("tag_ids", {})[m[K;
      |                    [01;35m[K~~~~~~~~~~~~~~~~~~~~~~~~~~~~~~~~~~~~~~~^~~~~~~~~~~~~~~[m[K
[01m[K/home/chotaehyun/waver_ws/src/ugv_ws/src/ugv_else/apriltag_ros/apriltag_ros/src/AprilTagNode.cpp:84:59:[m[K [01;36m[Knote: [m[Kin C++11 and above a default constructor can be explicit
[01m[K/home/chotaehyun/waver_ws/src/ugv_ws/src/ugv_else/apriltag_ros/apriltag_ros/src/AprilTagNode.cpp:85:66:[m[K [01;35m[Kwarning: [m[Kconverting to ‘[01m[Kconst ParameterDescriptor[m[K’ {aka ‘[01m[Kconst rcl_interfaces::msg::ParameterDescriptor_<std::allocator<void> >[m[K’} from initializer list would use explicit constructor ‘[01m[Krcl_interfaces::msg::ParameterDescriptor_<ContainerAllocator>::ParameterDescriptor_(rosidl_runtime_cpp::MessageInitialization) [with ContainerAllocator = std::allocator<void>][m[K’
   85 |   const auto frames = [01;35m[Kdeclare_parameter<std::vector<std::string>>("tag_frames", {})[m[K;
      |                       [01;35m[K~~~~~~~~~~~~~~~~~~~~~~~~~~~~~~~~~~~~~~~~~~~^~~~~~~~~~~~~~~~~~[m[K
[01m[K/home/chotaehyun/waver_ws/src/ugv_ws/src/ugv_else/apriltag_ros/apriltag_ros/src/AprilTagNode.cpp:85:66:[m[K [01;36m[Knote: [m[Kin C++11 and above a default constructor can be explicit
[01m[K/home/chotaehyun/waver_ws/src/ugv_ws/src/ugv_else/apriltag_ros/apriltag_ros/src/AprilTagNode.cpp:97:60:[m[K [01;35m[Kwarning: [m[Kconverting to ‘[01m[Kconst ParameterDescriptor[m[K’ {aka ‘[01m[Kconst rcl_interfaces::msg::ParameterDescriptor_<std::allocator<void> >[m[K’} from initializer list would use explicit constructor ‘[01m[Krcl_interfaces::msg::ParameterDescriptor_<ContainerAllocator>::ParameterDescriptor_(rosidl_runtime_cpp::MessageInitialization) [with ContainerAllocator = std::allocator<void>][m[K’
   97 |   const auto sizes = [01;35m[Kdeclare_parameter<std::vector<double>>("tag_sizes", {})[m[K;
      |                      [01;35m[K~~~~~~~~~~~~~~~~~~~~~~~~~~~~~~~~~~~~~~^~~~~~~~~~~~~~~~~[m[K
[01m[K/home/chotaehyun/waver_ws/src/ugv_ws/src/ugv_else/apriltag_ros/apriltag_ros/src/AprilTagNode.cpp:97:60:[m[K [01;36m[Knote: [m[Kin C++11 and above a default constructor can be explicit
[01m[K/home/chotaehyun/waver_ws/src/ugv_ws/src/ugv_else/apriltag_ros/apriltag_ros/src/AprilTagNode.cpp:[m[K In constructor ‘[01m[KAprilTagNode::AprilTagNode(rclcpp::NodeOptions)[m[K’:
[01m[K/home/chotaehyun/waver_ws/src/ugv_ws/src/ugv_else/apriltag_ros/apriltag_ros/src/AprilTagNode.cpp:84:59:[m[K [01;35m[Kwarning: [m[Kconverting to ‘[01m[Kconst ParameterDescriptor[m[K’ {aka ‘[01m[Kconst rcl_interfaces::msg::ParameterDescriptor_<std::allocator<void> >[m[K’} from initializer list would use explicit constructor ‘[01m[Krcl_interfaces::msg::ParameterDescriptor_<ContainerAllocator>::ParameterDescriptor_(rosidl_runtime_cpp::MessageInitialization) [with ContainerAllocator = std::allocator<void>][m[K’
   84 |   const auto ids = [01;35m[Kdeclare_parameter<std::vector<int64_t>>("tag_ids", {})[m[K;
      |                    [01;35m[K~~~~~~~~~~~~~~~~~~~~~~~~~~~~~~~~~~~~~~~^~~~~~~~~~~~~~~[m[K
[01m[K/home/chotaehyun/waver_ws/src/ugv_ws/src/ugv_else/apriltag_ros/apriltag_ros/src/AprilTagNode.cpp:84:59:[m[K [01;36m[Knote: [m[Kin C++11 and above a default constructor can be explicit
[01m[K/home/chotaehyun/waver_ws/src/ugv_ws/src/ugv_else/apriltag_ros/apriltag_ros/src/AprilTagNode.cpp:85:66:[m[K [01;35m[Kwarning: [m[Kconverting to ‘[01m[Kconst ParameterDescriptor[m[K’ {aka ‘[01m[Kconst rcl_interfaces::msg::ParameterDescriptor_<std::allocator<void> >[m[K’} from initializer list would use explicit constructor ‘[01m[Krcl_interfaces::msg::ParameterDescriptor_<ContainerAllocator>::ParameterDescriptor_(rosidl_runtime_cpp::MessageInitialization) [with ContainerAllocator = std::allocator<void>][m[K’
   85 | st auto frames = [01;35m[Kdeclare_parameter<std::vector<std::string>>("tag_frames", {})[m[K;
      |                  [01;35m[K~~~~~~~~~~~~~~~~~~~~~~~~~~~~~~~~~~~~~~~~~~~^~~~~~~~~~~~~~~~~~[m[K

[01m[K/home/chotaehyun/waver_ws/src/ugv_ws/src/ugv_else/apriltag_ros/apriltag_ros/src/AprilTagNode.cpp:85:66:[m[K [01;36m[Knote: [m[Kin C++11 and above a default constructor can be explicit
[01m[K/home/chotaehyun/waver_ws/src/ugv_ws/src/ugv_else/apriltag_ros/apriltag_ros/src/AprilTagNode.cpp:97:60:[m[K [01;35m[Kwarning: [m[Kconverting to ‘[01m[Kconst ParameterDescriptor[m[K’ {aka ‘[01m[Kconst rcl_interfaces::msg::ParameterDescriptor_<std::allocator<void> >[m[K’} from initializer list would use explicit constructor ‘[01m[Krcl_interfaces::msg::ParameterDescriptor_<ContainerAllocator>::ParameterDescriptor_(rosidl_runtime_cpp::MessageInitialization) [with ContainerAllocator = std::allocator<void>][m[K’
   97 |   const auto sizes = [01;35m[Kdeclare_parameter<std::vector<double>>("tag_sizes", {})[m[K;
      |                      [01;35m[K~~~~~~~~~~~~~~~~~~~~~~~~~~~~~~~~~~~~~~^~~~~~~~~~~~~~~~~[m[K
[01m[K/home/chotaehyun/waver_ws/src/ugv_ws/src/ugv_else/apriltag_ros/apriltag_ros/src/AprilTagNode.cpp:97:60:[m[K [01;36m[Knote: [m[Kin C++11 and above a default constructor can be explicit
