[0.124s] Invoking command in '/home/chotaehyun/waver_ws/build/apriltag_ros': AMENT_PREFIX_PATH=/home/chotaehyun/waver_ws/install/apriltag_msgs:${AMENT_PREFIX_PATH} CMAKE_PREFIX_PATH=/home/chotaehyun/waver_ws/install/apriltag_msgs:/home/chotaehyun/waver_ws/install/apriltag:/opt/ros/humble LD_LIBRARY_PATH=/home/chotaehyun/waver_ws/install/apriltag_msgs/lib:/home/chotaehyun/waver_ws/install/apriltag/lib:${LD_LIBRARY_PATH} PATH=/home/chotaehyun/waver_ws/install/apriltag/bin:${PATH} PKG_CONFIG_PATH=/home/chotaehyun/waver_ws/install/apriltag/lib/x86_64-linux-gnu/pkgconfig:/home/chotaehyun/waver_ws/install/apriltag/lib/pkgconfig PYTHONPATH=/home/chotaehyun/waver_ws/install/apriltag_msgs/local/lib/python3.10/dist-packages:/home/chotaehyun/waver_ws/install/apriltag/lib/python3.10/site-packages:${PYTHONPATH} /usr/bin/cmake /home/chotaehyun/waver_ws/src/ugv_ws/src/ugv_else/apriltag_ros/apriltag_ros -DAMENT_CMAKE_SYMLINK_INSTALL=1 -DCMAKE_INSTALL_PREFIX=/home/chotaehyun/waver_ws/install/apriltag_ros
[1.883s] -- The C compiler identification is GNU 11.4.0
[1.883s] -- The CXX compiler identification is GNU 11.4.0
[1.883s] -- Detecting C compiler ABI info
[1.883s] -- Detecting C compiler ABI info - done
[1.884s] -- Check for working C compiler: /usr/bin/cc - skipped
[1.884s] -- Detecting C compile features
[1.884s] -- Detecting C compile features - done
[1.884s] -- Detecting CXX compiler ABI info
[1.884s] -- Detecting CXX compiler ABI info - done
[1.884s] -- Check for working CXX compiler: /usr/bin/c++ - skipped
[1.884s] -- Detecting CXX compile features
[1.884s] -- Detecting CXX compile features - done
[1.884s] -- Found rclcpp: 16.0.18 (/opt/ros/humble/share/rclcpp/cmake)
[1.884s] -- Found Python3: /usr/bin/python3 (found version "3.10.12") found components: Interpreter 
[1.884s] -- Override CMake install command with custom implementation using symlinks instead of copying resources
[1.995s] -- Found rosidl_generator_c: 3.1.8 (/opt/ros/humble/share/rosidl_generator_c/cmake)
[2.005s] -- Found rosidl_adapter: 3.1.8 (/opt/ros/humble/share/rosidl_adapter/cmake)
[2.026s] -- Found rosidl_generator_cpp: 3.1.8 (/opt/ros/humble/share/rosidl_generator_cpp/cmake)
[2.049s] -- Using all available rosidl_typesupport_c: rosidl_typesupport_fastrtps_c;rosidl_typesupport_introspection_c
[2.082s] -- Using all available rosidl_typesupport_cpp: rosidl_typesupport_fastrtps_cpp;rosidl_typesupport_introspection_cpp
[2.208s] -- Found rmw_implementation_cmake: 6.1.2 (/opt/ros/humble/share/rmw_implementation_cmake/cmake)
[2.210s] -- Found rmw_fastrtps_cpp: 6.2.10 (/opt/ros/humble/share/rmw_fastrtps_cpp/cmake)
[2.475s] -- Found OpenSSL: /usr/lib/x86_64-linux-gnu/libcrypto.so (found version "3.0.2")  
[2.608s] -- Found FastRTPS: /opt/ros/humble/include  
[2.772s] -- Using RMW implementation 'rmw_fastrtps_cpp' as default
[2.805s] -- Looking for pthread.h
[3.021s] -- Looking for pthread.h - found
[3.021s] -- Performing Test CMAKE_HAVE_LIBC_PTHREAD
[3.291s] -- Performing Test CMAKE_HAVE_LIBC_PTHREAD - Success
[3.291s] -- Found Threads: TRUE  
[3.485s] -- Found rclcpp_components: 16.0.18 (/opt/ros/humble/share/rclcpp_components/cmake)
[3.546s] -- Found sensor_msgs: 4.9.1 (/opt/ros/humble/share/sensor_msgs/cmake)
[3.611s] -- Found tf2_msgs: 0.25.19 (/opt/ros/humble/share/tf2_msgs/cmake)
[3.689s] -- Found tf2_ros: 0.25.19 (/opt/ros/humble/share/tf2_ros/cmake)
[3.759s] -- Found image_transport: 3.1.12 (/opt/ros/humble/share/image_transport/cmake)
[3.827s] -- Found image_geometry: 3.2.1 (/opt/ros/humble/share/image_geometry/cmake)
[3.872s] -- Found cv_bridge: 3.2.1 (/opt/ros/humble/share/cv_bridge/cmake)
[3.880s] -- Found apriltag_msgs: 0.0.0 (/home/chotaehyun/waver_ws/install/apriltag_msgs/share/apriltag_msgs/cmake)
[3.952s] -- Found OpenCV: /usr (found version "4.5.4") 
[3.972s] -- Found ament_lint_auto: 0.12.15 (/opt/ros/humble/share/ament_lint_auto/cmake)
[4.216s] -- Added test 'copyright' to check source files copyright and LICENSE
[4.221s] -- Added test 'cppcheck' to perform static code analysis on C / C++ code
[4.221s] -- Configured cppcheck include dirs: /home/chotaehyun/waver_ws/src/ugv_ws/src/ugv_else/apriltag_ros/apriltag_ros/include
[4.221s] -- Configured cppcheck exclude dirs and/or files: 
[4.224s] -- Added test 'cpplint' to check C / C++ code against the Google style
[4.224s] -- Configured cpplint exclude dirs and/or files: 
[4.225s] -- Added test 'flake8' to check Python code syntax and style conventions
[4.229s] -- Added test 'lint_cmake' to check CMake code style
[4.229s] -- Added test 'pep257' to check Python code against some of the docstring style conventions in PEP 257
[4.230s] -- Added test 'uncrustify' to check C / C++ code style
[4.230s] -- Configured uncrustify additional arguments: 
[4.232s] -- Added test 'xmllint' to check XML markup files
[4.236s] -- Configuring done
[4.283s] -- Generating done
[4.299s] -- Build files have been written to: /home/chotaehyun/waver_ws/build/apriltag_ros
[4.386s] Invoked command in '/home/chotaehyun/waver_ws/build/apriltag_ros' returned '0': AMENT_PREFIX_PATH=/home/chotaehyun/waver_ws/install/apriltag_msgs:${AMENT_PREFIX_PATH} CMAKE_PREFIX_PATH=/home/chotaehyun/waver_ws/install/apriltag_msgs:/home/chotaehyun/waver_ws/install/apriltag:/opt/ros/humble LD_LIBRARY_PATH=/home/chotaehyun/waver_ws/install/apriltag_msgs/lib:/home/chotaehyun/waver_ws/install/apriltag/lib:${LD_LIBRARY_PATH} PATH=/home/chotaehyun/waver_ws/install/apriltag/bin:${PATH} PKG_CONFIG_PATH=/home/chotaehyun/waver_ws/install/apriltag/lib/x86_64-linux-gnu/pkgconfig:/home/chotaehyun/waver_ws/install/apriltag/lib/pkgconfig PYTHONPATH=/home/chotaehyun/waver_ws/install/apriltag_msgs/local/lib/python3.10/dist-packages:/home/chotaehyun/waver_ws/install/apriltag/lib/python3.10/site-packages:${PYTHONPATH} /usr/bin/cmake /home/chotaehyun/waver_ws/src/ugv_ws/src/ugv_else/apriltag_ros/apriltag_ros -DAMENT_CMAKE_SYMLINK_INSTALL=1 -DCMAKE_INSTALL_PREFIX=/home/chotaehyun/waver_ws/install/apriltag_ros
[4.387s] Invoking command in '/home/chotaehyun/waver_ws/build/apriltag_ros': AMENT_PREFIX_PATH=/home/chotaehyun/waver_ws/install/apriltag_msgs:${AMENT_PREFIX_PATH} CMAKE_PREFIX_PATH=/home/chotaehyun/waver_ws/install/apriltag_msgs:/home/chotaehyun/waver_ws/install/apriltag:/opt/ros/humble LD_LIBRARY_PATH=/home/chotaehyun/waver_ws/install/apriltag_msgs/lib:/home/chotaehyun/waver_ws/install/apriltag/lib:${LD_LIBRARY_PATH} PATH=/home/chotaehyun/waver_ws/install/apriltag/bin:${PATH} PKG_CONFIG_PATH=/home/chotaehyun/waver_ws/install/apriltag/lib/x86_64-linux-gnu/pkgconfig:/home/chotaehyun/waver_ws/install/apriltag/lib/pkgconfig PYTHONPATH=/home/chotaehyun/waver_ws/install/apriltag_msgs/local/lib/python3.10/dist-packages:/home/chotaehyun/waver_ws/install/apriltag/lib/python3.10/site-packages:${PYTHONPATH} /usr/bin/cmake --build /home/chotaehyun/waver_ws/build/apriltag_ros -- -j16 -l16
[4.479s] [ 25%] [32mBuilding CXX object CMakeFiles/AprilTagNode.dir/src/AprilTagNode.cpp.o[0m
[4.481s] [ 50%] [32mBuilding CXX object CMakeFiles/tag_detector.dir/src/AprilTagNode.cpp.o[0m
[17.039s] [01m[K/home/chotaehyun/waver_ws/src/ugv_ws/src/ugv_else/apriltag_ros/apriltag_ros/src/AprilTagNode.cpp:[m[K In constructor ‘[01m[KAprilTagNode::AprilTagNode(rclcpp::NodeOptions)[m[K’:
[17.039s] [01m[K/home/chotaehyun/waver_ws/src/ugv_ws/src/ugv_else/apriltag_ros/apriltag_ros/src/AprilTagNode.cpp:84:59:[m[K [01;35m[Kwarning: [m[Kconverting to ‘[01m[Kconst ParameterDescriptor[m[K’ {aka ‘[01m[Kconst rcl_interfaces::msg::ParameterDescriptor_<std::allocator<void> >[m[K’} from initializer list would use explicit constructor ‘[01m[Krcl_interfaces::msg::ParameterDescriptor_<ContainerAllocator>::ParameterDescriptor_(rosidl_runtime_cpp::MessageInitialization) [with ContainerAllocator = std::allocator<void>][m[K’
[17.039s]    84 |   const auto ids = [01;35m[Kdeclare_parameter<std::vector<int64_t>>("tag_ids", {})[m[K;
[17.039s]       |                    [01;35m[K~~~~~~~~~~~~~~~~~~~~~~~~~~~~~~~~~~~~~~~^~~~~~~~~~~~~~~[m[K
[17.039s] [01m[K/home/chotaehyun/waver_ws/src/ugv_ws/src/ugv_else/apriltag_ros/apriltag_ros/src/AprilTagNode.cpp:84:59:[m[K [01;36m[Knote: [m[Kin C++11 and above a default constructor can be explicit
[17.043s] [01m[K/home/chotaehyun/waver_ws/src/ugv_ws/src/ugv_else/apriltag_ros/apriltag_ros/src/AprilTagNode.cpp:85:66:[m[K [01;35m[Kwarning: [m[Kconverting to ‘[01m[Kconst ParameterDescriptor[m[K’ {aka ‘[01m[Kconst rcl_interfaces::msg::ParameterDescriptor_<std::allocator<void> >[m[K’} from initializer list would use explicit constructor ‘[01m[Krcl_interfaces::msg::ParameterDescriptor_<ContainerAllocator>::ParameterDescriptor_(rosidl_runtime_cpp::MessageInitialization) [with ContainerAllocator = std::allocator<void>][m[K’
[17.043s]    85 |   const auto frames = [01;35m[Kdeclare_parameter<std::vector<std::string>>("tag_frames", {})[m[K;
[17.043s]       |                       [01;35m[K~~~~~~~~~~~~~~~~~~~~~~~~~~~~~~~~~~~~~~~~~~~^~~~~~~~~~~~~~~~~~[m[K
[17.043s] [01m[K/home/chotaehyun/waver_ws/src/ugv_ws/src/ugv_else/apriltag_ros/apriltag_ros/src/AprilTagNode.cpp:85:66:[m[K [01;36m[Knote: [m[Kin C++11 and above a default constructor can be explicit
[17.055s] [01m[K/home/chotaehyun/waver_ws/src/ugv_ws/src/ugv_else/apriltag_ros/apriltag_ros/src/AprilTagNode.cpp:97:60:[m[K [01;35m[Kwarning: [m[Kconverting to ‘[01m[Kconst ParameterDescriptor[m[K’ {aka ‘[01m[Kconst rcl_interfaces::msg::ParameterDescriptor_<std::allocator<void> >[m[K’} from initializer list would use explicit constructor ‘[01m[Krcl_interfaces::msg::ParameterDescriptor_<ContainerAllocator>::ParameterDescriptor_(rosidl_runtime_cpp::MessageInitialization) [with ContainerAllocator = std::allocator<void>][m[K’
[17.055s]    97 |   const auto sizes = [01;35m[Kdeclare_parameter<std::vector<double>>("tag_sizes", {})[m[K;
[17.055s]       |                      [01;35m[K~~~~~~~~~~~~~~~~~~~~~~~~~~~~~~~~~~~~~~^~~~~~~~~~~~~~~~~[m[K
[17.055s] [01m[K/home/chotaehyun/waver_ws/src/ugv_ws/src/ugv_else/apriltag_ros/apriltag_ros/src/AprilTagNode.cpp:97:60:[m[K [01;36m[Knote: [m[Kin C++11 and above a default constructor can be explicit
[17.154s] [01m[K/home/chotaehyun/waver_ws/src/ugv_ws/src/ugv_else/apriltag_ros/apriltag_ros/src/AprilTagNode.cpp:[m[K In constructor ‘[01m[KAprilTagNode::AprilTagNode(rclcpp::NodeOptions)[m[K’:
[17.155s] [01m[K/home/chotaehyun/waver_ws/src/ugv_ws/src/ugv_else/apriltag_ros/apriltag_ros/src/AprilTagNode.cpp:84:59:[m[K [01;35m[Kwarning: [m[Kconverting to ‘[01m[Kconst ParameterDescriptor[m[K’ {aka ‘[01m[Kconst rcl_interfaces::msg::ParameterDescriptor_<std::allocator<void> >[m[K’} from initializer list would use explicit constructor ‘[01m[Krcl_interfaces::msg::ParameterDescriptor_<ContainerAllocator>::ParameterDescriptor_(rosidl_runtime_cpp::MessageInitialization) [with ContainerAllocator = std::allocator<void>][m[K’
[17.155s]    84 |   const auto ids = [01;35m[Kdeclare_parameter<std::vector<int64_t>>("tag_ids", {})[m[K;
[17.155s]       |                    [01;35m[K~~~~~~~~~~~~~~~~~~~~~~~~~~~~~~~~~~~~~~~^~~~~~~~~~~~~~~[m[K
[17.155s] [01m[K/home/chotaehyun/waver_ws/src/ugv_ws/src/ugv_else/apriltag_ros/apriltag_ros/src/AprilTagNode.cpp:84:59:[m[K [01;36m[Knote: [m[Kin C++11 and above a default constructor can be explicit
[17.161s] [01m[K/home/chotaehyun/waver_ws/src/ugv_ws/src/ugv_else/apriltag_ros/apriltag_ros/src/AprilTagNode.cpp:85:66:[m[K [01;35m[Kwarning: [m[Kconverting to ‘[01m[Kconst ParameterDescriptor[m[K’ {aka ‘[01m[Kconst rcl_interfaces::msg::ParameterDescriptor_<std::allocator<void> >[m[K’} from initializer list would use explicit constructor ‘[01m[Krcl_interfaces::msg::ParameterDescriptor_<ContainerAllocator>::ParameterDescriptor_(rosidl_runtime_cpp::MessageInitialization) [with ContainerAllocator = std::allocator<void>][m[K’
[17.161s]    85 | st auto frames = [01;35m[Kdeclare_parameter<std::vector<std::string>>("tag_frames", {})[m[K;
[17.161s]       |                  [01;35m[K~~~~~~~~~~~~~~~~~~~~~~~~~~~~~~~~~~~~~~~~~~~^~~~~~~~~~~~~~~~~~[m[K
[17.161s] 
[17.161s] [01m[K/home/chotaehyun/waver_ws/src/ugv_ws/src/ugv_else/apriltag_ros/apriltag_ros/src/AprilTagNode.cpp:85:66:[m[K [01;36m[Knote: [m[Kin C++11 and above a default constructor can be explicit
[17.163s] [01m[K/home/chotaehyun/waver_ws/src/ugv_ws/src/ugv_else/apriltag_ros/apriltag_ros/src/AprilTagNode.cpp:97:60:[m[K [01;35m[Kwarning: [m[Kconverting to ‘[01m[Kconst ParameterDescriptor[m[K’ {aka ‘[01m[Kconst rcl_interfaces::msg::ParameterDescriptor_<std::allocator<void> >[m[K’} from initializer list would use explicit constructor ‘[01m[Krcl_interfaces::msg::ParameterDescriptor_<ContainerAllocator>::ParameterDescriptor_(rosidl_runtime_cpp::MessageInitialization) [with ContainerAllocator = std::allocator<void>][m[K’
[17.164s]    97 |   const auto sizes = [01;35m[Kdeclare_parameter<std::vector<double>>("tag_sizes", {})[m[K;
[17.164s]       |                      [01;35m[K~~~~~~~~~~~~~~~~~~~~~~~~~~~~~~~~~~~~~~^~~~~~~~~~~~~~~~~[m[K
[17.164s] [01m[K/home/chotaehyun/waver_ws/src/ugv_ws/src/ugv_else/apriltag_ros/apriltag_ros/src/AprilTagNode.cpp:97:60:[m[K [01;36m[Knote: [m[Kin C++11 and above a default constructor can be explicit
[23.171s] [ 75%] [32m[1mLinking CXX shared library libAprilTagNode.so[0m
[23.255s] [100%] [32m[1mLinking CXX executable tag_detector[0m
[23.845s] [100%] Built target AprilTagNode
[24.293s] [100%] Built target tag_detector
[24.308s] Invoked command in '/home/chotaehyun/waver_ws/build/apriltag_ros' returned '0': AMENT_PREFIX_PATH=/home/chotaehyun/waver_ws/install/apriltag_msgs:${AMENT_PREFIX_PATH} CMAKE_PREFIX_PATH=/home/chotaehyun/waver_ws/install/apriltag_msgs:/home/chotaehyun/waver_ws/install/apriltag:/opt/ros/humble LD_LIBRARY_PATH=/home/chotaehyun/waver_ws/install/apriltag_msgs/lib:/home/chotaehyun/waver_ws/install/apriltag/lib:${LD_LIBRARY_PATH} PATH=/home/chotaehyun/waver_ws/install/apriltag/bin:${PATH} PKG_CONFIG_PATH=/home/chotaehyun/waver_ws/install/apriltag/lib/x86_64-linux-gnu/pkgconfig:/home/chotaehyun/waver_ws/install/apriltag/lib/pkgconfig PYTHONPATH=/home/chotaehyun/waver_ws/install/apriltag_msgs/local/lib/python3.10/dist-packages:/home/chotaehyun/waver_ws/install/apriltag/lib/python3.10/site-packages:${PYTHONPATH} /usr/bin/cmake --build /home/chotaehyun/waver_ws/build/apriltag_ros -- -j16 -l16
[24.311s] Invoking command in '/home/chotaehyun/waver_ws/build/apriltag_ros': AMENT_PREFIX_PATH=/home/chotaehyun/waver_ws/install/apriltag_msgs:${AMENT_PREFIX_PATH} CMAKE_PREFIX_PATH=/home/chotaehyun/waver_ws/install/apriltag_msgs:/home/chotaehyun/waver_ws/install/apriltag:/opt/ros/humble LD_LIBRARY_PATH=/home/chotaehyun/waver_ws/install/apriltag_msgs/lib:/home/chotaehyun/waver_ws/install/apriltag/lib:${LD_LIBRARY_PATH} PATH=/home/chotaehyun/waver_ws/install/apriltag/bin:${PATH} PKG_CONFIG_PATH=/home/chotaehyun/waver_ws/install/apriltag/lib/x86_64-linux-gnu/pkgconfig:/home/chotaehyun/waver_ws/install/apriltag/lib/pkgconfig PYTHONPATH=/home/chotaehyun/waver_ws/install/apriltag_msgs/local/lib/python3.10/dist-packages:/home/chotaehyun/waver_ws/install/apriltag/lib/python3.10/site-packages:${PYTHONPATH} /usr/bin/cmake --install /home/chotaehyun/waver_ws/build/apriltag_ros
[24.319s] -- Install configuration: ""
[24.320s] -- Execute custom install script
[24.320s] -- Symlinking: /home/chotaehyun/waver_ws/install/apriltag_ros/share/apriltag_ros/environment/library_path.sh
[24.331s] -- Symlinking: /home/chotaehyun/waver_ws/install/apriltag_ros/share/apriltag_ros/environment/library_path.dsv
[24.342s] -- Symlinking: /home/chotaehyun/waver_ws/install/apriltag_ros/share/apriltag_ros/cfg/tags_16h5_all.yaml
[24.354s] -- Symlinking: /home/chotaehyun/waver_ws/install/apriltag_ros/share/apriltag_ros/cfg/tags_16h5_filtered.yaml
[24.365s] -- Symlinking: /home/chotaehyun/waver_ws/install/apriltag_ros/share/apriltag_ros/cfg/tags_36h11_all.yaml
[24.377s] -- Symlinking: /home/chotaehyun/waver_ws/install/apriltag_ros/share/apriltag_ros/cfg/tags_36h11_filter.yaml
[24.388s] -- Symlinking: /home/chotaehyun/waver_ws/install/apriltag_ros/share/apriltag_ros/launch/bringup.launch.py
[24.399s] -- Symlinking: /home/chotaehyun/waver_ws/install/apriltag_ros/share/apriltag_ros/launch/tag_gazebo.launch.py
[24.411s] -- Symlinking: /home/chotaehyun/waver_ws/install/apriltag_ros/share/apriltag_ros/launch/tag_realsense.launch.py
[24.422s] -- Symlinking: /home/chotaehyun/waver_ws/install/apriltag_ros/share/ament_index/resource_index/package_run_dependencies/apriltag_ros
[24.434s] -- Symlinking: /home/chotaehyun/waver_ws/install/apriltag_ros/share/ament_index/resource_index/parent_prefix_path/apriltag_ros
[24.445s] -- Symlinking: /home/chotaehyun/waver_ws/install/apriltag_ros/share/apriltag_ros/environment/ament_prefix_path.sh
[24.457s] -- Symlinking: /home/chotaehyun/waver_ws/install/apriltag_ros/share/apriltag_ros/environment/ament_prefix_path.dsv
[24.468s] -- Symlinking: /home/chotaehyun/waver_ws/install/apriltag_ros/share/apriltag_ros/environment/path.sh
[24.479s] -- Symlinking: /home/chotaehyun/waver_ws/install/apriltag_ros/share/apriltag_ros/environment/path.dsv
[24.490s] -- Symlinking: /home/chotaehyun/waver_ws/install/apriltag_ros/share/apriltag_ros/local_setup.bash
[24.502s] -- Symlinking: /home/chotaehyun/waver_ws/install/apriltag_ros/share/apriltag_ros/local_setup.sh
[24.513s] -- Symlinking: /home/chotaehyun/waver_ws/install/apriltag_ros/share/apriltag_ros/local_setup.zsh
[24.524s] -- Symlinking: /home/chotaehyun/waver_ws/install/apriltag_ros/share/apriltag_ros/local_setup.dsv
[24.536s] -- Symlinking: /home/chotaehyun/waver_ws/install/apriltag_ros/share/apriltag_ros/package.dsv
[24.547s] -- Symlinking: /home/chotaehyun/waver_ws/install/apriltag_ros/share/ament_index/resource_index/packages/apriltag_ros
[24.559s] -- Symlinking: /home/chotaehyun/waver_ws/install/apriltag_ros/share/ament_index/resource_index/rclcpp_components/apriltag_ros
[24.571s] -- Symlinking: /home/chotaehyun/waver_ws/install/apriltag_ros/share/apriltag_ros/cmake/ament_cmake_export_dependencies-extras.cmake
[24.582s] -- Symlinking: /home/chotaehyun/waver_ws/install/apriltag_ros/share/apriltag_ros/cmake/apriltag_rosConfig.cmake
[24.594s] -- Symlinking: /home/chotaehyun/waver_ws/install/apriltag_ros/share/apriltag_ros/cmake/apriltag_rosConfig-version.cmake
[24.605s] -- Symlinking: /home/chotaehyun/waver_ws/install/apriltag_ros/share/apriltag_ros/package.xml
[24.617s] -- Installing: /home/chotaehyun/waver_ws/install/apriltag_ros/lib/libAprilTagNode.so
[24.624s] -- Set runtime path of "/home/chotaehyun/waver_ws/install/apriltag_ros/lib/libAprilTagNode.so" to ""
[24.624s] -- Installing: /home/chotaehyun/waver_ws/install/apriltag_ros/bin/tag_detector
[24.628s] -- Set runtime path of "/home/chotaehyun/waver_ws/install/apriltag_ros/bin/tag_detector" to ""
[24.633s] Invoked command in '/home/chotaehyun/waver_ws/build/apriltag_ros' returned '0': AMENT_PREFIX_PATH=/home/chotaehyun/waver_ws/install/apriltag_msgs:${AMENT_PREFIX_PATH} CMAKE_PREFIX_PATH=/home/chotaehyun/waver_ws/install/apriltag_msgs:/home/chotaehyun/waver_ws/install/apriltag:/opt/ros/humble LD_LIBRARY_PATH=/home/chotaehyun/waver_ws/install/apriltag_msgs/lib:/home/chotaehyun/waver_ws/install/apriltag/lib:${LD_LIBRARY_PATH} PATH=/home/chotaehyun/waver_ws/install/apriltag/bin:${PATH} PKG_CONFIG_PATH=/home/chotaehyun/waver_ws/install/apriltag/lib/x86_64-linux-gnu/pkgconfig:/home/chotaehyun/waver_ws/install/apriltag/lib/pkgconfig PYTHONPATH=/home/chotaehyun/waver_ws/install/apriltag_msgs/local/lib/python3.10/dist-packages:/home/chotaehyun/waver_ws/install/apriltag/lib/python3.10/site-packages:${PYTHONPATH} /usr/bin/cmake --install /home/chotaehyun/waver_ws/build/apriltag_ros
