[1.639s] Invoking command in '/home/chotaehyun/waver_ws/build/vizanti_server': AMENT_PREFIX_PATH=/home/chotaehyun/waver_ws/install/vizanti_msgs:${AMENT_PREFIX_PATH} CMAKE_PREFIX_PATH=/home/chotaehyun/waver_ws/install/vizanti_msgs:/opt/ros/humble LD_LIBRARY_PATH=/home/chotaehyun/waver_ws/install/vizanti_msgs/lib:${LD_LIBRARY_PATH} PYTHONPATH=/home/chotaehyun/waver_ws/install/vizanti_msgs/local/lib/python3.10/dist-packages:${PYTHONPATH} /usr/bin/cmake --build /home/chotaehyun/waver_ws/build/vizanti_server -- -j16 -l16
[1.999s] Invoked command in '/home/chotaehyun/waver_ws/build/vizanti_server' returned '0': AMENT_PREFIX_PATH=/home/chotaehyun/waver_ws/install/vizanti_msgs:${AMENT_PREFIX_PATH} CMAKE_PREFIX_PATH=/home/chotaehyun/waver_ws/install/vizanti_msgs:/opt/ros/humble LD_LIBRARY_PATH=/home/chotaehyun/waver_ws/install/vizanti_msgs/lib:${LD_LIBRARY_PATH} PYTHONPATH=/home/chotaehyun/waver_ws/install/vizanti_msgs/local/lib/python3.10/dist-packages:${PYTHONPATH} /usr/bin/cmake --build /home/chotaehyun/waver_ws/build/vizanti_server -- -j16 -l16
[2.000s] Invoking command in '/home/chotaehyun/waver_ws/build/vizanti_server': AMENT_PREFIX_PATH=/home/chotaehyun/waver_ws/install/vizanti_msgs:${AMENT_PREFIX_PATH} CMAKE_PREFIX_PATH=/home/chotaehyun/waver_ws/install/vizanti_msgs:/opt/ros/humble LD_LIBRARY_PATH=/home/chotaehyun/waver_ws/install/vizanti_msgs/lib:${LD_LIBRARY_PATH} PYTHONPATH=/home/chotaehyun/waver_ws/install/vizanti_msgs/local/lib/python3.10/dist-packages:${PYTHONPATH} /usr/bin/cmake --install /home/chotaehyun/waver_ws/build/vizanti_server
[2.034s] -- Install configuration: ""
[2.038s] -- Execute custom install script
[2.038s] -- Up-to-date symlink: /home/chotaehyun/waver_ws/install/vizanti_server/share/vizanti_server//launch/vizanti_rws.launch.py
[2.042s] -- Up-to-date symlink: /home/chotaehyun/waver_ws/install/vizanti_server/share/vizanti_server//launch/vizanti_server.launch.py
[2.049s] -- Up-to-date symlink: /home/chotaehyun/waver_ws/install/vizanti_server/share/vizanti_server//public/assets/add.svg
[2.049s] -- Up-to-date symlink: /home/chotaehyun/waver_ws/install/vizanti_server/share/vizanti_server//public/assets/altimeter.svg
[2.049s] -- Up-to-date symlink: /home/chotaehyun/waver_ws/install/vizanti_server/share/vizanti_server//public/assets/altimeter_arrow.svg
[2.049s] -- Up-to-date symlink: /home/chotaehyun/waver_ws/install/vizanti_server/share/vizanti_server//public/assets/altimeter_arrow_green.svg
[2.050s] -- Up-to-date symlink: /home/chotaehyun/waver_ws/install/vizanti_server/share/vizanti_server//public/assets/altimeter_green.svg
[2.050s] -- Up-to-date symlink: /home/chotaehyun/waver_ws/install/vizanti_server/share/vizanti_server//public/assets/area.svg
[2.050s] -- Up-to-date symlink: /home/chotaehyun/waver_ws/install/vizanti_server/share/vizanti_server//public/assets/battery_100.svg
[2.050s] -- Up-to-date symlink: /home/chotaehyun/waver_ws/install/vizanti_server/share/vizanti_server//public/assets/battery_20.svg
[2.051s] -- Up-to-date symlink: /home/chotaehyun/waver_ws/install/vizanti_server/share/vizanti_server//public/assets/battery_40.svg
[2.058s] -- Up-to-date symlink: /home/chotaehyun/waver_ws/install/vizanti_server/share/vizanti_server//public/assets/battery_60.svg
[2.058s] -- Up-to-date symlink: /home/chotaehyun/waver_ws/install/vizanti_server/share/vizanti_server//public/assets/battery_80.svg
[2.070s] -- Up-to-date symlink: /home/chotaehyun/waver_ws/install/vizanti_server/share/vizanti_server//public/assets/battery_unknown.svg
[2.070s] -- Up-to-date symlink: /home/chotaehyun/waver_ws/install/vizanti_server/share/vizanti_server//public/assets/button.svg
[2.077s] -- Up-to-date symlink: /home/chotaehyun/waver_ws/install/vizanti_server/share/vizanti_server//public/assets/button_false.svg
[2.078s] -- Up-to-date symlink: /home/chotaehyun/waver_ws/install/vizanti_server/share/vizanti_server//public/assets/button_true.svg
[2.078s] -- Up-to-date symlink: /home/chotaehyun/waver_ws/install/vizanti_server/share/vizanti_server//public/assets/costmap.svg
[2.078s] -- Up-to-date symlink: /home/chotaehyun/waver_ws/install/vizanti_server/share/vizanti_server//public/assets/default_layout.json
[2.079s] -- Up-to-date symlink: /home/chotaehyun/waver_ws/install/vizanti_server/share/vizanti_server//public/assets/folder.svg
[2.079s] -- Up-to-date symlink: /home/chotaehyun/waver_ws/install/vizanti_server/share/vizanti_server//public/assets/grid.svg
[2.079s] -- Up-to-date symlink: /home/chotaehyun/waver_ws/install/vizanti_server/share/vizanti_server//public/assets/gridcells.svg
[2.082s] -- Up-to-date symlink: /home/chotaehyun/waver_ws/install/vizanti_server/share/vizanti_server//public/assets/icon/152.png
[2.082s] -- Up-to-date symlink: /home/chotaehyun/waver_ws/install/vizanti_server/share/vizanti_server//public/assets/icon/16.png
[2.082s] -- Up-to-date symlink: /home/chotaehyun/waver_ws/install/vizanti_server/share/vizanti_server//public/assets/icon/192.png
[2.082s] -- Up-to-date symlink: /home/chotaehyun/waver_ws/install/vizanti_server/share/vizanti_server//public/assets/icon/32.png
[2.082s] -- Up-to-date symlink: /home/chotaehyun/waver_ws/install/vizanti_server/share/vizanti_server//public/assets/icon/512.png
[2.082s] -- Up-to-date symlink: /home/chotaehyun/waver_ws/install/vizanti_server/share/vizanti_server//public/assets/icon/96.png
[2.083s] -- Up-to-date symlink: /home/chotaehyun/waver_ws/install/vizanti_server/share/vizanti_server//public/assets/icon/icon.svg
[2.083s] -- Up-to-date symlink: /home/chotaehyun/waver_ws/install/vizanti_server/share/vizanti_server//public/assets/icon/manifest.json
[2.083s] -- Up-to-date symlink: /home/chotaehyun/waver_ws/install/vizanti_server/share/vizanti_server//public/assets/icon/preview.jpg
[2.083s] -- Up-to-date symlink: /home/chotaehyun/waver_ws/install/vizanti_server/share/vizanti_server//public/assets/image.svg
[2.084s] -- Up-to-date symlink: /home/chotaehyun/waver_ws/install/vizanti_server/share/vizanti_server//public/assets/initialpose.png
[2.084s] -- Up-to-date symlink: /home/chotaehyun/waver_ws/install/vizanti_server/share/vizanti_server//public/assets/initialpose.svg
[2.084s] -- Up-to-date symlink: /home/chotaehyun/waver_ws/install/vizanti_server/share/vizanti_server//public/assets/joypos.svg
[2.085s] -- Up-to-date symlink: /home/chotaehyun/waver_ws/install/vizanti_server/share/vizanti_server//public/assets/joystick.svg
[2.085s] -- Up-to-date symlink: /home/chotaehyun/waver_ws/install/vizanti_server/share/vizanti_server//public/assets/map.svg
[2.085s] -- Up-to-date symlink: /home/chotaehyun/waver_ws/install/vizanti_server/share/vizanti_server//public/assets/marker.svg
[2.085s] -- Up-to-date symlink: /home/chotaehyun/waver_ws/install/vizanti_server/share/vizanti_server//public/assets/markerarray.svg
[2.085s] -- Up-to-date symlink: /home/chotaehyun/waver_ws/install/vizanti_server/share/vizanti_server//public/assets/node_kill.svg
[2.085s] -- Up-to-date symlink: /home/chotaehyun/waver_ws/install/vizanti_server/share/vizanti_server//public/assets/node_restart.svg
[2.085s] -- Up-to-date symlink: /home/chotaehyun/waver_ws/install/vizanti_server/share/vizanti_server//public/assets/nodemgr.svg
[2.085s] -- Up-to-date symlink: /home/chotaehyun/waver_ws/install/vizanti_server/share/vizanti_server//public/assets/path.svg
[2.085s] -- Up-to-date symlink: /home/chotaehyun/waver_ws/install/vizanti_server/share/vizanti_server//public/assets/pointcloud.svg
[2.085s] -- Up-to-date symlink: /home/chotaehyun/waver_ws/install/vizanti_server/share/vizanti_server//public/assets/posearray.svg
[2.086s] -- Up-to-date symlink: /home/chotaehyun/waver_ws/install/vizanti_server/share/vizanti_server//public/assets/posewithcovariancestamped.svg
[2.086s] -- Up-to-date symlink: /home/chotaehyun/waver_ws/install/vizanti_server/share/vizanti_server//public/assets/range.svg
[2.086s] -- Up-to-date symlink: /home/chotaehyun/waver_ws/install/vizanti_server/share/vizanti_server//public/assets/rawmap.svg
[2.086s] -- Up-to-date symlink: /home/chotaehyun/waver_ws/install/vizanti_server/share/vizanti_server//public/assets/reconfigure.svg
[2.086s] -- Up-to-date symlink: /home/chotaehyun/waver_ws/install/vizanti_server/share/vizanti_server//public/assets/robot_model/_2wd.png
[2.086s] -- Up-to-date symlink: /home/chotaehyun/waver_ws/install/vizanti_server/share/vizanti_server//public/assets/robot_model/_4wd.png
[2.086s] -- Up-to-date symlink: /home/chotaehyun/waver_ws/install/vizanti_server/share/vizanti_server//public/assets/robot_model/_arrow.png
[2.086s] -- Up-to-date symlink: /home/chotaehyun/waver_ws/install/vizanti_server/share/vizanti_server//public/assets/robot_model/_dog.png
[2.086s] -- Up-to-date symlink: /home/chotaehyun/waver_ws/install/vizanti_server/share/vizanti_server//public/assets/robot_model/_hatchback.png
[2.087s] -- Up-to-date symlink: /home/chotaehyun/waver_ws/install/vizanti_server/share/vizanti_server//public/assets/robot_model/_orca.png
[2.087s] -- Up-to-date symlink: /home/chotaehyun/waver_ws/install/vizanti_server/share/vizanti_server//public/assets/robot_model/_pancake.png
[2.087s] -- Up-to-date symlink: /home/chotaehyun/waver_ws/install/vizanti_server/share/vizanti_server//public/assets/robot_model/_rccar.png
[2.089s] -- Up-to-date symlink: /home/chotaehyun/waver_ws/install/vizanti_server/share/vizanti_server//public/assets/robot_model/_sandwich.png
[2.089s] -- Up-to-date symlink: /home/chotaehyun/waver_ws/install/vizanti_server/share/vizanti_server//public/assets/robot_model/_tortoise.png
[2.089s] -- Up-to-date symlink: /home/chotaehyun/waver_ws/install/vizanti_server/share/vizanti_server//public/assets/robot_model/_tuna.png
[2.089s] -- Up-to-date symlink: /home/chotaehyun/waver_ws/install/vizanti_server/share/vizanti_server//public/assets/robotmodel.svg
[2.090s] -- Up-to-date symlink: /home/chotaehyun/waver_ws/install/vizanti_server/share/vizanti_server//public/assets/rosbag.svg
[2.090s] -- Up-to-date symlink: /home/chotaehyun/waver_ws/install/vizanti_server/share/vizanti_server//public/assets/rosbag_active.svg
[2.090s] -- Up-to-date symlink: /home/chotaehyun/waver_ws/install/vizanti_server/share/vizanti_server//public/assets/rosbridge_connected.svg
[2.090s] -- Up-to-date symlink: /home/chotaehyun/waver_ws/install/vizanti_server/share/vizanti_server//public/assets/rosbridge_disconnected.svg
[2.090s] -- Up-to-date symlink: /home/chotaehyun/waver_ws/install/vizanti_server/share/vizanti_server//public/assets/rosbridge_reconnect.svg
[2.090s] -- Up-to-date symlink: /home/chotaehyun/waver_ws/install/vizanti_server/share/vizanti_server//public/assets/satelite.svg
[2.092s] -- Up-to-date symlink: /home/chotaehyun/waver_ws/install/vizanti_server/share/vizanti_server//public/assets/scan.svg
[2.092s] -- Up-to-date symlink: /home/chotaehyun/waver_ws/install/vizanti_server/share/vizanti_server//public/assets/settings.svg
[2.092s] -- Up-to-date symlink: /home/chotaehyun/waver_ws/install/vizanti_server/share/vizanti_server//public/assets/simplegoal.png
[2.093s] -- Up-to-date symlink: /home/chotaehyun/waver_ws/install/vizanti_server/share/vizanti_server//public/assets/simplegoal.svg
[2.093s] -- Up-to-date symlink: /home/chotaehyun/waver_ws/install/vizanti_server/share/vizanti_server//public/assets/temp_cold.svg
[2.093s] -- Up-to-date symlink: /home/chotaehyun/waver_ws/install/vizanti_server/share/vizanti_server//public/assets/temp_hot.svg
[2.093s] -- Up-to-date symlink: /home/chotaehyun/waver_ws/install/vizanti_server/share/vizanti_server//public/assets/temp_unknown.svg
[2.093s] -- Up-to-date symlink: /home/chotaehyun/waver_ws/install/vizanti_server/share/vizanti_server//public/assets/temp_warm.svg
[2.093s] -- Up-to-date symlink: /home/chotaehyun/waver_ws/install/vizanti_server/share/vizanti_server//public/assets/tf.svg
[2.093s] -- Up-to-date symlink: /home/chotaehyun/waver_ws/install/vizanti_server/share/vizanti_server//public/assets/tile_error.png
[2.093s] -- Up-to-date symlink: /home/chotaehyun/waver_ws/install/vizanti_server/share/vizanti_server//public/assets/tile_loading.png
[2.093s] -- Up-to-date symlink: /home/chotaehyun/waver_ws/install/vizanti_server/share/vizanti_server//public/assets/waypoints.svg
[2.093s] -- Up-to-date symlink: /home/chotaehyun/waver_ws/install/vizanti_server/share/vizanti_server//public/css/style.css
[2.094s] -- Up-to-date symlink: /home/chotaehyun/waver_ws/install/vizanti_server/share/vizanti_server//public/head.html
[2.094s] -- Up-to-date symlink: /home/chotaehyun/waver_ws/install/vizanti_server/share/vizanti_server//public/iconbar.html
[2.094s] -- Up-to-date symlink: /home/chotaehyun/waver_ws/install/vizanti_server/share/vizanti_server//public/index.html
[2.094s] -- Up-to-date symlink: /home/chotaehyun/waver_ws/install/vizanti_server/share/vizanti_server//public/js/lib/nipplejs.js
[2.094s] -- Up-to-date symlink: /home/chotaehyun/waver_ws/install/vizanti_server/share/vizanti_server//public/js/lib/nipplejs.min.js
[2.094s] -- Up-to-date symlink: /home/chotaehyun/waver_ws/install/vizanti_server/share/vizanti_server//public/js/lib/nipplejs_LICENSE.txt
[2.098s] -- Up-to-date symlink: /home/chotaehyun/waver_ws/install/vizanti_server/share/vizanti_server//public/js/lib/quaternion.min.js
[2.099s] -- Up-to-date symlink: /home/chotaehyun/waver_ws/install/vizanti_server/share/vizanti_server//public/js/lib/quaternionjs_LICENSE.txt
[2.099s] -- Up-to-date symlink: /home/chotaehyun/waver_ws/install/vizanti_server/share/vizanti_server//public/js/lib/roslib.min.js
[2.099s] -- Up-to-date symlink: /home/chotaehyun/waver_ws/install/vizanti_server/share/vizanti_server//public/js/lib/roslibjs_LICENSE.txt
[2.099s] -- Up-to-date symlink: /home/chotaehyun/waver_ws/install/vizanti_server/share/vizanti_server//public/js/main.js
[2.099s] -- Up-to-date symlink: /home/chotaehyun/waver_ws/install/vizanti_server/share/vizanti_server//public/js/modules/database.js
[2.100s] -- Up-to-date symlink: /home/chotaehyun/waver_ws/install/vizanti_server/share/vizanti_server//public/js/modules/elements.js
[2.100s] -- Up-to-date symlink: /home/chotaehyun/waver_ws/install/vizanti_server/share/vizanti_server//public/js/modules/joystick.js
[2.100s] -- Up-to-date symlink: /home/chotaehyun/waver_ws/install/vizanti_server/share/vizanti_server//public/js/modules/navsat.js
[2.101s] -- Up-to-date symlink: /home/chotaehyun/waver_ws/install/vizanti_server/share/vizanti_server//public/js/modules/persistent.js
[2.101s] -- Up-to-date symlink: /home/chotaehyun/waver_ws/install/vizanti_server/share/vizanti_server//public/js/modules/rosbridge.js
[2.101s] -- Up-to-date symlink: /home/chotaehyun/waver_ws/install/vizanti_server/share/vizanti_server//public/js/modules/status.js
[2.101s] -- Up-to-date symlink: /home/chotaehyun/waver_ws/install/vizanti_server/share/vizanti_server//public/js/modules/tf.js
[2.101s] -- Up-to-date symlink: /home/chotaehyun/waver_ws/install/vizanti_server/share/vizanti_server//public/js/modules/util.js
[2.101s] -- Up-to-date symlink: /home/chotaehyun/waver_ws/install/vizanti_server/share/vizanti_server//public/js/modules/view.js
[2.102s] -- Up-to-date symlink: /home/chotaehyun/waver_ws/install/vizanti_server/share/vizanti_server//public/js/setup.js
[2.102s] -- Up-to-date symlink: /home/chotaehyun/waver_ws/install/vizanti_server/share/vizanti_server//public/templates/add/add_icon.html
[2.102s] -- Up-to-date symlink: /home/chotaehyun/waver_ws/install/vizanti_server/share/vizanti_server//public/templates/add/add_modal.html
[2.102s] -- Up-to-date symlink: /home/chotaehyun/waver_ws/install/vizanti_server/share/vizanti_server//public/templates/add/add_script.js
[2.103s] -- Up-to-date symlink: /home/chotaehyun/waver_ws/install/vizanti_server/share/vizanti_server//public/templates/altimeter/altimeter_icon.html
[2.104s] -- Up-to-date symlink: /home/chotaehyun/waver_ws/install/vizanti_server/share/vizanti_server//public/templates/altimeter/altimeter_modal.html
[2.104s] -- Up-to-date symlink: /home/chotaehyun/waver_ws/install/vizanti_server/share/vizanti_server//public/templates/altimeter/altimeter_script.js
[2.105s] -- Up-to-date symlink: /home/chotaehyun/waver_ws/install/vizanti_server/share/vizanti_server//public/templates/altimeter/altimeter_view.html
[2.105s] -- Up-to-date symlink: /home/chotaehyun/waver_ws/install/vizanti_server/share/vizanti_server//public/templates/area/area_icon.html
[2.105s] -- Up-to-date symlink: /home/chotaehyun/waver_ws/install/vizanti_server/share/vizanti_server//public/templates/area/area_modal.html
[2.107s] -- Up-to-date symlink: /home/chotaehyun/waver_ws/install/vizanti_server/share/vizanti_server//public/templates/area/area_script.js
[2.107s] -- Up-to-date symlink: /home/chotaehyun/waver_ws/install/vizanti_server/share/vizanti_server//public/templates/area/area_view.html
[2.107s] -- Up-to-date symlink: /home/chotaehyun/waver_ws/install/vizanti_server/share/vizanti_server//public/templates/battery/battery_icon.html
[2.107s] -- Up-to-date symlink: /home/chotaehyun/waver_ws/install/vizanti_server/share/vizanti_server//public/templates/battery/battery_modal.html
[2.108s] -- Up-to-date symlink: /home/chotaehyun/waver_ws/install/vizanti_server/share/vizanti_server//public/templates/battery/battery_script.js
[2.110s] -- Up-to-date symlink: /home/chotaehyun/waver_ws/install/vizanti_server/share/vizanti_server//public/templates/button/button_icon.html
[2.112s] -- Up-to-date symlink: /home/chotaehyun/waver_ws/install/vizanti_server/share/vizanti_server//public/templates/button/button_modal.html
[2.113s] -- Up-to-date symlink: /home/chotaehyun/waver_ws/install/vizanti_server/share/vizanti_server//public/templates/button/button_script.js
[2.114s] -- Up-to-date symlink: /home/chotaehyun/waver_ws/install/vizanti_server/share/vizanti_server//public/templates/compressedimage/compressedimage_icon.html
[2.114s] -- Up-to-date symlink: /home/chotaehyun/waver_ws/install/vizanti_server/share/vizanti_server//public/templates/compressedimage/compressedimage_modal.html
[2.114s] -- Up-to-date symlink: /home/chotaehyun/waver_ws/install/vizanti_server/share/vizanti_server//public/templates/compressedimage/compressedimage_script.js
[2.114s] -- Up-to-date symlink: /home/chotaehyun/waver_ws/install/vizanti_server/share/vizanti_server//public/templates/compressedimage/compressedimage_view.html
[2.115s] -- Up-to-date symlink: /home/chotaehyun/waver_ws/install/vizanti_server/share/vizanti_server//public/templates/folder/folder_icon.html
[2.115s] -- Up-to-date symlink: /home/chotaehyun/waver_ws/install/vizanti_server/share/vizanti_server//public/templates/folder/folder_modal.html
[2.115s] -- Up-to-date symlink: /home/chotaehyun/waver_ws/install/vizanti_server/share/vizanti_server//public/templates/folder/folder_script.js
[2.116s] -- Up-to-date symlink: /home/chotaehyun/waver_ws/install/vizanti_server/share/vizanti_server//public/templates/grid/grid_icon.html
[2.117s] -- Up-to-date symlink: /home/chotaehyun/waver_ws/install/vizanti_server/share/vizanti_server//public/templates/grid/grid_modal.html
[2.119s] -- Up-to-date symlink: /home/chotaehyun/waver_ws/install/vizanti_server/share/vizanti_server//public/templates/grid/grid_script.js
[2.119s] -- Up-to-date symlink: /home/chotaehyun/waver_ws/install/vizanti_server/share/vizanti_server//public/templates/grid/grid_view.html
[2.120s] -- Up-to-date symlink: /home/chotaehyun/waver_ws/install/vizanti_server/share/vizanti_server//public/templates/gridcells/gridcells_icon.html
[2.121s] -- Up-to-date symlink: /home/chotaehyun/waver_ws/install/vizanti_server/share/vizanti_server//public/templates/gridcells/gridcells_modal.html
[2.121s] -- Up-to-date symlink: /home/chotaehyun/waver_ws/install/vizanti_server/share/vizanti_server//public/templates/gridcells/gridcells_script.js
[2.122s] -- Up-to-date symlink: /home/chotaehyun/waver_ws/install/vizanti_server/share/vizanti_server//public/templates/gridcells/gridcells_view.html
[2.122s] -- Up-to-date symlink: /home/chotaehyun/waver_ws/install/vizanti_server/share/vizanti_server//public/templates/initialpose/initialpose_icon.html
[2.123s] -- Up-to-date symlink: /home/chotaehyun/waver_ws/install/vizanti_server/share/vizanti_server//public/templates/initialpose/initialpose_modal.html
[2.126s] -- Up-to-date symlink: /home/chotaehyun/waver_ws/install/vizanti_server/share/vizanti_server//public/templates/initialpose/initialpose_script.js
[2.126s] -- Up-to-date symlink: /home/chotaehyun/waver_ws/install/vizanti_server/share/vizanti_server//public/templates/initialpose/initialpose_view.html
[2.126s] -- Up-to-date symlink: /home/chotaehyun/waver_ws/install/vizanti_server/share/vizanti_server//public/templates/map/map_icon.html
[2.126s] -- Up-to-date symlink: /home/chotaehyun/waver_ws/install/vizanti_server/share/vizanti_server//public/templates/map/map_modal.html
[2.126s] -- Up-to-date symlink: /home/chotaehyun/waver_ws/install/vizanti_server/share/vizanti_server//public/templates/map/map_script.js
[2.127s] -- Up-to-date symlink: /home/chotaehyun/waver_ws/install/vizanti_server/share/vizanti_server//public/templates/map/map_view.html
[2.127s] -- Up-to-date symlink: /home/chotaehyun/waver_ws/install/vizanti_server/share/vizanti_server//public/templates/map/map_worker.js
[2.128s] -- Up-to-date symlink: /home/chotaehyun/waver_ws/install/vizanti_server/share/vizanti_server//public/templates/markerarray/markerarray_icon.html
[2.130s] -- Up-to-date symlink: /home/chotaehyun/waver_ws/install/vizanti_server/share/vizanti_server//public/templates/markerarray/markerarray_modal.html
[2.130s] -- Up-to-date symlink: /home/chotaehyun/waver_ws/install/vizanti_server/share/vizanti_server//public/templates/markerarray/markerarray_script.js
[2.130s] -- Up-to-date symlink: /home/chotaehyun/waver_ws/install/vizanti_server/share/vizanti_server//public/templates/markerarray/markerarray_view.html
[2.131s] -- Up-to-date symlink: /home/chotaehyun/waver_ws/install/vizanti_server/share/vizanti_server//public/templates/nodemgr/nodemgr_icon.html
[2.132s] -- Up-to-date symlink: /home/chotaehyun/waver_ws/install/vizanti_server/share/vizanti_server//public/templates/nodemgr/nodemgr_modal.html
[2.132s] -- Up-to-date symlink: /home/chotaehyun/waver_ws/install/vizanti_server/share/vizanti_server//public/templates/nodemgr/nodemgr_script.js
[2.132s] -- Up-to-date symlink: /home/chotaehyun/waver_ws/install/vizanti_server/share/vizanti_server//public/templates/path/path_icon.html
[2.132s] -- Up-to-date symlink: /home/chotaehyun/waver_ws/install/vizanti_server/share/vizanti_server//public/templates/path/path_modal.html
[2.132s] -- Up-to-date symlink: /home/chotaehyun/waver_ws/install/vizanti_server/share/vizanti_server//public/templates/path/path_script.js
[2.132s] -- Up-to-date symlink: /home/chotaehyun/waver_ws/install/vizanti_server/share/vizanti_server//public/templates/path/path_view.html
[2.132s] -- Up-to-date symlink: /home/chotaehyun/waver_ws/install/vizanti_server/share/vizanti_server//public/templates/pointcloud/pointcloud_icon.html
[2.132s] -- Up-to-date symlink: /home/chotaehyun/waver_ws/install/vizanti_server/share/vizanti_server//public/templates/pointcloud/pointcloud_modal.html
[2.132s] -- Up-to-date symlink: /home/chotaehyun/waver_ws/install/vizanti_server/share/vizanti_server//public/templates/pointcloud/pointcloud_script.js
[2.133s] -- Up-to-date symlink: /home/chotaehyun/waver_ws/install/vizanti_server/share/vizanti_server//public/templates/pointcloud/pointcloud_view.html
[2.133s] -- Up-to-date symlink: /home/chotaehyun/waver_ws/install/vizanti_server/share/vizanti_server//public/templates/posearray/posearray_icon.html
[2.133s] -- Up-to-date symlink: /home/chotaehyun/waver_ws/install/vizanti_server/share/vizanti_server//public/templates/posearray/posearray_modal.html
[2.133s] -- Up-to-date symlink: /home/chotaehyun/waver_ws/install/vizanti_server/share/vizanti_server//public/templates/posearray/posearray_script.js
[2.133s] -- Up-to-date symlink: /home/chotaehyun/waver_ws/install/vizanti_server/share/vizanti_server//public/templates/posearray/posearray_view.html
[2.133s] -- Up-to-date symlink: /home/chotaehyun/waver_ws/install/vizanti_server/share/vizanti_server//public/templates/posewithcovariancestamped/posewithcovariancestamped_icon.html
[2.133s] -- Up-to-date symlink: /home/chotaehyun/waver_ws/install/vizanti_server/share/vizanti_server//public/templates/posewithcovariancestamped/posewithcovariancestamped_modal.html
[2.133s] -- Up-to-date symlink: /home/chotaehyun/waver_ws/install/vizanti_server/share/vizanti_server//public/templates/posewithcovariancestamped/posewithcovariancestamped_script.js
[2.133s] -- Up-to-date symlink: /home/chotaehyun/waver_ws/install/vizanti_server/share/vizanti_server//public/templates/posewithcovariancestamped/posewithcovariancestamped_view.html
[2.133s] -- Up-to-date symlink: /home/chotaehyun/waver_ws/install/vizanti_server/share/vizanti_server//public/templates/range/range_icon.html
[2.133s] -- Up-to-date symlink: /home/chotaehyun/waver_ws/install/vizanti_server/share/vizanti_server//public/templates/range/range_modal.html
[2.134s] -- Up-to-date symlink: /home/chotaehyun/waver_ws/install/vizanti_server/share/vizanti_server//public/templates/range/range_script.js
[2.134s] -- Up-to-date symlink: /home/chotaehyun/waver_ws/install/vizanti_server/share/vizanti_server//public/templates/range/range_view.html
[2.134s] -- Up-to-date symlink: /home/chotaehyun/waver_ws/install/vizanti_server/share/vizanti_server//public/templates/reconfigure/reconfigure_icon.html
[2.134s] -- Up-to-date symlink: /home/chotaehyun/waver_ws/install/vizanti_server/share/vizanti_server//public/templates/reconfigure/reconfigure_modal.html
[2.134s] -- Up-to-date symlink: /home/chotaehyun/waver_ws/install/vizanti_server/share/vizanti_server//public/templates/reconfigure/reconfigure_script.js
[2.134s] -- Up-to-date symlink: /home/chotaehyun/waver_ws/install/vizanti_server/share/vizanti_server//public/templates/robotmodel/robotmodel_icon.html
[2.134s] -- Up-to-date symlink: /home/chotaehyun/waver_ws/install/vizanti_server/share/vizanti_server//public/templates/robotmodel/robotmodel_modal.html
[2.134s] -- Up-to-date symlink: /home/chotaehyun/waver_ws/install/vizanti_server/share/vizanti_server//public/templates/robotmodel/robotmodel_script.js
[2.134s] -- Up-to-date symlink: /home/chotaehyun/waver_ws/install/vizanti_server/share/vizanti_server//public/templates/robotmodel/robotmodel_view.html
[2.134s] -- Up-to-date symlink: /home/chotaehyun/waver_ws/install/vizanti_server/share/vizanti_server//public/templates/rosbag/rosbag_icon.html
[2.134s] -- Up-to-date symlink: /home/chotaehyun/waver_ws/install/vizanti_server/share/vizanti_server//public/templates/rosbag/rosbag_modal.html
[2.134s] -- Up-to-date symlink: /home/chotaehyun/waver_ws/install/vizanti_server/share/vizanti_server//public/templates/rosbag/rosbag_script.js
[2.134s] -- Up-to-date symlink: /home/chotaehyun/waver_ws/install/vizanti_server/share/vizanti_server//public/templates/rosbridge/rosbridge_icon.html
[2.135s] -- Up-to-date symlink: /home/chotaehyun/waver_ws/install/vizanti_server/share/vizanti_server//public/templates/rosbridge/rosbridge_modal.html
[2.135s] -- Up-to-date symlink: /home/chotaehyun/waver_ws/install/vizanti_server/share/vizanti_server//public/templates/rosbridge/rosbridge_script.js
[2.135s] -- Up-to-date symlink: /home/chotaehyun/waver_ws/install/vizanti_server/share/vizanti_server//public/templates/satelite/satelite_icon.html
[2.135s] -- Up-to-date symlink: /home/chotaehyun/waver_ws/install/vizanti_server/share/vizanti_server//public/templates/satelite/satelite_modal.html
[2.137s] -- Up-to-date symlink: /home/chotaehyun/waver_ws/install/vizanti_server/share/vizanti_server//public/templates/satelite/satelite_script.js
[2.138s] -- Up-to-date symlink: /home/chotaehyun/waver_ws/install/vizanti_server/share/vizanti_server//public/templates/satelite/satelite_view.html
[2.139s] -- Up-to-date symlink: /home/chotaehyun/waver_ws/install/vizanti_server/share/vizanti_server//public/templates/scan/scan_icon.html
[2.139s] -- Up-to-date symlink: /home/chotaehyun/waver_ws/install/vizanti_server/share/vizanti_server//public/templates/scan/scan_modal.html
[2.139s] -- Up-to-date symlink: /home/chotaehyun/waver_ws/install/vizanti_server/share/vizanti_server//public/templates/scan/scan_script.js
[2.139s] -- Up-to-date symlink: /home/chotaehyun/waver_ws/install/vizanti_server/share/vizanti_server//public/templates/scan/scan_view.html
[2.140s] -- Up-to-date symlink: /home/chotaehyun/waver_ws/install/vizanti_server/share/vizanti_server//public/templates/settings/settings_icon.html
[2.140s] -- Up-to-date symlink: /home/chotaehyun/waver_ws/install/vizanti_server/share/vizanti_server//public/templates/settings/settings_modal.html
[2.140s] -- Up-to-date symlink: /home/chotaehyun/waver_ws/install/vizanti_server/share/vizanti_server//public/templates/settings/settings_script.js
[2.140s] -- Up-to-date symlink: /home/chotaehyun/waver_ws/install/vizanti_server/share/vizanti_server//public/templates/simplegoal/simplegoal_icon.html
[2.142s] -- Up-to-date symlink: /home/chotaehyun/waver_ws/install/vizanti_server/share/vizanti_server//public/templates/simplegoal/simplegoal_modal.html
[2.143s] -- Up-to-date symlink: /home/chotaehyun/waver_ws/install/vizanti_server/share/vizanti_server//public/templates/simplegoal/simplegoal_script.js
[2.143s] -- Up-to-date symlink: /home/chotaehyun/waver_ws/install/vizanti_server/share/vizanti_server//public/templates/simplegoal/simplegoal_view.html
[2.143s] -- Up-to-date symlink: /home/chotaehyun/waver_ws/install/vizanti_server/share/vizanti_server//public/templates/teleop/teleop_icon.html
[2.145s] -- Up-to-date symlink: /home/chotaehyun/waver_ws/install/vizanti_server/share/vizanti_server//public/templates/teleop/teleop_modal.html
[2.147s] -- Up-to-date symlink: /home/chotaehyun/waver_ws/install/vizanti_server/share/vizanti_server//public/templates/teleop/teleop_script.js
[2.147s] -- Up-to-date symlink: /home/chotaehyun/waver_ws/install/vizanti_server/share/vizanti_server//public/templates/teleop/teleop_view.html
[2.147s] -- Up-to-date symlink: /home/chotaehyun/waver_ws/install/vizanti_server/share/vizanti_server//public/templates/temperature/temperature_icon.html
[2.147s] -- Up-to-date symlink: /home/chotaehyun/waver_ws/install/vizanti_server/share/vizanti_server//public/templates/temperature/temperature_modal.html
[2.147s] -- Up-to-date symlink: /home/chotaehyun/waver_ws/install/vizanti_server/share/vizanti_server//public/templates/temperature/temperature_script.js
[2.147s] -- Up-to-date symlink: /home/chotaehyun/waver_ws/install/vizanti_server/share/vizanti_server//public/templates/tf/tf_icon.html
[2.150s] -- Up-to-date symlink: /home/chotaehyun/waver_ws/install/vizanti_server/share/vizanti_server//public/templates/tf/tf_modal.html
[2.153s] -- Up-to-date symlink: /home/chotaehyun/waver_ws/install/vizanti_server/share/vizanti_server//public/templates/tf/tf_script.js
[2.153s] -- Up-to-date symlink: /home/chotaehyun/waver_ws/install/vizanti_server/share/vizanti_server//public/templates/tf/tf_view.html
[2.153s] -- Up-to-date symlink: /home/chotaehyun/waver_ws/install/vizanti_server/share/vizanti_server//public/templates/waypoints/waypoints_icon.html
[2.153s] -- Up-to-date symlink: /home/chotaehyun/waver_ws/install/vizanti_server/share/vizanti_server//public/templates/waypoints/waypoints_modal.html
[2.153s] -- Up-to-date symlink: /home/chotaehyun/waver_ws/install/vizanti_server/share/vizanti_server//public/templates/waypoints/waypoints_script.js
[2.153s] -- Up-to-date symlink: /home/chotaehyun/waver_ws/install/vizanti_server/share/vizanti_server//public/templates/waypoints/waypoints_view.html
[2.153s] -- Up-to-date symlink: /home/chotaehyun/waver_ws/install/vizanti_server/lib/vizanti_server/server.py
[2.153s] -- Up-to-date symlink: /home/chotaehyun/waver_ws/install/vizanti_server/lib/vizanti_server/service_handler.py
[2.154s] -- Up-to-date symlink: /home/chotaehyun/waver_ws/install/vizanti_server/lib/vizanti_server/rosapi_launch.py
[2.154s] -- Up-to-date symlink: /home/chotaehyun/waver_ws/install/vizanti_server/share/ament_index/resource_index/package_run_dependencies/vizanti_server
[2.155s] -- Up-to-date symlink: /home/chotaehyun/waver_ws/install/vizanti_server/share/ament_index/resource_index/parent_prefix_path/vizanti_server
[2.155s] -- Up-to-date symlink: /home/chotaehyun/waver_ws/install/vizanti_server/share/vizanti_server/environment/ament_prefix_path.sh
[2.155s] -- Up-to-date symlink: /home/chotaehyun/waver_ws/install/vizanti_server/share/vizanti_server/environment/ament_prefix_path.dsv
[2.156s] -- Up-to-date symlink: /home/chotaehyun/waver_ws/install/vizanti_server/share/vizanti_server/environment/path.sh
[2.156s] -- Up-to-date symlink: /home/chotaehyun/waver_ws/install/vizanti_server/share/vizanti_server/environment/path.dsv
[2.156s] -- Up-to-date symlink: /home/chotaehyun/waver_ws/install/vizanti_server/share/vizanti_server/local_setup.bash
[2.156s] -- Up-to-date symlink: /home/chotaehyun/waver_ws/install/vizanti_server/share/vizanti_server/local_setup.sh
[2.156s] -- Up-to-date symlink: /home/chotaehyun/waver_ws/install/vizanti_server/share/vizanti_server/local_setup.zsh
[2.156s] -- Up-to-date symlink: /home/chotaehyun/waver_ws/install/vizanti_server/share/vizanti_server/local_setup.dsv
[2.156s] -- Symlinking: /home/chotaehyun/waver_ws/install/vizanti_server/share/vizanti_server/package.dsv
[2.188s] -- Up-to-date symlink: /home/chotaehyun/waver_ws/install/vizanti_server/share/ament_index/resource_index/packages/vizanti_server
[2.188s] -- Up-to-date symlink: /home/chotaehyun/waver_ws/install/vizanti_server/share/vizanti_server/cmake/vizanti_serverConfig.cmake
[2.191s] -- Up-to-date symlink: /home/chotaehyun/waver_ws/install/vizanti_server/share/vizanti_server/cmake/vizanti_serverConfig-version.cmake
[2.191s] -- Up-to-date symlink: /home/chotaehyun/waver_ws/install/vizanti_server/share/vizanti_server/package.xml
[2.352s] Invoked command in '/home/chotaehyun/waver_ws/build/vizanti_server' returned '0': AMENT_PREFIX_PATH=/home/chotaehyun/waver_ws/install/vizanti_msgs:${AMENT_PREFIX_PATH} CMAKE_PREFIX_PATH=/home/chotaehyun/waver_ws/install/vizanti_msgs:/opt/ros/humble LD_LIBRARY_PATH=/home/chotaehyun/waver_ws/install/vizanti_msgs/lib:${LD_LIBRARY_PATH} PYTHONPATH=/home/chotaehyun/waver_ws/install/vizanti_msgs/local/lib/python3.10/dist-packages:${PYTHONPATH} /usr/bin/cmake --install /home/chotaehyun/waver_ws/build/vizanti_server
