[0.480s] Invoking command in '/home/chotaehyun/waver_ws/build/robot_pose_publisher': CMAKE_PREFIX_PATH=${CMAKE_PREFIX_PATH}:/home/chotaehyun/waver_ws/install/ugv_web_app:/home/chotaehyun/waver_ws/install/ugv_vision:/home/chotaehyun/waver_ws/install/ugv_tools:/home/chotaehyun/waver_ws/install/ugv_chat_ai:/home/chotaehyun/waver_ws/install/ugv_bringup:/home/chotaehyun/waver_ws/install/my_waver_app:/opt/ros/humble /usr/bin/cmake --build /home/chotaehyun/waver_ws/build/robot_pose_publisher -- -j16 -l16
[1.089s] [35m[1mConsolidate compiler generated dependencies of target robot_pose_publisher[0m
[1.089s] [100%] Built target robot_pose_publisher
[1.108s] Invoked command in '/home/chotaehyun/waver_ws/build/robot_pose_publisher' returned '0': CMAKE_PREFIX_PATH=${CMAKE_PREFIX_PATH}:/home/chotaehyun/waver_ws/install/ugv_web_app:/home/chotaehyun/waver_ws/install/ugv_vision:/home/chotaehyun/waver_ws/install/ugv_tools:/home/chotaehyun/waver_ws/install/ugv_chat_ai:/home/chotaehyun/waver_ws/install/ugv_bringup:/home/chotaehyun/waver_ws/install/my_waver_app:/opt/ros/humble /usr/bin/cmake --build /home/chotaehyun/waver_ws/build/robot_pose_publisher -- -j16 -l16
[1.110s] Invoking command in '/home/chotaehyun/waver_ws/build/robot_pose_publisher': CMAKE_PREFIX_PATH=${CMAKE_PREFIX_PATH}:/home/chotaehyun/waver_ws/install/ugv_web_app:/home/chotaehyun/waver_ws/install/ugv_vision:/home/chotaehyun/waver_ws/install/ugv_tools:/home/chotaehyun/waver_ws/install/ugv_chat_ai:/home/chotaehyun/waver_ws/install/ugv_bringup:/home/chotaehyun/waver_ws/install/my_waver_app:/opt/ros/humble /usr/bin/cmake --install /home/chotaehyun/waver_ws/build/robot_pose_publisher
[1.177s] -- Install configuration: ""
[1.177s] -- Execute custom install script
[1.178s] -- Up-to-date symlink: /home/chotaehyun/waver_ws/install/robot_pose_publisher/lib/robot_pose_publisher/robot_pose_publisher
[1.178s] -- Up-to-date symlink: /home/chotaehyun/waver_ws/install/robot_pose_publisher/share/robot_pose_publisher/launch/robot_pose_publisher_launch.py
[1.178s] -- Up-to-date symlink: /home/chotaehyun/waver_ws/install/robot_pose_publisher/share/ament_index/resource_index/package_run_dependencies/robot_pose_publisher
[1.178s] -- Up-to-date symlink: /home/chotaehyun/waver_ws/install/robot_pose_publisher/share/ament_index/resource_index/parent_prefix_path/robot_pose_publisher
[1.178s] -- Up-to-date symlink: /home/chotaehyun/waver_ws/install/robot_pose_publisher/share/robot_pose_publisher/environment/ament_prefix_path.sh
[1.178s] -- Up-to-date symlink: /home/chotaehyun/waver_ws/install/robot_pose_publisher/share/robot_pose_publisher/environment/ament_prefix_path.dsv
[1.178s] -- Up-to-date symlink: /home/chotaehyun/waver_ws/install/robot_pose_publisher/share/robot_pose_publisher/environment/path.sh
[1.178s] -- Up-to-date symlink: /home/chotaehyun/waver_ws/install/robot_pose_publisher/share/robot_pose_publisher/environment/path.dsv
[1.178s] -- Up-to-date symlink: /home/chotaehyun/waver_ws/install/robot_pose_publisher/share/robot_pose_publisher/local_setup.bash
[1.178s] -- Up-to-date symlink: /home/chotaehyun/waver_ws/install/robot_pose_publisher/share/robot_pose_publisher/local_setup.sh
[1.178s] -- Up-to-date symlink: /home/chotaehyun/waver_ws/install/robot_pose_publisher/share/robot_pose_publisher/local_setup.zsh
[1.178s] -- Up-to-date symlink: /home/chotaehyun/waver_ws/install/robot_pose_publisher/share/robot_pose_publisher/local_setup.dsv
[1.178s] -- Symlinking: /home/chotaehyun/waver_ws/install/robot_pose_publisher/share/robot_pose_publisher/package.dsv
[1.178s] -- Up-to-date symlink: /home/chotaehyun/waver_ws/install/robot_pose_publisher/share/ament_index/resource_index/packages/robot_pose_publisher
[1.179s] -- Up-to-date symlink: /home/chotaehyun/waver_ws/install/robot_pose_publisher/share/robot_pose_publisher/cmake/robot_pose_publisherConfig.cmake
[1.179s] -- Up-to-date symlink: /home/chotaehyun/waver_ws/install/robot_pose_publisher/share/robot_pose_publisher/cmake/robot_pose_publisherConfig-version.cmake
[1.179s] -- Up-to-date symlink: /home/chotaehyun/waver_ws/install/robot_pose_publisher/share/robot_pose_publisher/package.xml
[1.310s] Invoked command in '/home/chotaehyun/waver_ws/build/robot_pose_publisher' returned '0': CMAKE_PREFIX_PATH=${CMAKE_PREFIX_PATH}:/home/chotaehyun/waver_ws/install/ugv_web_app:/home/chotaehyun/waver_ws/install/ugv_vision:/home/chotaehyun/waver_ws/install/ugv_tools:/home/chotaehyun/waver_ws/install/ugv_chat_ai:/home/chotaehyun/waver_ws/install/ugv_bringup:/home/chotaehyun/waver_ws/install/my_waver_app:/opt/ros/humble /usr/bin/cmake --install /home/chotaehyun/waver_ws/build/robot_pose_publisher
