[0.141s] Invoking command in '/home/chotaehyun/waver_ws/build/ugv_slam': CMAKE_PREFIX_PATH=/opt/ros/humble /usr/bin/cmake --build /home/chotaehyun/waver_ws/build/ugv_slam -- -j16 -l16
[0.941s] Invoked command in '/home/chotaehyun/waver_ws/build/ugv_slam' returned '0': CMAKE_PREFIX_PATH=/opt/ros/humble /usr/bin/cmake --build /home/chotaehyun/waver_ws/build/ugv_slam -- -j16 -l16
[0.943s] Invoking command in '/home/chotaehyun/waver_ws/build/ugv_slam': CMAKE_PREFIX_PATH=/opt/ros/humble /usr/bin/cmake --install /home/chotaehyun/waver_ws/build/ugv_slam
[0.976s] -- Install configuration: ""
[0.976s] -- Execute custom install script
[0.976s] -- Up-to-date symlink: /home/chotaehyun/waver_ws/install/ugv_slam/share/ugv_slam/launch/cartographer.launch.py
[0.976s] -- Up-to-date symlink: /home/chotaehyun/waver_ws/install/ugv_slam/share/ugv_slam/launch/gmapping.launch.py
[0.976s] -- Up-to-date symlink: /home/chotaehyun/waver_ws/install/ugv_slam/share/ugv_slam/launch/rtabmap_rgbd.launch.py
[0.976s] -- Up-to-date symlink: /home/chotaehyun/waver_ws/install/ugv_slam/share/ugv_slam/launch/waver_gmapping.launch.py
[0.976s] -- Up-to-date symlink: /home/chotaehyun/waver_ws/install/ugv_slam/share/ugv_slam/rviz/view_slam_2d.rviz
[0.976s] -- Up-to-date symlink: /home/chotaehyun/waver_ws/install/ugv_slam/share/ugv_slam/rviz/view_slam_3d.rviz
[0.978s] -- Up-to-date symlink: /home/chotaehyun/waver_ws/install/ugv_slam/share/ament_index/resource_index/package_run_dependencies/ugv_slam
[0.978s] -- Up-to-date symlink: /home/chotaehyun/waver_ws/install/ugv_slam/share/ament_index/resource_index/parent_prefix_path/ugv_slam
[0.979s] -- Up-to-date symlink: /home/chotaehyun/waver_ws/install/ugv_slam/share/ugv_slam/environment/ament_prefix_path.sh
[0.979s] -- Up-to-date symlink: /home/chotaehyun/waver_ws/install/ugv_slam/share/ugv_slam/environment/ament_prefix_path.dsv
[0.979s] -- Up-to-date symlink: /home/chotaehyun/waver_ws/install/ugv_slam/share/ugv_slam/environment/path.sh
[0.979s] -- Up-to-date symlink: /home/chotaehyun/waver_ws/install/ugv_slam/share/ugv_slam/environment/path.dsv
[0.979s] -- Up-to-date symlink: /home/chotaehyun/waver_ws/install/ugv_slam/share/ugv_slam/local_setup.bash
[0.979s] -- Up-to-date symlink: /home/chotaehyun/waver_ws/install/ugv_slam/share/ugv_slam/local_setup.sh
[0.979s] -- Up-to-date symlink: /home/chotaehyun/waver_ws/install/ugv_slam/share/ugv_slam/local_setup.zsh
[0.979s] -- Up-to-date symlink: /home/chotaehyun/waver_ws/install/ugv_slam/share/ugv_slam/local_setup.dsv
[0.979s] -- Symlinking: /home/chotaehyun/waver_ws/install/ugv_slam/share/ugv_slam/package.dsv
[0.980s] -- Up-to-date symlink: /home/chotaehyun/waver_ws/install/ugv_slam/share/ament_index/resource_index/packages/ugv_slam
[0.980s] -- Up-to-date symlink: /home/chotaehyun/waver_ws/install/ugv_slam/share/ugv_slam/cmake/ugv_slamConfig.cmake
[0.980s] -- Up-to-date symlink: /home/chotaehyun/waver_ws/install/ugv_slam/share/ugv_slam/cmake/ugv_slamConfig-version.cmake
[0.980s] -- Up-to-date symlink: /home/chotaehyun/waver_ws/install/ugv_slam/share/ugv_slam/package.xml
[1.017s] Invoked command in '/home/chotaehyun/waver_ws/build/ugv_slam' returned '0': CMAKE_PREFIX_PATH=/opt/ros/humble /usr/bin/cmake --install /home/chotaehyun/waver_ws/build/ugv_slam
