-- Install configuration: ""
-- Execute custom install script
-- Up-to-date symlink: /home/chotaehyun/waver_ws/install/waver_description/share/waver_description/launch/gazebo.launch.py
-- Up-to-date symlink: /home/chotaehyun/waver_ws/install/waver_description/share/waver_description/urdf/depth_camera_zedxm.xacro
-- Up-to-date symlink: /home/chotaehyun/waver_ws/install/waver_description/share/waver_description/urdf/imu.xacro
-- Up-to-date symlink: /home/chotaehyun/waver_ws/install/waver_description/share/waver_description/urdf/lidar.xacro
-- Up-to-date symlink: /home/chotaehyun/waver_ws/install/waver_description/share/waver_description/urdf/materials.xacro
-- Up-to-date symlink: /home/chotaehyun/waver_ws/install/waver_description/share/waver_description/urdf/rasp_pi_camera.xacro
-- Up-to-date symlink: /home/chotaehyun/waver_ws/install/waver_description/share/waver_description/urdf/util.xacro
-- Up-to-date symlink: /home/chotaehyun/waver_ws/install/waver_description/share/waver_description/urdf/waver.control.xacro
-- Up-to-date symlink: /home/chotaehyun/waver_ws/install/waver_description/share/waver_description/urdf/waver.gazebo.xacro
-- Up-to-date symlink: /home/chotaehyun/waver_ws/install/waver_description/share/waver_description/urdf/waver.xacro
-- Up-to-date symlink: /home/chotaehyun/waver_ws/install/waver_description/share/waver_description/meshes/LD19.stl
-- Up-to-date symlink: /home/chotaehyun/waver_ws/install/waver_description/share/waver_description/meshes/accessories1_link.stl
-- Up-to-date symlink: /home/chotaehyun/waver_ws/install/waver_description/share/waver_description/meshes/accessories_link.stl
-- Up-to-date symlink: /home/chotaehyun/waver_ws/install/waver_description/share/waver_description/meshes/base_link.stl
-- Up-to-date symlink: /home/chotaehyun/waver_ws/install/waver_description/share/waver_description/meshes/board_link.stl
-- Up-to-date symlink: /home/chotaehyun/waver_ws/install/waver_description/share/waver_description/meshes/oled_screen_link.stl
-- Up-to-date symlink: /home/chotaehyun/waver_ws/install/waver_description/share/waver_description/meshes/rasp_pi_camera.stl
-- Up-to-date symlink: /home/chotaehyun/waver_ws/install/waver_description/share/waver_description/meshes/top_shell_link.stl
-- Up-to-date symlink: /home/chotaehyun/waver_ws/install/waver_description/share/waver_description/meshes/wheel_back_left_link.stl
-- Up-to-date symlink: /home/chotaehyun/waver_ws/install/waver_description/share/waver_description/meshes/wheel_back_right_link.stl
-- Up-to-date symlink: /home/chotaehyun/waver_ws/install/waver_description/share/waver_description/meshes/wheel_front_left_link.stl
-- Up-to-date symlink: /home/chotaehyun/waver_ws/install/waver_description/share/waver_description/meshes/wheel_front_right_link.stl
-- Up-to-date symlink: /home/chotaehyun/waver_ws/install/waver_description/share/waver_description/meshes/zedxm.stl
-- Up-to-date symlink: /home/chotaehyun/waver_ws/install/waver_description/share/waver_description/worlds/empty.world
-- Up-to-date symlink: /home/chotaehyun/waver_ws/install/waver_description/share/waver_description/config/waver_controllers.yaml
-- Up-to-date symlink: /home/chotaehyun/waver_ws/install/waver_description/share/ament_index/resource_index/package_run_dependencies/waver_description
-- Up-to-date symlink: /home/chotaehyun/waver_ws/install/waver_description/share/ament_index/resource_index/parent_prefix_path/waver_description
-- Up-to-date symlink: /home/chotaehyun/waver_ws/install/waver_description/share/waver_description/environment/ament_prefix_path.sh
-- Up-to-date symlink: /home/chotaehyun/waver_ws/install/waver_description/share/waver_description/environment/ament_prefix_path.dsv
-- Up-to-date symlink: /home/chotaehyun/waver_ws/install/waver_description/share/waver_description/environment/path.sh
-- Up-to-date symlink: /home/chotaehyun/waver_ws/install/waver_description/share/waver_description/environment/path.dsv
-- Up-to-date symlink: /home/chotaehyun/waver_ws/install/waver_description/share/waver_description/local_setup.bash
-- Up-to-date symlink: /home/chotaehyun/waver_ws/install/waver_description/share/waver_description/local_setup.sh
-- Up-to-date symlink: /home/chotaehyun/waver_ws/install/waver_description/share/waver_description/local_setup.zsh
-- Up-to-date symlink: /home/chotaehyun/waver_ws/install/waver_description/share/waver_description/local_setup.dsv
-- Symlinking: /home/chotaehyun/waver_ws/install/waver_description/share/waver_description/package.dsv
-- Up-to-date symlink: /home/chotaehyun/waver_ws/install/waver_description/share/ament_index/resource_index/packages/waver_description
-- Up-to-date symlink: /home/chotaehyun/waver_ws/install/waver_description/share/waver_description/cmake/waver_descriptionConfig.cmake
-- Up-to-date symlink: /home/chotaehyun/waver_ws/install/waver_description/share/waver_description/cmake/waver_descriptionConfig-version.cmake
-- Up-to-date symlink: /home/chotaehyun/waver_ws/install/waver_description/share/waver_description/package.xml
