[0.923s] Invoking command in '/home/chotaehyun/waver_ws/build/ugv_base_node': CMAKE_PREFIX_PATH=/opt/ros/humble /usr/bin/cmake --build /home/chotaehyun/waver_ws/build/ugv_base_node -- -j16 -l16
[1.910s] [ 50%] Built target base_node_ekf
[1.910s] [100%] Built target base_node
[1.984s] Invoked command in '/home/chotaehyun/waver_ws/build/ugv_base_node' returned '0': CMAKE_PREFIX_PATH=/opt/ros/humble /usr/bin/cmake --build /home/chotaehyun/waver_ws/build/ugv_base_node -- -j16 -l16
[1.989s] Invoking command in '/home/chotaehyun/waver_ws/build/ugv_base_node': CMAKE_PREFIX_PATH=/opt/ros/humble /usr/bin/cmake --install /home/chotaehyun/waver_ws/build/ugv_base_node
[2.121s] -- Install configuration: ""
[2.125s] -- Execute custom install script
[2.126s] -- Up-to-date symlink: /home/chotaehyun/waver_ws/install/ugv_base_node/lib/ugv_base_node/base_node
[2.126s] -- Up-to-date symlink: /home/chotaehyun/waver_ws/install/ugv_base_node/lib/ugv_base_node/base_node_ekf
[2.126s] -- Up-to-date symlink: /home/chotaehyun/waver_ws/install/ugv_base_node/share/ament_index/resource_index/package_run_dependencies/ugv_base_node
[2.127s] -- Up-to-date symlink: /home/chotaehyun/waver_ws/install/ugv_base_node/share/ament_index/resource_index/parent_prefix_path/ugv_base_node
[2.127s] -- Up-to-date symlink: /home/chotaehyun/waver_ws/install/ugv_base_node/share/ugv_base_node/environment/ament_prefix_path.sh
[2.127s] -- Up-to-date symlink: /home/chotaehyun/waver_ws/install/ugv_base_node/share/ugv_base_node/environment/ament_prefix_path.dsv
[2.127s] -- Up-to-date symlink: /home/chotaehyun/waver_ws/install/ugv_base_node/share/ugv_base_node/environment/path.sh
[2.127s] -- Up-to-date symlink: /home/chotaehyun/waver_ws/install/ugv_base_node/share/ugv_base_node/environment/path.dsv
[2.127s] -- Up-to-date symlink: /home/chotaehyun/waver_ws/install/ugv_base_node/share/ugv_base_node/local_setup.bash
[2.127s] -- Up-to-date symlink: /home/chotaehyun/waver_ws/install/ugv_base_node/share/ugv_base_node/local_setup.sh
[2.127s] -- Up-to-date symlink: /home/chotaehyun/waver_ws/install/ugv_base_node/share/ugv_base_node/local_setup.zsh
[2.127s] -- Up-to-date symlink: /home/chotaehyun/waver_ws/install/ugv_base_node/share/ugv_base_node/local_setup.dsv
[2.127s] -- Symlinking: /home/chotaehyun/waver_ws/install/ugv_base_node/share/ugv_base_node/package.dsv
[2.127s] -- Up-to-date symlink: /home/chotaehyun/waver_ws/install/ugv_base_node/share/ament_index/resource_index/packages/ugv_base_node
[2.128s] -- Up-to-date symlink: /home/chotaehyun/waver_ws/install/ugv_base_node/share/ugv_base_node/cmake/ugv_base_nodeConfig.cmake
[2.128s] -- Up-to-date symlink: /home/chotaehyun/waver_ws/install/ugv_base_node/share/ugv_base_node/cmake/ugv_base_nodeConfig-version.cmake
[2.128s] -- Up-to-date symlink: /home/chotaehyun/waver_ws/install/ugv_base_node/share/ugv_base_node/package.xml
[2.468s] Invoked command in '/home/chotaehyun/waver_ws/build/ugv_base_node' returned '0': CMAKE_PREFIX_PATH=/opt/ros/humble /usr/bin/cmake --install /home/chotaehyun/waver_ws/build/ugv_base_node
