[0.885s] Invoking command in '/home/chotaehyun/waver_ws/build/vizanti_cpp': CMAKE_PREFIX_PATH=/opt/ros/humble /usr/bin/cmake --build /home/chotaehyun/waver_ws/build/vizanti_cpp -- -j16 -l16
[0.991s] [100%] Built target tf_consolidator
[1.079s] Invoked command in '/home/chotaehyun/waver_ws/build/vizanti_cpp' returned '0': CMAKE_PREFIX_PATH=/opt/ros/humble /usr/bin/cmake --build /home/chotaehyun/waver_ws/build/vizanti_cpp -- -j16 -l16
[1.081s] Invoking command in '/home/chotaehyun/waver_ws/build/vizanti_cpp': CMAKE_PREFIX_PATH=/opt/ros/humble /usr/bin/cmake --install /home/chotaehyun/waver_ws/build/vizanti_cpp
[1.102s] -- Install configuration: ""
[1.102s] -- Execute custom install script
[1.103s] -- Up-to-date symlink: /home/chotaehyun/waver_ws/install/vizanti_cpp/lib/vizanti_cpp/tf_consolidator
[1.104s] -- Up-to-date symlink: /home/chotaehyun/waver_ws/install/vizanti_cpp/share/ament_index/resource_index/package_run_dependencies/vizanti_cpp
[1.105s] -- Up-to-date symlink: /home/chotaehyun/waver_ws/install/vizanti_cpp/share/ament_index/resource_index/parent_prefix_path/vizanti_cpp
[1.105s] -- Up-to-date symlink: /home/chotaehyun/waver_ws/install/vizanti_cpp/share/vizanti_cpp/environment/ament_prefix_path.sh
[1.105s] -- Up-to-date symlink: /home/chotaehyun/waver_ws/install/vizanti_cpp/share/vizanti_cpp/environment/ament_prefix_path.dsv
[1.107s] -- Up-to-date symlink: /home/chotaehyun/waver_ws/install/vizanti_cpp/share/vizanti_cpp/environment/path.sh
[1.107s] -- Up-to-date symlink: /home/chotaehyun/waver_ws/install/vizanti_cpp/share/vizanti_cpp/environment/path.dsv
[1.108s] -- Up-to-date symlink: /home/chotaehyun/waver_ws/install/vizanti_cpp/share/vizanti_cpp/local_setup.bash
[1.108s] -- Up-to-date symlink: /home/chotaehyun/waver_ws/install/vizanti_cpp/share/vizanti_cpp/local_setup.sh
[1.108s] -- Up-to-date symlink: /home/chotaehyun/waver_ws/install/vizanti_cpp/share/vizanti_cpp/local_setup.zsh
[1.108s] -- Up-to-date symlink: /home/chotaehyun/waver_ws/install/vizanti_cpp/share/vizanti_cpp/local_setup.dsv
[1.108s] -- Symlinking: /home/chotaehyun/waver_ws/install/vizanti_cpp/share/vizanti_cpp/package.dsv
[1.128s] -- Up-to-date symlink: /home/chotaehyun/waver_ws/install/vizanti_cpp/share/ament_index/resource_index/packages/vizanti_cpp
[1.129s] -- Up-to-date symlink: /home/chotaehyun/waver_ws/install/vizanti_cpp/share/vizanti_cpp/cmake/vizanti_cppConfig.cmake
[1.130s] -- Up-to-date symlink: /home/chotaehyun/waver_ws/install/vizanti_cpp/share/vizanti_cpp/cmake/vizanti_cppConfig-version.cmake
[1.132s] -- Up-to-date symlink: /home/chotaehyun/waver_ws/install/vizanti_cpp/share/vizanti_cpp/package.xml
[1.204s] Invoked command in '/home/chotaehyun/waver_ws/build/vizanti_cpp' returned '0': CMAKE_PREFIX_PATH=/opt/ros/humble /usr/bin/cmake --install /home/chotaehyun/waver_ws/build/vizanti_cpp
