[0.087s] Invoking command in '/home/chotaehyun/waver_ws/build/vizanti': AMENT_PREFIX_PATH=/home/chotaehyun/waver_ws/install/vizanti_server:/home/chotaehyun/waver_ws/install/vizanti_msgs:${AMENT_PREFIX_PATH} CMAKE_PREFIX_PATH=/home/chotaehyun/waver_ws/install/vizanti_server:/home/chotaehyun/waver_ws/install/vizanti_msgs:/opt/ros/humble LD_LIBRARY_PATH=/home/chotaehyun/waver_ws/install/vizanti_msgs/lib:${LD_LIBRARY_PATH} PYTHONPATH=/home/chotaehyun/waver_ws/install/vizanti_msgs/local/lib/python3.10/dist-packages:${PYTHONPATH} /usr/bin/cmake --build /home/chotaehyun/waver_ws/build/vizanti -- -j16 -l16
[0.190s] Invoked command in '/home/chotaehyun/waver_ws/build/vizanti' returned '0': AMENT_PREFIX_PATH=/home/chotaehyun/waver_ws/install/vizanti_server:/home/chotaehyun/waver_ws/install/vizanti_msgs:${AMENT_PREFIX_PATH} CMAKE_PREFIX_PATH=/home/chotaehyun/waver_ws/install/vizanti_server:/home/chotaehyun/waver_ws/install/vizanti_msgs:/opt/ros/humble LD_LIBRARY_PATH=/home/chotaehyun/waver_ws/install/vizanti_msgs/lib:${LD_LIBRARY_PATH} PYTHONPATH=/home/chotaehyun/waver_ws/install/vizanti_msgs/local/lib/python3.10/dist-packages:${PYTHONPATH} /usr/bin/cmake --build /home/chotaehyun/waver_ws/build/vizanti -- -j16 -l16
[0.193s] Invoking command in '/home/chotaehyun/waver_ws/build/vizanti': AMENT_PREFIX_PATH=/home/chotaehyun/waver_ws/install/vizanti_server:/home/chotaehyun/waver_ws/install/vizanti_msgs:${AMENT_PREFIX_PATH} CMAKE_PREFIX_PATH=/home/chotaehyun/waver_ws/install/vizanti_server:/home/chotaehyun/waver_ws/install/vizanti_msgs:/opt/ros/humble LD_LIBRARY_PATH=/home/chotaehyun/waver_ws/install/vizanti_msgs/lib:${LD_LIBRARY_PATH} PYTHONPATH=/home/chotaehyun/waver_ws/install/vizanti_msgs/local/lib/python3.10/dist-packages:${PYTHONPATH} /usr/bin/cmake --install /home/chotaehyun/waver_ws/build/vizanti
[0.208s] -- Install configuration: ""
[0.209s] -- Execute custom install script
[0.209s] -- Up-to-date symlink: /home/chotaehyun/waver_ws/install/vizanti/share/ament_index/resource_index/package_run_dependencies/vizanti
[0.209s] -- Up-to-date symlink: /home/chotaehyun/waver_ws/install/vizanti/share/ament_index/resource_index/parent_prefix_path/vizanti
[0.210s] -- Up-to-date symlink: /home/chotaehyun/waver_ws/install/vizanti/share/vizanti/environment/ament_prefix_path.sh
[0.210s] -- Up-to-date symlink: /home/chotaehyun/waver_ws/install/vizanti/share/vizanti/environment/ament_prefix_path.dsv
[0.210s] -- Up-to-date symlink: /home/chotaehyun/waver_ws/install/vizanti/share/vizanti/environment/path.sh
[0.210s] -- Up-to-date symlink: /home/chotaehyun/waver_ws/install/vizanti/share/vizanti/environment/path.dsv
[0.210s] -- Up-to-date symlink: /home/chotaehyun/waver_ws/install/vizanti/share/vizanti/local_setup.bash
[0.210s] -- Up-to-date symlink: /home/chotaehyun/waver_ws/install/vizanti/share/vizanti/local_setup.sh
[0.211s] -- Up-to-date symlink: /home/chotaehyun/waver_ws/install/vizanti/share/vizanti/local_setup.zsh
[0.211s] -- Up-to-date symlink: /home/chotaehyun/waver_ws/install/vizanti/share/vizanti/local_setup.dsv
[0.211s] -- Symlinking: /home/chotaehyun/waver_ws/install/vizanti/share/vizanti/package.dsv
[0.229s] -- Up-to-date symlink: /home/chotaehyun/waver_ws/install/vizanti/share/ament_index/resource_index/packages/vizanti
[0.230s] -- Up-to-date symlink: /home/chotaehyun/waver_ws/install/vizanti/share/vizanti/cmake/vizantiConfig.cmake
[0.230s] -- Up-to-date symlink: /home/chotaehyun/waver_ws/install/vizanti/share/vizanti/cmake/vizantiConfig-version.cmake
[0.230s] -- Up-to-date symlink: /home/chotaehyun/waver_ws/install/vizanti/share/vizanti/package.xml
[0.244s] Invoked command in '/home/chotaehyun/waver_ws/build/vizanti' returned '0': AMENT_PREFIX_PATH=/home/chotaehyun/waver_ws/install/vizanti_server:/home/chotaehyun/waver_ws/install/vizanti_msgs:${AMENT_PREFIX_PATH} CMAKE_PREFIX_PATH=/home/chotaehyun/waver_ws/install/vizanti_server:/home/chotaehyun/waver_ws/install/vizanti_msgs:/opt/ros/humble LD_LIBRARY_PATH=/home/chotaehyun/waver_ws/install/vizanti_msgs/lib:${LD_LIBRARY_PATH} PYTHONPATH=/home/chotaehyun/waver_ws/install/vizanti_msgs/local/lib/python3.10/dist-packages:${PYTHONPATH} /usr/bin/cmake --install /home/chotaehyun/waver_ws/build/vizanti
