[0.189s] Invoking command in '/home/chotaehyun/waver_ws/build/ugv_slam': CMAKE_PREFIX_PATH=/opt/ros/humble /usr/bin/cmake --build /home/chotaehyun/waver_ws/build/ugv_slam -- -j16 -l16
[0.975s] Invoked command in '/home/chotaehyun/waver_ws/build/ugv_slam' returned '0': CMAKE_PREFIX_PATH=/opt/ros/humble /usr/bin/cmake --build /home/chotaehyun/waver_ws/build/ugv_slam -- -j16 -l16
[0.976s] Invoking command in '/home/chotaehyun/waver_ws/build/ugv_slam': CMAKE_PREFIX_PATH=/opt/ros/humble /usr/bin/cmake --install /home/chotaehyun/waver_ws/build/ugv_slam
[1.005s] -- Install configuration: ""
[1.010s] -- Execute custom install script
[1.010s] -- Up-to-date symlink: /home/chotaehyun/waver_ws/install/ugv_slam/share/ugv_slam/launch/cartographer.launch.py
[1.011s] -- Up-to-date symlink: /home/chotaehyun/waver_ws/install/ugv_slam/share/ugv_slam/launch/gmapping.launch.py
[1.014s] -- Up-to-date symlink: /home/chotaehyun/waver_ws/install/ugv_slam/share/ugv_slam/launch/rtabmap_rgbd.launch.py
[1.020s] -- Up-to-date symlink: /home/chotaehyun/waver_ws/install/ugv_slam/share/ugv_slam/launch/waver_gmapping.launch.py
[1.020s] -- Up-to-date symlink: /home/chotaehyun/waver_ws/install/ugv_slam/share/ugv_slam/rviz/view_slam_2d.rviz
[1.024s] -- Up-to-date symlink: /home/chotaehyun/waver_ws/install/ugv_slam/share/ugv_slam/rviz/view_slam_3d.rviz
[1.024s] -- Up-to-date symlink: /home/chotaehyun/waver_ws/install/ugv_slam/share/ament_index/resource_index/package_run_dependencies/ugv_slam
[1.024s] -- Up-to-date symlink: /home/chotaehyun/waver_ws/install/ugv_slam/share/ament_index/resource_index/parent_prefix_path/ugv_slam
[1.025s] -- Up-to-date symlink: /home/chotaehyun/waver_ws/install/ugv_slam/share/ugv_slam/environment/ament_prefix_path.sh
[1.026s] -- Up-to-date symlink: /home/chotaehyun/waver_ws/install/ugv_slam/share/ugv_slam/environment/ament_prefix_path.dsv
[1.026s] -- Up-to-date symlink: /home/chotaehyun/waver_ws/install/ugv_slam/share/ugv_slam/environment/path.sh
[1.026s] -- Up-to-date symlink: /home/chotaehyun/waver_ws/install/ugv_slam/share/ugv_slam/environment/path.dsv
[1.026s] -- Up-to-date symlink: /home/chotaehyun/waver_ws/install/ugv_slam/share/ugv_slam/local_setup.bash
[1.026s] -- Up-to-date symlink: /home/chotaehyun/waver_ws/install/ugv_slam/share/ugv_slam/local_setup.sh
[1.027s] -- Up-to-date symlink: /home/chotaehyun/waver_ws/install/ugv_slam/share/ugv_slam/local_setup.zsh
[1.029s] -- Up-to-date symlink: /home/chotaehyun/waver_ws/install/ugv_slam/share/ugv_slam/local_setup.dsv
[1.029s] -- Symlinking: /home/chotaehyun/waver_ws/install/ugv_slam/share/ugv_slam/package.dsv
[1.029s] -- Up-to-date symlink: /home/chotaehyun/waver_ws/install/ugv_slam/share/ament_index/resource_index/packages/ugv_slam
[1.029s] -- Up-to-date symlink: /home/chotaehyun/waver_ws/install/ugv_slam/share/ugv_slam/cmake/ugv_slamConfig.cmake
[1.029s] -- Up-to-date symlink: /home/chotaehyun/waver_ws/install/ugv_slam/share/ugv_slam/cmake/ugv_slamConfig-version.cmake
[1.029s] -- Up-to-date symlink: /home/chotaehyun/waver_ws/install/ugv_slam/share/ugv_slam/package.xml
[1.076s] Invoked command in '/home/chotaehyun/waver_ws/build/ugv_slam' returned '0': CMAKE_PREFIX_PATH=/opt/ros/humble /usr/bin/cmake --install /home/chotaehyun/waver_ws/build/ugv_slam
