[1.234s] Invoking command in '/home/chotaehyun/waver_ws/build/ugv_description': CMAKE_PREFIX_PATH=/opt/ros/humble /usr/bin/cmake /home/chotaehyun/waver_ws/src/ugv_ws/src/ugv_main/ugv_description -DAMENT_CMAKE_SYMLINK_INSTALL=1 -DCMAKE_INSTALL_PREFIX=/home/chotaehyun/waver_ws/install/ugv_description
[1.945s] -- The C compiler identification is GNU 11.4.0
[1.945s] -- The CXX compiler identification is GNU 11.4.0
[1.945s] -- Detecting C compiler ABI info
[1.946s] -- Detecting C compiler ABI info - done
[1.946s] -- Check for working C compiler: /usr/bin/cc - skipped
[1.946s] -- Detecting C compile features
[1.946s] -- Detecting C compile features - done
[1.946s] -- Detecting CXX compiler ABI info
[1.946s] -- Detecting CXX compiler ABI info - done
[1.946s] -- Check for working CXX compiler: /usr/bin/c++ - skipped
[1.946s] -- Detecting CXX compile features
[1.946s] -- Detecting CXX compile features - done
[1.946s] -- Found ament_cmake: 1.3.14 (/opt/ros/humble/share/ament_cmake/cmake)
[2.358s] -- Found Python3: /usr/bin/python3 (found version "3.10.12") found components: Interpreter 
[2.609s] -- Override CMake install command with custom implementation using symlinks instead of copying resources
[2.760s] -- Found rosidl_default_generators: 1.2.0 (/opt/ros/humble/share/rosidl_default_generators/cmake)
[2.767s] -- Using all available rosidl_typesupport_c: rosidl_typesupport_fastrtps_c;rosidl_typesupport_introspection_c
[2.781s] -- Found rosidl_adapter: 3.1.8 (/opt/ros/humble/share/rosidl_adapter/cmake)
[2.888s] -- Using all available rosidl_typesupport_cpp: rosidl_typesupport_fastrtps_cpp;rosidl_typesupport_introspection_cpp
[3.117s] -- Configuring done
[3.129s] -- Generating done
[3.137s] -- Build files have been written to: /home/chotaehyun/waver_ws/build/ugv_description
[3.176s] Invoked command in '/home/chotaehyun/waver_ws/build/ugv_description' returned '0': CMAKE_PREFIX_PATH=/opt/ros/humble /usr/bin/cmake /home/chotaehyun/waver_ws/src/ugv_ws/src/ugv_main/ugv_description -DAMENT_CMAKE_SYMLINK_INSTALL=1 -DCMAKE_INSTALL_PREFIX=/home/chotaehyun/waver_ws/install/ugv_description
[3.179s] Invoking command in '/home/chotaehyun/waver_ws/build/ugv_description': CMAKE_PREFIX_PATH=/opt/ros/humble /usr/bin/cmake --build /home/chotaehyun/waver_ws/build/ugv_description -- -j16 -l16
[3.815s] Invoked command in '/home/chotaehyun/waver_ws/build/ugv_description' returned '0': CMAKE_PREFIX_PATH=/opt/ros/humble /usr/bin/cmake --build /home/chotaehyun/waver_ws/build/ugv_description -- -j16 -l16
[3.815s] Invoking command in '/home/chotaehyun/waver_ws/build/ugv_description': CMAKE_PREFIX_PATH=/opt/ros/humble /usr/bin/cmake --install /home/chotaehyun/waver_ws/build/ugv_description
[5.485s] -- Install configuration: ""
[5.485s] -- Execute custom install script
[5.485s] -- Symlinking: /home/chotaehyun/waver_ws/install/ugv_description/share/ugv_description/launch/display.launch.py
[5.485s] -- Symlinking: /home/chotaehyun/waver_ws/install/ugv_description/share/ugv_description/meshes/rasp_rover/base_lidar_link.stl
[5.485s] -- Symlinking: /home/chotaehyun/waver_ws/install/ugv_description/share/ugv_description/meshes/rasp_rover/base_link.stl
[5.485s] -- Symlinking: /home/chotaehyun/waver_ws/install/ugv_description/share/ugv_description/meshes/rasp_rover/left_down_wheel_link.stl
[5.485s] -- Symlinking: /home/chotaehyun/waver_ws/install/ugv_description/share/ugv_description/meshes/rasp_rover/left_up_wheel_link.stl
[5.486s] -- Symlinking: /home/chotaehyun/waver_ws/install/ugv_description/share/ugv_description/meshes/rasp_rover/pt_base_link.stl
[5.486s] -- Symlinking: /home/chotaehyun/waver_ws/install/ugv_description/share/ugv_description/meshes/rasp_rover/pt_camera_link.stl
[5.486s] -- Symlinking: /home/chotaehyun/waver_ws/install/ugv_description/share/ugv_description/meshes/rasp_rover/pt_link1.stl
[5.486s] -- Symlinking: /home/chotaehyun/waver_ws/install/ugv_description/share/ugv_description/meshes/rasp_rover/pt_link2.stl
[5.486s] -- Symlinking: /home/chotaehyun/waver_ws/install/ugv_description/share/ugv_description/meshes/rasp_rover/right_down_wheel_link.stl
[5.486s] -- Symlinking: /home/chotaehyun/waver_ws/install/ugv_description/share/ugv_description/meshes/rasp_rover/right_up_wheel_link.stl
[5.486s] -- Symlinking: /home/chotaehyun/waver_ws/install/ugv_description/share/ugv_description/meshes/ugv_beast/3d_camera_link.stl
[5.486s] -- Symlinking: /home/chotaehyun/waver_ws/install/ugv_description/share/ugv_description/meshes/ugv_beast/base_lidar_link.stl
[5.486s] -- Symlinking: /home/chotaehyun/waver_ws/install/ugv_description/share/ugv_description/meshes/ugv_beast/base_link.stl
[5.486s] -- Symlinking: /home/chotaehyun/waver_ws/install/ugv_description/share/ugv_description/meshes/ugv_beast/left_down_wheel_link.stl
[5.486s] -- Symlinking: /home/chotaehyun/waver_ws/install/ugv_description/share/ugv_description/meshes/ugv_beast/left_up_wheel_link.stl
[5.486s] -- Symlinking: /home/chotaehyun/waver_ws/install/ugv_description/share/ugv_description/meshes/ugv_beast/pt_base_link.stl
[5.487s] -- Symlinking: /home/chotaehyun/waver_ws/install/ugv_description/share/ugv_description/meshes/ugv_beast/pt_camera_link.stl
[5.487s] -- Symlinking: /home/chotaehyun/waver_ws/install/ugv_description/share/ugv_description/meshes/ugv_beast/pt_link1.stl
[5.487s] -- Symlinking: /home/chotaehyun/waver_ws/install/ugv_description/share/ugv_description/meshes/ugv_beast/pt_link2.stl
[5.487s] -- Symlinking: /home/chotaehyun/waver_ws/install/ugv_description/share/ugv_description/meshes/ugv_beast/right_down_wheel_link.stl
[5.487s] -- Symlinking: /home/chotaehyun/waver_ws/install/ugv_description/share/ugv_description/meshes/ugv_beast/right_up_wheel_link.stl
[5.487s] -- Symlinking: /home/chotaehyun/waver_ws/install/ugv_description/share/ugv_description/meshes/ugv_rover/3d_camera_link.stl
[5.487s] -- Symlinking: /home/chotaehyun/waver_ws/install/ugv_description/share/ugv_description/meshes/ugv_rover/base_lidar_link.stl
[5.487s] -- Symlinking: /home/chotaehyun/waver_ws/install/ugv_description/share/ugv_description/meshes/ugv_rover/base_link.stl
[5.487s] -- Symlinking: /home/chotaehyun/waver_ws/install/ugv_description/share/ugv_description/meshes/ugv_rover/left_down_wheel_link.stl
[5.487s] -- Symlinking: /home/chotaehyun/waver_ws/install/ugv_description/share/ugv_description/meshes/ugv_rover/left_up_wheel_link.stl
[5.487s] -- Symlinking: /home/chotaehyun/waver_ws/install/ugv_description/share/ugv_description/meshes/ugv_rover/pt_base_link.stl
[5.487s] -- Symlinking: /home/chotaehyun/waver_ws/install/ugv_description/share/ugv_description/meshes/ugv_rover/pt_camera_link.stl
[5.500s] -- Symlinking: /home/chotaehyun/waver_ws/install/ugv_description/share/ugv_description/meshes/ugv_rover/pt_link1.stl
[5.500s] -- Symlinking: /home/chotaehyun/waver_ws/install/ugv_description/share/ugv_description/meshes/ugv_rover/pt_link2.stl
[5.500s] -- Symlinking: /home/chotaehyun/waver_ws/install/ugv_description/share/ugv_description/meshes/ugv_rover/right_down_wheel_link.stl
[5.500s] -- Symlinking: /home/chotaehyun/waver_ws/install/ugv_description/share/ugv_description/meshes/ugv_rover/right_up_wheel_link.stl
[5.500s] -- Symlinking: /home/chotaehyun/waver_ws/install/ugv_description/share/ugv_description/urdf/rasp_rover.urdf
[5.500s] -- Symlinking: /home/chotaehyun/waver_ws/install/ugv_description/share/ugv_description/urdf/ugv_beast.urdf
[5.500s] -- Symlinking: /home/chotaehyun/waver_ws/install/ugv_description/share/ugv_description/urdf/ugv_rover.urdf
[5.500s] -- Symlinking: /home/chotaehyun/waver_ws/install/ugv_description/share/ugv_description/rviz/view_description.rviz
[5.500s] -- Symlinking: /home/chotaehyun/waver_ws/install/ugv_description/share/ament_index/resource_index/package_run_dependencies/ugv_description
[5.504s] -- Symlinking: /home/chotaehyun/waver_ws/install/ugv_description/share/ament_index/resource_index/parent_prefix_path/ugv_description
[5.504s] -- Symlinking: /home/chotaehyun/waver_ws/install/ugv_description/share/ugv_description/environment/ament_prefix_path.sh
[5.504s] -- Symlinking: /home/chotaehyun/waver_ws/install/ugv_description/share/ugv_description/environment/ament_prefix_path.dsv
[5.504s] -- Symlinking: /home/chotaehyun/waver_ws/install/ugv_description/share/ugv_description/environment/path.sh
[5.505s] -- Symlinking: /home/chotaehyun/waver_ws/install/ugv_description/share/ugv_description/environment/path.dsv
[5.505s] -- Symlinking: /home/chotaehyun/waver_ws/install/ugv_description/share/ugv_description/local_setup.bash
[5.505s] -- Symlinking: /home/chotaehyun/waver_ws/install/ugv_description/share/ugv_description/local_setup.sh
[5.505s] -- Symlinking: /home/chotaehyun/waver_ws/install/ugv_description/share/ugv_description/local_setup.zsh
[5.505s] -- Symlinking: /home/chotaehyun/waver_ws/install/ugv_description/share/ugv_description/local_setup.dsv
[5.505s] -- Symlinking: /home/chotaehyun/waver_ws/install/ugv_description/share/ugv_description/package.dsv
[5.505s] -- Symlinking: /home/chotaehyun/waver_ws/install/ugv_description/share/ament_index/resource_index/packages/ugv_description
[5.514s] -- Symlinking: /home/chotaehyun/waver_ws/install/ugv_description/share/ugv_description/cmake/ament_cmake_export_dependencies-extras.cmake
[5.548s] -- Symlinking: /home/chotaehyun/waver_ws/install/ugv_description/share/ugv_description/cmake/ugv_descriptionConfig.cmake
[5.581s] -- Symlinking: /home/chotaehyun/waver_ws/install/ugv_description/share/ugv_description/cmake/ugv_descriptionConfig-version.cmake
[5.613s] -- Symlinking: /home/chotaehyun/waver_ws/install/ugv_description/share/ugv_description/package.xml
[5.654s] Invoked command in '/home/chotaehyun/waver_ws/build/ugv_description' returned '0': CMAKE_PREFIX_PATH=/opt/ros/humble /usr/bin/cmake --install /home/chotaehyun/waver_ws/build/ugv_description
