[0.049s] Invoking command in '/home/chotaehyun/waver_ws/build/ugv_gazebo': CMAKE_PREFIX_PATH=/opt/ros/humble /usr/bin/cmake /home/chotaehyun/waver_ws/src/ugv_ws/src/ugv_main/ugv_gazebo -DAMENT_CMAKE_SYMLINK_INSTALL=1 -DCMAKE_INSTALL_PREFIX=/home/chotaehyun/waver_ws/install/ugv_gazebo
[1.371s] -- The C compiler identification is GNU 11.4.0
[1.371s] -- The CXX compiler identification is GNU 11.4.0
[1.371s] -- Detecting C compiler ABI info
[1.372s] -- Detecting C compiler ABI info - done
[1.372s] -- Check for working C compiler: /usr/bin/cc - skipped
[1.372s] -- Detecting C compile features
[1.372s] -- Detecting C compile features - done
[1.372s] -- Detecting CXX compiler ABI info
[1.372s] -- Detecting CXX compiler ABI info - done
[1.372s] -- Check for working CXX compiler: /usr/bin/c++ - skipped
[1.373s] -- Detecting CXX compile features
[1.373s] -- Detecting CXX compile features - done
[1.373s] -- Found ament_cmake: 1.3.14 (/opt/ros/humble/share/ament_cmake/cmake)
[1.902s] -- Found Python3: /usr/bin/python3 (found version "3.10.12") found components: Interpreter 
[2.247s] -- Override CMake install command with custom implementation using symlinks instead of copying resources
[2.390s] -- Found rosidl_default_generators: 1.2.0 (/opt/ros/humble/share/rosidl_default_generators/cmake)
[2.408s] -- Using all available rosidl_typesupport_c: rosidl_typesupport_fastrtps_c;rosidl_typesupport_introspection_c
[2.439s] -- Found rosidl_adapter: 3.1.8 (/opt/ros/humble/share/rosidl_adapter/cmake)
[2.569s] -- Using all available rosidl_typesupport_cpp: rosidl_typesupport_fastrtps_cpp;rosidl_typesupport_introspection_cpp
[2.911s] -- Configuring done
[2.927s] -- Generating done
[2.935s] -- Build files have been written to: /home/chotaehyun/waver_ws/build/ugv_gazebo
[3.501s] Invoked command in '/home/chotaehyun/waver_ws/build/ugv_gazebo' returned '0': CMAKE_PREFIX_PATH=/opt/ros/humble /usr/bin/cmake /home/chotaehyun/waver_ws/src/ugv_ws/src/ugv_main/ugv_gazebo -DAMENT_CMAKE_SYMLINK_INSTALL=1 -DCMAKE_INSTALL_PREFIX=/home/chotaehyun/waver_ws/install/ugv_gazebo
[3.502s] Invoking command in '/home/chotaehyun/waver_ws/build/ugv_gazebo': CMAKE_PREFIX_PATH=/opt/ros/humble /usr/bin/cmake --build /home/chotaehyun/waver_ws/build/ugv_gazebo -- -j16 -l16
[10.996s] Invoked command in '/home/chotaehyun/waver_ws/build/ugv_gazebo' returned '0': CMAKE_PREFIX_PATH=/opt/ros/humble /usr/bin/cmake --build /home/chotaehyun/waver_ws/build/ugv_gazebo -- -j16 -l16
[10.997s] Invoking command in '/home/chotaehyun/waver_ws/build/ugv_gazebo': CMAKE_PREFIX_PATH=/opt/ros/humble /usr/bin/cmake --install /home/chotaehyun/waver_ws/build/ugv_gazebo
[12.799s] -- Install configuration: ""
[12.799s] -- Execute custom install script
[12.799s] -- Symlinking: /home/chotaehyun/waver_ws/install/ugv_gazebo/share/ugv_gazebo/rviz/display.rviz
[12.799s] -- Symlinking: /home/chotaehyun/waver_ws/install/ugv_gazebo/share/ugv_gazebo/rviz/view_nav_2d.rviz
[12.799s] -- Symlinking: /home/chotaehyun/waver_ws/install/ugv_gazebo/share/ugv_gazebo/rviz/view_nav_3d.rviz
[12.799s] -- Symlinking: /home/chotaehyun/waver_ws/install/ugv_gazebo/share/ugv_gazebo/rviz/view_slam_2d.rviz
[12.799s] -- Symlinking: /home/chotaehyun/waver_ws/install/ugv_gazebo/share/ugv_gazebo/rviz/view_slam_3d.rviz
[12.799s] -- Symlinking: /home/chotaehyun/waver_ws/install/ugv_gazebo/share/ugv_gazebo/launch/bringup/bringup.launch.py
[12.799s] -- Symlinking: /home/chotaehyun/waver_ws/install/ugv_gazebo/share/ugv_gazebo/launch/bringup/bringup_test.launch.py
[12.799s] -- Symlinking: /home/chotaehyun/waver_ws/install/ugv_gazebo/share/ugv_gazebo/launch/bringup/robot_state_publisher.launch.py
[12.799s] -- Symlinking: /home/chotaehyun/waver_ws/install/ugv_gazebo/share/ugv_gazebo/launch/bringup/spawn_ugv.launch.py
[12.799s] -- Symlinking: /home/chotaehyun/waver_ws/install/ugv_gazebo/share/ugv_gazebo/launch/display.launch.py
[12.800s] -- Symlinking: /home/chotaehyun/waver_ws/install/ugv_gazebo/share/ugv_gazebo/launch/nav/nav.launch.py
[12.800s] -- Symlinking: /home/chotaehyun/waver_ws/install/ugv_gazebo/share/ugv_gazebo/launch/nav/nav_rtabmap.launch.py
[12.800s] -- Symlinking: /home/chotaehyun/waver_ws/install/ugv_gazebo/share/ugv_gazebo/launch/nav/rtabmap_localization_launch.py
[12.800s] -- Symlinking: /home/chotaehyun/waver_ws/install/ugv_gazebo/share/ugv_gazebo/launch/nav_bringup/bringup_launch_cartographer.launch.py
[12.800s] -- Symlinking: /home/chotaehyun/waver_ws/install/ugv_gazebo/share/ugv_gazebo/launch/nav_bringup/localization_launch.py
[12.800s] -- Symlinking: /home/chotaehyun/waver_ws/install/ugv_gazebo/share/ugv_gazebo/launch/nav_bringup/nav2_bringup.launch.py
[12.800s] -- Symlinking: /home/chotaehyun/waver_ws/install/ugv_gazebo/share/ugv_gazebo/launch/nav_bringup/navigation_launch.py
[12.800s] -- Symlinking: /home/chotaehyun/waver_ws/install/ugv_gazebo/share/ugv_gazebo/launch/slam/cartographer.launch.py
[12.800s] -- Symlinking: /home/chotaehyun/waver_ws/install/ugv_gazebo/share/ugv_gazebo/launch/slam/gmapping.launch.py
[12.800s] -- Symlinking: /home/chotaehyun/waver_ws/install/ugv_gazebo/share/ugv_gazebo/launch/slam/rtabmap_rgbd.launch.py
[12.800s] -- Symlinking: /home/chotaehyun/waver_ws/install/ugv_gazebo/share/ugv_gazebo/launch/slam_nav/slam_nav.launch.py
[12.800s] -- Symlinking: /home/chotaehyun/waver_ws/install/ugv_gazebo/share/ugv_gazebo/urdf/rasp_rover.urdf
[12.800s] -- Symlinking: /home/chotaehyun/waver_ws/install/ugv_gazebo/share/ugv_gazebo/urdf/ugv_beast.urdf
[12.800s] -- Symlinking: /home/chotaehyun/waver_ws/install/ugv_gazebo/share/ugv_gazebo/urdf/ugv_rover.urdf
[12.801s] -- Symlinking: /home/chotaehyun/waver_ws/install/ugv_gazebo/share/ugv_gazebo/worlds/ugv_world.world
[12.801s] -- Symlinking: /home/chotaehyun/waver_ws/install/ugv_gazebo/share/ugv_gazebo/models/rasp_rover/model.config
[12.801s] -- Symlinking: /home/chotaehyun/waver_ws/install/ugv_gazebo/share/ugv_gazebo/models/rasp_rover/model.sdf
[12.801s] -- Symlinking: /home/chotaehyun/waver_ws/install/ugv_gazebo/share/ugv_gazebo/models/ugv_beast/model.config
[12.801s] -- Symlinking: /home/chotaehyun/waver_ws/install/ugv_gazebo/share/ugv_gazebo/models/ugv_beast/model.sdf
[12.801s] -- Symlinking: /home/chotaehyun/waver_ws/install/ugv_gazebo/share/ugv_gazebo/models/ugv_rover/model.config
[12.801s] -- Symlinking: /home/chotaehyun/waver_ws/install/ugv_gazebo/share/ugv_gazebo/models/ugv_rover/model.sdf
[12.801s] -- Symlinking: /home/chotaehyun/waver_ws/install/ugv_gazebo/share/ugv_gazebo/models/world/model.config
[12.801s] -- Symlinking: /home/chotaehyun/waver_ws/install/ugv_gazebo/share/ugv_gazebo/models/world/model.sdf
[12.801s] -- Symlinking: /home/chotaehyun/waver_ws/install/ugv_gazebo/share/ugv_gazebo/param/amcl_dwa.yaml
[12.801s] -- Symlinking: /home/chotaehyun/waver_ws/install/ugv_gazebo/share/ugv_gazebo/param/amcl_teb.yaml
[12.801s] -- Symlinking: /home/chotaehyun/waver_ws/install/ugv_gazebo/share/ugv_gazebo/param/emcl_dwa.yaml
[12.801s] -- Symlinking: /home/chotaehyun/waver_ws/install/ugv_gazebo/share/ugv_gazebo/param/emcl_teb.yaml
[12.832s] -- Symlinking: /home/chotaehyun/waver_ws/install/ugv_gazebo/share/ugv_gazebo/param/rtabmap_dwa.yaml
[12.842s] -- Symlinking: /home/chotaehyun/waver_ws/install/ugv_gazebo/share/ugv_gazebo/param/rtabmap_teb.yaml
[12.848s] -- Symlinking: /home/chotaehyun/waver_ws/install/ugv_gazebo/share/ugv_gazebo/param/slam_nav.yaml
[12.904s] -- Symlinking: /home/chotaehyun/waver_ws/install/ugv_gazebo/share/ugv_gazebo/maps/map.pbstream
[12.932s] -- Symlinking: /home/chotaehyun/waver_ws/install/ugv_gazebo/share/ugv_gazebo/maps/map.pgm
[12.971s] -- Symlinking: /home/chotaehyun/waver_ws/install/ugv_gazebo/share/ugv_gazebo/maps/map.yaml
[12.997s] -- Symlinking: /home/chotaehyun/waver_ws/install/ugv_gazebo/share/ament_index/resource_index/package_run_dependencies/ugv_gazebo
[13.040s] -- Symlinking: /home/chotaehyun/waver_ws/install/ugv_gazebo/share/ament_index/resource_index/parent_prefix_path/ugv_gazebo
[13.067s] -- Symlinking: /home/chotaehyun/waver_ws/install/ugv_gazebo/share/ugv_gazebo/environment/ament_prefix_path.sh
[13.101s] -- Symlinking: /home/chotaehyun/waver_ws/install/ugv_gazebo/share/ugv_gazebo/environment/ament_prefix_path.dsv
[13.139s] -- Symlinking: /home/chotaehyun/waver_ws/install/ugv_gazebo/share/ugv_gazebo/environment/path.sh
[13.166s] -- Symlinking: /home/chotaehyun/waver_ws/install/ugv_gazebo/share/ugv_gazebo/environment/path.dsv
[13.203s] -- Symlinking: /home/chotaehyun/waver_ws/install/ugv_gazebo/share/ugv_gazebo/local_setup.bash
[13.236s] -- Symlinking: /home/chotaehyun/waver_ws/install/ugv_gazebo/share/ugv_gazebo/local_setup.sh
[13.269s] -- Symlinking: /home/chotaehyun/waver_ws/install/ugv_gazebo/share/ugv_gazebo/local_setup.zsh
[13.303s] -- Symlinking: /home/chotaehyun/waver_ws/install/ugv_gazebo/share/ugv_gazebo/local_setup.dsv
[13.338s] -- Symlinking: /home/chotaehyun/waver_ws/install/ugv_gazebo/share/ugv_gazebo/package.dsv
[13.370s] -- Symlinking: /home/chotaehyun/waver_ws/install/ugv_gazebo/share/ament_index/resource_index/packages/ugv_gazebo
[13.402s] -- Symlinking: /home/chotaehyun/waver_ws/install/ugv_gazebo/share/ugv_gazebo/cmake/ament_cmake_export_dependencies-extras.cmake
[13.436s] -- Symlinking: /home/chotaehyun/waver_ws/install/ugv_gazebo/share/ugv_gazebo/cmake/ugv_gazeboConfig.cmake
[13.467s] -- Symlinking: /home/chotaehyun/waver_ws/install/ugv_gazebo/share/ugv_gazebo/cmake/ugv_gazeboConfig-version.cmake
[13.501s] -- Symlinking: /home/chotaehyun/waver_ws/install/ugv_gazebo/share/ugv_gazebo/package.xml
[13.941s] Invoked command in '/home/chotaehyun/waver_ws/build/ugv_gazebo' returned '0': CMAKE_PREFIX_PATH=/opt/ros/humble /usr/bin/cmake --install /home/chotaehyun/waver_ws/build/ugv_gazebo
