[0.310s] Invoking command in '/home/chotaehyun/waver_ws/build/vizanti_demos': AMENT_PREFIX_PATH=/home/chotaehyun/waver_ws/install/vizanti_msgs:${AMENT_PREFIX_PATH} CMAKE_PREFIX_PATH=/home/chotaehyun/waver_ws/install/vizanti_msgs:/opt/ros/humble LD_LIBRARY_PATH=/home/chotaehyun/waver_ws/install/vizanti_msgs/lib:${LD_LIBRARY_PATH} PYTHONPATH=/home/chotaehyun/waver_ws/install/vizanti_msgs/local/lib/python3.10/dist-packages:${PYTHONPATH} /usr/bin/cmake --build /home/chotaehyun/waver_ws/build/vizanti_demos -- -j16 -l16
[0.582s] Invoked command in '/home/chotaehyun/waver_ws/build/vizanti_demos' returned '0': AMENT_PREFIX_PATH=/home/chotaehyun/waver_ws/install/vizanti_msgs:${AMENT_PREFIX_PATH} CMAKE_PREFIX_PATH=/home/chotaehyun/waver_ws/install/vizanti_msgs:/opt/ros/humble LD_LIBRARY_PATH=/home/chotaehyun/waver_ws/install/vizanti_msgs/lib:${LD_LIBRARY_PATH} PYTHONPATH=/home/chotaehyun/waver_ws/install/vizanti_msgs/local/lib/python3.10/dist-packages:${PYTHONPATH} /usr/bin/cmake --build /home/chotaehyun/waver_ws/build/vizanti_demos -- -j16 -l16
[0.587s] Invoking command in '/home/chotaehyun/waver_ws/build/vizanti_demos': AMENT_PREFIX_PATH=/home/chotaehyun/waver_ws/install/vizanti_msgs:${AMENT_PREFIX_PATH} CMAKE_PREFIX_PATH=/home/chotaehyun/waver_ws/install/vizanti_msgs:/opt/ros/humble LD_LIBRARY_PATH=/home/chotaehyun/waver_ws/install/vizanti_msgs/lib:${LD_LIBRARY_PATH} PYTHONPATH=/home/chotaehyun/waver_ws/install/vizanti_msgs/local/lib/python3.10/dist-packages:${PYTHONPATH} /usr/bin/cmake --install /home/chotaehyun/waver_ws/build/vizanti_demos
[0.593s] -- Install configuration: ""
[0.593s] -- Execute custom install script
[0.598s] -- Up-to-date symlink: /home/chotaehyun/waver_ws/install/vizanti_demos/share/vizanti_demos//launch/test.launch.py
[0.603s] -- Up-to-date symlink: /home/chotaehyun/waver_ws/install/vizanti_demos/lib/vizanti_demos/particle_cloud_to_pose_array.py
[0.603s] -- Up-to-date symlink: /home/chotaehyun/waver_ws/install/vizanti_demos/lib/vizanti_demos/path_to_nav2poses.py
[0.603s] -- Up-to-date symlink: /home/chotaehyun/waver_ws/install/vizanti_demos/lib/vizanti_demos/test_grid_cells.py
[0.603s] -- Up-to-date symlink: /home/chotaehyun/waver_ws/install/vizanti_demos/lib/vizanti_demos/test_marker_array.py
[0.603s] -- Up-to-date symlink: /home/chotaehyun/waver_ws/install/vizanti_demos/lib/vizanti_demos/test_tf.py
[0.604s] -- Up-to-date symlink: /home/chotaehyun/waver_ws/install/vizanti_demos/share/ament_index/resource_index/package_run_dependencies/vizanti_demos
[0.604s] -- Up-to-date symlink: /home/chotaehyun/waver_ws/install/vizanti_demos/share/ament_index/resource_index/parent_prefix_path/vizanti_demos
[0.604s] -- Up-to-date symlink: /home/chotaehyun/waver_ws/install/vizanti_demos/share/vizanti_demos/environment/ament_prefix_path.sh
[0.604s] -- Up-to-date symlink: /home/chotaehyun/waver_ws/install/vizanti_demos/share/vizanti_demos/environment/ament_prefix_path.dsv
[0.604s] -- Up-to-date symlink: /home/chotaehyun/waver_ws/install/vizanti_demos/share/vizanti_demos/environment/path.sh
[0.604s] -- Up-to-date symlink: /home/chotaehyun/waver_ws/install/vizanti_demos/share/vizanti_demos/environment/path.dsv
[0.604s] -- Up-to-date symlink: /home/chotaehyun/waver_ws/install/vizanti_demos/share/vizanti_demos/local_setup.bash
[0.604s] -- Up-to-date symlink: /home/chotaehyun/waver_ws/install/vizanti_demos/share/vizanti_demos/local_setup.sh
[0.604s] -- Up-to-date symlink: /home/chotaehyun/waver_ws/install/vizanti_demos/share/vizanti_demos/local_setup.zsh
[0.604s] -- Up-to-date symlink: /home/chotaehyun/waver_ws/install/vizanti_demos/share/vizanti_demos/local_setup.dsv
[0.604s] -- Symlinking: /home/chotaehyun/waver_ws/install/vizanti_demos/share/vizanti_demos/package.dsv
[0.617s] -- Up-to-date symlink: /home/chotaehyun/waver_ws/install/vizanti_demos/share/ament_index/resource_index/packages/vizanti_demos
[0.621s] -- Up-to-date symlink: /home/chotaehyun/waver_ws/install/vizanti_demos/share/vizanti_demos/cmake/vizanti_demosConfig.cmake
[0.621s] -- Up-to-date symlink: /home/chotaehyun/waver_ws/install/vizanti_demos/share/vizanti_demos/cmake/vizanti_demosConfig-version.cmake
[0.621s] -- Up-to-date symlink: /home/chotaehyun/waver_ws/install/vizanti_demos/share/vizanti_demos/package.xml
[0.623s] Invoked command in '/home/chotaehyun/waver_ws/build/vizanti_demos' returned '0': AMENT_PREFIX_PATH=/home/chotaehyun/waver_ws/install/vizanti_msgs:${AMENT_PREFIX_PATH} CMAKE_PREFIX_PATH=/home/chotaehyun/waver_ws/install/vizanti_msgs:/opt/ros/humble LD_LIBRARY_PATH=/home/chotaehyun/waver_ws/install/vizanti_msgs/lib:${LD_LIBRARY_PATH} PYTHONPATH=/home/chotaehyun/waver_ws/install/vizanti_msgs/local/lib/python3.10/dist-packages:${PYTHONPATH} /usr/bin/cmake --install /home/chotaehyun/waver_ws/build/vizanti_demos
