[0.067s] Invoking command in '/home/chotaehyun/waver_ws/build/vizanti_msgs': CMAKE_PREFIX_PATH=/opt/ros/humble /usr/bin/cmake /home/chotaehyun/waver_ws/src/ugv_ws/src/ugv_else/vizanti/vizanti_msgs -DAMENT_CMAKE_SYMLINK_INSTALL=1 -DCMAKE_INSTALL_PREFIX=/home/chotaehyun/waver_ws/install/vizanti_msgs
[1.250s] -- The C compiler identification is GNU 11.4.0
[1.250s] -- The CXX compiler identification is GNU 11.4.0
[1.250s] -- Detecting C compiler ABI info
[1.250s] -- Detecting C compiler ABI info - done
[1.250s] -- Check for working C compiler: /usr/bin/cc - skipped
[1.250s] -- Detecting C compile features
[1.250s] -- Detecting C compile features - done
[1.250s] -- Detecting CXX compiler ABI info
[1.250s] -- Detecting CXX compiler ABI info - done
[1.250s] -- Check for working CXX compiler: /usr/bin/c++ - skipped
[1.250s] -- Detecting CXX compile features
[1.250s] -- Detecting CXX compile features - done
[1.250s] -- Found ament_cmake: 1.3.14 (/opt/ros/humble/share/ament_cmake/cmake)
[1.250s] -- Found Python3: /usr/bin/python3 (found version "3.10.12") found components: Interpreter 
[1.250s] -- Override CMake install command with custom implementation using symlinks instead of copying resources
[1.250s] -- Found rosidl_default_generators: 1.2.0 (/opt/ros/humble/share/rosidl_default_generators/cmake)
[1.251s] -- Using all available rosidl_typesupport_c: rosidl_typesupport_fastrtps_c;rosidl_typesupport_introspection_c
[1.251s] -- Found rosidl_adapter: 3.1.8 (/opt/ros/humble/share/rosidl_adapter/cmake)
[1.251s] -- Using all available rosidl_typesupport_cpp: rosidl_typesupport_fastrtps_cpp;rosidl_typesupport_introspection_cpp
[1.312s] -- Found std_msgs: 4.9.1 (/opt/ros/humble/share/std_msgs/cmake)
[1.360s] -- Found nav_msgs: 4.9.1 (/opt/ros/humble/share/nav_msgs/cmake)
[1.431s] -- Found actionlib_msgs: 4.9.1 (/opt/ros/humble/share/actionlib_msgs/cmake)
[2.488s] -- Found ament_cmake_ros: 0.10.0 (/opt/ros/humble/share/ament_cmake_ros/cmake)
[3.288s] -- Using all available rosidl_typesupport_c: rosidl_typesupport_fastrtps_c;rosidl_typesupport_introspection_c
[4.360s] -- Using all available rosidl_typesupport_cpp: rosidl_typesupport_fastrtps_cpp;rosidl_typesupport_introspection_cpp
[4.475s] -- Found PythonInterp: /usr/bin/python3 (found suitable version "3.10.12", minimum required is "3.6") 
[4.492s] -- Found python_cmake_module: 0.10.0 (/opt/ros/humble/share/python_cmake_module/cmake)
[4.614s] -- Found PythonLibs: /usr/lib/x86_64-linux-gnu/libpython3.10.so (found suitable version "3.10.12", minimum required is "3.5") 
[4.614s] -- Using PYTHON_EXECUTABLE: /usr/bin/python3
[4.615s] -- Using PYTHON_INCLUDE_DIRS: /usr/include/python3.10
[4.615s] -- Using PYTHON_LIBRARIES: /usr/lib/x86_64-linux-gnu/libpython3.10.so
[4.726s] -- Found PythonExtra: .so  
[5.168s] -- Configuring done
[5.394s] -- Generating done
[5.477s] -- Build files have been written to: /home/chotaehyun/waver_ws/build/vizanti_msgs
[5.561s] Invoked command in '/home/chotaehyun/waver_ws/build/vizanti_msgs' returned '0': CMAKE_PREFIX_PATH=/opt/ros/humble /usr/bin/cmake /home/chotaehyun/waver_ws/src/ugv_ws/src/ugv_else/vizanti/vizanti_msgs -DAMENT_CMAKE_SYMLINK_INSTALL=1 -DCMAKE_INSTALL_PREFIX=/home/chotaehyun/waver_ws/install/vizanti_msgs
[5.562s] Invoking command in '/home/chotaehyun/waver_ws/build/vizanti_msgs': CMAKE_PREFIX_PATH=/opt/ros/humble /usr/bin/cmake --build /home/chotaehyun/waver_ws/build/vizanti_msgs -- -j16 -l16
[13.017s] [  1%] [34m[1mGenerating C code for ROS interfaces[0m
[13.018s] [  1%] [34m[1mGenerating C++ code for ROS interfaces[0m
[13.018s] [  1%] Built target ament_cmake_python_symlink_vizanti_msgs
[13.018s] running egg_info
[13.018s] creating vizanti_msgs.egg-info
[13.018s] writing vizanti_msgs.egg-info/PKG-INFO
[13.018s] writing dependency_links to vizanti_msgs.egg-info/dependency_links.txt
[13.018s] writing top-level names to vizanti_msgs.egg-info/top_level.txt
[13.018s] writing manifest file 'vizanti_msgs.egg-info/SOURCES.txt'
[13.018s] reading manifest file 'vizanti_msgs.egg-info/SOURCES.txt'
[13.018s] writing manifest file 'vizanti_msgs.egg-info/SOURCES.txt'
[13.018s] [  1%] Built target ament_cmake_python_build_vizanti_msgs_egg
[13.018s] [  1%] Built target vizanti_msgs__cpp
[13.019s] [  2%] [34m[1mGenerating C++ type support for eProsima Fast-RTPS[0m
[13.019s] [  3%] [34m[1mGenerating C++ type support dispatch for ROS interfaces[0m
[13.019s] [  4%] [34m[1mGenerating C++ introspection for ROS interfaces[0m
[13.019s] [  5%] [32mBuilding C object CMakeFiles/vizanti_msgs__rosidl_generator_c.dir/rosidl_generator_c/vizanti_msgs/srv/detail/get_node_parameters__functions.c.o[0m
[13.019s] [  6%] [32mBuilding C object CMakeFiles/vizanti_msgs__rosidl_generator_c.dir/rosidl_generator_c/vizanti_msgs/srv/detail/set_node_parameter__functions.c.o[0m
[13.019s] [  7%] [32mBuilding C object CMakeFiles/vizanti_msgs__rosidl_generator_c.dir/rosidl_generator_c/vizanti_msgs/srv/detail/save_map__functions.c.o[0m
[13.019s] [  8%] [32mBuilding C object CMakeFiles/vizanti_msgs__rosidl_generator_c.dir/rosidl_generator_c/vizanti_msgs/srv/detail/load_map__functions.c.o[0m
[13.019s] [  9%] [32mBuilding C object CMakeFiles/vizanti_msgs__rosidl_generator_c.dir/rosidl_generator_c/vizanti_msgs/srv/detail/manage_launch__functions.c.o[0m
[13.019s] [ 10%] [32mBuilding C object CMakeFiles/vizanti_msgs__rosidl_generator_c.dir/rosidl_generator_c/vizanti_msgs/srv/detail/launches__functions.c.o[0m
[13.019s] [ 11%] [32mBuilding C object CMakeFiles/vizanti_msgs__rosidl_generator_c.dir/rosidl_generator_c/vizanti_msgs/srv/detail/record_rosbag__functions.c.o[0m
[13.019s] [ 12%] [32mBuilding C object CMakeFiles/vizanti_msgs__rosidl_generator_c.dir/rosidl_generator_c/vizanti_msgs/srv/detail/manage_node__functions.c.o[0m
[13.019s] [ 13%] [32mBuilding C object CMakeFiles/vizanti_msgs__rosidl_generator_c.dir/rosidl_generator_c/vizanti_msgs/srv/detail/list_packages__functions.c.o[0m
[13.019s] [ 14%] [32mBuilding C object CMakeFiles/vizanti_msgs__rosidl_generator_c.dir/rosidl_generator_c/vizanti_msgs/srv/detail/list_executables__functions.c.o[0m
[13.020s] [ 15%] [32m[1mLinking C shared library libvizanti_msgs__rosidl_generator_c.so[0m
[13.020s] [ 15%] Built target vizanti_msgs__rosidl_generator_c
[13.020s] [ 16%] [34m[1mGenerating C type support dispatch for ROS interfaces[0m
[13.020s] [ 17%] [34m[1mGenerating C introspection for ROS interfaces[0m
[13.020s] [ 18%] [34m[1mGenerating C type support for eProsima Fast-RTPS[0m
[13.020s] [ 19%] [32mBuilding CXX object CMakeFiles/vizanti_msgs__rosidl_typesupport_cpp.dir/rosidl_typesupport_cpp/vizanti_msgs/srv/get_node_parameters__type_support.cpp.o[0m
[13.020s] [ 20%] [32mBuilding CXX object CMakeFiles/vizanti_msgs__rosidl_typesupport_cpp.dir/rosidl_typesupport_cpp/vizanti_msgs/srv/set_node_parameter__type_support.cpp.o[0m
[13.020s] [ 21%] [32mBuilding CXX object CMakeFiles/vizanti_msgs__rosidl_typesupport_cpp.dir/rosidl_typesupport_cpp/vizanti_msgs/srv/load_map__type_support.cpp.o[0m
[13.020s] [ 22%] [32mBuilding CXX object CMakeFiles/vizanti_msgs__rosidl_typesupport_cpp.dir/rosidl_typesupport_cpp/vizanti_msgs/srv/manage_node__type_support.cpp.o[0m
[13.020s] [ 23%] [32mBuilding CXX object CMakeFiles/vizanti_msgs__rosidl_typesupport_cpp.dir/rosidl_typesupport_cpp/vizanti_msgs/srv/save_map__type_support.cpp.o[0m
[13.020s] [ 24%] [32mBuilding CXX object CMakeFiles/vizanti_msgs__rosidl_typesupport_cpp.dir/rosidl_typesupport_cpp/vizanti_msgs/srv/launches__type_support.cpp.o[0m
[13.020s] [ 25%] [32mBuilding CXX object CMakeFiles/vizanti_msgs__rosidl_typesupport_cpp.dir/rosidl_typesupport_cpp/vizanti_msgs/srv/record_rosbag__type_support.cpp.o[0m
[13.021s] [ 26%] [32mBuilding CXX object CMakeFiles/vizanti_msgs__rosidl_typesupport_cpp.dir/rosidl_typesupport_cpp/vizanti_msgs/srv/list_packages__type_support.cpp.o[0m
[13.021s] [ 27%] [32mBuilding CXX object CMakeFiles/vizanti_msgs__rosidl_typesupport_cpp.dir/rosidl_typesupport_cpp/vizanti_msgs/srv/manage_launch__type_support.cpp.o[0m
[13.021s] [ 28%] [32mBuilding CXX object CMakeFiles/vizanti_msgs__rosidl_typesupport_cpp.dir/rosidl_typesupport_cpp/vizanti_msgs/srv/list_executables__type_support.cpp.o[0m
[13.021s] [ 29%] [32mBuilding CXX object CMakeFiles/vizanti_msgs__rosidl_typesupport_introspection_cpp.dir/rosidl_typesupport_introspection_cpp/vizanti_msgs/srv/detail/launches__type_support.cpp.o[0m
[13.021s] [ 30%] [32mBuilding CXX object CMakeFiles/vizanti_msgs__rosidl_typesupport_introspection_cpp.dir/rosidl_typesupport_introspection_cpp/vizanti_msgs/srv/detail/get_node_parameters__type_support.cpp.o[0m
[13.021s] [ 31%] [32mBuilding CXX object CMakeFiles/vizanti_msgs__rosidl_typesupport_introspection_cpp.dir/rosidl_typesupport_introspection_cpp/vizanti_msgs/srv/detail/save_map__type_support.cpp.o[0m
[13.036s] [ 32%] [32mBuilding CXX object CMakeFiles/vizanti_msgs__rosidl_typesupport_introspection_cpp.dir/rosidl_typesupport_introspection_cpp/vizanti_msgs/srv/detail/set_node_parameter__type_support.cpp.o[0m
[13.036s] [ 33%] [32mBuilding CXX object CMakeFiles/vizanti_msgs__rosidl_typesupport_introspection_cpp.dir/rosidl_typesupport_introspection_cpp/vizanti_msgs/srv/detail/load_map__type_support.cpp.o[0m
[13.037s] [ 34%] [32mBuilding CXX object CMakeFiles/vizanti_msgs__rosidl_typesupport_introspection_cpp.dir/rosidl_typesupport_introspection_cpp/vizanti_msgs/srv/detail/record_rosbag__type_support.cpp.o[0m
[13.037s] [ 35%] [32mBuilding CXX object CMakeFiles/vizanti_msgs__rosidl_typesupport_introspection_cpp.dir/rosidl_typesupport_introspection_cpp/vizanti_msgs/srv/detail/manage_node__type_support.cpp.o[0m
[13.037s] [ 36%] [32mBuilding CXX object CMakeFiles/vizanti_msgs__rosidl_typesupport_introspection_cpp.dir/rosidl_typesupport_introspection_cpp/vizanti_msgs/srv/detail/manage_launch__type_support.cpp.o[0m
[13.037s] [ 37%] [32mBuilding CXX object CMakeFiles/vizanti_msgs__rosidl_typesupport_introspection_cpp.dir/rosidl_typesupport_introspection_cpp/vizanti_msgs/srv/detail/list_packages__type_support.cpp.o[0m
[13.037s] [ 38%] [32mBuilding CXX object CMakeFiles/vizanti_msgs__rosidl_typesupport_introspection_cpp.dir/rosidl_typesupport_introspection_cpp/vizanti_msgs/srv/detail/list_executables__type_support.cpp.o[0m
[13.037s] [ 39%] [32m[1mLinking CXX shared library libvizanti_msgs__rosidl_typesupport_cpp.so[0m
[13.037s] [ 40%] [32mBuilding CXX object CMakeFiles/vizanti_msgs__rosidl_typesupport_c.dir/rosidl_typesupport_c/vizanti_msgs/srv/get_node_parameters__type_support.cpp.o[0m
[13.037s] [ 41%] [32mBuilding CXX object CMakeFiles/vizanti_msgs__rosidl_typesupport_c.dir/rosidl_typesupport_c/vizanti_msgs/srv/set_node_parameter__type_support.cpp.o[0m
[13.037s] [ 42%] [32mBuilding CXX object CMakeFiles/vizanti_msgs__rosidl_typesupport_c.dir/rosidl_typesupport_c/vizanti_msgs/srv/save_map__type_support.cpp.o[0m
[13.037s] [ 42%] Built target vizanti_msgs__rosidl_typesupport_cpp
[13.040s] [ 43%] [32mBuilding CXX object CMakeFiles/vizanti_msgs__rosidl_typesupport_c.dir/rosidl_typesupport_c/vizanti_msgs/srv/load_map__type_support.cpp.o[0m
[13.056s] [ 44%] [32mBuilding CXX object CMakeFiles/vizanti_msgs__rosidl_typesupport_c.dir/rosidl_typesupport_c/vizanti_msgs/srv/launches__type_support.cpp.o[0m
[13.224s] [ 45%] [32mBuilding CXX object CMakeFiles/vizanti_msgs__rosidl_typesupport_c.dir/rosidl_typesupport_c/vizanti_msgs/srv/record_rosbag__type_support.cpp.o[0m
[13.247s] [ 46%] [32mBuilding CXX object CMakeFiles/vizanti_msgs__rosidl_typesupport_c.dir/rosidl_typesupport_c/vizanti_msgs/srv/manage_node__type_support.cpp.o[0m
[13.342s] [ 47%] [32mBuilding CXX object CMakeFiles/vizanti_msgs__rosidl_typesupport_c.dir/rosidl_typesupport_c/vizanti_msgs/srv/manage_launch__type_support.cpp.o[0m
[13.387s] [ 48%] [32mBuilding C object CMakeFiles/vizanti_msgs__rosidl_typesupport_introspection_c.dir/rosidl_typesupport_introspection_c/vizanti_msgs/srv/detail/get_node_parameters__type_support.c.o[0m
[13.397s] [ 48%] [32mBuilding CXX object CMakeFiles/vizanti_msgs__rosidl_typesupport_c.dir/rosidl_typesupport_c/vizanti_msgs/srv/list_packages__type_support.cpp.o[0m
[13.418s] [ 49%] [32mBuilding C object CMakeFiles/vizanti_msgs__rosidl_typesupport_introspection_c.dir/rosidl_typesupport_introspection_c/vizanti_msgs/srv/detail/set_node_parameter__type_support.c.o[0m
[13.505s] [ 50%] [32mBuilding C object CMakeFiles/vizanti_msgs__rosidl_typesupport_introspection_c.dir/rosidl_typesupport_introspection_c/vizanti_msgs/srv/detail/save_map__type_support.c.o[0m
[13.556s] [ 51%] [32mBuilding C object CMakeFiles/vizanti_msgs__rosidl_typesupport_introspection_c.dir/rosidl_typesupport_introspection_c/vizanti_msgs/srv/detail/load_map__type_support.c.o[0m
[13.562s] [ 52%] [32mBuilding CXX object CMakeFiles/vizanti_msgs__rosidl_typesupport_c.dir/rosidl_typesupport_c/vizanti_msgs/srv/list_executables__type_support.cpp.o[0m
[13.567s] [ 53%] [32mBuilding C object CMakeFiles/vizanti_msgs__rosidl_typesupport_introspection_c.dir/rosidl_typesupport_introspection_c/vizanti_msgs/srv/detail/launches__type_support.c.o[0m
[13.634s] [ 54%] [32mBuilding CXX object CMakeFiles/vizanti_msgs__rosidl_typesupport_fastrtps_c.dir/rosidl_typesupport_fastrtps_c/vizanti_msgs/srv/detail/get_node_parameters__type_support_c.cpp.o[0m
[13.655s] [ 55%] [32mBuilding CXX object CMakeFiles/vizanti_msgs__rosidl_typesupport_fastrtps_cpp.dir/rosidl_typesupport_fastrtps_cpp/vizanti_msgs/srv/detail/dds_fastrtps/get_node_parameters__type_support.cpp.o[0m
[13.659s] [ 56%] [32m[1mLinking CXX shared library libvizanti_msgs__rosidl_typesupport_c.so[0m
[13.696s] [ 57%] [32mBuilding C object CMakeFiles/vizanti_msgs__rosidl_typesupport_introspection_c.dir/rosidl_typesupport_introspection_c/vizanti_msgs/srv/detail/record_rosbag__type_support.c.o[0m
[13.714s] [ 58%] [32mBuilding CXX object CMakeFiles/vizanti_msgs__rosidl_typesupport_fastrtps_cpp.dir/rosidl_typesupport_fastrtps_cpp/vizanti_msgs/srv/detail/dds_fastrtps/set_node_parameter__type_support.cpp.o[0m
[13.768s] [ 59%] [32mBuilding C object CMakeFiles/vizanti_msgs__rosidl_typesupport_introspection_c.dir/rosidl_typesupport_introspection_c/vizanti_msgs/srv/detail/manage_node__type_support.c.o[0m
[13.776s] [ 60%] [32mBuilding CXX object CMakeFiles/vizanti_msgs__rosidl_typesupport_fastrtps_c.dir/rosidl_typesupport_fastrtps_c/vizanti_msgs/srv/detail/set_node_parameter__type_support_c.cpp.o[0m
[13.884s] [ 61%] [32mBuilding CXX object CMakeFiles/vizanti_msgs__rosidl_typesupport_fastrtps_c.dir/rosidl_typesupport_fastrtps_c/vizanti_msgs/srv/detail/save_map__type_support_c.cpp.o[0m
[13.897s] [ 61%] Built target vizanti_msgs__rosidl_typesupport_c
[13.934s] [ 62%] [32mBuilding C object CMakeFiles/vizanti_msgs__rosidl_typesupport_introspection_c.dir/rosidl_typesupport_introspection_c/vizanti_msgs/srv/detail/manage_launch__type_support.c.o[0m
[13.968s] [ 62%] [32mBuilding CXX object CMakeFiles/vizanti_msgs__rosidl_typesupport_fastrtps_cpp.dir/rosidl_typesupport_fastrtps_cpp/vizanti_msgs/srv/detail/dds_fastrtps/save_map__type_support.cpp.o[0m
[14.078s] [ 63%] [32mBuilding C object CMakeFiles/vizanti_msgs__rosidl_typesupport_introspection_c.dir/rosidl_typesupport_introspection_c/vizanti_msgs/srv/detail/list_packages__type_support.c.o[0m
[14.103s] [ 64%] [32mBuilding C object CMakeFiles/vizanti_msgs__rosidl_typesupport_introspection_c.dir/rosidl_typesupport_introspection_c/vizanti_msgs/srv/detail/list_executables__type_support.c.o[0m
[14.145s] [ 65%] [32mBuilding CXX object CMakeFiles/vizanti_msgs__rosidl_typesupport_fastrtps_c.dir/rosidl_typesupport_fastrtps_c/vizanti_msgs/srv/detail/load_map__type_support_c.cpp.o[0m
[14.175s] [ 66%] [32mBuilding CXX object CMakeFiles/vizanti_msgs__rosidl_typesupport_fastrtps_cpp.dir/rosidl_typesupport_fastrtps_cpp/vizanti_msgs/srv/detail/dds_fastrtps/load_map__type_support.cpp.o[0m
[14.184s] [ 67%] [32mBuilding CXX object CMakeFiles/vizanti_msgs__rosidl_typesupport_fastrtps_c.dir/rosidl_typesupport_fastrtps_c/vizanti_msgs/srv/detail/launches__type_support_c.cpp.o[0m
[14.268s] [ 68%] [32mBuilding CXX object CMakeFiles/vizanti_msgs__rosidl_typesupport_fastrtps_c.dir/rosidl_typesupport_fastrtps_c/vizanti_msgs/srv/detail/record_rosbag__type_support_c.cpp.o[0m
[14.299s] [ 69%] [32m[1mLinking C shared library libvizanti_msgs__rosidl_typesupport_introspection_c.so[0m
[14.300s] [ 70%] [32mBuilding CXX object CMakeFiles/vizanti_msgs__rosidl_typesupport_fastrtps_c.dir/rosidl_typesupport_fastrtps_c/vizanti_msgs/srv/detail/manage_node__type_support_c.cpp.o[0m
[14.354s] [ 71%] [32mBuilding CXX object CMakeFiles/vizanti_msgs__rosidl_typesupport_fastrtps_cpp.dir/rosidl_typesupport_fastrtps_cpp/vizanti_msgs/srv/detail/dds_fastrtps/launches__type_support.cpp.o[0m
[14.468s] [ 72%] [32mBuilding CXX object CMakeFiles/vizanti_msgs__rosidl_typesupport_fastrtps_c.dir/rosidl_typesupport_fastrtps_c/vizanti_msgs/srv/detail/manage_launch__type_support_c.cpp.o[0m
[14.509s] [ 72%] Built target vizanti_msgs__rosidl_typesupport_introspection_c
[14.533s] [ 73%] [32mBuilding CXX object CMakeFiles/vizanti_msgs__rosidl_typesupport_fastrtps_c.dir/rosidl_typesupport_fastrtps_c/vizanti_msgs/srv/detail/list_packages__type_support_c.cpp.o[0m
[14.533s] [ 74%] [32mBuilding CXX object CMakeFiles/vizanti_msgs__rosidl_typesupport_fastrtps_cpp.dir/rosidl_typesupport_fastrtps_cpp/vizanti_msgs/srv/detail/dds_fastrtps/record_rosbag__type_support.cpp.o[0m
[14.955s] [ 75%] [32m[1mLinking CXX shared library libvizanti_msgs__rosidl_typesupport_introspection_cpp.so[0m
[15.269s] [ 76%] [32mBuilding CXX object CMakeFiles/vizanti_msgs__rosidl_typesupport_fastrtps_cpp.dir/rosidl_typesupport_fastrtps_cpp/vizanti_msgs/srv/detail/dds_fastrtps/manage_node__type_support.cpp.o[0m
[15.407s] [ 77%] [32mBuilding CXX object CMakeFiles/vizanti_msgs__rosidl_typesupport_fastrtps_c.dir/rosidl_typesupport_fastrtps_c/vizanti_msgs/srv/detail/list_executables__type_support_c.cpp.o[0m
[15.447s] [ 77%] Built target vizanti_msgs__rosidl_typesupport_introspection_cpp
[15.482s] [ 78%] [32mBuilding CXX object CMakeFiles/vizanti_msgs__rosidl_typesupport_fastrtps_cpp.dir/rosidl_typesupport_fastrtps_cpp/vizanti_msgs/srv/detail/dds_fastrtps/manage_launch__type_support.cpp.o[0m
[15.510s] [ 79%] [32mBuilding CXX object CMakeFiles/vizanti_msgs__rosidl_typesupport_fastrtps_cpp.dir/rosidl_typesupport_fastrtps_cpp/vizanti_msgs/srv/detail/dds_fastrtps/list_packages__type_support.cpp.o[0m
[15.574s] [ 80%] [32mBuilding CXX object CMakeFiles/vizanti_msgs__rosidl_typesupport_fastrtps_cpp.dir/rosidl_typesupport_fastrtps_cpp/vizanti_msgs/srv/detail/dds_fastrtps/list_executables__type_support.cpp.o[0m
[16.898s] [ 81%] [32m[1mLinking CXX shared library libvizanti_msgs__rosidl_typesupport_fastrtps_c.so[0m
[17.226s] [ 81%] Built target vizanti_msgs__rosidl_typesupport_fastrtps_c
[17.400s] [ 82%] [32m[1mLinking CXX shared library libvizanti_msgs__rosidl_typesupport_fastrtps_cpp.so[0m
[17.811s] [ 82%] Built target vizanti_msgs__rosidl_typesupport_fastrtps_cpp
[17.894s] [ 82%] Built target vizanti_msgs
[17.971s] [ 83%] [34m[1mGenerating Python code for ROS interfaces[0m
[21.065s] [ 83%] Built target vizanti_msgs__py
[21.127s] [ 84%] [32mBuilding C object CMakeFiles/vizanti_msgs__rosidl_generator_py.dir/rosidl_generator_py/vizanti_msgs/srv/_set_node_parameter_s.c.o[0m
[21.134s] [ 85%] [32mBuilding C object CMakeFiles/vizanti_msgs__rosidl_generator_py.dir/rosidl_generator_py/vizanti_msgs/srv/_get_node_parameters_s.c.o[0m
[21.138s] [ 86%] [32mBuilding C object CMakeFiles/vizanti_msgs__rosidl_generator_py.dir/rosidl_generator_py/vizanti_msgs/srv/_save_map_s.c.o[0m
[21.142s] [ 87%] [32mBuilding C object CMakeFiles/vizanti_msgs__rosidl_generator_py.dir/rosidl_generator_py/vizanti_msgs/srv/_load_map_s.c.o[0m
[21.149s] [ 88%] [32mBuilding C object CMakeFiles/vizanti_msgs__rosidl_generator_py.dir/rosidl_generator_py/vizanti_msgs/srv/_launches_s.c.o[0m
[21.149s] [ 89%] [32mBuilding C object CMakeFiles/vizanti_msgs__rosidl_generator_py.dir/rosidl_generator_py/vizanti_msgs/srv/_manage_node_s.c.o[0m
[21.149s] [ 90%] [32mBuilding C object CMakeFiles/vizanti_msgs__rosidl_generator_py.dir/rosidl_generator_py/vizanti_msgs/srv/_record_rosbag_s.c.o[0m
[21.152s] [ 91%] [32mBuilding C object CMakeFiles/vizanti_msgs__rosidl_generator_py.dir/rosidl_generator_py/vizanti_msgs/srv/_list_executables_s.c.o[0m
[21.155s] [ 92%] [32mBuilding C object CMakeFiles/vizanti_msgs__rosidl_generator_py.dir/rosidl_generator_py/vizanti_msgs/srv/_list_packages_s.c.o[0m
[21.160s] [ 93%] [32mBuilding C object CMakeFiles/vizanti_msgs__rosidl_generator_py.dir/rosidl_generator_py/vizanti_msgs/srv/_manage_launch_s.c.o[0m
[21.514s] [ 94%] [32m[1mLinking C shared library rosidl_generator_py/vizanti_msgs/libvizanti_msgs__rosidl_generator_py.so[0m
[21.687s] [ 94%] Built target vizanti_msgs__rosidl_generator_py
[21.747s] [ 95%] [32mBuilding C object CMakeFiles/vizanti_msgs__rosidl_typesupport_fastrtps_c__pyext.dir/rosidl_generator_py/vizanti_msgs/_vizanti_msgs_s.ep.rosidl_typesupport_fastrtps_c.c.o[0m
[21.760s] [ 96%] [32mBuilding C object CMakeFiles/vizanti_msgs__rosidl_typesupport_c__pyext.dir/rosidl_generator_py/vizanti_msgs/_vizanti_msgs_s.ep.rosidl_typesupport_c.c.o[0m
[21.760s] [ 97%] [32mBuilding C object CMakeFiles/vizanti_msgs__rosidl_typesupport_introspection_c__pyext.dir/rosidl_generator_py/vizanti_msgs/_vizanti_msgs_s.ep.rosidl_typesupport_introspection_c.c.o[0m
[22.104s] [ 98%] [32m[1mLinking C shared library rosidl_generator_py/vizanti_msgs/vizanti_msgs_s__rosidl_typesupport_c.cpython-310-x86_64-linux-gnu.so[0m
[22.191s] [ 99%] [32m[1mLinking C shared library rosidl_generator_py/vizanti_msgs/vizanti_msgs_s__rosidl_typesupport_fastrtps_c.cpython-310-x86_64-linux-gnu.so[0m
[22.203s] [100%] [32m[1mLinking C shared library rosidl_generator_py/vizanti_msgs/vizanti_msgs_s__rosidl_typesupport_introspection_c.cpython-310-x86_64-linux-gnu.so[0m
[22.221s] [100%] Built target vizanti_msgs__rosidl_typesupport_c__pyext
[22.339s] [100%] Built target vizanti_msgs__rosidl_typesupport_fastrtps_c__pyext
[22.380s] [100%] Built target vizanti_msgs__rosidl_typesupport_introspection_c__pyext
[22.421s] Invoked command in '/home/chotaehyun/waver_ws/build/vizanti_msgs' returned '0': CMAKE_PREFIX_PATH=/opt/ros/humble /usr/bin/cmake --build /home/chotaehyun/waver_ws/build/vizanti_msgs -- -j16 -l16
[22.434s] Invoking command in '/home/chotaehyun/waver_ws/build/vizanti_msgs': CMAKE_PREFIX_PATH=/opt/ros/humble /usr/bin/cmake --install /home/chotaehyun/waver_ws/build/vizanti_msgs
[23.019s] -- Install configuration: ""
[23.019s] -- Execute custom install script
[23.019s] -- Symlinking: /home/chotaehyun/waver_ws/install/vizanti_msgs/share/ament_index/resource_index/rosidl_interfaces/vizanti_msgs
[23.019s] -- Symlinking: /home/chotaehyun/waver_ws/install/vizanti_msgs/include/vizanti_msgs/vizanti_msgs/msg/rosidl_generator_c__visibility_control.h
[23.019s] -- Symlinking: /home/chotaehyun/waver_ws/install/vizanti_msgs/include/vizanti_msgs/vizanti_msgs/srv/detail/get_node_parameters__functions.h
[23.019s] -- Symlinking: /home/chotaehyun/waver_ws/install/vizanti_msgs/include/vizanti_msgs/vizanti_msgs/srv/detail/get_node_parameters__struct.h
[23.019s] -- Symlinking: /home/chotaehyun/waver_ws/install/vizanti_msgs/include/vizanti_msgs/vizanti_msgs/srv/detail/get_node_parameters__type_support.h
[23.019s] -- Symlinking: /home/chotaehyun/waver_ws/install/vizanti_msgs/include/vizanti_msgs/vizanti_msgs/srv/detail/launches__functions.h
[23.020s] -- Symlinking: /home/chotaehyun/waver_ws/install/vizanti_msgs/include/vizanti_msgs/vizanti_msgs/srv/detail/launches__struct.h
[23.020s] -- Symlinking: /home/chotaehyun/waver_ws/install/vizanti_msgs/include/vizanti_msgs/vizanti_msgs/srv/detail/launches__type_support.h
[23.020s] -- Symlinking: /home/chotaehyun/waver_ws/install/vizanti_msgs/include/vizanti_msgs/vizanti_msgs/srv/detail/list_executables__functions.h
[23.020s] -- Symlinking: /home/chotaehyun/waver_ws/install/vizanti_msgs/include/vizanti_msgs/vizanti_msgs/srv/detail/list_executables__struct.h
[23.020s] -- Symlinking: /home/chotaehyun/waver_ws/install/vizanti_msgs/include/vizanti_msgs/vizanti_msgs/srv/detail/list_executables__type_support.h
[23.020s] -- Symlinking: /home/chotaehyun/waver_ws/install/vizanti_msgs/include/vizanti_msgs/vizanti_msgs/srv/detail/list_packages__functions.h
[23.020s] -- Symlinking: /home/chotaehyun/waver_ws/install/vizanti_msgs/include/vizanti_msgs/vizanti_msgs/srv/detail/list_packages__struct.h
[23.020s] -- Symlinking: /home/chotaehyun/waver_ws/install/vizanti_msgs/include/vizanti_msgs/vizanti_msgs/srv/detail/list_packages__type_support.h
[23.023s] -- Symlinking: /home/chotaehyun/waver_ws/install/vizanti_msgs/include/vizanti_msgs/vizanti_msgs/srv/detail/load_map__functions.h
[23.023s] -- Symlinking: /home/chotaehyun/waver_ws/install/vizanti_msgs/include/vizanti_msgs/vizanti_msgs/srv/detail/load_map__struct.h
[23.023s] -- Symlinking: /home/chotaehyun/waver_ws/install/vizanti_msgs/include/vizanti_msgs/vizanti_msgs/srv/detail/load_map__type_support.h
[23.023s] -- Symlinking: /home/chotaehyun/waver_ws/install/vizanti_msgs/include/vizanti_msgs/vizanti_msgs/srv/detail/manage_launch__functions.h
[23.024s] -- Symlinking: /home/chotaehyun/waver_ws/install/vizanti_msgs/include/vizanti_msgs/vizanti_msgs/srv/detail/manage_launch__struct.h
[23.024s] -- Symlinking: /home/chotaehyun/waver_ws/install/vizanti_msgs/include/vizanti_msgs/vizanti_msgs/srv/detail/manage_launch__type_support.h
[23.024s] -- Symlinking: /home/chotaehyun/waver_ws/install/vizanti_msgs/include/vizanti_msgs/vizanti_msgs/srv/detail/manage_node__functions.h
[23.024s] -- Symlinking: /home/chotaehyun/waver_ws/install/vizanti_msgs/include/vizanti_msgs/vizanti_msgs/srv/detail/manage_node__struct.h
[23.024s] -- Symlinking: /home/chotaehyun/waver_ws/install/vizanti_msgs/include/vizanti_msgs/vizanti_msgs/srv/detail/manage_node__type_support.h
[23.024s] -- Symlinking: /home/chotaehyun/waver_ws/install/vizanti_msgs/include/vizanti_msgs/vizanti_msgs/srv/detail/record_rosbag__functions.h
[23.031s] -- Symlinking: /home/chotaehyun/waver_ws/install/vizanti_msgs/include/vizanti_msgs/vizanti_msgs/srv/detail/record_rosbag__struct.h
[23.059s] -- Symlinking: /home/chotaehyun/waver_ws/install/vizanti_msgs/include/vizanti_msgs/vizanti_msgs/srv/detail/record_rosbag__type_support.h
[23.072s] -- Symlinking: /home/chotaehyun/waver_ws/install/vizanti_msgs/include/vizanti_msgs/vizanti_msgs/srv/detail/save_map__functions.h
[23.083s] -- Symlinking: /home/chotaehyun/waver_ws/install/vizanti_msgs/include/vizanti_msgs/vizanti_msgs/srv/detail/save_map__struct.h
[23.098s] -- Symlinking: /home/chotaehyun/waver_ws/install/vizanti_msgs/include/vizanti_msgs/vizanti_msgs/srv/detail/save_map__type_support.h
[23.113s] -- Symlinking: /home/chotaehyun/waver_ws/install/vizanti_msgs/include/vizanti_msgs/vizanti_msgs/srv/detail/set_node_parameter__functions.h
[23.128s] -- Symlinking: /home/chotaehyun/waver_ws/install/vizanti_msgs/include/vizanti_msgs/vizanti_msgs/srv/detail/set_node_parameter__struct.h
[23.144s] -- Symlinking: /home/chotaehyun/waver_ws/install/vizanti_msgs/include/vizanti_msgs/vizanti_msgs/srv/detail/set_node_parameter__type_support.h
[23.159s] -- Symlinking: /home/chotaehyun/waver_ws/install/vizanti_msgs/include/vizanti_msgs/vizanti_msgs/srv/get_node_parameters.h
[23.178s] -- Symlinking: /home/chotaehyun/waver_ws/install/vizanti_msgs/include/vizanti_msgs/vizanti_msgs/srv/launches.h
[23.194s] -- Symlinking: /home/chotaehyun/waver_ws/install/vizanti_msgs/include/vizanti_msgs/vizanti_msgs/srv/list_executables.h
[23.210s] -- Symlinking: /home/chotaehyun/waver_ws/install/vizanti_msgs/include/vizanti_msgs/vizanti_msgs/srv/list_packages.h
[23.226s] -- Symlinking: /home/chotaehyun/waver_ws/install/vizanti_msgs/include/vizanti_msgs/vizanti_msgs/srv/load_map.h
[23.242s] -- Symlinking: /home/chotaehyun/waver_ws/install/vizanti_msgs/include/vizanti_msgs/vizanti_msgs/srv/manage_launch.h
[23.258s] -- Symlinking: /home/chotaehyun/waver_ws/install/vizanti_msgs/include/vizanti_msgs/vizanti_msgs/srv/manage_node.h
[23.274s] -- Symlinking: /home/chotaehyun/waver_ws/install/vizanti_msgs/include/vizanti_msgs/vizanti_msgs/srv/record_rosbag.h
[23.290s] -- Symlinking: /home/chotaehyun/waver_ws/install/vizanti_msgs/include/vizanti_msgs/vizanti_msgs/srv/save_map.h
[23.306s] -- Symlinking: /home/chotaehyun/waver_ws/install/vizanti_msgs/include/vizanti_msgs/vizanti_msgs/srv/set_node_parameter.h
[23.322s] -- Symlinking: /home/chotaehyun/waver_ws/install/vizanti_msgs/share/vizanti_msgs/environment/library_path.sh
[23.339s] -- Symlinking: /home/chotaehyun/waver_ws/install/vizanti_msgs/share/vizanti_msgs/environment/library_path.dsv
[23.356s] -- Symlinking: /home/chotaehyun/waver_ws/install/vizanti_msgs/include/vizanti_msgs/vizanti_msgs/msg/rosidl_typesupport_fastrtps_c__visibility_control.h
[23.371s] -- Symlinking: /home/chotaehyun/waver_ws/install/vizanti_msgs/include/vizanti_msgs/vizanti_msgs/srv/detail/get_node_parameters__rosidl_typesupport_fastrtps_c.h
[23.387s] -- Symlinking: /home/chotaehyun/waver_ws/install/vizanti_msgs/include/vizanti_msgs/vizanti_msgs/srv/detail/launches__rosidl_typesupport_fastrtps_c.h
[23.402s] -- Symlinking: /home/chotaehyun/waver_ws/install/vizanti_msgs/include/vizanti_msgs/vizanti_msgs/srv/detail/list_executables__rosidl_typesupport_fastrtps_c.h
[23.415s] -- Symlinking: /home/chotaehyun/waver_ws/install/vizanti_msgs/include/vizanti_msgs/vizanti_msgs/srv/detail/list_packages__rosidl_typesupport_fastrtps_c.h
[23.432s] -- Symlinking: /home/chotaehyun/waver_ws/install/vizanti_msgs/include/vizanti_msgs/vizanti_msgs/srv/detail/load_map__rosidl_typesupport_fastrtps_c.h
[23.452s] -- Symlinking: /home/chotaehyun/waver_ws/install/vizanti_msgs/include/vizanti_msgs/vizanti_msgs/srv/detail/manage_launch__rosidl_typesupport_fastrtps_c.h
[23.466s] -- Symlinking: /home/chotaehyun/waver_ws/install/vizanti_msgs/include/vizanti_msgs/vizanti_msgs/srv/detail/manage_node__rosidl_typesupport_fastrtps_c.h
[23.492s] -- Symlinking: /home/chotaehyun/waver_ws/install/vizanti_msgs/include/vizanti_msgs/vizanti_msgs/srv/detail/record_rosbag__rosidl_typesupport_fastrtps_c.h
[23.519s] -- Symlinking: /home/chotaehyun/waver_ws/install/vizanti_msgs/include/vizanti_msgs/vizanti_msgs/srv/detail/save_map__rosidl_typesupport_fastrtps_c.h
[23.554s] -- Symlinking: /home/chotaehyun/waver_ws/install/vizanti_msgs/include/vizanti_msgs/vizanti_msgs/srv/detail/set_node_parameter__rosidl_typesupport_fastrtps_c.h
[23.583s] -- Symlinking: /home/chotaehyun/waver_ws/install/vizanti_msgs/include/vizanti_msgs/vizanti_msgs/msg/rosidl_typesupport_introspection_c__visibility_control.h
[23.614s] -- Symlinking: /home/chotaehyun/waver_ws/install/vizanti_msgs/include/vizanti_msgs/vizanti_msgs/srv/detail/get_node_parameters__rosidl_typesupport_introspection_c.h
[23.651s] -- Symlinking: /home/chotaehyun/waver_ws/install/vizanti_msgs/include/vizanti_msgs/vizanti_msgs/srv/detail/launches__rosidl_typesupport_introspection_c.h
[23.672s] -- Symlinking: /home/chotaehyun/waver_ws/install/vizanti_msgs/include/vizanti_msgs/vizanti_msgs/srv/detail/list_executables__rosidl_typesupport_introspection_c.h
[23.699s] -- Symlinking: /home/chotaehyun/waver_ws/install/vizanti_msgs/include/vizanti_msgs/vizanti_msgs/srv/detail/list_packages__rosidl_typesupport_introspection_c.h
[23.728s] -- Symlinking: /home/chotaehyun/waver_ws/install/vizanti_msgs/include/vizanti_msgs/vizanti_msgs/srv/detail/load_map__rosidl_typesupport_introspection_c.h
[23.758s] -- Symlinking: /home/chotaehyun/waver_ws/install/vizanti_msgs/include/vizanti_msgs/vizanti_msgs/srv/detail/manage_launch__rosidl_typesupport_introspection_c.h
[23.789s] -- Symlinking: /home/chotaehyun/waver_ws/install/vizanti_msgs/include/vizanti_msgs/vizanti_msgs/srv/detail/manage_node__rosidl_typesupport_introspection_c.h
[23.816s] -- Symlinking: /home/chotaehyun/waver_ws/install/vizanti_msgs/include/vizanti_msgs/vizanti_msgs/srv/detail/record_rosbag__rosidl_typesupport_introspection_c.h
[23.849s] -- Symlinking: /home/chotaehyun/waver_ws/install/vizanti_msgs/include/vizanti_msgs/vizanti_msgs/srv/detail/save_map__rosidl_typesupport_introspection_c.h
[23.876s] -- Symlinking: /home/chotaehyun/waver_ws/install/vizanti_msgs/include/vizanti_msgs/vizanti_msgs/srv/detail/set_node_parameter__rosidl_typesupport_introspection_c.h
[23.906s] -- Symlinking: /home/chotaehyun/waver_ws/install/vizanti_msgs/include/vizanti_msgs/vizanti_msgs/msg/rosidl_generator_cpp__visibility_control.hpp
[23.939s] -- Symlinking: /home/chotaehyun/waver_ws/install/vizanti_msgs/include/vizanti_msgs/vizanti_msgs/srv/detail/get_node_parameters__builder.hpp
[23.964s] -- Symlinking: /home/chotaehyun/waver_ws/install/vizanti_msgs/include/vizanti_msgs/vizanti_msgs/srv/detail/get_node_parameters__struct.hpp
[23.993s] -- Symlinking: /home/chotaehyun/waver_ws/install/vizanti_msgs/include/vizanti_msgs/vizanti_msgs/srv/detail/get_node_parameters__traits.hpp
[24.023s] -- Symlinking: /home/chotaehyun/waver_ws/install/vizanti_msgs/include/vizanti_msgs/vizanti_msgs/srv/detail/get_node_parameters__type_support.hpp
[24.055s] -- Symlinking: /home/chotaehyun/waver_ws/install/vizanti_msgs/include/vizanti_msgs/vizanti_msgs/srv/detail/launches__builder.hpp
[24.085s] -- Symlinking: /home/chotaehyun/waver_ws/install/vizanti_msgs/include/vizanti_msgs/vizanti_msgs/srv/detail/launches__struct.hpp
[24.106s] -- Symlinking: /home/chotaehyun/waver_ws/install/vizanti_msgs/include/vizanti_msgs/vizanti_msgs/srv/detail/launches__traits.hpp
[24.125s] -- Symlinking: /home/chotaehyun/waver_ws/install/vizanti_msgs/include/vizanti_msgs/vizanti_msgs/srv/detail/launches__type_support.hpp
[24.142s] -- Symlinking: /home/chotaehyun/waver_ws/install/vizanti_msgs/include/vizanti_msgs/vizanti_msgs/srv/detail/list_executables__builder.hpp
[24.173s] -- Symlinking: /home/chotaehyun/waver_ws/install/vizanti_msgs/include/vizanti_msgs/vizanti_msgs/srv/detail/list_executables__struct.hpp
[24.205s] -- Symlinking: /home/chotaehyun/waver_ws/install/vizanti_msgs/include/vizanti_msgs/vizanti_msgs/srv/detail/list_executables__traits.hpp
[24.233s] -- Symlinking: /home/chotaehyun/waver_ws/install/vizanti_msgs/include/vizanti_msgs/vizanti_msgs/srv/detail/list_executables__type_support.hpp
[24.262s] -- Symlinking: /home/chotaehyun/waver_ws/install/vizanti_msgs/include/vizanti_msgs/vizanti_msgs/srv/detail/list_packages__builder.hpp
[24.294s] -- Symlinking: /home/chotaehyun/waver_ws/install/vizanti_msgs/include/vizanti_msgs/vizanti_msgs/srv/detail/list_packages__struct.hpp
[24.326s] -- Symlinking: /home/chotaehyun/waver_ws/install/vizanti_msgs/include/vizanti_msgs/vizanti_msgs/srv/detail/list_packages__traits.hpp
[24.358s] -- Symlinking: /home/chotaehyun/waver_ws/install/vizanti_msgs/include/vizanti_msgs/vizanti_msgs/srv/detail/list_packages__type_support.hpp
[24.386s] -- Symlinking: /home/chotaehyun/waver_ws/install/vizanti_msgs/include/vizanti_msgs/vizanti_msgs/srv/detail/load_map__builder.hpp
[24.419s] -- Symlinking: /home/chotaehyun/waver_ws/install/vizanti_msgs/include/vizanti_msgs/vizanti_msgs/srv/detail/load_map__struct.hpp
[24.455s] -- Symlinking: /home/chotaehyun/waver_ws/install/vizanti_msgs/include/vizanti_msgs/vizanti_msgs/srv/detail/load_map__traits.hpp
[24.493s] -- Symlinking: /home/chotaehyun/waver_ws/install/vizanti_msgs/include/vizanti_msgs/vizanti_msgs/srv/detail/load_map__type_support.hpp
[24.524s] -- Symlinking: /home/chotaehyun/waver_ws/install/vizanti_msgs/include/vizanti_msgs/vizanti_msgs/srv/detail/manage_launch__builder.hpp
[24.557s] -- Symlinking: /home/chotaehyun/waver_ws/install/vizanti_msgs/include/vizanti_msgs/vizanti_msgs/srv/detail/manage_launch__struct.hpp
[24.593s] -- Symlinking: /home/chotaehyun/waver_ws/install/vizanti_msgs/include/vizanti_msgs/vizanti_msgs/srv/detail/manage_launch__traits.hpp
[24.623s] -- Symlinking: /home/chotaehyun/waver_ws/install/vizanti_msgs/include/vizanti_msgs/vizanti_msgs/srv/detail/manage_launch__type_support.hpp
[24.658s] -- Symlinking: /home/chotaehyun/waver_ws/install/vizanti_msgs/include/vizanti_msgs/vizanti_msgs/srv/detail/manage_node__builder.hpp
[24.691s] -- Symlinking: /home/chotaehyun/waver_ws/install/vizanti_msgs/include/vizanti_msgs/vizanti_msgs/srv/detail/manage_node__struct.hpp
[24.723s] -- Symlinking: /home/chotaehyun/waver_ws/install/vizanti_msgs/include/vizanti_msgs/vizanti_msgs/srv/detail/manage_node__traits.hpp
[24.757s] -- Symlinking: /home/chotaehyun/waver_ws/install/vizanti_msgs/include/vizanti_msgs/vizanti_msgs/srv/detail/manage_node__type_support.hpp
[24.788s] -- Symlinking: /home/chotaehyun/waver_ws/install/vizanti_msgs/include/vizanti_msgs/vizanti_msgs/srv/detail/record_rosbag__builder.hpp
[24.823s] -- Symlinking: /home/chotaehyun/waver_ws/install/vizanti_msgs/include/vizanti_msgs/vizanti_msgs/srv/detail/record_rosbag__struct.hpp
[24.857s] -- Symlinking: /home/chotaehyun/waver_ws/install/vizanti_msgs/include/vizanti_msgs/vizanti_msgs/srv/detail/record_rosbag__traits.hpp
[24.893s] -- Symlinking: /home/chotaehyun/waver_ws/install/vizanti_msgs/include/vizanti_msgs/vizanti_msgs/srv/detail/record_rosbag__type_support.hpp
[24.925s] -- Symlinking: /home/chotaehyun/waver_ws/install/vizanti_msgs/include/vizanti_msgs/vizanti_msgs/srv/detail/save_map__builder.hpp
[24.960s] -- Symlinking: /home/chotaehyun/waver_ws/install/vizanti_msgs/include/vizanti_msgs/vizanti_msgs/srv/detail/save_map__struct.hpp
[24.996s] -- Symlinking: /home/chotaehyun/waver_ws/install/vizanti_msgs/include/vizanti_msgs/vizanti_msgs/srv/detail/save_map__traits.hpp
[25.028s] -- Symlinking: /home/chotaehyun/waver_ws/install/vizanti_msgs/include/vizanti_msgs/vizanti_msgs/srv/detail/save_map__type_support.hpp
[25.065s] -- Symlinking: /home/chotaehyun/waver_ws/install/vizanti_msgs/include/vizanti_msgs/vizanti_msgs/srv/detail/set_node_parameter__builder.hpp
[25.095s] -- Symlinking: /home/chotaehyun/waver_ws/install/vizanti_msgs/include/vizanti_msgs/vizanti_msgs/srv/detail/set_node_parameter__struct.hpp
[25.129s] -- Symlinking: /home/chotaehyun/waver_ws/install/vizanti_msgs/include/vizanti_msgs/vizanti_msgs/srv/detail/set_node_parameter__traits.hpp
[25.162s] -- Symlinking: /home/chotaehyun/waver_ws/install/vizanti_msgs/include/vizanti_msgs/vizanti_msgs/srv/detail/set_node_parameter__type_support.hpp
[25.196s] -- Symlinking: /home/chotaehyun/waver_ws/install/vizanti_msgs/include/vizanti_msgs/vizanti_msgs/srv/get_node_parameters.hpp
[25.236s] -- Symlinking: /home/chotaehyun/waver_ws/install/vizanti_msgs/include/vizanti_msgs/vizanti_msgs/srv/launches.hpp
[25.270s] -- Symlinking: /home/chotaehyun/waver_ws/install/vizanti_msgs/include/vizanti_msgs/vizanti_msgs/srv/list_executables.hpp
[25.304s] -- Symlinking: /home/chotaehyun/waver_ws/install/vizanti_msgs/include/vizanti_msgs/vizanti_msgs/srv/list_packages.hpp
[25.334s] -- Symlinking: /home/chotaehyun/waver_ws/install/vizanti_msgs/include/vizanti_msgs/vizanti_msgs/srv/load_map.hpp
[25.375s] -- Symlinking: /home/chotaehyun/waver_ws/install/vizanti_msgs/include/vizanti_msgs/vizanti_msgs/srv/manage_launch.hpp
[25.408s] -- Symlinking: /home/chotaehyun/waver_ws/install/vizanti_msgs/include/vizanti_msgs/vizanti_msgs/srv/manage_node.hpp
[25.445s] -- Symlinking: /home/chotaehyun/waver_ws/install/vizanti_msgs/include/vizanti_msgs/vizanti_msgs/srv/record_rosbag.hpp
[25.481s] -- Symlinking: /home/chotaehyun/waver_ws/install/vizanti_msgs/include/vizanti_msgs/vizanti_msgs/srv/save_map.hpp
[25.514s] -- Symlinking: /home/chotaehyun/waver_ws/install/vizanti_msgs/include/vizanti_msgs/vizanti_msgs/srv/set_node_parameter.hpp
[25.549s] -- Symlinking: /home/chotaehyun/waver_ws/install/vizanti_msgs/include/vizanti_msgs/vizanti_msgs/msg/rosidl_typesupport_fastrtps_cpp__visibility_control.h
[25.583s] -- Symlinking: /home/chotaehyun/waver_ws/install/vizanti_msgs/include/vizanti_msgs/vizanti_msgs/srv/detail/get_node_parameters__rosidl_typesupport_fastrtps_cpp.hpp
[25.615s] -- Symlinking: /home/chotaehyun/waver_ws/install/vizanti_msgs/include/vizanti_msgs/vizanti_msgs/srv/detail/launches__rosidl_typesupport_fastrtps_cpp.hpp
[25.648s] -- Symlinking: /home/chotaehyun/waver_ws/install/vizanti_msgs/include/vizanti_msgs/vizanti_msgs/srv/detail/list_executables__rosidl_typesupport_fastrtps_cpp.hpp
[25.685s] -- Symlinking: /home/chotaehyun/waver_ws/install/vizanti_msgs/include/vizanti_msgs/vizanti_msgs/srv/detail/list_packages__rosidl_typesupport_fastrtps_cpp.hpp
[25.720s] -- Symlinking: /home/chotaehyun/waver_ws/install/vizanti_msgs/include/vizanti_msgs/vizanti_msgs/srv/detail/load_map__rosidl_typesupport_fastrtps_cpp.hpp
[25.752s] -- Symlinking: /home/chotaehyun/waver_ws/install/vizanti_msgs/include/vizanti_msgs/vizanti_msgs/srv/detail/manage_launch__rosidl_typesupport_fastrtps_cpp.hpp
[25.788s] -- Symlinking: /home/chotaehyun/waver_ws/install/vizanti_msgs/include/vizanti_msgs/vizanti_msgs/srv/detail/manage_node__rosidl_typesupport_fastrtps_cpp.hpp
[25.825s] -- Symlinking: /home/chotaehyun/waver_ws/install/vizanti_msgs/include/vizanti_msgs/vizanti_msgs/srv/detail/record_rosbag__rosidl_typesupport_fastrtps_cpp.hpp
[25.858s] -- Symlinking: /home/chotaehyun/waver_ws/install/vizanti_msgs/include/vizanti_msgs/vizanti_msgs/srv/detail/save_map__rosidl_typesupport_fastrtps_cpp.hpp
[25.886s] -- Symlinking: /home/chotaehyun/waver_ws/install/vizanti_msgs/include/vizanti_msgs/vizanti_msgs/srv/detail/set_node_parameter__rosidl_typesupport_fastrtps_cpp.hpp
[25.903s] -- Symlinking: /home/chotaehyun/waver_ws/install/vizanti_msgs/include/vizanti_msgs/vizanti_msgs/srv/detail/get_node_parameters__rosidl_typesupport_introspection_cpp.hpp
[25.920s] -- Symlinking: /home/chotaehyun/waver_ws/install/vizanti_msgs/include/vizanti_msgs/vizanti_msgs/srv/detail/launches__rosidl_typesupport_introspection_cpp.hpp
[25.938s] -- Symlinking: /home/chotaehyun/waver_ws/install/vizanti_msgs/include/vizanti_msgs/vizanti_msgs/srv/detail/list_executables__rosidl_typesupport_introspection_cpp.hpp
[25.954s] -- Symlinking: /home/chotaehyun/waver_ws/install/vizanti_msgs/include/vizanti_msgs/vizanti_msgs/srv/detail/list_packages__rosidl_typesupport_introspection_cpp.hpp
[25.972s] -- Symlinking: /home/chotaehyun/waver_ws/install/vizanti_msgs/include/vizanti_msgs/vizanti_msgs/srv/detail/load_map__rosidl_typesupport_introspection_cpp.hpp
[25.988s] -- Symlinking: /home/chotaehyun/waver_ws/install/vizanti_msgs/include/vizanti_msgs/vizanti_msgs/srv/detail/manage_launch__rosidl_typesupport_introspection_cpp.hpp
[26.006s] -- Symlinking: /home/chotaehyun/waver_ws/install/vizanti_msgs/include/vizanti_msgs/vizanti_msgs/srv/detail/manage_node__rosidl_typesupport_introspection_cpp.hpp
[26.025s] -- Symlinking: /home/chotaehyun/waver_ws/install/vizanti_msgs/include/vizanti_msgs/vizanti_msgs/srv/detail/record_rosbag__rosidl_typesupport_introspection_cpp.hpp
[26.041s] -- Symlinking: /home/chotaehyun/waver_ws/install/vizanti_msgs/include/vizanti_msgs/vizanti_msgs/srv/detail/save_map__rosidl_typesupport_introspection_cpp.hpp
[26.058s] -- Symlinking: /home/chotaehyun/waver_ws/install/vizanti_msgs/include/vizanti_msgs/vizanti_msgs/srv/detail/set_node_parameter__rosidl_typesupport_introspection_cpp.hpp
[26.077s] -- Symlinking: /home/chotaehyun/waver_ws/install/vizanti_msgs/share/vizanti_msgs/environment/pythonpath.sh
[26.094s] -- Symlinking: /home/chotaehyun/waver_ws/install/vizanti_msgs/share/vizanti_msgs/environment/pythonpath.dsv
[26.111s] -- Symlinking: /home/chotaehyun/waver_ws/install/vizanti_msgs/local/lib/python3.10/dist-packages/vizanti_msgs-0.1.0-py3.10.egg-info/PKG-INFO
[26.128s] -- Symlinking: /home/chotaehyun/waver_ws/install/vizanti_msgs/local/lib/python3.10/dist-packages/vizanti_msgs-0.1.0-py3.10.egg-info/SOURCES.txt
[26.146s] -- Symlinking: /home/chotaehyun/waver_ws/install/vizanti_msgs/local/lib/python3.10/dist-packages/vizanti_msgs-0.1.0-py3.10.egg-info/dependency_links.txt
[26.162s] -- Symlinking: /home/chotaehyun/waver_ws/install/vizanti_msgs/local/lib/python3.10/dist-packages/vizanti_msgs-0.1.0-py3.10.egg-info/top_level.txt
[26.180s] -- Symlinking: /home/chotaehyun/waver_ws/install/vizanti_msgs/local/lib/python3.10/dist-packages/vizanti_msgs/__init__.py
[26.197s] -- Symlinking: /home/chotaehyun/waver_ws/install/vizanti_msgs/local/lib/python3.10/dist-packages/vizanti_msgs/_vizanti_msgs_s.ep.rosidl_typesupport_c.c
[26.214s] -- Symlinking: /home/chotaehyun/waver_ws/install/vizanti_msgs/local/lib/python3.10/dist-packages/vizanti_msgs/_vizanti_msgs_s.ep.rosidl_typesupport_fastrtps_c.c
[26.230s] -- Symlinking: /home/chotaehyun/waver_ws/install/vizanti_msgs/local/lib/python3.10/dist-packages/vizanti_msgs/_vizanti_msgs_s.ep.rosidl_typesupport_introspection_c.c
[26.247s] -- Symlinking: /home/chotaehyun/waver_ws/install/vizanti_msgs/local/lib/python3.10/dist-packages/vizanti_msgs/libvizanti_msgs__rosidl_generator_py.so
[26.265s] -- Symlinking: /home/chotaehyun/waver_ws/install/vizanti_msgs/local/lib/python3.10/dist-packages/vizanti_msgs/srv/__init__.py
[26.282s] -- Symlinking: /home/chotaehyun/waver_ws/install/vizanti_msgs/local/lib/python3.10/dist-packages/vizanti_msgs/srv/_get_node_parameters.py
[26.298s] -- Symlinking: /home/chotaehyun/waver_ws/install/vizanti_msgs/local/lib/python3.10/dist-packages/vizanti_msgs/srv/_get_node_parameters_s.c
[26.316s] -- Symlinking: /home/chotaehyun/waver_ws/install/vizanti_msgs/local/lib/python3.10/dist-packages/vizanti_msgs/srv/_launches.py
[26.334s] -- Symlinking: /home/chotaehyun/waver_ws/install/vizanti_msgs/local/lib/python3.10/dist-packages/vizanti_msgs/srv/_launches_s.c
[26.352s] -- Symlinking: /home/chotaehyun/waver_ws/install/vizanti_msgs/local/lib/python3.10/dist-packages/vizanti_msgs/srv/_list_executables.py
[26.369s] -- Symlinking: /home/chotaehyun/waver_ws/install/vizanti_msgs/local/lib/python3.10/dist-packages/vizanti_msgs/srv/_list_executables_s.c
[26.385s] -- Symlinking: /home/chotaehyun/waver_ws/install/vizanti_msgs/local/lib/python3.10/dist-packages/vizanti_msgs/srv/_list_packages.py
[26.402s] -- Symlinking: /home/chotaehyun/waver_ws/install/vizanti_msgs/local/lib/python3.10/dist-packages/vizanti_msgs/srv/_list_packages_s.c
[26.418s] -- Symlinking: /home/chotaehyun/waver_ws/install/vizanti_msgs/local/lib/python3.10/dist-packages/vizanti_msgs/srv/_load_map.py
[26.437s] -- Symlinking: /home/chotaehyun/waver_ws/install/vizanti_msgs/local/lib/python3.10/dist-packages/vizanti_msgs/srv/_load_map_s.c
[26.454s] -- Symlinking: /home/chotaehyun/waver_ws/install/vizanti_msgs/local/lib/python3.10/dist-packages/vizanti_msgs/srv/_manage_launch.py
[26.470s] -- Symlinking: /home/chotaehyun/waver_ws/install/vizanti_msgs/local/lib/python3.10/dist-packages/vizanti_msgs/srv/_manage_launch_s.c
[26.488s] -- Symlinking: /home/chotaehyun/waver_ws/install/vizanti_msgs/local/lib/python3.10/dist-packages/vizanti_msgs/srv/_manage_node.py
[26.505s] -- Symlinking: /home/chotaehyun/waver_ws/install/vizanti_msgs/local/lib/python3.10/dist-packages/vizanti_msgs/srv/_manage_node_s.c
[26.522s] -- Symlinking: /home/chotaehyun/waver_ws/install/vizanti_msgs/local/lib/python3.10/dist-packages/vizanti_msgs/srv/_record_rosbag.py
[26.542s] -- Symlinking: /home/chotaehyun/waver_ws/install/vizanti_msgs/local/lib/python3.10/dist-packages/vizanti_msgs/srv/_record_rosbag_s.c
[26.576s] -- Symlinking: /home/chotaehyun/waver_ws/install/vizanti_msgs/local/lib/python3.10/dist-packages/vizanti_msgs/srv/_save_map.py
[26.605s] -- Symlinking: /home/chotaehyun/waver_ws/install/vizanti_msgs/local/lib/python3.10/dist-packages/vizanti_msgs/srv/_save_map_s.c
[26.634s] -- Symlinking: /home/chotaehyun/waver_ws/install/vizanti_msgs/local/lib/python3.10/dist-packages/vizanti_msgs/srv/_set_node_parameter.py
[26.669s] -- Symlinking: /home/chotaehyun/waver_ws/install/vizanti_msgs/local/lib/python3.10/dist-packages/vizanti_msgs/srv/_set_node_parameter_s.c
[26.703s] -- Symlinking: /home/chotaehyun/waver_ws/install/vizanti_msgs/local/lib/python3.10/dist-packages/vizanti_msgs/vizanti_msgs_s__rosidl_typesupport_c.cpython-310-x86_64-linux-gnu.so
[26.737s] -- Symlinking: /home/chotaehyun/waver_ws/install/vizanti_msgs/local/lib/python3.10/dist-packages/vizanti_msgs/vizanti_msgs_s__rosidl_typesupport_fastrtps_c.cpython-310-x86_64-linux-gnu.so
[26.773s] -- Symlinking: /home/chotaehyun/waver_ws/install/vizanti_msgs/local/lib/python3.10/dist-packages/vizanti_msgs/vizanti_msgs_s__rosidl_typesupport_introspection_c.cpython-310-x86_64-linux-gnu.so
[26.808s] -- Up-to-date symlink: /home/chotaehyun/waver_ws/install/vizanti_msgs/local/lib/python3.10/dist-packages/vizanti_msgs/vizanti_msgs_s__rosidl_typesupport_fastrtps_c.cpython-310-x86_64-linux-gnu.so
[26.808s] -- Up-to-date symlink: /home/chotaehyun/waver_ws/install/vizanti_msgs/local/lib/python3.10/dist-packages/vizanti_msgs/vizanti_msgs_s__rosidl_typesupport_introspection_c.cpython-310-x86_64-linux-gnu.so
[26.809s] -- Up-to-date symlink: /home/chotaehyun/waver_ws/install/vizanti_msgs/local/lib/python3.10/dist-packages/vizanti_msgs/vizanti_msgs_s__rosidl_typesupport_c.cpython-310-x86_64-linux-gnu.so
[26.809s] -- Symlinking: /home/chotaehyun/waver_ws/install/vizanti_msgs/share/vizanti_msgs/srv/GetNodeParameters.idl
[26.854s] -- Symlinking: /home/chotaehyun/waver_ws/install/vizanti_msgs/share/vizanti_msgs/srv/SetNodeParameter.idl
[26.891s] -- Symlinking: /home/chotaehyun/waver_ws/install/vizanti_msgs/share/vizanti_msgs/srv/SaveMap.idl
[26.931s] -- Symlinking: /home/chotaehyun/waver_ws/install/vizanti_msgs/share/vizanti_msgs/srv/LoadMap.idl
[26.986s] -- Symlinking: /home/chotaehyun/waver_ws/install/vizanti_msgs/share/vizanti_msgs/srv/Launches.idl
[27.027s] -- Symlinking: /home/chotaehyun/waver_ws/install/vizanti_msgs/share/vizanti_msgs/srv/RecordRosbag.idl
[27.087s] -- Symlinking: /home/chotaehyun/waver_ws/install/vizanti_msgs/share/vizanti_msgs/srv/ManageNode.idl
[27.132s] -- Symlinking: /home/chotaehyun/waver_ws/install/vizanti_msgs/share/vizanti_msgs/srv/ManageLaunch.idl
[27.168s] -- Symlinking: /home/chotaehyun/waver_ws/install/vizanti_msgs/share/vizanti_msgs/srv/ListPackages.idl
[27.213s] -- Symlinking: /home/chotaehyun/waver_ws/install/vizanti_msgs/share/vizanti_msgs/srv/ListExecutables.idl
[27.249s] -- Symlinking: /home/chotaehyun/waver_ws/install/vizanti_msgs/share/vizanti_msgs/srv/GetNodeParameters.srv
[27.282s] -- Symlinking: /home/chotaehyun/waver_ws/install/vizanti_msgs/share/vizanti_msgs/srv/GetNodeParameters_Request.msg
[27.326s] -- Symlinking: /home/chotaehyun/waver_ws/install/vizanti_msgs/share/vizanti_msgs/srv/GetNodeParameters_Response.msg
[27.359s] -- Symlinking: /home/chotaehyun/waver_ws/install/vizanti_msgs/share/vizanti_msgs/srv/SetNodeParameter.srv
[27.409s] -- Symlinking: /home/chotaehyun/waver_ws/install/vizanti_msgs/share/vizanti_msgs/srv/SetNodeParameter_Request.msg
[27.460s] -- Symlinking: /home/chotaehyun/waver_ws/install/vizanti_msgs/share/vizanti_msgs/srv/SetNodeParameter_Response.msg
[27.495s] -- Symlinking: /home/chotaehyun/waver_ws/install/vizanti_msgs/share/vizanti_msgs/srv/SaveMap.srv
[27.544s] -- Symlinking: /home/chotaehyun/waver_ws/install/vizanti_msgs/share/vizanti_msgs/srv/SaveMap_Request.msg
[27.586s] -- Symlinking: /home/chotaehyun/waver_ws/install/vizanti_msgs/share/vizanti_msgs/srv/SaveMap_Response.msg
[27.619s] -- Symlinking: /home/chotaehyun/waver_ws/install/vizanti_msgs/share/vizanti_msgs/srv/LoadMap.srv
[27.655s] -- Symlinking: /home/chotaehyun/waver_ws/install/vizanti_msgs/share/vizanti_msgs/srv/LoadMap_Request.msg
[27.690s] -- Symlinking: /home/chotaehyun/waver_ws/install/vizanti_msgs/share/vizanti_msgs/srv/LoadMap_Response.msg
[27.728s] -- Symlinking: /home/chotaehyun/waver_ws/install/vizanti_msgs/share/vizanti_msgs/srv/Launches.srv
[27.761s] -- Symlinking: /home/chotaehyun/waver_ws/install/vizanti_msgs/share/vizanti_msgs/srv/Launches_Request.msg
[27.796s] -- Symlinking: /home/chotaehyun/waver_ws/install/vizanti_msgs/share/vizanti_msgs/srv/Launches_Response.msg
[27.814s] -- Symlinking: /home/chotaehyun/waver_ws/install/vizanti_msgs/share/vizanti_msgs/srv/RecordRosbag.srv
[27.834s] -- Symlinking: /home/chotaehyun/waver_ws/install/vizanti_msgs/share/vizanti_msgs/srv/RecordRosbag_Request.msg
[27.851s] -- Symlinking: /home/chotaehyun/waver_ws/install/vizanti_msgs/share/vizanti_msgs/srv/RecordRosbag_Response.msg
[27.870s] -- Symlinking: /home/chotaehyun/waver_ws/install/vizanti_msgs/share/vizanti_msgs/srv/ManageNode.srv
[27.888s] -- Symlinking: /home/chotaehyun/waver_ws/install/vizanti_msgs/share/vizanti_msgs/srv/ManageNode_Request.msg
[27.906s] -- Symlinking: /home/chotaehyun/waver_ws/install/vizanti_msgs/share/vizanti_msgs/srv/ManageNode_Response.msg
[27.927s] -- Symlinking: /home/chotaehyun/waver_ws/install/vizanti_msgs/share/vizanti_msgs/srv/ManageLaunch.srv
[27.978s] -- Symlinking: /home/chotaehyun/waver_ws/install/vizanti_msgs/share/vizanti_msgs/srv/ManageLaunch_Request.msg
[28.027s] -- Symlinking: /home/chotaehyun/waver_ws/install/vizanti_msgs/share/vizanti_msgs/srv/ManageLaunch_Response.msg
[28.064s] -- Symlinking: /home/chotaehyun/waver_ws/install/vizanti_msgs/share/vizanti_msgs/srv/ListPackages.srv
[28.102s] -- Symlinking: /home/chotaehyun/waver_ws/install/vizanti_msgs/share/vizanti_msgs/srv/ListPackages_Request.msg
[28.138s] -- Symlinking: /home/chotaehyun/waver_ws/install/vizanti_msgs/share/vizanti_msgs/srv/ListPackages_Response.msg
[28.171s] -- Symlinking: /home/chotaehyun/waver_ws/install/vizanti_msgs/share/vizanti_msgs/srv/ListExecutables.srv
[28.208s] -- Symlinking: /home/chotaehyun/waver_ws/install/vizanti_msgs/share/vizanti_msgs/srv/ListExecutables_Request.msg
[28.249s] -- Symlinking: /home/chotaehyun/waver_ws/install/vizanti_msgs/share/vizanti_msgs/srv/ListExecutables_Response.msg
[28.287s] -- Symlinking: /home/chotaehyun/waver_ws/install/vizanti_msgs/share/ament_index/resource_index/package_run_dependencies/vizanti_msgs
[28.321s] -- Symlinking: /home/chotaehyun/waver_ws/install/vizanti_msgs/share/ament_index/resource_index/parent_prefix_path/vizanti_msgs
[28.356s] -- Symlinking: /home/chotaehyun/waver_ws/install/vizanti_msgs/share/vizanti_msgs/environment/ament_prefix_path.sh
[28.394s] -- Symlinking: /home/chotaehyun/waver_ws/install/vizanti_msgs/share/vizanti_msgs/environment/ament_prefix_path.dsv
[28.424s] -- Symlinking: /home/chotaehyun/waver_ws/install/vizanti_msgs/share/vizanti_msgs/environment/path.sh
[28.449s] -- Symlinking: /home/chotaehyun/waver_ws/install/vizanti_msgs/share/vizanti_msgs/environment/path.dsv
[28.468s] -- Symlinking: /home/chotaehyun/waver_ws/install/vizanti_msgs/share/vizanti_msgs/local_setup.bash
[28.485s] -- Symlinking: /home/chotaehyun/waver_ws/install/vizanti_msgs/share/vizanti_msgs/local_setup.sh
[28.503s] -- Symlinking: /home/chotaehyun/waver_ws/install/vizanti_msgs/share/vizanti_msgs/local_setup.zsh
[28.523s] -- Symlinking: /home/chotaehyun/waver_ws/install/vizanti_msgs/share/vizanti_msgs/local_setup.dsv
[28.541s] -- Symlinking: /home/chotaehyun/waver_ws/install/vizanti_msgs/share/vizanti_msgs/package.dsv
[28.558s] -- Symlinking: /home/chotaehyun/waver_ws/install/vizanti_msgs/share/ament_index/resource_index/packages/vizanti_msgs
[28.578s] -- Symlinking: /home/chotaehyun/waver_ws/install/vizanti_msgs/share/vizanti_msgs/cmake/rosidl_cmake-extras.cmake
[28.596s] -- Symlinking: /home/chotaehyun/waver_ws/install/vizanti_msgs/share/vizanti_msgs/cmake/ament_cmake_export_dependencies-extras.cmake
[28.615s] -- Symlinking: /home/chotaehyun/waver_ws/install/vizanti_msgs/share/vizanti_msgs/cmake/ament_cmake_export_include_directories-extras.cmake
[28.632s] -- Symlinking: /home/chotaehyun/waver_ws/install/vizanti_msgs/share/vizanti_msgs/cmake/ament_cmake_export_libraries-extras.cmake
[28.651s] -- Symlinking: /home/chotaehyun/waver_ws/install/vizanti_msgs/share/vizanti_msgs/cmake/ament_cmake_export_targets-extras.cmake
[28.680s] -- Symlinking: /home/chotaehyun/waver_ws/install/vizanti_msgs/share/vizanti_msgs/cmake/rosidl_cmake_export_typesupport_targets-extras.cmake
[28.699s] -- Symlinking: /home/chotaehyun/waver_ws/install/vizanti_msgs/share/vizanti_msgs/cmake/rosidl_cmake_export_typesupport_libraries-extras.cmake
[28.727s] -- Symlinking: /home/chotaehyun/waver_ws/install/vizanti_msgs/share/vizanti_msgs/cmake/vizanti_msgsConfig.cmake
[28.754s] -- Symlinking: /home/chotaehyun/waver_ws/install/vizanti_msgs/share/vizanti_msgs/cmake/vizanti_msgsConfig-version.cmake
[28.772s] -- Symlinking: /home/chotaehyun/waver_ws/install/vizanti_msgs/share/vizanti_msgs/package.xml
[28.799s] -- Installing: /home/chotaehyun/waver_ws/install/vizanti_msgs/lib/libvizanti_msgs__rosidl_generator_c.so
[28.799s] -- Set runtime path of "/home/chotaehyun/waver_ws/install/vizanti_msgs/lib/libvizanti_msgs__rosidl_generator_c.so" to ""
[28.799s] -- Installing: /home/chotaehyun/waver_ws/install/vizanti_msgs/lib/libvizanti_msgs__rosidl_typesupport_fastrtps_c.so
[28.805s] -- Set runtime path of "/home/chotaehyun/waver_ws/install/vizanti_msgs/lib/libvizanti_msgs__rosidl_typesupport_fastrtps_c.so" to ""
[28.805s] -- Installing: /home/chotaehyun/waver_ws/install/vizanti_msgs/lib/libvizanti_msgs__rosidl_typesupport_introspection_c.so
[28.805s] -- Set runtime path of "/home/chotaehyun/waver_ws/install/vizanti_msgs/lib/libvizanti_msgs__rosidl_typesupport_introspection_c.so" to ""
[28.805s] -- Installing: /home/chotaehyun/waver_ws/install/vizanti_msgs/lib/libvizanti_msgs__rosidl_typesupport_c.so
[28.805s] -- Set runtime path of "/home/chotaehyun/waver_ws/install/vizanti_msgs/lib/libvizanti_msgs__rosidl_typesupport_c.so" to ""
[28.806s] -- Installing: /home/chotaehyun/waver_ws/install/vizanti_msgs/lib/libvizanti_msgs__rosidl_typesupport_fastrtps_cpp.so
[28.814s] -- Set runtime path of "/home/chotaehyun/waver_ws/install/vizanti_msgs/lib/libvizanti_msgs__rosidl_typesupport_fastrtps_cpp.so" to ""
[28.814s] -- Installing: /home/chotaehyun/waver_ws/install/vizanti_msgs/lib/libvizanti_msgs__rosidl_typesupport_introspection_cpp.so
[28.814s] -- Set runtime path of "/home/chotaehyun/waver_ws/install/vizanti_msgs/lib/libvizanti_msgs__rosidl_typesupport_introspection_cpp.so" to ""
[28.814s] -- Installing: /home/chotaehyun/waver_ws/install/vizanti_msgs/lib/libvizanti_msgs__rosidl_typesupport_cpp.so
[28.815s] -- Set runtime path of "/home/chotaehyun/waver_ws/install/vizanti_msgs/lib/libvizanti_msgs__rosidl_typesupport_cpp.so" to ""
[28.994s] Listing '/home/chotaehyun/waver_ws/install/vizanti_msgs/local/lib/python3.10/dist-packages/vizanti_msgs'...
[28.995s] Compiling '/home/chotaehyun/waver_ws/install/vizanti_msgs/local/lib/python3.10/dist-packages/vizanti_msgs/__init__.py'...
[28.995s] Listing '/home/chotaehyun/waver_ws/install/vizanti_msgs/local/lib/python3.10/dist-packages/vizanti_msgs/srv'...
[28.995s] Compiling '/home/chotaehyun/waver_ws/install/vizanti_msgs/local/lib/python3.10/dist-packages/vizanti_msgs/srv/__init__.py'...
[28.995s] Compiling '/home/chotaehyun/waver_ws/install/vizanti_msgs/local/lib/python3.10/dist-packages/vizanti_msgs/srv/_get_node_parameters.py'...
[28.995s] Compiling '/home/chotaehyun/waver_ws/install/vizanti_msgs/local/lib/python3.10/dist-packages/vizanti_msgs/srv/_launches.py'...
[28.995s] Compiling '/home/chotaehyun/waver_ws/install/vizanti_msgs/local/lib/python3.10/dist-packages/vizanti_msgs/srv/_list_executables.py'...
[28.995s] Compiling '/home/chotaehyun/waver_ws/install/vizanti_msgs/local/lib/python3.10/dist-packages/vizanti_msgs/srv/_list_packages.py'...
[28.995s] Compiling '/home/chotaehyun/waver_ws/install/vizanti_msgs/local/lib/python3.10/dist-packages/vizanti_msgs/srv/_load_map.py'...
[28.995s] Compiling '/home/chotaehyun/waver_ws/install/vizanti_msgs/local/lib/python3.10/dist-packages/vizanti_msgs/srv/_manage_launch.py'...
[28.995s] Compiling '/home/chotaehyun/waver_ws/install/vizanti_msgs/local/lib/python3.10/dist-packages/vizanti_msgs/srv/_manage_node.py'...
[28.995s] Compiling '/home/chotaehyun/waver_ws/install/vizanti_msgs/local/lib/python3.10/dist-packages/vizanti_msgs/srv/_record_rosbag.py'...
[28.996s] Compiling '/home/chotaehyun/waver_ws/install/vizanti_msgs/local/lib/python3.10/dist-packages/vizanti_msgs/srv/_save_map.py'...
[28.996s] Compiling '/home/chotaehyun/waver_ws/install/vizanti_msgs/local/lib/python3.10/dist-packages/vizanti_msgs/srv/_set_node_parameter.py'...
[29.019s] -- Installing: /home/chotaehyun/waver_ws/install/vizanti_msgs/lib/libvizanti_msgs__rosidl_generator_py.so
[29.025s] -- Set runtime path of "/home/chotaehyun/waver_ws/install/vizanti_msgs/lib/libvizanti_msgs__rosidl_generator_py.so" to ""
[29.025s] -- Installing: /home/chotaehyun/waver_ws/install/vizanti_msgs/share/vizanti_msgs/cmake/export_vizanti_msgs__rosidl_generator_cExport.cmake
[29.025s] -- Installing: /home/chotaehyun/waver_ws/install/vizanti_msgs/share/vizanti_msgs/cmake/export_vizanti_msgs__rosidl_generator_cExport-noconfig.cmake
[29.032s] -- Installing: /home/chotaehyun/waver_ws/install/vizanti_msgs/share/vizanti_msgs/cmake/export_vizanti_msgs__rosidl_typesupport_fastrtps_cExport.cmake
[29.032s] -- Installing: /home/chotaehyun/waver_ws/install/vizanti_msgs/share/vizanti_msgs/cmake/export_vizanti_msgs__rosidl_typesupport_fastrtps_cExport-noconfig.cmake
[29.033s] -- Installing: /home/chotaehyun/waver_ws/install/vizanti_msgs/share/vizanti_msgs/cmake/vizanti_msgs__rosidl_typesupport_introspection_cExport.cmake
[29.033s] -- Installing: /home/chotaehyun/waver_ws/install/vizanti_msgs/share/vizanti_msgs/cmake/vizanti_msgs__rosidl_typesupport_introspection_cExport-noconfig.cmake
[29.033s] -- Installing: /home/chotaehyun/waver_ws/install/vizanti_msgs/share/vizanti_msgs/cmake/vizanti_msgs__rosidl_typesupport_cExport.cmake
[29.033s] -- Installing: /home/chotaehyun/waver_ws/install/vizanti_msgs/share/vizanti_msgs/cmake/vizanti_msgs__rosidl_typesupport_cExport-noconfig.cmake
[29.034s] -- Installing: /home/chotaehyun/waver_ws/install/vizanti_msgs/share/vizanti_msgs/cmake/export_vizanti_msgs__rosidl_generator_cppExport.cmake
[29.034s] -- Installing: /home/chotaehyun/waver_ws/install/vizanti_msgs/share/vizanti_msgs/cmake/export_vizanti_msgs__rosidl_typesupport_fastrtps_cppExport.cmake
[29.041s] -- Installing: /home/chotaehyun/waver_ws/install/vizanti_msgs/share/vizanti_msgs/cmake/export_vizanti_msgs__rosidl_typesupport_fastrtps_cppExport-noconfig.cmake
[29.041s] -- Installing: /home/chotaehyun/waver_ws/install/vizanti_msgs/share/vizanti_msgs/cmake/vizanti_msgs__rosidl_typesupport_introspection_cppExport.cmake
[29.041s] -- Installing: /home/chotaehyun/waver_ws/install/vizanti_msgs/share/vizanti_msgs/cmake/vizanti_msgs__rosidl_typesupport_introspection_cppExport-noconfig.cmake
[29.041s] -- Installing: /home/chotaehyun/waver_ws/install/vizanti_msgs/share/vizanti_msgs/cmake/vizanti_msgs__rosidl_typesupport_cppExport.cmake
[29.041s] -- Installing: /home/chotaehyun/waver_ws/install/vizanti_msgs/share/vizanti_msgs/cmake/vizanti_msgs__rosidl_typesupport_cppExport-noconfig.cmake
[29.042s] -- Installing: /home/chotaehyun/waver_ws/install/vizanti_msgs/share/vizanti_msgs/cmake/export_vizanti_msgs__rosidl_generator_pyExport.cmake
[29.043s] -- Installing: /home/chotaehyun/waver_ws/install/vizanti_msgs/share/vizanti_msgs/cmake/export_vizanti_msgs__rosidl_generator_pyExport-noconfig.cmake
[29.061s] Invoked command in '/home/chotaehyun/waver_ws/build/vizanti_msgs' returned '0': CMAKE_PREFIX_PATH=/opt/ros/humble /usr/bin/cmake --install /home/chotaehyun/waver_ws/build/vizanti_msgs
