[0.736s] Invoking command in '/home/chotaehyun/waver_ws/build/waver_description': CMAKE_PREFIX_PATH=/opt/ros/humble /usr/bin/cmake /home/chotaehyun/waver_ws/src/ros2_waver/ros2_waver/src/waver_description -DAMENT_CMAKE_SYMLINK_INSTALL=1 -DCMAKE_INSTALL_PREFIX=/home/chotaehyun/waver_ws/install/waver_description
[2.046s] -- The C compiler identification is GNU 11.4.0
[2.046s] -- The CXX compiler identification is GNU 11.4.0
[2.047s] -- Detecting C compiler ABI info
[2.047s] -- Detecting C compiler ABI info - done
[2.047s] -- Check for working C compiler: /usr/bin/cc - skipped
[2.047s] -- Detecting C compile features
[2.047s] -- Detecting C compile features - done
[2.047s] -- Detecting CXX compiler ABI info
[2.047s] -- Detecting CXX compiler ABI info - done
[2.047s] -- Check for working CXX compiler: /usr/bin/c++ - skipped
[2.047s] -- Detecting CXX compile features
[2.047s] -- Detecting CXX compile features - done
[2.047s] -- Found ament_cmake: 1.3.14 (/opt/ros/humble/share/ament_cmake/cmake)
[2.047s] -- Found Python3: /usr/bin/python3 (found version "3.10.12") found components: Interpreter 
[2.126s] -- Override CMake install command with custom implementation using symlinks instead of copying resources
[2.453s] -- Configuring done
[2.460s] -- Generating done
[2.468s] -- Build files have been written to: /home/chotaehyun/waver_ws/build/waver_description
[2.513s] Invoked command in '/home/chotaehyun/waver_ws/build/waver_description' returned '0': CMAKE_PREFIX_PATH=/opt/ros/humble /usr/bin/cmake /home/chotaehyun/waver_ws/src/ros2_waver/ros2_waver/src/waver_description -DAMENT_CMAKE_SYMLINK_INSTALL=1 -DCMAKE_INSTALL_PREFIX=/home/chotaehyun/waver_ws/install/waver_description
[2.517s] Invoking command in '/home/chotaehyun/waver_ws/build/waver_description': CMAKE_PREFIX_PATH=/opt/ros/humble /usr/bin/cmake --build /home/chotaehyun/waver_ws/build/waver_description -- -j16 -l16
[4.835s] Invoked command in '/home/chotaehyun/waver_ws/build/waver_description' returned '0': CMAKE_PREFIX_PATH=/opt/ros/humble /usr/bin/cmake --build /home/chotaehyun/waver_ws/build/waver_description -- -j16 -l16
[4.836s] Invoking command in '/home/chotaehyun/waver_ws/build/waver_description': CMAKE_PREFIX_PATH=/opt/ros/humble /usr/bin/cmake --install /home/chotaehyun/waver_ws/build/waver_description
[6.363s] -- Install configuration: ""
[6.363s] -- Execute custom install script
[6.363s] -- Symlinking: /home/chotaehyun/waver_ws/install/waver_description/share/waver_description/launch/gazebo.launch.py
[6.363s] -- Symlinking: /home/chotaehyun/waver_ws/install/waver_description/share/waver_description/urdf/depth_camera_zedxm.xacro
[6.363s] -- Symlinking: /home/chotaehyun/waver_ws/install/waver_description/share/waver_description/urdf/imu.xacro
[6.363s] -- Symlinking: /home/chotaehyun/waver_ws/install/waver_description/share/waver_description/urdf/lidar.xacro
[6.363s] -- Symlinking: /home/chotaehyun/waver_ws/install/waver_description/share/waver_description/urdf/materials.xacro
[6.363s] -- Symlinking: /home/chotaehyun/waver_ws/install/waver_description/share/waver_description/urdf/rasp_pi_camera.xacro
[6.363s] -- Symlinking: /home/chotaehyun/waver_ws/install/waver_description/share/waver_description/urdf/util.xacro
[6.364s] -- Symlinking: /home/chotaehyun/waver_ws/install/waver_description/share/waver_description/urdf/waver.control.xacro
[6.365s] -- Symlinking: /home/chotaehyun/waver_ws/install/waver_description/share/waver_description/urdf/waver.gazebo.xacro
[6.366s] -- Symlinking: /home/chotaehyun/waver_ws/install/waver_description/share/waver_description/urdf/waver.xacro
[6.370s] -- Symlinking: /home/chotaehyun/waver_ws/install/waver_description/share/waver_description/meshes/LD19.stl
[6.370s] -- Symlinking: /home/chotaehyun/waver_ws/install/waver_description/share/waver_description/meshes/accessories1_link.stl
[6.370s] -- Symlinking: /home/chotaehyun/waver_ws/install/waver_description/share/waver_description/meshes/accessories_link.stl
[6.370s] -- Symlinking: /home/chotaehyun/waver_ws/install/waver_description/share/waver_description/meshes/base_link.stl
[6.370s] -- Symlinking: /home/chotaehyun/waver_ws/install/waver_description/share/waver_description/meshes/board_link.stl
[6.371s] -- Symlinking: /home/chotaehyun/waver_ws/install/waver_description/share/waver_description/meshes/oled_screen_link.stl
[6.371s] -- Symlinking: /home/chotaehyun/waver_ws/install/waver_description/share/waver_description/meshes/rasp_pi_camera.stl
[6.371s] -- Symlinking: /home/chotaehyun/waver_ws/install/waver_description/share/waver_description/meshes/top_shell_link.stl
[6.371s] -- Symlinking: /home/chotaehyun/waver_ws/install/waver_description/share/waver_description/meshes/wheel_back_left_link.stl
[6.371s] -- Symlinking: /home/chotaehyun/waver_ws/install/waver_description/share/waver_description/meshes/wheel_back_right_link.stl
[6.371s] -- Symlinking: /home/chotaehyun/waver_ws/install/waver_description/share/waver_description/meshes/wheel_front_left_link.stl
[6.371s] -- Symlinking: /home/chotaehyun/waver_ws/install/waver_description/share/waver_description/meshes/wheel_front_right_link.stl
[6.371s] -- Symlinking: /home/chotaehyun/waver_ws/install/waver_description/share/waver_description/meshes/zedxm.stl
[6.371s] -- Symlinking: /home/chotaehyun/waver_ws/install/waver_description/share/waver_description/worlds/empty.world
[6.371s] -- Symlinking: /home/chotaehyun/waver_ws/install/waver_description/share/waver_description/config/waver_controllers.yaml
[6.371s] -- Symlinking: /home/chotaehyun/waver_ws/install/waver_description/share/ament_index/resource_index/package_run_dependencies/waver_description
[6.371s] -- Symlinking: /home/chotaehyun/waver_ws/install/waver_description/share/ament_index/resource_index/parent_prefix_path/waver_description
[6.372s] -- Symlinking: /home/chotaehyun/waver_ws/install/waver_description/share/waver_description/environment/ament_prefix_path.sh
[6.372s] -- Symlinking: /home/chotaehyun/waver_ws/install/waver_description/share/waver_description/environment/ament_prefix_path.dsv
[6.372s] -- Symlinking: /home/chotaehyun/waver_ws/install/waver_description/share/waver_description/environment/path.sh
[6.372s] -- Symlinking: /home/chotaehyun/waver_ws/install/waver_description/share/waver_description/environment/path.dsv
[6.372s] -- Symlinking: /home/chotaehyun/waver_ws/install/waver_description/share/waver_description/local_setup.bash
[6.372s] -- Symlinking: /home/chotaehyun/waver_ws/install/waver_description/share/waver_description/local_setup.sh
[6.372s] -- Symlinking: /home/chotaehyun/waver_ws/install/waver_description/share/waver_description/local_setup.zsh
[6.372s] -- Symlinking: /home/chotaehyun/waver_ws/install/waver_description/share/waver_description/local_setup.dsv
[6.372s] -- Symlinking: /home/chotaehyun/waver_ws/install/waver_description/share/waver_description/package.dsv
[6.372s] -- Symlinking: /home/chotaehyun/waver_ws/install/waver_description/share/ament_index/resource_index/packages/waver_description
[6.372s] -- Symlinking: /home/chotaehyun/waver_ws/install/waver_description/share/waver_description/cmake/waver_descriptionConfig.cmake
[6.372s] -- Symlinking: /home/chotaehyun/waver_ws/install/waver_description/share/waver_description/cmake/waver_descriptionConfig-version.cmake
[6.372s] -- Symlinking: /home/chotaehyun/waver_ws/install/waver_description/share/waver_description/package.xml
[6.378s] Invoked command in '/home/chotaehyun/waver_ws/build/waver_description' returned '0': CMAKE_PREFIX_PATH=/opt/ros/humble /usr/bin/cmake --install /home/chotaehyun/waver_ws/build/waver_description
