[1.552s] Invoking command in '/home/chotaehyun/waver_ws/build/ugv_vision': PYTHONPATH=/home/chotaehyun/waver_ws/build/ugv_vision/prefix_override:/usr/lib/python3/dist-packages/colcon_core/task/python/colcon_distutils_commands:/home/chotaehyun/waver_ws/install/ugv_vision/lib/python3.10/site-packages:${PYTHONPATH} /usr/bin/python3 -W ignore:setup.py install is deprecated -W ignore:easy_install command is deprecated setup.py develop --editable --build-directory /home/chotaehyun/waver_ws/build/ugv_vision/build --no-deps symlink_data
[1.812s] running develop
[1.985s] running egg_info
[1.985s] writing ugv_vision.egg-info/PKG-INFO
[1.986s] writing dependency_links to ugv_vision.egg-info/dependency_links.txt
[1.986s] writing entry points to ugv_vision.egg-info/entry_points.txt
[1.986s] writing requirements to ugv_vision.egg-info/requires.txt
[1.986s] writing top-level names to ugv_vision.egg-info/top_level.txt
[1.988s] reading manifest file 'ugv_vision.egg-info/SOURCES.txt'
[1.988s] writing manifest file 'ugv_vision.egg-info/SOURCES.txt'
[1.989s] running build_ext
[1.990s] Creating /home/chotaehyun/waver_ws/install/ugv_vision/lib/python3.10/site-packages/ugv-vision.egg-link (link to .)
[1.990s] Installing apriltag_ctrl script to /home/chotaehyun/waver_ws/install/ugv_vision/lib/ugv_vision
[1.991s] Installing apriltag_track_0 script to /home/chotaehyun/waver_ws/install/ugv_vision/lib/ugv_vision
[1.991s] Installing apriltag_track_1 script to /home/chotaehyun/waver_ws/install/ugv_vision/lib/ugv_vision
[1.991s] Installing apriltag_track_2 script to /home/chotaehyun/waver_ws/install/ugv_vision/lib/ugv_vision
[1.991s] Installing color_track script to /home/chotaehyun/waver_ws/install/ugv_vision/lib/ugv_vision
[1.991s] Installing gesture_ctrl script to /home/chotaehyun/waver_ws/install/ugv_vision/lib/ugv_vision
[1.991s] Installing kcf_track script to /home/chotaehyun/waver_ws/install/ugv_vision/lib/ugv_vision
[1.991s] 
[1.991s] Installed /home/chotaehyun/waver_ws/build/ugv_vision
[1.992s] running symlink_data
[2.026s] Invoked command in '/home/chotaehyun/waver_ws/build/ugv_vision' returned '0': PYTHONPATH=/home/chotaehyun/waver_ws/build/ugv_vision/prefix_override:/usr/lib/python3/dist-packages/colcon_core/task/python/colcon_distutils_commands:/home/chotaehyun/waver_ws/install/ugv_vision/lib/python3.10/site-packages:${PYTHONPATH} /usr/bin/python3 -W ignore:setup.py install is deprecated -W ignore:easy_install command is deprecated setup.py develop --editable --build-directory /home/chotaehyun/waver_ws/build/ugv_vision/build --no-deps symlink_data
