[0.143s] Invoking command in '/home/chotaehyun/waver_ws/build/apriltag': CMAKE_PREFIX_PATH=${CMAKE_PREFIX_PATH}:/home/chotaehyun/waver_ws/install/ugv_web_app:/home/chotaehyun/waver_ws/install/ugv_vision:/home/chotaehyun/waver_ws/install/ugv_tools:/home/chotaehyun/waver_ws/install/ugv_chat_ai:/home/chotaehyun/waver_ws/install/ugv_bringup:/home/chotaehyun/waver_ws/install/my_waver_app:/opt/ros/humble /usr/bin/cmake --build /home/chotaehyun/waver_ws/build/apriltag -- -j16 -l16
[1.859s] [  7%] [34m[1mGenerating apriltag_py_type_docstring.h, apriltag_py_type_docstring.cxx[0m
[1.859s] [ 82%] Built target apriltag
[1.859s] [ 85%] [34m[1mGenerating apriltag_detect_docstring.h, apriltag_detect_docstring.cxx[0m
[1.859s] [ 90%] Built target opencv_demo
[1.859s] [ 95%] Built target apriltag_demo
[1.859s] [ 95%] Built target apriltag_py_docstrings
[1.859s] [35m[1mConsolidate compiler generated dependencies of target apriltag.cpython-310-x86_64-linux-gnu[0m
[1.859s] [ 97%] [32mBuilding C object CMakeFiles/apriltag.cpython-310-x86_64-linux-gnu.dir/apriltag_pywrap.c.o[0m
[1.859s] [100%] [32m[1mLinking C shared module apriltag.cpython-310-x86_64-linux-gnu.so[0m
[1.860s] [100%] Built target apriltag.cpython-310-x86_64-linux-gnu
[1.913s] Invoked command in '/home/chotaehyun/waver_ws/build/apriltag' returned '0': CMAKE_PREFIX_PATH=${CMAKE_PREFIX_PATH}:/home/chotaehyun/waver_ws/install/ugv_web_app:/home/chotaehyun/waver_ws/install/ugv_vision:/home/chotaehyun/waver_ws/install/ugv_tools:/home/chotaehyun/waver_ws/install/ugv_chat_ai:/home/chotaehyun/waver_ws/install/ugv_bringup:/home/chotaehyun/waver_ws/install/my_waver_app:/opt/ros/humble /usr/bin/cmake --build /home/chotaehyun/waver_ws/build/apriltag -- -j16 -l16
[1.916s] Invoking command in '/home/chotaehyun/waver_ws/build/apriltag': CMAKE_PREFIX_PATH=${CMAKE_PREFIX_PATH}:/home/chotaehyun/waver_ws/install/ugv_web_app:/home/chotaehyun/waver_ws/install/ugv_vision:/home/chotaehyun/waver_ws/install/ugv_tools:/home/chotaehyun/waver_ws/install/ugv_chat_ai:/home/chotaehyun/waver_ws/install/ugv_bringup:/home/chotaehyun/waver_ws/install/my_waver_app:/opt/ros/humble /usr/bin/cmake --install /home/chotaehyun/waver_ws/build/apriltag
[2.018s] -- Install configuration: "Release"
[2.018s] -- Up-to-date: /home/chotaehyun/waver_ws/install/apriltag/include/apriltag/apriltag.h
[2.021s] -- Up-to-date: /home/chotaehyun/waver_ws/install/apriltag/include/apriltag/apriltag_math.h
[2.022s] -- Up-to-date: /home/chotaehyun/waver_ws/install/apriltag/include/apriltag/apriltag_pose.h
[2.023s] -- Up-to-date: /home/chotaehyun/waver_ws/install/apriltag/include/apriltag/common/debug_print.h
[2.024s] -- Up-to-date: /home/chotaehyun/waver_ws/install/apriltag/include/apriltag/common/doubles.h
[2.026s] -- Up-to-date: /home/chotaehyun/waver_ws/install/apriltag/include/apriltag/common/doubles_floats_impl.h
[2.028s] -- Up-to-date: /home/chotaehyun/waver_ws/install/apriltag/include/apriltag/common/floats.h
[2.029s] -- Up-to-date: /home/chotaehyun/waver_ws/install/apriltag/include/apriltag/common/g2d.h
[2.031s] -- Up-to-date: /home/chotaehyun/waver_ws/install/apriltag/include/apriltag/common/getopt.h
[2.032s] -- Up-to-date: /home/chotaehyun/waver_ws/install/apriltag/include/apriltag/common/homography.h
[2.032s] -- Up-to-date: /home/chotaehyun/waver_ws/install/apriltag/include/apriltag/common/image_types.h
[2.032s] -- Up-to-date: /home/chotaehyun/waver_ws/install/apriltag/include/apriltag/common/image_u8.h
[2.040s] -- Up-to-date: /home/chotaehyun/waver_ws/install/apriltag/include/apriltag/common/image_u8x3.h
[2.040s] -- Up-to-date: /home/chotaehyun/waver_ws/install/apriltag/include/apriltag/common/image_u8x4.h
[2.040s] -- Up-to-date: /home/chotaehyun/waver_ws/install/apriltag/include/apriltag/common/matd.h
[2.040s] -- Up-to-date: /home/chotaehyun/waver_ws/install/apriltag/include/apriltag/common/math_util.h
[2.040s] -- Up-to-date: /home/chotaehyun/waver_ws/install/apriltag/include/apriltag/common/pam.h
[2.040s] -- Up-to-date: /home/chotaehyun/waver_ws/install/apriltag/include/apriltag/common/pjpeg.h
[2.040s] -- Up-to-date: /home/chotaehyun/waver_ws/install/apriltag/include/apriltag/common/pnm.h
[2.040s] -- Up-to-date: /home/chotaehyun/waver_ws/install/apriltag/include/apriltag/common/postscript_utils.h
[2.040s] -- Up-to-date: /home/chotaehyun/waver_ws/install/apriltag/include/apriltag/common/pthreads_cross.h
[2.040s] -- Up-to-date: /home/chotaehyun/waver_ws/install/apriltag/include/apriltag/common/string_util.h
[2.040s] -- Up-to-date: /home/chotaehyun/waver_ws/install/apriltag/include/apriltag/common/svd22.h
[2.041s] -- Up-to-date: /home/chotaehyun/waver_ws/install/apriltag/include/apriltag/common/time_util.h
[2.041s] -- Up-to-date: /home/chotaehyun/waver_ws/install/apriltag/include/apriltag/common/timeprofile.h
[2.041s] -- Up-to-date: /home/chotaehyun/waver_ws/install/apriltag/include/apriltag/common/unionfind.h
[2.041s] -- Up-to-date: /home/chotaehyun/waver_ws/install/apriltag/include/apriltag/common/workerpool.h
[2.041s] -- Up-to-date: /home/chotaehyun/waver_ws/install/apriltag/include/apriltag/common/zarray.h
[2.041s] -- Up-to-date: /home/chotaehyun/waver_ws/install/apriltag/include/apriltag/common/zhash.h
[2.041s] -- Up-to-date: /home/chotaehyun/waver_ws/install/apriltag/include/apriltag/common/zmaxheap.h
[2.041s] -- Up-to-date: /home/chotaehyun/waver_ws/install/apriltag/include/apriltag/tag16h5.h
[2.042s] -- Up-to-date: /home/chotaehyun/waver_ws/install/apriltag/include/apriltag/tag25h9.h
[2.042s] -- Up-to-date: /home/chotaehyun/waver_ws/install/apriltag/include/apriltag/tag36h10.h
[2.042s] -- Up-to-date: /home/chotaehyun/waver_ws/install/apriltag/include/apriltag/tag36h11.h
[2.042s] -- Up-to-date: /home/chotaehyun/waver_ws/install/apriltag/include/apriltag/tagCircle21h7.h
[2.042s] -- Up-to-date: /home/chotaehyun/waver_ws/install/apriltag/include/apriltag/tagCircle49h12.h
[2.042s] -- Up-to-date: /home/chotaehyun/waver_ws/install/apriltag/include/apriltag/tagCustom48h12.h
[2.042s] -- Up-to-date: /home/chotaehyun/waver_ws/install/apriltag/include/apriltag/tagStandard41h12.h
[2.042s] -- Up-to-date: /home/chotaehyun/waver_ws/install/apriltag/include/apriltag/tagStandard52h13.h
[2.042s] -- Up-to-date: /home/chotaehyun/waver_ws/install/apriltag/lib/libapriltag.so.3.4.2
[2.042s] -- Up-to-date: /home/chotaehyun/waver_ws/install/apriltag/lib/libapriltag.so.3
[2.042s] -- Up-to-date: /home/chotaehyun/waver_ws/install/apriltag/lib/libapriltag.so
[2.042s] -- Up-to-date: /home/chotaehyun/waver_ws/install/apriltag/share/apriltag/cmake/apriltagTargets.cmake
[2.043s] -- Up-to-date: /home/chotaehyun/waver_ws/install/apriltag/share/apriltag/cmake/apriltagTargets-release.cmake
[2.043s] -- Up-to-date: /home/chotaehyun/waver_ws/install/apriltag/share/apriltag/cmake/apriltagConfig.cmake
[2.043s] -- Up-to-date: /home/chotaehyun/waver_ws/install/apriltag/share/apriltag/cmake/apriltagConfigVersion.cmake
[2.043s] -- Up-to-date: /home/chotaehyun/waver_ws/install/apriltag/lib/pkgconfig/apriltag.pc
[2.043s] -- Installing: /home/chotaehyun/waver_ws/install/apriltag/lib/python3.10/site-packages/apriltag.cpython-310-x86_64-linux-gnu.so
[2.043s] -- Set runtime path of "/home/chotaehyun/waver_ws/install/apriltag/lib/python3.10/site-packages/apriltag.cpython-310-x86_64-linux-gnu.so" to ""
[2.043s] -- Up-to-date: /home/chotaehyun/waver_ws/install/apriltag/bin/opencv_demo
[2.043s] -- Up-to-date: /home/chotaehyun/waver_ws/install/apriltag/bin/apriltag_demo
[2.226s] Invoked command in '/home/chotaehyun/waver_ws/build/apriltag' returned '0': CMAKE_PREFIX_PATH=${CMAKE_PREFIX_PATH}:/home/chotaehyun/waver_ws/install/ugv_web_app:/home/chotaehyun/waver_ws/install/ugv_vision:/home/chotaehyun/waver_ws/install/ugv_tools:/home/chotaehyun/waver_ws/install/ugv_chat_ai:/home/chotaehyun/waver_ws/install/ugv_bringup:/home/chotaehyun/waver_ws/install/my_waver_app:/opt/ros/humble /usr/bin/cmake --install /home/chotaehyun/waver_ws/build/apriltag
