[0.161s] Invoking command in '/home/chotaehyun/waver_ws/build/explore_lite': CMAKE_PREFIX_PATH=/opt/ros/humble /usr/bin/cmake --build /home/chotaehyun/waver_ws/build/explore_lite -- -j16 -l16
[1.946s] [ 20%] Built target gtest
[1.946s] [ 40%] Built target gtest_main
[1.946s] [ 80%] Built target explore
[1.947s] [100%] Built target test_explore
[1.982s] Invoked command in '/home/chotaehyun/waver_ws/build/explore_lite' returned '0': CMAKE_PREFIX_PATH=/opt/ros/humble /usr/bin/cmake --build /home/chotaehyun/waver_ws/build/explore_lite -- -j16 -l16
[1.985s] Invoking command in '/home/chotaehyun/waver_ws/build/explore_lite': CMAKE_PREFIX_PATH=/opt/ros/humble /usr/bin/cmake --install /home/chotaehyun/waver_ws/build/explore_lite
[2.097s] -- Install configuration: ""
[2.098s] -- Execute custom install script
[2.100s] -- Up-to-date symlink: /home/chotaehyun/waver_ws/install/explore_lite/include/explore//costmap_client.h
[2.101s] -- Up-to-date symlink: /home/chotaehyun/waver_ws/install/explore_lite/include/explore//costmap_tools.h
[2.101s] -- Up-to-date symlink: /home/chotaehyun/waver_ws/install/explore_lite/include/explore//explore.h
[2.102s] -- Up-to-date symlink: /home/chotaehyun/waver_ws/install/explore_lite/include/explore//frontier_search.h
[2.102s] -- Up-to-date symlink: /home/chotaehyun/waver_ws/install/explore_lite/share/explore_lite/config/params.yaml
[2.102s] -- Up-to-date symlink: /home/chotaehyun/waver_ws/install/explore_lite/share/explore_lite/config/params_costmap.yaml
[2.102s] -- Up-to-date symlink: /home/chotaehyun/waver_ws/install/explore_lite/share/explore_lite/launch/explore.launch.py
[2.102s] -- Up-to-date symlink: /home/chotaehyun/waver_ws/install/explore_lite/lib/explore_lite/explore
[2.102s] -- Up-to-date symlink: /home/chotaehyun/waver_ws/install/explore_lite/share/ament_index/resource_index/package_run_dependencies/explore_lite
[2.102s] -- Up-to-date symlink: /home/chotaehyun/waver_ws/install/explore_lite/share/ament_index/resource_index/parent_prefix_path/explore_lite
[2.106s] -- Up-to-date symlink: /home/chotaehyun/waver_ws/install/explore_lite/share/explore_lite/environment/ament_prefix_path.sh
[2.106s] -- Up-to-date symlink: /home/chotaehyun/waver_ws/install/explore_lite/share/explore_lite/environment/ament_prefix_path.dsv
[2.106s] -- Up-to-date symlink: /home/chotaehyun/waver_ws/install/explore_lite/share/explore_lite/environment/path.sh
[2.106s] -- Up-to-date symlink: /home/chotaehyun/waver_ws/install/explore_lite/share/explore_lite/environment/path.dsv
[2.107s] -- Up-to-date symlink: /home/chotaehyun/waver_ws/install/explore_lite/share/explore_lite/local_setup.bash
[2.107s] -- Up-to-date symlink: /home/chotaehyun/waver_ws/install/explore_lite/share/explore_lite/local_setup.sh
[2.107s] -- Up-to-date symlink: /home/chotaehyun/waver_ws/install/explore_lite/share/explore_lite/local_setup.zsh
[2.107s] -- Up-to-date symlink: /home/chotaehyun/waver_ws/install/explore_lite/share/explore_lite/local_setup.dsv
[2.108s] -- Symlinking: /home/chotaehyun/waver_ws/install/explore_lite/share/explore_lite/package.dsv
[2.109s] -- Up-to-date symlink: /home/chotaehyun/waver_ws/install/explore_lite/share/ament_index/resource_index/packages/explore_lite
[2.109s] -- Up-to-date symlink: /home/chotaehyun/waver_ws/install/explore_lite/share/explore_lite/cmake/ament_cmake_export_include_directories-extras.cmake
[2.109s] -- Up-to-date symlink: /home/chotaehyun/waver_ws/install/explore_lite/share/explore_lite/cmake/explore_liteConfig.cmake
[2.109s] -- Up-to-date symlink: /home/chotaehyun/waver_ws/install/explore_lite/share/explore_lite/cmake/explore_liteConfig-version.cmake
[2.109s] -- Up-to-date symlink: /home/chotaehyun/waver_ws/install/explore_lite/share/explore_lite/package.xml
[2.260s] Invoked command in '/home/chotaehyun/waver_ws/build/explore_lite' returned '0': CMAKE_PREFIX_PATH=/opt/ros/humble /usr/bin/cmake --install /home/chotaehyun/waver_ws/build/explore_lite
