[0.062s] Invoking command in '/home/chotaehyun/waver_ws/build/cartographer': CMAKE_PREFIX_PATH=/opt/ros/humble /usr/bin/cmake /home/chotaehyun/waver_ws/src/ugv_ws/src/ugv_else/cartographer -DAMENT_CMAKE_SYMLINK_INSTALL=1 -DCMAKE_INSTALL_PREFIX=/home/chotaehyun/waver_ws/install/cartographer
[1.259s] -- The C compiler identification is GNU 11.4.0
[1.259s] -- The CXX compiler identification is GNU 11.4.0
[1.259s] -- Detecting C compiler ABI info
[1.259s] -- Detecting C compiler ABI info - done
[1.259s] -- Check for working C compiler: /usr/bin/cc - skipped
[1.259s] -- Detecting C compile features
[1.259s] -- Detecting C compile features - done
[1.260s] -- Detecting CXX compiler ABI info
[1.260s] -- Detecting CXX compiler ABI info - done
[1.260s] -- Check for working CXX compiler: /usr/bin/c++ - skipped
[1.262s] -- Detecting CXX compile features
[1.262s] -- Detecting CXX compile features - done
[1.263s] -- Found ament_cmake: 1.3.14 (/opt/ros/humble/share/ament_cmake/cmake)
[1.263s] -- Found Python3: /usr/bin/python3 (found version "3.10.12") found components: Interpreter 
[1.263s] -- Override CMake install command with custom implementation using symlinks instead of copying resources
[1.263s] -- Found ament_lint_auto: 0.12.15 (/opt/ros/humble/share/ament_lint_auto/cmake)
[1.263s] -- Added test 'flake8' to check Python code syntax and style conventions
[1.263s] -- Added test 'lint_cmake' to check CMake code style
[1.263s] -- Added test 'pep257' to check Python code against some of the docstring style conventions in PEP 257
[1.263s] -- Added test 'xmllint' to check XML markup files
[1.263s] -- Configuring done
[1.270s] -- Generating done
[1.274s] -- Build files have been written to: /home/chotaehyun/waver_ws/build/cartographer
[1.290s] Invoked command in '/home/chotaehyun/waver_ws/build/cartographer' returned '0': CMAKE_PREFIX_PATH=/opt/ros/humble /usr/bin/cmake /home/chotaehyun/waver_ws/src/ugv_ws/src/ugv_else/cartographer -DAMENT_CMAKE_SYMLINK_INSTALL=1 -DCMAKE_INSTALL_PREFIX=/home/chotaehyun/waver_ws/install/cartographer
[1.292s] Invoking command in '/home/chotaehyun/waver_ws/build/cartographer': CMAKE_PREFIX_PATH=/opt/ros/humble /usr/bin/cmake --build /home/chotaehyun/waver_ws/build/cartographer -- -j16 -l16
[3.125s] Invoked command in '/home/chotaehyun/waver_ws/build/cartographer' returned '0': CMAKE_PREFIX_PATH=/opt/ros/humble /usr/bin/cmake --build /home/chotaehyun/waver_ws/build/cartographer -- -j16 -l16
[3.145s] Invoking command in '/home/chotaehyun/waver_ws/build/cartographer': CMAKE_PREFIX_PATH=/opt/ros/humble /usr/bin/cmake --install /home/chotaehyun/waver_ws/build/cartographer
[3.572s] -- Install configuration: ""
[3.573s] -- Execute custom install script
[3.573s] -- Symlinking: /home/chotaehyun/waver_ws/install/cartographer/share/cartographer/config/localization_2d.lua
[3.573s] -- Symlinking: /home/chotaehyun/waver_ws/install/cartographer/share/cartographer/config/mapping_2d.lua
[3.573s] -- Symlinking: /home/chotaehyun/waver_ws/install/cartographer/share/cartographer/launch/localization.launch.py
[3.573s] -- Symlinking: /home/chotaehyun/waver_ws/install/cartographer/share/cartographer/launch/mapping.launch.py
[3.573s] -- Symlinking: /home/chotaehyun/waver_ws/install/cartographer/share/cartographer/launch/occupancy_grid.launch.py
[3.573s] -- Symlinking: /home/chotaehyun/waver_ws/install/cartographer/share/ament_index/resource_index/package_run_dependencies/cartographer
[3.573s] -- Symlinking: /home/chotaehyun/waver_ws/install/cartographer/share/ament_index/resource_index/parent_prefix_path/cartographer
[3.574s] -- Symlinking: /home/chotaehyun/waver_ws/install/cartographer/share/cartographer/environment/ament_prefix_path.sh
[3.574s] -- Symlinking: /home/chotaehyun/waver_ws/install/cartographer/share/cartographer/environment/ament_prefix_path.dsv
[3.574s] -- Symlinking: /home/chotaehyun/waver_ws/install/cartographer/share/cartographer/environment/path.sh
[3.574s] -- Symlinking: /home/chotaehyun/waver_ws/install/cartographer/share/cartographer/environment/path.dsv
[3.574s] -- Symlinking: /home/chotaehyun/waver_ws/install/cartographer/share/cartographer/local_setup.bash
[3.574s] -- Symlinking: /home/chotaehyun/waver_ws/install/cartographer/share/cartographer/local_setup.sh
[3.574s] -- Symlinking: /home/chotaehyun/waver_ws/install/cartographer/share/cartographer/local_setup.zsh
[3.574s] -- Symlinking: /home/chotaehyun/waver_ws/install/cartographer/share/cartographer/local_setup.dsv
[3.574s] -- Symlinking: /home/chotaehyun/waver_ws/install/cartographer/share/cartographer/package.dsv
[3.574s] -- Symlinking: /home/chotaehyun/waver_ws/install/cartographer/share/ament_index/resource_index/packages/cartographer
[3.579s] -- Symlinking: /home/chotaehyun/waver_ws/install/cartographer/share/cartographer/cmake/cartographerConfig.cmake
[3.600s] -- Symlinking: /home/chotaehyun/waver_ws/install/cartographer/share/cartographer/cmake/cartographerConfig-version.cmake
[3.616s] -- Symlinking: /home/chotaehyun/waver_ws/install/cartographer/share/cartographer/package.xml
[3.643s] Invoked command in '/home/chotaehyun/waver_ws/build/cartographer' returned '0': CMAKE_PREFIX_PATH=/opt/ros/humble /usr/bin/cmake --install /home/chotaehyun/waver_ws/build/cartographer
