[0.171s] Invoking command in '/home/chotaehyun/waver_ws/build/ugv_interface': CMAKE_PREFIX_PATH=${CMAKE_PREFIX_PATH}:/home/chotaehyun/ugv_ws/install/ugv_web_app:/home/chotaehyun/ugv_ws/install/ugv_vision:/home/chotaehyun/ugv_ws/install/ugv_tools:/home/chotaehyun/ugv_ws/install/ugv_chat_ai:/home/chotaehyun/ugv_ws/install/ugv_bringup:/home/chotaehyun/ugv_ws/install/my_waver_app:/home/chotaehyun/waver_ws/install/ugv_web_app:/home/chotaehyun/waver_ws/install/ugv_vision:/home/chotaehyun/waver_ws/install/ugv_tools:/home/chotaehyun/waver_ws/install/ugv_chat_ai:/home/chotaehyun/waver_ws/install/ugv_bringup:/home/chotaehyun/waver_ws/install/my_waver_app:/opt/ros/humble /usr/bin/cmake --build /home/chotaehyun/waver_ws/build/ugv_interface -- -j16 -l16
[1.150s] [  2%] Built target ugv_interface__cpp
[1.150s] [ 12%] Built target ugv_interface__rosidl_generator_c
[1.150s] [ 12%] Built target ament_cmake_python_symlink_ugv_interface
[1.151s] [ 33%] Built target ugv_interface__rosidl_typesupport_introspection_cpp
[1.151s] [ 33%] Built target ugv_interface__rosidl_typesupport_cpp
[1.151s] [ 43%] Built target ugv_interface__rosidl_typesupport_fastrtps_cpp
[1.151s] [ 64%] Built target ugv_interface__rosidl_typesupport_c
[1.151s] [ 64%] Built target ugv_interface__rosidl_typesupport_introspection_c
[1.152s] [ 74%] Built target ugv_interface__rosidl_typesupport_fastrtps_c
[1.152s] [ 74%] Built target ugv_interface
[1.152s] [ 76%] Built target ugv_interface__py
[1.152s] [ 84%] Built target ugv_interface__rosidl_generator_py
[1.152s] [ 92%] Built target ugv_interface__rosidl_typesupport_c__pyext
[1.152s] [ 94%] Built target ugv_interface__rosidl_typesupport_fastrtps_c__pyext
[1.152s] [100%] Built target ugv_interface__rosidl_typesupport_introspection_c__pyext
[1.153s] running egg_info
[1.153s] writing ugv_interface.egg-info/PKG-INFO
[1.153s] writing dependency_links to ugv_interface.egg-info/dependency_links.txt
[1.153s] writing top-level names to ugv_interface.egg-info/top_level.txt
[1.153s] reading manifest file 'ugv_interface.egg-info/SOURCES.txt'
[1.154s] writing manifest file 'ugv_interface.egg-info/SOURCES.txt'
[1.154s] [100%] Built target ament_cmake_python_build_ugv_interface_egg
[1.218s] Invoked command in '/home/chotaehyun/waver_ws/build/ugv_interface' returned '0': CMAKE_PREFIX_PATH=${CMAKE_PREFIX_PATH}:/home/chotaehyun/ugv_ws/install/ugv_web_app:/home/chotaehyun/ugv_ws/install/ugv_vision:/home/chotaehyun/ugv_ws/install/ugv_tools:/home/chotaehyun/ugv_ws/install/ugv_chat_ai:/home/chotaehyun/ugv_ws/install/ugv_bringup:/home/chotaehyun/ugv_ws/install/my_waver_app:/home/chotaehyun/waver_ws/install/ugv_web_app:/home/chotaehyun/waver_ws/install/ugv_vision:/home/chotaehyun/waver_ws/install/ugv_tools:/home/chotaehyun/waver_ws/install/ugv_chat_ai:/home/chotaehyun/waver_ws/install/ugv_bringup:/home/chotaehyun/waver_ws/install/my_waver_app:/opt/ros/humble /usr/bin/cmake --build /home/chotaehyun/waver_ws/build/ugv_interface -- -j16 -l16
[1.219s] Invoking command in '/home/chotaehyun/waver_ws/build/ugv_interface': CMAKE_PREFIX_PATH=${CMAKE_PREFIX_PATH}:/home/chotaehyun/ugv_ws/install/ugv_web_app:/home/chotaehyun/ugv_ws/install/ugv_vision:/home/chotaehyun/ugv_ws/install/ugv_tools:/home/chotaehyun/ugv_ws/install/ugv_chat_ai:/home/chotaehyun/ugv_ws/install/ugv_bringup:/home/chotaehyun/ugv_ws/install/my_waver_app:/home/chotaehyun/waver_ws/install/ugv_web_app:/home/chotaehyun/waver_ws/install/ugv_vision:/home/chotaehyun/waver_ws/install/ugv_tools:/home/chotaehyun/waver_ws/install/ugv_chat_ai:/home/chotaehyun/waver_ws/install/ugv_bringup:/home/chotaehyun/waver_ws/install/my_waver_app:/opt/ros/humble /usr/bin/cmake --install /home/chotaehyun/waver_ws/build/ugv_interface
[1.265s] -- Install configuration: ""
[1.265s] -- Execute custom install script
[1.265s] -- Up-to-date symlink: /home/chotaehyun/waver_ws/install/ugv_interface/share/ament_index/resource_index/rosidl_interfaces/ugv_interface
[1.265s] -- Up-to-date symlink: /home/chotaehyun/waver_ws/install/ugv_interface/include/ugv_interface/ugv_interface/action/behavior.h
[1.265s] -- Up-to-date symlink: /home/chotaehyun/waver_ws/install/ugv_interface/include/ugv_interface/ugv_interface/action/detail/behavior__functions.h
[1.265s] -- Up-to-date symlink: /home/chotaehyun/waver_ws/install/ugv_interface/include/ugv_interface/ugv_interface/action/detail/behavior__struct.h
[1.266s] -- Up-to-date symlink: /home/chotaehyun/waver_ws/install/ugv_interface/include/ugv_interface/ugv_interface/action/detail/behavior__type_support.h
[1.266s] -- Up-to-date symlink: /home/chotaehyun/waver_ws/install/ugv_interface/include/ugv_interface/ugv_interface/msg/rosidl_generator_c__visibility_control.h
[1.266s] -- Up-to-date symlink: /home/chotaehyun/waver_ws/install/ugv_interface/include/ugv_interface/ugv_interface/srv/detail/map_save__functions.h
[1.266s] -- Up-to-date symlink: /home/chotaehyun/waver_ws/install/ugv_interface/include/ugv_interface/ugv_interface/srv/detail/map_save__struct.h
[1.266s] -- Up-to-date symlink: /home/chotaehyun/waver_ws/install/ugv_interface/include/ugv_interface/ugv_interface/srv/detail/map_save__type_support.h
[1.266s] -- Up-to-date symlink: /home/chotaehyun/waver_ws/install/ugv_interface/include/ugv_interface/ugv_interface/srv/map_save.h
[1.266s] -- Up-to-date symlink: /home/chotaehyun/waver_ws/install/ugv_interface/share/ugv_interface/environment/library_path.sh
[1.266s] -- Up-to-date symlink: /home/chotaehyun/waver_ws/install/ugv_interface/share/ugv_interface/environment/library_path.dsv
[1.266s] -- Up-to-date symlink: /home/chotaehyun/waver_ws/install/ugv_interface/include/ugv_interface/ugv_interface/action/detail/behavior__rosidl_typesupport_fastrtps_c.h
[1.266s] -- Up-to-date symlink: /home/chotaehyun/waver_ws/install/ugv_interface/include/ugv_interface/ugv_interface/msg/rosidl_typesupport_fastrtps_c__visibility_control.h
[1.267s] -- Up-to-date symlink: /home/chotaehyun/waver_ws/install/ugv_interface/include/ugv_interface/ugv_interface/srv/detail/map_save__rosidl_typesupport_fastrtps_c.h
[1.267s] -- Up-to-date symlink: /home/chotaehyun/waver_ws/install/ugv_interface/include/ugv_interface/ugv_interface/action/detail/behavior__rosidl_typesupport_introspection_c.h
[1.267s] -- Up-to-date symlink: /home/chotaehyun/waver_ws/install/ugv_interface/include/ugv_interface/ugv_interface/msg/rosidl_typesupport_introspection_c__visibility_control.h
[1.275s] -- Up-to-date symlink: /home/chotaehyun/waver_ws/install/ugv_interface/include/ugv_interface/ugv_interface/srv/detail/map_save__rosidl_typesupport_introspection_c.h
[1.275s] -- Up-to-date symlink: /home/chotaehyun/waver_ws/install/ugv_interface/include/ugv_interface/ugv_interface/action/behavior.hpp
[1.275s] -- Up-to-date symlink: /home/chotaehyun/waver_ws/install/ugv_interface/include/ugv_interface/ugv_interface/action/detail/behavior__builder.hpp
[1.276s] -- Up-to-date symlink: /home/chotaehyun/waver_ws/install/ugv_interface/include/ugv_interface/ugv_interface/action/detail/behavior__struct.hpp
[1.277s] -- Up-to-date symlink: /home/chotaehyun/waver_ws/install/ugv_interface/include/ugv_interface/ugv_interface/action/detail/behavior__traits.hpp
[1.277s] -- Up-to-date symlink: /home/chotaehyun/waver_ws/install/ugv_interface/include/ugv_interface/ugv_interface/action/detail/behavior__type_support.hpp
[1.277s] -- Up-to-date symlink: /home/chotaehyun/waver_ws/install/ugv_interface/include/ugv_interface/ugv_interface/msg/rosidl_generator_cpp__visibility_control.hpp
[1.277s] -- Up-to-date symlink: /home/chotaehyun/waver_ws/install/ugv_interface/include/ugv_interface/ugv_interface/srv/detail/map_save__builder.hpp
[1.277s] -- Up-to-date symlink: /home/chotaehyun/waver_ws/install/ugv_interface/include/ugv_interface/ugv_interface/srv/detail/map_save__struct.hpp
[1.277s] -- Up-to-date symlink: /home/chotaehyun/waver_ws/install/ugv_interface/include/ugv_interface/ugv_interface/srv/detail/map_save__traits.hpp
[1.277s] -- Up-to-date symlink: /home/chotaehyun/waver_ws/install/ugv_interface/include/ugv_interface/ugv_interface/srv/detail/map_save__type_support.hpp
[1.277s] -- Up-to-date symlink: /home/chotaehyun/waver_ws/install/ugv_interface/include/ugv_interface/ugv_interface/srv/map_save.hpp
[1.277s] -- Up-to-date symlink: /home/chotaehyun/waver_ws/install/ugv_interface/include/ugv_interface/ugv_interface/action/detail/behavior__rosidl_typesupport_fastrtps_cpp.hpp
[1.277s] -- Up-to-date symlink: /home/chotaehyun/waver_ws/install/ugv_interface/include/ugv_interface/ugv_interface/msg/rosidl_typesupport_fastrtps_cpp__visibility_control.h
[1.277s] -- Up-to-date symlink: /home/chotaehyun/waver_ws/install/ugv_interface/include/ugv_interface/ugv_interface/srv/detail/map_save__rosidl_typesupport_fastrtps_cpp.hpp
[1.277s] -- Up-to-date symlink: /home/chotaehyun/waver_ws/install/ugv_interface/include/ugv_interface/ugv_interface/action/detail/behavior__rosidl_typesupport_introspection_cpp.hpp
[1.277s] -- Up-to-date symlink: /home/chotaehyun/waver_ws/install/ugv_interface/include/ugv_interface/ugv_interface/srv/detail/map_save__rosidl_typesupport_introspection_cpp.hpp
[1.277s] -- Up-to-date symlink: /home/chotaehyun/waver_ws/install/ugv_interface/share/ugv_interface/environment/pythonpath.sh
[1.277s] -- Up-to-date symlink: /home/chotaehyun/waver_ws/install/ugv_interface/share/ugv_interface/environment/pythonpath.dsv
[1.278s] -- Up-to-date symlink: /home/chotaehyun/waver_ws/install/ugv_interface/local/lib/python3.10/dist-packages/ugv_interface-0.0.0-py3.10.egg-info/PKG-INFO
[1.278s] -- Up-to-date symlink: /home/chotaehyun/waver_ws/install/ugv_interface/local/lib/python3.10/dist-packages/ugv_interface-0.0.0-py3.10.egg-info/SOURCES.txt
[1.278s] -- Up-to-date symlink: /home/chotaehyun/waver_ws/install/ugv_interface/local/lib/python3.10/dist-packages/ugv_interface-0.0.0-py3.10.egg-info/dependency_links.txt
[1.278s] -- Up-to-date symlink: /home/chotaehyun/waver_ws/install/ugv_interface/local/lib/python3.10/dist-packages/ugv_interface-0.0.0-py3.10.egg-info/top_level.txt
[1.278s] -- Up-to-date symlink: /home/chotaehyun/waver_ws/install/ugv_interface/local/lib/python3.10/dist-packages/ugv_interface/__init__.py
[1.278s] -- Up-to-date symlink: /home/chotaehyun/waver_ws/install/ugv_interface/local/lib/python3.10/dist-packages/ugv_interface/_ugv_interface_s.ep.rosidl_typesupport_c.c
[1.278s] -- Up-to-date symlink: /home/chotaehyun/waver_ws/install/ugv_interface/local/lib/python3.10/dist-packages/ugv_interface/_ugv_interface_s.ep.rosidl_typesupport_fastrtps_c.c
[1.278s] -- Up-to-date symlink: /home/chotaehyun/waver_ws/install/ugv_interface/local/lib/python3.10/dist-packages/ugv_interface/_ugv_interface_s.ep.rosidl_typesupport_introspection_c.c
[1.278s] -- Up-to-date symlink: /home/chotaehyun/waver_ws/install/ugv_interface/local/lib/python3.10/dist-packages/ugv_interface/action/__init__.py
[1.279s] -- Up-to-date symlink: /home/chotaehyun/waver_ws/install/ugv_interface/local/lib/python3.10/dist-packages/ugv_interface/action/_behavior.py
[1.279s] -- Up-to-date symlink: /home/chotaehyun/waver_ws/install/ugv_interface/local/lib/python3.10/dist-packages/ugv_interface/action/_behavior_s.c
[1.279s] -- Up-to-date symlink: /home/chotaehyun/waver_ws/install/ugv_interface/local/lib/python3.10/dist-packages/ugv_interface/libugv_interface__rosidl_generator_py.so
[1.279s] -- Up-to-date symlink: /home/chotaehyun/waver_ws/install/ugv_interface/local/lib/python3.10/dist-packages/ugv_interface/srv/__init__.py
[1.279s] -- Up-to-date symlink: /home/chotaehyun/waver_ws/install/ugv_interface/local/lib/python3.10/dist-packages/ugv_interface/srv/_map_save.py
[1.279s] -- Up-to-date symlink: /home/chotaehyun/waver_ws/install/ugv_interface/local/lib/python3.10/dist-packages/ugv_interface/srv/_map_save_s.c
[1.279s] -- Up-to-date symlink: /home/chotaehyun/waver_ws/install/ugv_interface/local/lib/python3.10/dist-packages/ugv_interface/ugv_interface_s__rosidl_typesupport_c.cpython-310-x86_64-linux-gnu.so
[1.279s] -- Up-to-date symlink: /home/chotaehyun/waver_ws/install/ugv_interface/local/lib/python3.10/dist-packages/ugv_interface/ugv_interface_s__rosidl_typesupport_fastrtps_c.cpython-310-x86_64-linux-gnu.so
[1.279s] -- Up-to-date symlink: /home/chotaehyun/waver_ws/install/ugv_interface/local/lib/python3.10/dist-packages/ugv_interface/ugv_interface_s__rosidl_typesupport_introspection_c.cpython-310-x86_64-linux-gnu.so
[1.279s] -- Up-to-date symlink: /home/chotaehyun/waver_ws/install/ugv_interface/local/lib/python3.10/dist-packages/ugv_interface/ugv_interface_s__rosidl_typesupport_fastrtps_c.cpython-310-x86_64-linux-gnu.so
[1.279s] -- Up-to-date symlink: /home/chotaehyun/waver_ws/install/ugv_interface/local/lib/python3.10/dist-packages/ugv_interface/ugv_interface_s__rosidl_typesupport_introspection_c.cpython-310-x86_64-linux-gnu.so
[1.280s] -- Up-to-date symlink: /home/chotaehyun/waver_ws/install/ugv_interface/local/lib/python3.10/dist-packages/ugv_interface/ugv_interface_s__rosidl_typesupport_c.cpython-310-x86_64-linux-gnu.so
[1.280s] -- Up-to-date symlink: /home/chotaehyun/waver_ws/install/ugv_interface/share/ugv_interface/srv/MapSave.idl
[1.286s] -- Up-to-date symlink: /home/chotaehyun/waver_ws/install/ugv_interface/share/ugv_interface/action/Behavior.idl
[1.286s] -- Up-to-date symlink: /home/chotaehyun/waver_ws/install/ugv_interface/share/ugv_interface/srv/MapSave.srv
[1.287s] -- Up-to-date symlink: /home/chotaehyun/waver_ws/install/ugv_interface/share/ugv_interface/srv/MapSave_Request.msg
[1.287s] -- Up-to-date symlink: /home/chotaehyun/waver_ws/install/ugv_interface/share/ugv_interface/srv/MapSave_Response.msg
[1.287s] -- Up-to-date symlink: /home/chotaehyun/waver_ws/install/ugv_interface/share/ugv_interface/action/Behavior.action
[1.287s] -- Up-to-date symlink: /home/chotaehyun/waver_ws/install/ugv_interface/share/ugv_interface/srv/MapSave.srv
[1.287s] -- Up-to-date symlink: /home/chotaehyun/waver_ws/install/ugv_interface/share/ugv_interface/action/Behavior.action
[1.287s] -- Up-to-date symlink: /home/chotaehyun/waver_ws/install/ugv_interface/share/ament_index/resource_index/package_run_dependencies/ugv_interface
[1.287s] -- Up-to-date symlink: /home/chotaehyun/waver_ws/install/ugv_interface/share/ament_index/resource_index/parent_prefix_path/ugv_interface
[1.288s] -- Up-to-date symlink: /home/chotaehyun/waver_ws/install/ugv_interface/share/ugv_interface/environment/ament_prefix_path.sh
[1.288s] -- Up-to-date symlink: /home/chotaehyun/waver_ws/install/ugv_interface/share/ugv_interface/environment/ament_prefix_path.dsv
[1.288s] -- Up-to-date symlink: /home/chotaehyun/waver_ws/install/ugv_interface/share/ugv_interface/environment/path.sh
[1.288s] -- Up-to-date symlink: /home/chotaehyun/waver_ws/install/ugv_interface/share/ugv_interface/environment/path.dsv
[1.288s] -- Up-to-date symlink: /home/chotaehyun/waver_ws/install/ugv_interface/share/ugv_interface/local_setup.bash
[1.288s] -- Up-to-date symlink: /home/chotaehyun/waver_ws/install/ugv_interface/share/ugv_interface/local_setup.sh
[1.288s] -- Up-to-date symlink: /home/chotaehyun/waver_ws/install/ugv_interface/share/ugv_interface/local_setup.zsh
[1.288s] -- Up-to-date symlink: /home/chotaehyun/waver_ws/install/ugv_interface/share/ugv_interface/local_setup.dsv
[1.288s] -- Symlinking: /home/chotaehyun/waver_ws/install/ugv_interface/share/ugv_interface/package.dsv
[1.294s] -- Up-to-date symlink: /home/chotaehyun/waver_ws/install/ugv_interface/share/ament_index/resource_index/packages/ugv_interface
[1.294s] -- Up-to-date symlink: /home/chotaehyun/waver_ws/install/ugv_interface/share/ugv_interface/cmake/rosidl_cmake-extras.cmake
[1.294s] -- Up-to-date symlink: /home/chotaehyun/waver_ws/install/ugv_interface/share/ugv_interface/cmake/ament_cmake_export_dependencies-extras.cmake
[1.294s] -- Up-to-date symlink: /home/chotaehyun/waver_ws/install/ugv_interface/share/ugv_interface/cmake/ament_cmake_export_include_directories-extras.cmake
[1.294s] -- Up-to-date symlink: /home/chotaehyun/waver_ws/install/ugv_interface/share/ugv_interface/cmake/ament_cmake_export_libraries-extras.cmake
[1.294s] -- Up-to-date symlink: /home/chotaehyun/waver_ws/install/ugv_interface/share/ugv_interface/cmake/ament_cmake_export_targets-extras.cmake
[1.294s] -- Up-to-date symlink: /home/chotaehyun/waver_ws/install/ugv_interface/share/ugv_interface/cmake/rosidl_cmake_export_typesupport_targets-extras.cmake
[1.294s] -- Up-to-date symlink: /home/chotaehyun/waver_ws/install/ugv_interface/share/ugv_interface/cmake/rosidl_cmake_export_typesupport_libraries-extras.cmake
[1.294s] -- Up-to-date symlink: /home/chotaehyun/waver_ws/install/ugv_interface/share/ugv_interface/cmake/ugv_interfaceConfig.cmake
[1.295s] -- Up-to-date symlink: /home/chotaehyun/waver_ws/install/ugv_interface/share/ugv_interface/cmake/ugv_interfaceConfig-version.cmake
[1.295s] -- Up-to-date symlink: /home/chotaehyun/waver_ws/install/ugv_interface/share/ugv_interface/package.xml
[1.298s] -- Up-to-date: /home/chotaehyun/waver_ws/install/ugv_interface/lib/libugv_interface__rosidl_generator_c.so
[1.298s] -- Up-to-date: /home/chotaehyun/waver_ws/install/ugv_interface/lib/libugv_interface__rosidl_typesupport_fastrtps_c.so
[1.298s] -- Up-to-date: /home/chotaehyun/waver_ws/install/ugv_interface/lib/libugv_interface__rosidl_typesupport_introspection_c.so
[1.298s] -- Up-to-date: /home/chotaehyun/waver_ws/install/ugv_interface/lib/libugv_interface__rosidl_typesupport_c.so
[1.298s] -- Up-to-date: /home/chotaehyun/waver_ws/install/ugv_interface/lib/libugv_interface__rosidl_typesupport_fastrtps_cpp.so
[1.298s] -- Up-to-date: /home/chotaehyun/waver_ws/install/ugv_interface/lib/libugv_interface__rosidl_typesupport_introspection_cpp.so
[1.298s] -- Up-to-date: /home/chotaehyun/waver_ws/install/ugv_interface/lib/libugv_interface__rosidl_typesupport_cpp.so
[1.373s] Listing '/home/chotaehyun/waver_ws/install/ugv_interface/local/lib/python3.10/dist-packages/ugv_interface'...
[1.373s] Listing '/home/chotaehyun/waver_ws/install/ugv_interface/local/lib/python3.10/dist-packages/ugv_interface/action'...
[1.373s] Listing '/home/chotaehyun/waver_ws/install/ugv_interface/local/lib/python3.10/dist-packages/ugv_interface/srv'...
[1.380s] -- Up-to-date: /home/chotaehyun/waver_ws/install/ugv_interface/lib/libugv_interface__rosidl_generator_py.so
[1.380s] -- Up-to-date: /home/chotaehyun/waver_ws/install/ugv_interface/share/ugv_interface/cmake/export_ugv_interface__rosidl_generator_cExport.cmake
[1.381s] -- Up-to-date: /home/chotaehyun/waver_ws/install/ugv_interface/share/ugv_interface/cmake/export_ugv_interface__rosidl_generator_cExport-noconfig.cmake
[1.381s] -- Up-to-date: /home/chotaehyun/waver_ws/install/ugv_interface/share/ugv_interface/cmake/export_ugv_interface__rosidl_typesupport_fastrtps_cExport.cmake
[1.381s] -- Up-to-date: /home/chotaehyun/waver_ws/install/ugv_interface/share/ugv_interface/cmake/export_ugv_interface__rosidl_typesupport_fastrtps_cExport-noconfig.cmake
[1.381s] -- Up-to-date: /home/chotaehyun/waver_ws/install/ugv_interface/share/ugv_interface/cmake/ugv_interface__rosidl_typesupport_introspection_cExport.cmake
[1.381s] -- Up-to-date: /home/chotaehyun/waver_ws/install/ugv_interface/share/ugv_interface/cmake/ugv_interface__rosidl_typesupport_introspection_cExport-noconfig.cmake
[1.381s] -- Up-to-date: /home/chotaehyun/waver_ws/install/ugv_interface/share/ugv_interface/cmake/ugv_interface__rosidl_typesupport_cExport.cmake
[1.381s] -- Up-to-date: /home/chotaehyun/waver_ws/install/ugv_interface/share/ugv_interface/cmake/ugv_interface__rosidl_typesupport_cExport-noconfig.cmake
[1.382s] -- Up-to-date: /home/chotaehyun/waver_ws/install/ugv_interface/share/ugv_interface/cmake/export_ugv_interface__rosidl_generator_cppExport.cmake
[1.382s] -- Up-to-date: /home/chotaehyun/waver_ws/install/ugv_interface/share/ugv_interface/cmake/export_ugv_interface__rosidl_typesupport_fastrtps_cppExport.cmake
[1.382s] -- Up-to-date: /home/chotaehyun/waver_ws/install/ugv_interface/share/ugv_interface/cmake/export_ugv_interface__rosidl_typesupport_fastrtps_cppExport-noconfig.cmake
[1.382s] -- Up-to-date: /home/chotaehyun/waver_ws/install/ugv_interface/share/ugv_interface/cmake/ugv_interface__rosidl_typesupport_introspection_cppExport.cmake
[1.382s] -- Up-to-date: /home/chotaehyun/waver_ws/install/ugv_interface/share/ugv_interface/cmake/ugv_interface__rosidl_typesupport_introspection_cppExport-noconfig.cmake
[1.385s] -- Up-to-date: /home/chotaehyun/waver_ws/install/ugv_interface/share/ugv_interface/cmake/ugv_interface__rosidl_typesupport_cppExport.cmake
[1.385s] -- Up-to-date: /home/chotaehyun/waver_ws/install/ugv_interface/share/ugv_interface/cmake/ugv_interface__rosidl_typesupport_cppExport-noconfig.cmake
[1.385s] -- Up-to-date: /home/chotaehyun/waver_ws/install/ugv_interface/share/ugv_interface/cmake/export_ugv_interface__rosidl_generator_pyExport.cmake
[1.385s] -- Up-to-date: /home/chotaehyun/waver_ws/install/ugv_interface/share/ugv_interface/cmake/export_ugv_interface__rosidl_generator_pyExport-noconfig.cmake
[1.443s] Invoked command in '/home/chotaehyun/waver_ws/build/ugv_interface' returned '0': CMAKE_PREFIX_PATH=${CMAKE_PREFIX_PATH}:/home/chotaehyun/ugv_ws/install/ugv_web_app:/home/chotaehyun/ugv_ws/install/ugv_vision:/home/chotaehyun/ugv_ws/install/ugv_tools:/home/chotaehyun/ugv_ws/install/ugv_chat_ai:/home/chotaehyun/ugv_ws/install/ugv_bringup:/home/chotaehyun/ugv_ws/install/my_waver_app:/home/chotaehyun/waver_ws/install/ugv_web_app:/home/chotaehyun/waver_ws/install/ugv_vision:/home/chotaehyun/waver_ws/install/ugv_tools:/home/chotaehyun/waver_ws/install/ugv_chat_ai:/home/chotaehyun/waver_ws/install/ugv_bringup:/home/chotaehyun/waver_ws/install/my_waver_app:/opt/ros/humble /usr/bin/cmake --install /home/chotaehyun/waver_ws/build/ugv_interface
