[1.237s] Invoking command in '/home/chotaehyun/waver_ws/build/teb_msgs': AMENT_PREFIX_PATH=/home/chotaehyun/waver_ws/install/costmap_converter_msgs:${AMENT_PREFIX_PATH} CMAKE_PREFIX_PATH=/home/chotaehyun/waver_ws/install/costmap_converter_msgs:/opt/ros/humble LD_LIBRARY_PATH=/home/chotaehyun/waver_ws/install/costmap_converter_msgs/lib:${LD_LIBRARY_PATH} PYTHONPATH=/home/chotaehyun/waver_ws/install/costmap_converter_msgs/local/lib/python3.10/dist-packages:${PYTHONPATH} /usr/bin/cmake --build /home/chotaehyun/waver_ws/build/teb_msgs -- -j16 -l16
[1.351s] [  2%] Built target teb_msgs__cpp
[1.352s] [ 12%] Built target teb_msgs__rosidl_generator_c
[1.359s] [ 12%] Built target ament_cmake_python_symlink_teb_msgs
[1.420s] [ 23%] Built target teb_msgs__rosidl_typesupport_cpp
[1.428s] [ 34%] Built target teb_msgs__rosidl_typesupport_fastrtps_c
[1.431s] [ 44%] Built target teb_msgs__rosidl_typesupport_c
[1.446s] [ 55%] Built target teb_msgs__rosidl_typesupport_fastrtps_cpp
[1.457s] [ 65%] Built target teb_msgs__rosidl_typesupport_introspection_cpp
[1.470s] [ 76%] Built target teb_msgs__rosidl_typesupport_introspection_c
[1.555s] [ 76%] Built target teb_msgs
[1.626s] [ 78%] Built target teb_msgs__py
[1.665s] [ 87%] Built target teb_msgs__rosidl_generator_py
[1.727s] [ 91%] Built target teb_msgs__rosidl_typesupport_fastrtps_c__pyext
[1.728s] [ 95%] Built target teb_msgs__rosidl_typesupport_introspection_c__pyext
[1.728s] [100%] Built target teb_msgs__rosidl_typesupport_c__pyext
[1.860s] running egg_info
[1.860s] writing teb_msgs.egg-info/PKG-INFO
[1.860s] writing dependency_links to teb_msgs.egg-info/dependency_links.txt
[1.860s] writing top-level names to teb_msgs.egg-info/top_level.txt
[1.866s] reading manifest file 'teb_msgs.egg-info/SOURCES.txt'
[1.866s] writing manifest file 'teb_msgs.egg-info/SOURCES.txt'
[1.965s] [100%] Built target ament_cmake_python_build_teb_msgs_egg
[2.002s] Invoked command in '/home/chotaehyun/waver_ws/build/teb_msgs' returned '0': AMENT_PREFIX_PATH=/home/chotaehyun/waver_ws/install/costmap_converter_msgs:${AMENT_PREFIX_PATH} CMAKE_PREFIX_PATH=/home/chotaehyun/waver_ws/install/costmap_converter_msgs:/opt/ros/humble LD_LIBRARY_PATH=/home/chotaehyun/waver_ws/install/costmap_converter_msgs/lib:${LD_LIBRARY_PATH} PYTHONPATH=/home/chotaehyun/waver_ws/install/costmap_converter_msgs/local/lib/python3.10/dist-packages:${PYTHONPATH} /usr/bin/cmake --build /home/chotaehyun/waver_ws/build/teb_msgs -- -j16 -l16
[2.007s] Invoking command in '/home/chotaehyun/waver_ws/build/teb_msgs': AMENT_PREFIX_PATH=/home/chotaehyun/waver_ws/install/costmap_converter_msgs:${AMENT_PREFIX_PATH} CMAKE_PREFIX_PATH=/home/chotaehyun/waver_ws/install/costmap_converter_msgs:/opt/ros/humble LD_LIBRARY_PATH=/home/chotaehyun/waver_ws/install/costmap_converter_msgs/lib:${LD_LIBRARY_PATH} PYTHONPATH=/home/chotaehyun/waver_ws/install/costmap_converter_msgs/local/lib/python3.10/dist-packages:${PYTHONPATH} /usr/bin/cmake --install /home/chotaehyun/waver_ws/build/teb_msgs
[2.031s] -- Install configuration: ""
[2.033s] -- Execute custom install script
[2.033s] -- Up-to-date symlink: /home/chotaehyun/waver_ws/install/teb_msgs/share/ament_index/resource_index/rosidl_interfaces/teb_msgs
[2.033s] -- Up-to-date symlink: /home/chotaehyun/waver_ws/install/teb_msgs/include/teb_msgs/teb_msgs/msg/detail/feedback_msg__functions.h
[2.033s] -- Up-to-date symlink: /home/chotaehyun/waver_ws/install/teb_msgs/include/teb_msgs/teb_msgs/msg/detail/feedback_msg__struct.h
[2.034s] -- Up-to-date symlink: /home/chotaehyun/waver_ws/install/teb_msgs/include/teb_msgs/teb_msgs/msg/detail/feedback_msg__type_support.h
[2.034s] -- Up-to-date symlink: /home/chotaehyun/waver_ws/install/teb_msgs/include/teb_msgs/teb_msgs/msg/detail/trajectory_msg__functions.h
[2.034s] -- Up-to-date symlink: /home/chotaehyun/waver_ws/install/teb_msgs/include/teb_msgs/teb_msgs/msg/detail/trajectory_msg__struct.h
[2.034s] -- Up-to-date symlink: /home/chotaehyun/waver_ws/install/teb_msgs/include/teb_msgs/teb_msgs/msg/detail/trajectory_msg__type_support.h
[2.034s] -- Up-to-date symlink: /home/chotaehyun/waver_ws/install/teb_msgs/include/teb_msgs/teb_msgs/msg/detail/trajectory_point_msg__functions.h
[2.034s] -- Up-to-date symlink: /home/chotaehyun/waver_ws/install/teb_msgs/include/teb_msgs/teb_msgs/msg/detail/trajectory_point_msg__struct.h
[2.034s] -- Up-to-date symlink: /home/chotaehyun/waver_ws/install/teb_msgs/include/teb_msgs/teb_msgs/msg/detail/trajectory_point_msg__type_support.h
[2.034s] -- Up-to-date symlink: /home/chotaehyun/waver_ws/install/teb_msgs/include/teb_msgs/teb_msgs/msg/feedback_msg.h
[2.035s] -- Up-to-date symlink: /home/chotaehyun/waver_ws/install/teb_msgs/include/teb_msgs/teb_msgs/msg/rosidl_generator_c__visibility_control.h
[2.035s] -- Up-to-date symlink: /home/chotaehyun/waver_ws/install/teb_msgs/include/teb_msgs/teb_msgs/msg/trajectory_msg.h
[2.035s] -- Up-to-date symlink: /home/chotaehyun/waver_ws/install/teb_msgs/include/teb_msgs/teb_msgs/msg/trajectory_point_msg.h
[2.036s] -- Up-to-date symlink: /home/chotaehyun/waver_ws/install/teb_msgs/share/teb_msgs/environment/library_path.sh
[2.036s] -- Up-to-date symlink: /home/chotaehyun/waver_ws/install/teb_msgs/share/teb_msgs/environment/library_path.dsv
[2.038s] -- Up-to-date symlink: /home/chotaehyun/waver_ws/install/teb_msgs/include/teb_msgs/teb_msgs/msg/detail/feedback_msg__rosidl_typesupport_fastrtps_c.h
[2.038s] -- Up-to-date symlink: /home/chotaehyun/waver_ws/install/teb_msgs/include/teb_msgs/teb_msgs/msg/detail/trajectory_msg__rosidl_typesupport_fastrtps_c.h
[2.038s] -- Up-to-date symlink: /home/chotaehyun/waver_ws/install/teb_msgs/include/teb_msgs/teb_msgs/msg/detail/trajectory_point_msg__rosidl_typesupport_fastrtps_c.h
[2.039s] -- Up-to-date symlink: /home/chotaehyun/waver_ws/install/teb_msgs/include/teb_msgs/teb_msgs/msg/rosidl_typesupport_fastrtps_c__visibility_control.h
[2.039s] -- Up-to-date symlink: /home/chotaehyun/waver_ws/install/teb_msgs/include/teb_msgs/teb_msgs/msg/detail/feedback_msg__builder.hpp
[2.039s] -- Up-to-date symlink: /home/chotaehyun/waver_ws/install/teb_msgs/include/teb_msgs/teb_msgs/msg/detail/feedback_msg__struct.hpp
[2.039s] -- Up-to-date symlink: /home/chotaehyun/waver_ws/install/teb_msgs/include/teb_msgs/teb_msgs/msg/detail/feedback_msg__traits.hpp
[2.039s] -- Up-to-date symlink: /home/chotaehyun/waver_ws/install/teb_msgs/include/teb_msgs/teb_msgs/msg/detail/feedback_msg__type_support.hpp
[2.039s] -- Up-to-date symlink: /home/chotaehyun/waver_ws/install/teb_msgs/include/teb_msgs/teb_msgs/msg/detail/trajectory_msg__builder.hpp
[2.039s] -- Up-to-date symlink: /home/chotaehyun/waver_ws/install/teb_msgs/include/teb_msgs/teb_msgs/msg/detail/trajectory_msg__struct.hpp
[2.040s] -- Up-to-date symlink: /home/chotaehyun/waver_ws/install/teb_msgs/include/teb_msgs/teb_msgs/msg/detail/trajectory_msg__traits.hpp
[2.040s] -- Up-to-date symlink: /home/chotaehyun/waver_ws/install/teb_msgs/include/teb_msgs/teb_msgs/msg/detail/trajectory_msg__type_support.hpp
[2.040s] -- Up-to-date symlink: /home/chotaehyun/waver_ws/install/teb_msgs/include/teb_msgs/teb_msgs/msg/detail/trajectory_point_msg__builder.hpp
[2.040s] -- Up-to-date symlink: /home/chotaehyun/waver_ws/install/teb_msgs/include/teb_msgs/teb_msgs/msg/detail/trajectory_point_msg__struct.hpp
[2.040s] -- Up-to-date symlink: /home/chotaehyun/waver_ws/install/teb_msgs/include/teb_msgs/teb_msgs/msg/detail/trajectory_point_msg__traits.hpp
[2.040s] -- Up-to-date symlink: /home/chotaehyun/waver_ws/install/teb_msgs/include/teb_msgs/teb_msgs/msg/detail/trajectory_point_msg__type_support.hpp
[2.041s] -- Up-to-date symlink: /home/chotaehyun/waver_ws/install/teb_msgs/include/teb_msgs/teb_msgs/msg/feedback_msg.hpp
[2.041s] -- Up-to-date symlink: /home/chotaehyun/waver_ws/install/teb_msgs/include/teb_msgs/teb_msgs/msg/rosidl_generator_cpp__visibility_control.hpp
[2.041s] -- Up-to-date symlink: /home/chotaehyun/waver_ws/install/teb_msgs/include/teb_msgs/teb_msgs/msg/trajectory_msg.hpp
[2.041s] -- Up-to-date symlink: /home/chotaehyun/waver_ws/install/teb_msgs/include/teb_msgs/teb_msgs/msg/trajectory_point_msg.hpp
[2.042s] -- Up-to-date symlink: /home/chotaehyun/waver_ws/install/teb_msgs/include/teb_msgs/teb_msgs/msg/detail/feedback_msg__rosidl_typesupport_fastrtps_cpp.hpp
[2.042s] -- Up-to-date symlink: /home/chotaehyun/waver_ws/install/teb_msgs/include/teb_msgs/teb_msgs/msg/detail/trajectory_msg__rosidl_typesupport_fastrtps_cpp.hpp
[2.043s] -- Up-to-date symlink: /home/chotaehyun/waver_ws/install/teb_msgs/include/teb_msgs/teb_msgs/msg/detail/trajectory_point_msg__rosidl_typesupport_fastrtps_cpp.hpp
[2.043s] -- Up-to-date symlink: /home/chotaehyun/waver_ws/install/teb_msgs/include/teb_msgs/teb_msgs/msg/rosidl_typesupport_fastrtps_cpp__visibility_control.h
[2.044s] -- Up-to-date symlink: /home/chotaehyun/waver_ws/install/teb_msgs/include/teb_msgs/teb_msgs/msg/detail/feedback_msg__rosidl_typesupport_introspection_c.h
[2.044s] -- Up-to-date symlink: /home/chotaehyun/waver_ws/install/teb_msgs/include/teb_msgs/teb_msgs/msg/detail/trajectory_msg__rosidl_typesupport_introspection_c.h
[2.044s] -- Up-to-date symlink: /home/chotaehyun/waver_ws/install/teb_msgs/include/teb_msgs/teb_msgs/msg/detail/trajectory_point_msg__rosidl_typesupport_introspection_c.h
[2.044s] -- Up-to-date symlink: /home/chotaehyun/waver_ws/install/teb_msgs/include/teb_msgs/teb_msgs/msg/rosidl_typesupport_introspection_c__visibility_control.h
[2.045s] -- Up-to-date symlink: /home/chotaehyun/waver_ws/install/teb_msgs/include/teb_msgs/teb_msgs/msg/detail/feedback_msg__rosidl_typesupport_introspection_cpp.hpp
[2.045s] -- Up-to-date symlink: /home/chotaehyun/waver_ws/install/teb_msgs/include/teb_msgs/teb_msgs/msg/detail/trajectory_msg__rosidl_typesupport_introspection_cpp.hpp
[2.045s] -- Up-to-date symlink: /home/chotaehyun/waver_ws/install/teb_msgs/include/teb_msgs/teb_msgs/msg/detail/trajectory_point_msg__rosidl_typesupport_introspection_cpp.hpp
[2.046s] -- Up-to-date symlink: /home/chotaehyun/waver_ws/install/teb_msgs/share/teb_msgs/environment/pythonpath.sh
[2.046s] -- Up-to-date symlink: /home/chotaehyun/waver_ws/install/teb_msgs/share/teb_msgs/environment/pythonpath.dsv
[2.046s] -- Up-to-date symlink: /home/chotaehyun/waver_ws/install/teb_msgs/local/lib/python3.10/dist-packages/teb_msgs-0.0.1-py3.10.egg-info/PKG-INFO
[2.046s] -- Up-to-date symlink: /home/chotaehyun/waver_ws/install/teb_msgs/local/lib/python3.10/dist-packages/teb_msgs-0.0.1-py3.10.egg-info/SOURCES.txt
[2.047s] -- Up-to-date symlink: /home/chotaehyun/waver_ws/install/teb_msgs/local/lib/python3.10/dist-packages/teb_msgs-0.0.1-py3.10.egg-info/dependency_links.txt
[2.047s] -- Up-to-date symlink: /home/chotaehyun/waver_ws/install/teb_msgs/local/lib/python3.10/dist-packages/teb_msgs-0.0.1-py3.10.egg-info/top_level.txt
[2.048s] -- Up-to-date symlink: /home/chotaehyun/waver_ws/install/teb_msgs/local/lib/python3.10/dist-packages/teb_msgs/__init__.py
[2.048s] -- Up-to-date symlink: /home/chotaehyun/waver_ws/install/teb_msgs/local/lib/python3.10/dist-packages/teb_msgs/_teb_msgs_s.ep.rosidl_typesupport_c.c
[2.048s] -- Up-to-date symlink: /home/chotaehyun/waver_ws/install/teb_msgs/local/lib/python3.10/dist-packages/teb_msgs/_teb_msgs_s.ep.rosidl_typesupport_fastrtps_c.c
[2.048s] -- Up-to-date symlink: /home/chotaehyun/waver_ws/install/teb_msgs/local/lib/python3.10/dist-packages/teb_msgs/_teb_msgs_s.ep.rosidl_typesupport_introspection_c.c
[2.049s] -- Up-to-date symlink: /home/chotaehyun/waver_ws/install/teb_msgs/local/lib/python3.10/dist-packages/teb_msgs/libteb_msgs__rosidl_generator_py.so
[2.049s] -- Up-to-date symlink: /home/chotaehyun/waver_ws/install/teb_msgs/local/lib/python3.10/dist-packages/teb_msgs/msg/__init__.py
[2.049s] -- Up-to-date symlink: /home/chotaehyun/waver_ws/install/teb_msgs/local/lib/python3.10/dist-packages/teb_msgs/msg/_feedback_msg.py
[2.049s] -- Up-to-date symlink: /home/chotaehyun/waver_ws/install/teb_msgs/local/lib/python3.10/dist-packages/teb_msgs/msg/_feedback_msg_s.c
[2.050s] -- Up-to-date symlink: /home/chotaehyun/waver_ws/install/teb_msgs/local/lib/python3.10/dist-packages/teb_msgs/msg/_trajectory_msg.py
[2.050s] -- Up-to-date symlink: /home/chotaehyun/waver_ws/install/teb_msgs/local/lib/python3.10/dist-packages/teb_msgs/msg/_trajectory_msg_s.c
[2.050s] -- Up-to-date symlink: /home/chotaehyun/waver_ws/install/teb_msgs/local/lib/python3.10/dist-packages/teb_msgs/msg/_trajectory_point_msg.py
[2.050s] -- Up-to-date symlink: /home/chotaehyun/waver_ws/install/teb_msgs/local/lib/python3.10/dist-packages/teb_msgs/msg/_trajectory_point_msg_s.c
[2.050s] -- Up-to-date symlink: /home/chotaehyun/waver_ws/install/teb_msgs/local/lib/python3.10/dist-packages/teb_msgs/teb_msgs_s__rosidl_typesupport_c.cpython-310-x86_64-linux-gnu.so
[2.051s] -- Up-to-date symlink: /home/chotaehyun/waver_ws/install/teb_msgs/local/lib/python3.10/dist-packages/teb_msgs/teb_msgs_s__rosidl_typesupport_fastrtps_c.cpython-310-x86_64-linux-gnu.so
[2.051s] -- Up-to-date symlink: /home/chotaehyun/waver_ws/install/teb_msgs/local/lib/python3.10/dist-packages/teb_msgs/teb_msgs_s__rosidl_typesupport_introspection_c.cpython-310-x86_64-linux-gnu.so
[2.051s] -- Up-to-date symlink: /home/chotaehyun/waver_ws/install/teb_msgs/local/lib/python3.10/dist-packages/teb_msgs/teb_msgs_s__rosidl_typesupport_fastrtps_c.cpython-310-x86_64-linux-gnu.so
[2.052s] -- Up-to-date symlink: /home/chotaehyun/waver_ws/install/teb_msgs/local/lib/python3.10/dist-packages/teb_msgs/teb_msgs_s__rosidl_typesupport_introspection_c.cpython-310-x86_64-linux-gnu.so
[2.052s] -- Up-to-date symlink: /home/chotaehyun/waver_ws/install/teb_msgs/local/lib/python3.10/dist-packages/teb_msgs/teb_msgs_s__rosidl_typesupport_c.cpython-310-x86_64-linux-gnu.so
[2.053s] -- Up-to-date symlink: /home/chotaehyun/waver_ws/install/teb_msgs/share/teb_msgs/msg/FeedbackMsg.idl
[2.054s] -- Up-to-date symlink: /home/chotaehyun/waver_ws/install/teb_msgs/share/teb_msgs/msg/TrajectoryMsg.idl
[2.054s] -- Up-to-date symlink: /home/chotaehyun/waver_ws/install/teb_msgs/share/teb_msgs/msg/TrajectoryPointMsg.idl
[2.054s] -- Up-to-date symlink: /home/chotaehyun/waver_ws/install/teb_msgs/share/teb_msgs/msg/FeedbackMsg.msg
[2.054s] -- Up-to-date symlink: /home/chotaehyun/waver_ws/install/teb_msgs/share/teb_msgs/msg/TrajectoryMsg.msg
[2.054s] -- Up-to-date symlink: /home/chotaehyun/waver_ws/install/teb_msgs/share/teb_msgs/msg/TrajectoryPointMsg.msg
[2.054s] -- Up-to-date symlink: /home/chotaehyun/waver_ws/install/teb_msgs/share/ament_index/resource_index/package_run_dependencies/teb_msgs
[2.055s] -- Up-to-date symlink: /home/chotaehyun/waver_ws/install/teb_msgs/share/ament_index/resource_index/parent_prefix_path/teb_msgs
[2.055s] -- Up-to-date symlink: /home/chotaehyun/waver_ws/install/teb_msgs/share/teb_msgs/environment/ament_prefix_path.sh
[2.055s] -- Up-to-date symlink: /home/chotaehyun/waver_ws/install/teb_msgs/share/teb_msgs/environment/ament_prefix_path.dsv
[2.056s] -- Up-to-date symlink: /home/chotaehyun/waver_ws/install/teb_msgs/share/teb_msgs/environment/path.sh
[2.056s] -- Up-to-date symlink: /home/chotaehyun/waver_ws/install/teb_msgs/share/teb_msgs/environment/path.dsv
[2.056s] -- Up-to-date symlink: /home/chotaehyun/waver_ws/install/teb_msgs/share/teb_msgs/local_setup.bash
[2.056s] -- Up-to-date symlink: /home/chotaehyun/waver_ws/install/teb_msgs/share/teb_msgs/local_setup.sh
[2.056s] -- Up-to-date symlink: /home/chotaehyun/waver_ws/install/teb_msgs/share/teb_msgs/local_setup.zsh
[2.056s] -- Up-to-date symlink: /home/chotaehyun/waver_ws/install/teb_msgs/share/teb_msgs/local_setup.dsv
[2.057s] -- Symlinking: /home/chotaehyun/waver_ws/install/teb_msgs/share/teb_msgs/package.dsv
[2.081s] -- Up-to-date symlink: /home/chotaehyun/waver_ws/install/teb_msgs/share/ament_index/resource_index/packages/teb_msgs
[2.082s] -- Up-to-date symlink: /home/chotaehyun/waver_ws/install/teb_msgs/share/teb_msgs/cmake/rosidl_cmake-extras.cmake
[2.083s] -- Up-to-date symlink: /home/chotaehyun/waver_ws/install/teb_msgs/share/teb_msgs/cmake/ament_cmake_export_dependencies-extras.cmake
[2.083s] -- Up-to-date symlink: /home/chotaehyun/waver_ws/install/teb_msgs/share/teb_msgs/cmake/ament_cmake_export_include_directories-extras.cmake
[2.083s] -- Up-to-date symlink: /home/chotaehyun/waver_ws/install/teb_msgs/share/teb_msgs/cmake/ament_cmake_export_libraries-extras.cmake
[2.083s] -- Up-to-date symlink: /home/chotaehyun/waver_ws/install/teb_msgs/share/teb_msgs/cmake/ament_cmake_export_targets-extras.cmake
[2.083s] -- Up-to-date symlink: /home/chotaehyun/waver_ws/install/teb_msgs/share/teb_msgs/cmake/rosidl_cmake_export_typesupport_targets-extras.cmake
[2.083s] -- Up-to-date symlink: /home/chotaehyun/waver_ws/install/teb_msgs/share/teb_msgs/cmake/rosidl_cmake_export_typesupport_libraries-extras.cmake
[2.083s] -- Up-to-date symlink: /home/chotaehyun/waver_ws/install/teb_msgs/share/teb_msgs/cmake/teb_msgsConfig.cmake
[2.083s] -- Up-to-date symlink: /home/chotaehyun/waver_ws/install/teb_msgs/share/teb_msgs/cmake/teb_msgsConfig-version.cmake
[2.087s] -- Up-to-date symlink: /home/chotaehyun/waver_ws/install/teb_msgs/share/teb_msgs/package.xml
[2.087s] -- Up-to-date: /home/chotaehyun/waver_ws/install/teb_msgs/lib/libteb_msgs__rosidl_generator_c.so
[2.087s] -- Up-to-date: /home/chotaehyun/waver_ws/install/teb_msgs/lib/libteb_msgs__rosidl_typesupport_fastrtps_c.so
[2.087s] -- Up-to-date: /home/chotaehyun/waver_ws/install/teb_msgs/lib/libteb_msgs__rosidl_typesupport_fastrtps_cpp.so
[2.087s] -- Up-to-date: /home/chotaehyun/waver_ws/install/teb_msgs/lib/libteb_msgs__rosidl_typesupport_introspection_c.so
[2.087s] -- Up-to-date: /home/chotaehyun/waver_ws/install/teb_msgs/lib/libteb_msgs__rosidl_typesupport_c.so
[2.087s] -- Up-to-date: /home/chotaehyun/waver_ws/install/teb_msgs/lib/libteb_msgs__rosidl_typesupport_introspection_cpp.so
[2.087s] -- Up-to-date: /home/chotaehyun/waver_ws/install/teb_msgs/lib/libteb_msgs__rosidl_typesupport_cpp.so
[2.153s] Listing '/home/chotaehyun/waver_ws/install/teb_msgs/local/lib/python3.10/dist-packages/teb_msgs'...
[2.153s] Listing '/home/chotaehyun/waver_ws/install/teb_msgs/local/lib/python3.10/dist-packages/teb_msgs/msg'...
[2.177s] -- Up-to-date: /home/chotaehyun/waver_ws/install/teb_msgs/lib/libteb_msgs__rosidl_generator_py.so
[2.178s] -- Up-to-date: /home/chotaehyun/waver_ws/install/teb_msgs/share/teb_msgs/cmake/export_teb_msgs__rosidl_generator_cExport.cmake
[2.178s] -- Up-to-date: /home/chotaehyun/waver_ws/install/teb_msgs/share/teb_msgs/cmake/export_teb_msgs__rosidl_generator_cExport-noconfig.cmake
[2.178s] -- Up-to-date: /home/chotaehyun/waver_ws/install/teb_msgs/share/teb_msgs/cmake/export_teb_msgs__rosidl_typesupport_fastrtps_cExport.cmake
[2.179s] -- Up-to-date: /home/chotaehyun/waver_ws/install/teb_msgs/share/teb_msgs/cmake/export_teb_msgs__rosidl_typesupport_fastrtps_cExport-noconfig.cmake
[2.179s] -- Up-to-date: /home/chotaehyun/waver_ws/install/teb_msgs/share/teb_msgs/cmake/export_teb_msgs__rosidl_generator_cppExport.cmake
[2.179s] -- Up-to-date: /home/chotaehyun/waver_ws/install/teb_msgs/share/teb_msgs/cmake/export_teb_msgs__rosidl_typesupport_fastrtps_cppExport.cmake
[2.180s] -- Up-to-date: /home/chotaehyun/waver_ws/install/teb_msgs/share/teb_msgs/cmake/export_teb_msgs__rosidl_typesupport_fastrtps_cppExport-noconfig.cmake
[2.180s] -- Up-to-date: /home/chotaehyun/waver_ws/install/teb_msgs/share/teb_msgs/cmake/teb_msgs__rosidl_typesupport_introspection_cExport.cmake
[2.180s] -- Up-to-date: /home/chotaehyun/waver_ws/install/teb_msgs/share/teb_msgs/cmake/teb_msgs__rosidl_typesupport_introspection_cExport-noconfig.cmake
[2.180s] -- Up-to-date: /home/chotaehyun/waver_ws/install/teb_msgs/share/teb_msgs/cmake/teb_msgs__rosidl_typesupport_cExport.cmake
[2.181s] -- Up-to-date: /home/chotaehyun/waver_ws/install/teb_msgs/share/teb_msgs/cmake/teb_msgs__rosidl_typesupport_cExport-noconfig.cmake
[2.181s] -- Up-to-date: /home/chotaehyun/waver_ws/install/teb_msgs/share/teb_msgs/cmake/teb_msgs__rosidl_typesupport_introspection_cppExport.cmake
[2.181s] -- Up-to-date: /home/chotaehyun/waver_ws/install/teb_msgs/share/teb_msgs/cmake/teb_msgs__rosidl_typesupport_introspection_cppExport-noconfig.cmake
[2.181s] -- Up-to-date: /home/chotaehyun/waver_ws/install/teb_msgs/share/teb_msgs/cmake/teb_msgs__rosidl_typesupport_cppExport.cmake
[2.181s] -- Up-to-date: /home/chotaehyun/waver_ws/install/teb_msgs/share/teb_msgs/cmake/teb_msgs__rosidl_typesupport_cppExport-noconfig.cmake
[2.181s] -- Up-to-date: /home/chotaehyun/waver_ws/install/teb_msgs/share/teb_msgs/cmake/export_teb_msgs__rosidl_generator_pyExport.cmake
[2.182s] -- Up-to-date: /home/chotaehyun/waver_ws/install/teb_msgs/share/teb_msgs/cmake/export_teb_msgs__rosidl_generator_pyExport-noconfig.cmake
[2.185s] Invoked command in '/home/chotaehyun/waver_ws/build/teb_msgs' returned '0': AMENT_PREFIX_PATH=/home/chotaehyun/waver_ws/install/costmap_converter_msgs:${AMENT_PREFIX_PATH} CMAKE_PREFIX_PATH=/home/chotaehyun/waver_ws/install/costmap_converter_msgs:/opt/ros/humble LD_LIBRARY_PATH=/home/chotaehyun/waver_ws/install/costmap_converter_msgs/lib:${LD_LIBRARY_PATH} PYTHONPATH=/home/chotaehyun/waver_ws/install/costmap_converter_msgs/local/lib/python3.10/dist-packages:${PYTHONPATH} /usr/bin/cmake --install /home/chotaehyun/waver_ws/build/teb_msgs
