[0.136s] Invoking command in '/home/chotaehyun/waver_ws/build/openslam_gmapping': CMAKE_PREFIX_PATH=${CMAKE_PREFIX_PATH}:/home/chotaehyun/waver_ws/install/ugv_web_app:/home/chotaehyun/waver_ws/install/ugv_vision:/home/chotaehyun/waver_ws/install/ugv_tools:/home/chotaehyun/waver_ws/install/ugv_chat_ai:/home/chotaehyun/waver_ws/install/ugv_bringup:/home/chotaehyun/waver_ws/install/my_waver_app:/opt/ros/humble /usr/bin/cmake --build /home/chotaehyun/waver_ws/build/openslam_gmapping -- -j16 -l16
[1.857s] [ 13%] Built target sensor_base
[1.857s] [ 27%] Built target utils
[1.857s] [ 40%] Built target sensor_odometry
[1.857s] [ 54%] Built target sensor_range
[1.857s] [ 77%] Built target scanmatcher
[1.857s] [100%] Built target gridfastslam
[1.893s] Invoked command in '/home/chotaehyun/waver_ws/build/openslam_gmapping' returned '0': CMAKE_PREFIX_PATH=${CMAKE_PREFIX_PATH}:/home/chotaehyun/waver_ws/install/ugv_web_app:/home/chotaehyun/waver_ws/install/ugv_vision:/home/chotaehyun/waver_ws/install/ugv_tools:/home/chotaehyun/waver_ws/install/ugv_chat_ai:/home/chotaehyun/waver_ws/install/ugv_bringup:/home/chotaehyun/waver_ws/install/my_waver_app:/opt/ros/humble /usr/bin/cmake --build /home/chotaehyun/waver_ws/build/openslam_gmapping -- -j16 -l16
[1.896s] Invoking command in '/home/chotaehyun/waver_ws/build/openslam_gmapping': CMAKE_PREFIX_PATH=${CMAKE_PREFIX_PATH}:/home/chotaehyun/waver_ws/install/ugv_web_app:/home/chotaehyun/waver_ws/install/ugv_vision:/home/chotaehyun/waver_ws/install/ugv_tools:/home/chotaehyun/waver_ws/install/ugv_chat_ai:/home/chotaehyun/waver_ws/install/ugv_bringup:/home/chotaehyun/waver_ws/install/my_waver_app:/opt/ros/humble /usr/bin/cmake --install /home/chotaehyun/waver_ws/build/openslam_gmapping
[1.986s] -- Install configuration: ""
[1.986s] -- Execute custom install script
[1.986s] -- Up-to-date symlink: /home/chotaehyun/waver_ws/install/openslam_gmapping/lib/libgridfastslam.a
[1.988s] -- Up-to-date symlink: /home/chotaehyun/waver_ws/install/openslam_gmapping/lib/libscanmatcher.a
[1.989s] -- Up-to-date symlink: /home/chotaehyun/waver_ws/install/openslam_gmapping/lib/libsensor_base.a
[1.990s] -- Up-to-date symlink: /home/chotaehyun/waver_ws/install/openslam_gmapping/share/openslam_gmapping/environment/library_path.sh
[1.991s] -- Up-to-date symlink: /home/chotaehyun/waver_ws/install/openslam_gmapping/share/openslam_gmapping/environment/library_path.dsv
[1.991s] -- Up-to-date symlink: /home/chotaehyun/waver_ws/install/openslam_gmapping/share/openslam_gmapping/environment/library_path.sh
[1.991s] -- Up-to-date symlink: /home/chotaehyun/waver_ws/install/openslam_gmapping/share/openslam_gmapping/environment/library_path.dsv
[1.991s] -- Up-to-date symlink: /home/chotaehyun/waver_ws/install/openslam_gmapping/lib/libsensor_odometry.a
[1.991s] -- Up-to-date symlink: /home/chotaehyun/waver_ws/install/openslam_gmapping/lib/libsensor_range.a
[1.992s] -- Up-to-date symlink: /home/chotaehyun/waver_ws/install/openslam_gmapping/lib/libutils.a
[1.992s] -- Up-to-date symlink: /home/chotaehyun/waver_ws/install/openslam_gmapping/share/openslam_gmapping/environment/library_path.sh
[1.993s] -- Up-to-date symlink: /home/chotaehyun/waver_ws/install/openslam_gmapping/share/openslam_gmapping/environment/library_path.dsv
[1.993s] -- Up-to-date symlink: /home/chotaehyun/waver_ws/install/openslam_gmapping/share/openslam_gmapping/environment/library_path.sh
[1.993s] -- Up-to-date symlink: /home/chotaehyun/waver_ws/install/openslam_gmapping/share/openslam_gmapping/environment/library_path.dsv
[1.993s] -- Up-to-date symlink: /home/chotaehyun/waver_ws/install/openslam_gmapping/include//gmapping/grid/accessstate.h
[1.993s] -- Up-to-date symlink: /home/chotaehyun/waver_ws/install/openslam_gmapping/include//gmapping/grid/array2d.h
[1.994s] -- Up-to-date symlink: /home/chotaehyun/waver_ws/install/openslam_gmapping/include//gmapping/grid/harray2d.h
[1.994s] -- Up-to-date symlink: /home/chotaehyun/waver_ws/install/openslam_gmapping/include//gmapping/grid/map.h
[1.995s] -- Up-to-date symlink: /home/chotaehyun/waver_ws/install/openslam_gmapping/include//gmapping/gridfastslam/gridslamprocessor.h
[1.997s] -- Up-to-date symlink: /home/chotaehyun/waver_ws/install/openslam_gmapping/include//gmapping/gridfastslam/gridslamprocessor.hxx
[1.998s] -- Up-to-date symlink: /home/chotaehyun/waver_ws/install/openslam_gmapping/include//gmapping/gridfastslam/motionmodel.h
[1.998s] -- Up-to-date symlink: /home/chotaehyun/waver_ws/install/openslam_gmapping/include//gmapping/log/configuration.h
[1.998s] -- Up-to-date symlink: /home/chotaehyun/waver_ws/install/openslam_gmapping/include//gmapping/log/sensorlog.h
[1.998s] -- Up-to-date symlink: /home/chotaehyun/waver_ws/install/openslam_gmapping/include//gmapping/particlefilter/particlefilter.h
[1.998s] -- Up-to-date symlink: /home/chotaehyun/waver_ws/install/openslam_gmapping/include//gmapping/scanmatcher/icp.h
[1.998s] -- Up-to-date symlink: /home/chotaehyun/waver_ws/install/openslam_gmapping/include//gmapping/scanmatcher/scanmatcher.h
[1.998s] -- Up-to-date symlink: /home/chotaehyun/waver_ws/install/openslam_gmapping/include//gmapping/scanmatcher/smmap.h
[1.998s] -- Up-to-date symlink: /home/chotaehyun/waver_ws/install/openslam_gmapping/include//gmapping/sensor/sensor_base/sensor.h
[1.999s] -- Up-to-date symlink: /home/chotaehyun/waver_ws/install/openslam_gmapping/include//gmapping/sensor/sensor_base/sensorreading.h
[1.999s] -- Up-to-date symlink: /home/chotaehyun/waver_ws/install/openslam_gmapping/include//gmapping/sensor/sensor_odometry/odometryreading.h
[1.999s] -- Up-to-date symlink: /home/chotaehyun/waver_ws/install/openslam_gmapping/include//gmapping/sensor/sensor_odometry/odometrysensor.h
[1.999s] -- Up-to-date symlink: /home/chotaehyun/waver_ws/install/openslam_gmapping/include//gmapping/sensor/sensor_range/rangereading.h
[1.999s] -- Up-to-date symlink: /home/chotaehyun/waver_ws/install/openslam_gmapping/include//gmapping/sensor/sensor_range/rangesensor.h
[1.999s] -- Up-to-date symlink: /home/chotaehyun/waver_ws/install/openslam_gmapping/include//gmapping/utils/autoptr.h
[1.999s] -- Up-to-date symlink: /home/chotaehyun/waver_ws/install/openslam_gmapping/include//gmapping/utils/commandline.h
[1.999s] -- Up-to-date symlink: /home/chotaehyun/waver_ws/install/openslam_gmapping/include//gmapping/utils/gvalues.h
[1.999s] -- Up-to-date symlink: /home/chotaehyun/waver_ws/install/openslam_gmapping/include//gmapping/utils/macro_params.h
[1.999s] -- Up-to-date symlink: /home/chotaehyun/waver_ws/install/openslam_gmapping/include//gmapping/utils/point.h
[2.000s] -- Up-to-date symlink: /home/chotaehyun/waver_ws/install/openslam_gmapping/include//gmapping/utils/stat.h
[2.000s] -- Up-to-date symlink: /home/chotaehyun/waver_ws/install/openslam_gmapping/share/ament_index/resource_index/package_run_dependencies/openslam_gmapping
[2.000s] -- Up-to-date symlink: /home/chotaehyun/waver_ws/install/openslam_gmapping/share/ament_index/resource_index/parent_prefix_path/openslam_gmapping
[2.000s] -- Up-to-date symlink: /home/chotaehyun/waver_ws/install/openslam_gmapping/share/openslam_gmapping/environment/ament_prefix_path.sh
[2.000s] -- Up-to-date symlink: /home/chotaehyun/waver_ws/install/openslam_gmapping/share/openslam_gmapping/environment/ament_prefix_path.dsv
[2.000s] -- Up-to-date symlink: /home/chotaehyun/waver_ws/install/openslam_gmapping/share/openslam_gmapping/environment/path.sh
[2.000s] -- Up-to-date symlink: /home/chotaehyun/waver_ws/install/openslam_gmapping/share/openslam_gmapping/environment/path.dsv
[2.000s] -- Up-to-date symlink: /home/chotaehyun/waver_ws/install/openslam_gmapping/share/openslam_gmapping/local_setup.bash
[2.000s] -- Up-to-date symlink: /home/chotaehyun/waver_ws/install/openslam_gmapping/share/openslam_gmapping/local_setup.sh
[2.000s] -- Up-to-date symlink: /home/chotaehyun/waver_ws/install/openslam_gmapping/share/openslam_gmapping/local_setup.zsh
[2.001s] -- Up-to-date symlink: /home/chotaehyun/waver_ws/install/openslam_gmapping/share/openslam_gmapping/local_setup.dsv
[2.001s] -- Symlinking: /home/chotaehyun/waver_ws/install/openslam_gmapping/share/openslam_gmapping/package.dsv
[2.001s] -- Up-to-date symlink: /home/chotaehyun/waver_ws/install/openslam_gmapping/share/ament_index/resource_index/packages/openslam_gmapping
[2.001s] -- Up-to-date symlink: /home/chotaehyun/waver_ws/install/openslam_gmapping/share/openslam_gmapping/cmake/ament_cmake_export_libraries-extras.cmake
[2.001s] -- Up-to-date symlink: /home/chotaehyun/waver_ws/install/openslam_gmapping/share/openslam_gmapping/cmake/ament_cmake_export_include_directories-extras.cmake
[2.001s] -- Up-to-date symlink: /home/chotaehyun/waver_ws/install/openslam_gmapping/share/openslam_gmapping/cmake/openslam_gmappingConfig.cmake
[2.001s] -- Up-to-date symlink: /home/chotaehyun/waver_ws/install/openslam_gmapping/share/openslam_gmapping/cmake/openslam_gmappingConfig-version.cmake
[2.001s] -- Up-to-date symlink: /home/chotaehyun/waver_ws/install/openslam_gmapping/share/openslam_gmapping/package.xml
[2.371s] Invoked command in '/home/chotaehyun/waver_ws/build/openslam_gmapping' returned '0': CMAKE_PREFIX_PATH=${CMAKE_PREFIX_PATH}:/home/chotaehyun/waver_ws/install/ugv_web_app:/home/chotaehyun/waver_ws/install/ugv_vision:/home/chotaehyun/waver_ws/install/ugv_tools:/home/chotaehyun/waver_ws/install/ugv_chat_ai:/home/chotaehyun/waver_ws/install/ugv_bringup:/home/chotaehyun/waver_ws/install/my_waver_app:/opt/ros/humble /usr/bin/cmake --install /home/chotaehyun/waver_ws/build/openslam_gmapping
