[0.118s] Invoking command in '/home/chotaehyun/waver_ws/build/explore_lite': CMAKE_PREFIX_PATH=${CMAKE_PREFIX_PATH}:/home/chotaehyun/waver_ws/install/ugv_web_app:/home/chotaehyun/waver_ws/install/ugv_vision:/home/chotaehyun/waver_ws/install/ugv_tools:/home/chotaehyun/waver_ws/install/ugv_chat_ai:/home/chotaehyun/waver_ws/install/ugv_bringup:/home/chotaehyun/waver_ws/install/my_waver_app:/opt/ros/humble /usr/bin/cmake --build /home/chotaehyun/waver_ws/build/explore_lite -- -j16 -l16
[1.196s] [ 20%] Built target gtest
[1.196s] [ 60%] Built target explore
[1.197s] [ 80%] Built target gtest_main
[1.197s] [100%] Built target test_explore
[1.222s] Invoked command in '/home/chotaehyun/waver_ws/build/explore_lite' returned '0': CMAKE_PREFIX_PATH=${CMAKE_PREFIX_PATH}:/home/chotaehyun/waver_ws/install/ugv_web_app:/home/chotaehyun/waver_ws/install/ugv_vision:/home/chotaehyun/waver_ws/install/ugv_tools:/home/chotaehyun/waver_ws/install/ugv_chat_ai:/home/chotaehyun/waver_ws/install/ugv_bringup:/home/chotaehyun/waver_ws/install/my_waver_app:/opt/ros/humble /usr/bin/cmake --build /home/chotaehyun/waver_ws/build/explore_lite -- -j16 -l16
[1.223s] Invoking command in '/home/chotaehyun/waver_ws/build/explore_lite': CMAKE_PREFIX_PATH=${CMAKE_PREFIX_PATH}:/home/chotaehyun/waver_ws/install/ugv_web_app:/home/chotaehyun/waver_ws/install/ugv_vision:/home/chotaehyun/waver_ws/install/ugv_tools:/home/chotaehyun/waver_ws/install/ugv_chat_ai:/home/chotaehyun/waver_ws/install/ugv_bringup:/home/chotaehyun/waver_ws/install/my_waver_app:/opt/ros/humble /usr/bin/cmake --install /home/chotaehyun/waver_ws/build/explore_lite
[1.270s] -- Install configuration: ""
[1.270s] -- Execute custom install script
[1.270s] -- Up-to-date symlink: /home/chotaehyun/waver_ws/install/explore_lite/include/explore//costmap_client.h
[1.270s] -- Up-to-date symlink: /home/chotaehyun/waver_ws/install/explore_lite/include/explore//costmap_tools.h
[1.270s] -- Up-to-date symlink: /home/chotaehyun/waver_ws/install/explore_lite/include/explore//explore.h
[1.270s] -- Up-to-date symlink: /home/chotaehyun/waver_ws/install/explore_lite/include/explore//frontier_search.h
[1.270s] -- Up-to-date symlink: /home/chotaehyun/waver_ws/install/explore_lite/share/explore_lite/config/params.yaml
[1.271s] -- Up-to-date symlink: /home/chotaehyun/waver_ws/install/explore_lite/share/explore_lite/config/params_costmap.yaml
[1.271s] -- Up-to-date symlink: /home/chotaehyun/waver_ws/install/explore_lite/share/explore_lite/launch/explore.launch.py
[1.271s] -- Up-to-date symlink: /home/chotaehyun/waver_ws/install/explore_lite/lib/explore_lite/explore
[1.271s] -- Up-to-date symlink: /home/chotaehyun/waver_ws/install/explore_lite/share/ament_index/resource_index/package_run_dependencies/explore_lite
[1.271s] -- Up-to-date symlink: /home/chotaehyun/waver_ws/install/explore_lite/share/ament_index/resource_index/parent_prefix_path/explore_lite
[1.271s] -- Up-to-date symlink: /home/chotaehyun/waver_ws/install/explore_lite/share/explore_lite/environment/ament_prefix_path.sh
[1.271s] -- Up-to-date symlink: /home/chotaehyun/waver_ws/install/explore_lite/share/explore_lite/environment/ament_prefix_path.dsv
[1.271s] -- Up-to-date symlink: /home/chotaehyun/waver_ws/install/explore_lite/share/explore_lite/environment/path.sh
[1.271s] -- Up-to-date symlink: /home/chotaehyun/waver_ws/install/explore_lite/share/explore_lite/environment/path.dsv
[1.271s] -- Up-to-date symlink: /home/chotaehyun/waver_ws/install/explore_lite/share/explore_lite/local_setup.bash
[1.271s] -- Up-to-date symlink: /home/chotaehyun/waver_ws/install/explore_lite/share/explore_lite/local_setup.sh
[1.271s] -- Up-to-date symlink: /home/chotaehyun/waver_ws/install/explore_lite/share/explore_lite/local_setup.zsh
[1.271s] -- Up-to-date symlink: /home/chotaehyun/waver_ws/install/explore_lite/share/explore_lite/local_setup.dsv
[1.272s] -- Symlinking: /home/chotaehyun/waver_ws/install/explore_lite/share/explore_lite/package.dsv
[1.272s] -- Up-to-date symlink: /home/chotaehyun/waver_ws/install/explore_lite/share/ament_index/resource_index/packages/explore_lite
[1.272s] -- Up-to-date symlink: /home/chotaehyun/waver_ws/install/explore_lite/share/explore_lite/cmake/ament_cmake_export_include_directories-extras.cmake
[1.272s] -- Up-to-date symlink: /home/chotaehyun/waver_ws/install/explore_lite/share/explore_lite/cmake/explore_liteConfig.cmake
[1.272s] -- Up-to-date symlink: /home/chotaehyun/waver_ws/install/explore_lite/share/explore_lite/cmake/explore_liteConfig-version.cmake
[1.272s] -- Up-to-date symlink: /home/chotaehyun/waver_ws/install/explore_lite/share/explore_lite/package.xml
[1.371s] Invoked command in '/home/chotaehyun/waver_ws/build/explore_lite' returned '0': CMAKE_PREFIX_PATH=${CMAKE_PREFIX_PATH}:/home/chotaehyun/waver_ws/install/ugv_web_app:/home/chotaehyun/waver_ws/install/ugv_vision:/home/chotaehyun/waver_ws/install/ugv_tools:/home/chotaehyun/waver_ws/install/ugv_chat_ai:/home/chotaehyun/waver_ws/install/ugv_bringup:/home/chotaehyun/waver_ws/install/my_waver_app:/opt/ros/humble /usr/bin/cmake --install /home/chotaehyun/waver_ws/build/explore_lite
