[0.061s] Invoking command in '/home/chotaehyun/waver_ws/build/emcl2': CMAKE_PREFIX_PATH=/opt/ros/humble /usr/bin/cmake /home/chotaehyun/waver_ws/src/ugv_ws/src/ugv_else/emcl2_ros2 -DAMENT_CMAKE_SYMLINK_INSTALL=1 -DCMAKE_INSTALL_PREFIX=/home/chotaehyun/waver_ws/install/emcl2
[1.260s] -- The C compiler identification is GNU 11.4.0
[1.260s] -- The CXX compiler identification is GNU 11.4.0
[1.261s] -- Detecting C compiler ABI info
[1.261s] -- Detecting C compiler ABI info - done
[1.261s] -- Check for working C compiler: /usr/bin/cc - skipped
[1.261s] -- Detecting C compile features
[1.261s] -- Detecting C compile features - done
[1.261s] -- Detecting CXX compiler ABI info
[1.261s] -- Detecting CXX compiler ABI info - done
[1.261s] -- Check for working CXX compiler: /usr/bin/c++ - skipped
[1.262s] -- Detecting CXX compile features
[1.262s] -- Detecting CXX compile features - done
[1.262s] -- Found ament_cmake_auto: 1.3.14 (/opt/ros/humble/share/ament_cmake_auto/cmake)
[1.262s] -- Found Python3: /usr/bin/python3 (found version "3.10.12") found components: Interpreter 
[1.263s] -- Override CMake install command with custom implementation using symlinks instead of copying resources
[1.281s] -- Found rosidl_generator_c: 3.1.8 (/opt/ros/humble/share/rosidl_generator_c/cmake)
[1.294s] -- Found rosidl_adapter: 3.1.8 (/opt/ros/humble/share/rosidl_adapter/cmake)
[1.304s] -- Found rosidl_generator_cpp: 3.1.8 (/opt/ros/humble/share/rosidl_generator_cpp/cmake)
[1.327s] -- Using all available rosidl_typesupport_c: rosidl_typesupport_fastrtps_c;rosidl_typesupport_introspection_c
[1.354s] -- Using all available rosidl_typesupport_cpp: rosidl_typesupport_fastrtps_cpp;rosidl_typesupport_introspection_cpp
[1.499s] -- Found rmw_implementation_cmake: 6.1.2 (/opt/ros/humble/share/rmw_implementation_cmake/cmake)
[1.504s] -- Found rmw_fastrtps_cpp: 6.2.10 (/opt/ros/humble/share/rmw_fastrtps_cpp/cmake)
[1.718s] -- Found OpenSSL: /usr/lib/x86_64-linux-gnu/libcrypto.so (found version "3.0.2")  
[1.786s] -- Found FastRTPS: /opt/ros/humble/include  
[1.859s] -- Using RMW implementation 'rmw_fastrtps_cpp' as default
[1.875s] -- Looking for pthread.h
[2.065s] -- Looking for pthread.h - found
[2.067s] -- Performing Test CMAKE_HAVE_LIBC_PTHREAD
[2.396s] -- Performing Test CMAKE_HAVE_LIBC_PTHREAD - Success
[2.400s] -- Found Threads: TRUE  
[3.157s] -- Found eigen3_cmake_module: 0.1.1 (/opt/ros/humble/share/eigen3_cmake_module/cmake)
[3.162s] -- Found Eigen3: TRUE (found version "3.4.0") 
[3.162s] -- Ensuring Eigen3 include directory is part of orocos-kdl CMake target
[3.232s] -- Found ament_lint_auto: 0.12.15 (/opt/ros/humble/share/ament_lint_auto/cmake)
[3.270s] [0mIn this package, headers install destination is set to `include` by ament_auto_package. It is recommended to install `include/emcl2` instead and will be the default behavior of ament_auto_package from ROS 2 Kilted Kaiju. On distributions before Kilted, ament_auto_package behaves the same way when you use USE_SCOPED_HEADER_INSTALL_DIR option.[0m
[3.276s] -- Added test 'cppcheck' to perform static code analysis on C / C++ code
[3.277s] -- Configured cppcheck include dirs: /home/chotaehyun/waver_ws/src/ugv_ws/src/ugv_else/emcl2_ros2/include
[3.278s] -- Configured cppcheck exclude dirs and/or files: 
[3.279s] -- Added test 'flake8' to check Python code syntax and style conventions
[3.281s] -- Added test 'lint_cmake' to check CMake code style
[3.283s] -- Added test 'pep257' to check Python code against some of the docstring style conventions in PEP 257
[3.287s] -- Added test 'uncrustify' to check C / C++ code style
[3.289s] -- Configured uncrustify additional arguments: 
[3.289s] -- Added test 'xmllint' to check XML markup files
[3.295s] -- Configuring done
[3.337s] -- Generating done
[3.360s] -- Build files have been written to: /home/chotaehyun/waver_ws/build/emcl2
[3.485s] Invoked command in '/home/chotaehyun/waver_ws/build/emcl2' returned '0': CMAKE_PREFIX_PATH=/opt/ros/humble /usr/bin/cmake /home/chotaehyun/waver_ws/src/ugv_ws/src/ugv_else/emcl2_ros2 -DAMENT_CMAKE_SYMLINK_INSTALL=1 -DCMAKE_INSTALL_PREFIX=/home/chotaehyun/waver_ws/install/emcl2
[3.486s] Invoking command in '/home/chotaehyun/waver_ws/build/emcl2': CMAKE_PREFIX_PATH=/opt/ros/humble /usr/bin/cmake --build /home/chotaehyun/waver_ws/build/emcl2 -- -j16 -l16
[3.806s] [ 11%] [32mBuilding CXX object CMakeFiles/emcl2_node.dir/src/ExpResetMcl2.cpp.o[0m
[3.806s] [ 22%] [32mBuilding CXX object CMakeFiles/emcl2_node.dir/src/Mcl.cpp.o[0m
[3.806s] [ 33%] [32mBuilding CXX object CMakeFiles/emcl2_node.dir/src/Particle.cpp.o[0m
[3.806s] [ 44%] [32mBuilding CXX object CMakeFiles/emcl2_node.dir/src/OdomModel.cpp.o[0m
[3.806s] [ 55%] [32mBuilding CXX object CMakeFiles/emcl2_node.dir/src/Pose.cpp.o[0m
[3.806s] [ 66%] [32mBuilding CXX object CMakeFiles/emcl2_node.dir/src/Scan.cpp.o[0m
[3.806s] [ 77%] [32mBuilding CXX object CMakeFiles/emcl2_node.dir/src/LikelihoodFieldMap.cpp.o[0m
[3.806s] [ 88%] [32mBuilding CXX object CMakeFiles/emcl2_node.dir/src/emcl2_node.cpp.o[0m
[49.485s] [100%] [32m[1mLinking CXX executable emcl2_node[0m
[49.774s] [100%] Built target emcl2_node
[49.797s] Invoked command in '/home/chotaehyun/waver_ws/build/emcl2' returned '0': CMAKE_PREFIX_PATH=/opt/ros/humble /usr/bin/cmake --build /home/chotaehyun/waver_ws/build/emcl2 -- -j16 -l16
[49.799s] Invoking command in '/home/chotaehyun/waver_ws/build/emcl2': CMAKE_PREFIX_PATH=/opt/ros/humble /usr/bin/cmake --install /home/chotaehyun/waver_ws/build/emcl2
[49.806s] -- Install configuration: ""
[49.807s] -- Execute custom install script
[49.807s] -- Symlinking: /home/chotaehyun/waver_ws/install/emcl2/lib/emcl2/test.bash
[49.824s] -- Symlinking: /home/chotaehyun/waver_ws/install/emcl2/lib/emcl2/test_gui.bash
[49.841s] -- Symlinking: /home/chotaehyun/waver_ws/install/emcl2/include/emcl2/ExpResetMcl2.h
[49.851s] -- Symlinking: /home/chotaehyun/waver_ws/install/emcl2/include/emcl2/LikelihoodFieldMap.h
[49.861s] -- Symlinking: /home/chotaehyun/waver_ws/install/emcl2/include/emcl2/Mcl.h
[49.871s] -- Symlinking: /home/chotaehyun/waver_ws/install/emcl2/include/emcl2/OdomModel.h
[49.881s] -- Symlinking: /home/chotaehyun/waver_ws/install/emcl2/include/emcl2/Particle.h
[49.890s] -- Symlinking: /home/chotaehyun/waver_ws/install/emcl2/include/emcl2/Pose.h
[49.900s] -- Symlinking: /home/chotaehyun/waver_ws/install/emcl2/include/emcl2/Scan.h
[49.910s] -- Symlinking: /home/chotaehyun/waver_ws/install/emcl2/include/emcl2/emcl2_node.h
[49.920s] -- Symlinking: /home/chotaehyun/waver_ws/install/emcl2/lib/emcl2/emcl2_node
[49.930s] -- Symlinking: /home/chotaehyun/waver_ws/install/emcl2/share/emcl2/config/emcl2.param.yaml
[49.940s] -- Symlinking: /home/chotaehyun/waver_ws/install/emcl2/share/emcl2/config/emcl2_quick_start.param.yaml
[49.950s] -- Symlinking: /home/chotaehyun/waver_ws/install/emcl2/share/emcl2/launch/emcl2.launch.py
[49.960s] -- Symlinking: /home/chotaehyun/waver_ws/install/emcl2/share/emcl2/test/demo.bash
[49.969s] -- Symlinking: /home/chotaehyun/waver_ws/install/emcl2/share/emcl2/test/test.bash
[49.978s] -- Symlinking: /home/chotaehyun/waver_ws/install/emcl2/share/emcl2/test/test.launch.xml
[49.987s] -- Symlinking: /home/chotaehyun/waver_ws/install/emcl2/share/emcl2/test/test_gui.bash
[49.997s] -- Symlinking: /home/chotaehyun/waver_ws/install/emcl2/share/ament_index/resource_index/package_run_dependencies/emcl2
[50.007s] -- Symlinking: /home/chotaehyun/waver_ws/install/emcl2/share/ament_index/resource_index/parent_prefix_path/emcl2
[50.024s] -- Symlinking: /home/chotaehyun/waver_ws/install/emcl2/share/emcl2/environment/ament_prefix_path.sh
[50.034s] -- Symlinking: /home/chotaehyun/waver_ws/install/emcl2/share/emcl2/environment/ament_prefix_path.dsv
[50.051s] -- Symlinking: /home/chotaehyun/waver_ws/install/emcl2/share/emcl2/environment/path.sh
[50.062s] -- Symlinking: /home/chotaehyun/waver_ws/install/emcl2/share/emcl2/environment/path.dsv
[50.072s] -- Symlinking: /home/chotaehyun/waver_ws/install/emcl2/share/emcl2/local_setup.bash
[50.082s] -- Symlinking: /home/chotaehyun/waver_ws/install/emcl2/share/emcl2/local_setup.sh
[50.093s] -- Symlinking: /home/chotaehyun/waver_ws/install/emcl2/share/emcl2/local_setup.zsh
[50.103s] -- Symlinking: /home/chotaehyun/waver_ws/install/emcl2/share/emcl2/local_setup.dsv
[50.113s] -- Symlinking: /home/chotaehyun/waver_ws/install/emcl2/share/emcl2/package.dsv
[50.122s] -- Symlinking: /home/chotaehyun/waver_ws/install/emcl2/share/ament_index/resource_index/packages/emcl2
[50.132s] -- Symlinking: /home/chotaehyun/waver_ws/install/emcl2/share/emcl2/cmake/ament_cmake_export_dependencies-extras.cmake
[50.141s] -- Symlinking: /home/chotaehyun/waver_ws/install/emcl2/share/emcl2/cmake/ament_cmake_export_include_directories-extras.cmake
[50.151s] -- Symlinking: /home/chotaehyun/waver_ws/install/emcl2/share/emcl2/cmake/emcl2Config.cmake
[50.160s] -- Symlinking: /home/chotaehyun/waver_ws/install/emcl2/share/emcl2/cmake/emcl2Config-version.cmake
[50.169s] -- Symlinking: /home/chotaehyun/waver_ws/install/emcl2/share/emcl2/package.xml
[50.182s] Invoked command in '/home/chotaehyun/waver_ws/build/emcl2' returned '0': CMAKE_PREFIX_PATH=/opt/ros/humble /usr/bin/cmake --install /home/chotaehyun/waver_ws/build/emcl2
