[0.871s] Invoking command in '/home/chotaehyun/waver_ws/build/rf2o_laser_odometry': CMAKE_PREFIX_PATH=${CMAKE_PREFIX_PATH}:/home/chotaehyun/waver_ws/install/ugv_web_app:/home/chotaehyun/waver_ws/install/ugv_vision:/home/chotaehyun/waver_ws/install/ugv_tools:/home/chotaehyun/waver_ws/install/ugv_chat_ai:/home/chotaehyun/waver_ws/install/ugv_bringup:/home/chotaehyun/waver_ws/install/my_waver_app:/opt/ros/humble /usr/bin/cmake --build /home/chotaehyun/waver_ws/build/rf2o_laser_odometry -- -j16 -l16
[1.839s] [ 40%] Built target rf2o_laser_odometry
[1.839s] [100%] Built target rf2o_laser_odometry_node
[1.896s] Invoked command in '/home/chotaehyun/waver_ws/build/rf2o_laser_odometry' returned '0': CMAKE_PREFIX_PATH=${CMAKE_PREFIX_PATH}:/home/chotaehyun/waver_ws/install/ugv_web_app:/home/chotaehyun/waver_ws/install/ugv_vision:/home/chotaehyun/waver_ws/install/ugv_tools:/home/chotaehyun/waver_ws/install/ugv_chat_ai:/home/chotaehyun/waver_ws/install/ugv_bringup:/home/chotaehyun/waver_ws/install/my_waver_app:/opt/ros/humble /usr/bin/cmake --build /home/chotaehyun/waver_ws/build/rf2o_laser_odometry -- -j16 -l16
[1.901s] Invoking command in '/home/chotaehyun/waver_ws/build/rf2o_laser_odometry': CMAKE_PREFIX_PATH=${CMAKE_PREFIX_PATH}:/home/chotaehyun/waver_ws/install/ugv_web_app:/home/chotaehyun/waver_ws/install/ugv_vision:/home/chotaehyun/waver_ws/install/ugv_tools:/home/chotaehyun/waver_ws/install/ugv_chat_ai:/home/chotaehyun/waver_ws/install/ugv_bringup:/home/chotaehyun/waver_ws/install/my_waver_app:/opt/ros/humble /usr/bin/cmake --install /home/chotaehyun/waver_ws/build/rf2o_laser_odometry
[2.044s] -- Install configuration: ""
[2.044s] -- Execute custom install script
[2.044s] -- Up-to-date symlink: /home/chotaehyun/waver_ws/install/rf2o_laser_odometry/lib/rf2o_laser_odometry/rf2o_laser_odometry_node
[2.044s] -- Up-to-date symlink: /home/chotaehyun/waver_ws/install/rf2o_laser_odometry/share/rf2o_laser_odometry/launch/rf2o_laser_odometry.launch.py
[2.044s] -- Up-to-date symlink: /home/chotaehyun/waver_ws/install/rf2o_laser_odometry/share/ament_index/resource_index/package_run_dependencies/rf2o_laser_odometry
[2.044s] -- Up-to-date symlink: /home/chotaehyun/waver_ws/install/rf2o_laser_odometry/share/ament_index/resource_index/parent_prefix_path/rf2o_laser_odometry
[2.044s] -- Up-to-date symlink: /home/chotaehyun/waver_ws/install/rf2o_laser_odometry/share/rf2o_laser_odometry/environment/ament_prefix_path.sh
[2.044s] -- Up-to-date symlink: /home/chotaehyun/waver_ws/install/rf2o_laser_odometry/share/rf2o_laser_odometry/environment/ament_prefix_path.dsv
[2.044s] -- Up-to-date symlink: /home/chotaehyun/waver_ws/install/rf2o_laser_odometry/share/rf2o_laser_odometry/environment/path.sh
[2.044s] -- Up-to-date symlink: /home/chotaehyun/waver_ws/install/rf2o_laser_odometry/share/rf2o_laser_odometry/environment/path.dsv
[2.044s] -- Up-to-date symlink: /home/chotaehyun/waver_ws/install/rf2o_laser_odometry/share/rf2o_laser_odometry/local_setup.bash
[2.044s] -- Up-to-date symlink: /home/chotaehyun/waver_ws/install/rf2o_laser_odometry/share/rf2o_laser_odometry/local_setup.sh
[2.044s] -- Up-to-date symlink: /home/chotaehyun/waver_ws/install/rf2o_laser_odometry/share/rf2o_laser_odometry/local_setup.zsh
[2.044s] -- Up-to-date symlink: /home/chotaehyun/waver_ws/install/rf2o_laser_odometry/share/rf2o_laser_odometry/local_setup.dsv
[2.045s] -- Symlinking: /home/chotaehyun/waver_ws/install/rf2o_laser_odometry/share/rf2o_laser_odometry/package.dsv
[2.060s] -- Up-to-date symlink: /home/chotaehyun/waver_ws/install/rf2o_laser_odometry/share/ament_index/resource_index/packages/rf2o_laser_odometry
[2.063s] -- Up-to-date symlink: /home/chotaehyun/waver_ws/install/rf2o_laser_odometry/share/rf2o_laser_odometry/cmake/rf2o_laser_odometryConfig.cmake
[2.067s] -- Up-to-date symlink: /home/chotaehyun/waver_ws/install/rf2o_laser_odometry/share/rf2o_laser_odometry/cmake/rf2o_laser_odometryConfig-version.cmake
[2.067s] -- Up-to-date symlink: /home/chotaehyun/waver_ws/install/rf2o_laser_odometry/share/rf2o_laser_odometry/package.xml
[2.340s] Invoked command in '/home/chotaehyun/waver_ws/build/rf2o_laser_odometry' returned '0': CMAKE_PREFIX_PATH=${CMAKE_PREFIX_PATH}:/home/chotaehyun/waver_ws/install/ugv_web_app:/home/chotaehyun/waver_ws/install/ugv_vision:/home/chotaehyun/waver_ws/install/ugv_tools:/home/chotaehyun/waver_ws/install/ugv_chat_ai:/home/chotaehyun/waver_ws/install/ugv_bringup:/home/chotaehyun/waver_ws/install/my_waver_app:/opt/ros/humble /usr/bin/cmake --install /home/chotaehyun/waver_ws/build/rf2o_laser_odometry
