[0.026s] Invoking command in '/home/chotaehyun/waver_ws/build/ugv_interface': CMAKE_PREFIX_PATH=/opt/ros/humble /usr/bin/cmake /home/chotaehyun/waver_ws/src/ugv_ws/src/ugv_main/ugv_interface -DAMENT_CMAKE_SYMLINK_INSTALL=1 -DCMAKE_INSTALL_PREFIX=/home/chotaehyun/waver_ws/install/ugv_interface
[1.398s] -- The C compiler identification is GNU 11.4.0
[1.398s] -- The CXX compiler identification is GNU 11.4.0
[1.398s] -- Detecting C compiler ABI info
[1.398s] -- Detecting C compiler ABI info - done
[1.398s] -- Check for working C compiler: /usr/bin/cc - skipped
[1.398s] -- Detecting C compile features
[1.398s] -- Detecting C compile features - done
[1.398s] -- Detecting CXX compiler ABI info
[1.398s] -- Detecting CXX compiler ABI info - done
[1.399s] -- Check for working CXX compiler: /usr/bin/c++ - skipped
[1.399s] -- Detecting CXX compile features
[1.399s] -- Detecting CXX compile features - done
[1.399s] -- Found ament_cmake: 1.3.14 (/opt/ros/humble/share/ament_cmake/cmake)
[2.045s] -- Found Python3: /usr/bin/python3 (found version "3.10.12") found components: Interpreter 
[2.298s] -- Override CMake install command with custom implementation using symlinks instead of copying resources
[2.481s] -- Found rosidl_default_generators: 1.2.0 (/opt/ros/humble/share/rosidl_default_generators/cmake)
[2.494s] -- Using all available rosidl_typesupport_c: rosidl_typesupport_fastrtps_c;rosidl_typesupport_introspection_c
[2.525s] -- Found rosidl_adapter: 3.1.8 (/opt/ros/humble/share/rosidl_adapter/cmake)
[2.683s] -- Using all available rosidl_typesupport_cpp: rosidl_typesupport_fastrtps_cpp;rosidl_typesupport_introspection_cpp
[3.912s] -- Found ament_cmake_ros: 0.10.0 (/opt/ros/humble/share/ament_cmake_ros/cmake)
[4.690s] -- Using all available rosidl_typesupport_c: rosidl_typesupport_fastrtps_c;rosidl_typesupport_introspection_c
[5.960s] -- Using all available rosidl_typesupport_cpp: rosidl_typesupport_fastrtps_cpp;rosidl_typesupport_introspection_cpp
[6.080s] -- Found PythonInterp: /usr/bin/python3 (found suitable version "3.10.12", minimum required is "3.6") 
[6.090s] -- Found python_cmake_module: 0.10.0 (/opt/ros/humble/share/python_cmake_module/cmake)
[6.256s] -- Found PythonLibs: /usr/lib/x86_64-linux-gnu/libpython3.10.so (found suitable version "3.10.12", minimum required is "3.5") 
[6.256s] -- Using PYTHON_EXECUTABLE: /usr/bin/python3
[6.256s] -- Using PYTHON_INCLUDE_DIRS: /usr/include/python3.10
[6.256s] -- Using PYTHON_LIBRARIES: /usr/lib/x86_64-linux-gnu/libpython3.10.so
[6.361s] -- Found PythonExtra: .so  
[6.570s] -- Found ament_lint_auto: 0.12.15 (/opt/ros/humble/share/ament_lint_auto/cmake)
[6.688s] -- Added test 'copyright' to check source files copyright and LICENSE
[6.693s] -- Added test 'lint_cmake' to check CMake code style
[6.696s] -- Added test 'xmllint' to check XML markup files
[6.712s] -- Configuring done
[6.851s] -- Generating done
[6.890s] -- Build files have been written to: /home/chotaehyun/waver_ws/build/ugv_interface
[6.924s] Invoked command in '/home/chotaehyun/waver_ws/build/ugv_interface' returned '0': CMAKE_PREFIX_PATH=/opt/ros/humble /usr/bin/cmake /home/chotaehyun/waver_ws/src/ugv_ws/src/ugv_main/ugv_interface -DAMENT_CMAKE_SYMLINK_INSTALL=1 -DCMAKE_INSTALL_PREFIX=/home/chotaehyun/waver_ws/install/ugv_interface
[6.924s] Invoking command in '/home/chotaehyun/waver_ws/build/ugv_interface': CMAKE_PREFIX_PATH=/opt/ros/humble /usr/bin/cmake --build /home/chotaehyun/waver_ws/build/ugv_interface -- -j16 -l16
[10.730s] [  2%] [34m[1mGenerating C code for ROS interfaces[0m
[10.730s] [  5%] [34m[1mGenerating C++ code for ROS interfaces[0m
[10.730s] [  5%] Built target ament_cmake_python_symlink_ugv_interface
[10.730s] running egg_info
[10.730s] creating ugv_interface.egg-info
[10.730s] writing ugv_interface.egg-info/PKG-INFO
[10.730s] writing dependency_links to ugv_interface.egg-info/dependency_links.txt
[10.730s] writing top-level names to ugv_interface.egg-info/top_level.txt
[10.730s] writing manifest file 'ugv_interface.egg-info/SOURCES.txt'
[10.730s] reading manifest file 'ugv_interface.egg-info/SOURCES.txt'
[10.730s] writing manifest file 'ugv_interface.egg-info/SOURCES.txt'
[10.731s] [  5%] Built target ament_cmake_python_build_ugv_interface_egg
[10.731s] [  5%] Built target ugv_interface__cpp
[10.731s] [  7%] [34m[1mGenerating C++ type support for eProsima Fast-RTPS[0m
[10.731s] [ 10%] [34m[1mGenerating C++ type support dispatch for ROS interfaces[0m
[10.731s] [ 12%] [34m[1mGenerating C++ introspection for ROS interfaces[0m
[10.731s] [ 15%] [32mBuilding C object CMakeFiles/ugv_interface__rosidl_generator_c.dir/rosidl_generator_c/ugv_interface/srv/detail/map_save__functions.c.o[0m
[10.731s] [ 17%] [32mBuilding C object CMakeFiles/ugv_interface__rosidl_generator_c.dir/rosidl_generator_c/ugv_interface/action/detail/behavior__functions.c.o[0m
[10.731s] [ 20%] [32m[1mLinking C shared library libugv_interface__rosidl_generator_c.so[0m
[10.731s] [ 20%] Built target ugv_interface__rosidl_generator_c
[10.738s] [ 23%] [34m[1mGenerating C type support for eProsima Fast-RTPS[0m
[10.738s] [ 25%] [34m[1mGenerating C introspection for ROS interfaces[0m
[10.738s] [ 28%] [34m[1mGenerating C type support dispatch for ROS interfaces[0m
[10.738s] [ 30%] [32mBuilding CXX object CMakeFiles/ugv_interface__rosidl_typesupport_introspection_cpp.dir/rosidl_typesupport_introspection_cpp/ugv_interface/srv/detail/map_save__type_support.cpp.o[0m
[10.739s] [ 33%] [32mBuilding CXX object CMakeFiles/ugv_interface__rosidl_typesupport_introspection_cpp.dir/rosidl_typesupport_introspection_cpp/ugv_interface/action/detail/behavior__type_support.cpp.o[0m
[10.740s] [ 35%] [32mBuilding CXX object CMakeFiles/ugv_interface__rosidl_typesupport_cpp.dir/rosidl_typesupport_cpp/ugv_interface/srv/map_save__type_support.cpp.o[0m
[10.753s] [ 38%] [32mBuilding CXX object CMakeFiles/ugv_interface__rosidl_typesupport_cpp.dir/rosidl_typesupport_cpp/ugv_interface/action/behavior__type_support.cpp.o[0m
[11.054s] [ 41%] [32mBuilding CXX object CMakeFiles/ugv_interface__rosidl_typesupport_c.dir/rosidl_typesupport_c/ugv_interface/srv/map_save__type_support.cpp.o[0m
[11.057s] [ 43%] [32mBuilding CXX object CMakeFiles/ugv_interface__rosidl_typesupport_c.dir/rosidl_typesupport_c/ugv_interface/action/behavior__type_support.cpp.o[0m
[11.134s] [ 46%] [32mBuilding CXX object CMakeFiles/ugv_interface__rosidl_typesupport_fastrtps_cpp.dir/rosidl_typesupport_fastrtps_cpp/ugv_interface/srv/detail/dds_fastrtps/map_save__type_support.cpp.o[0m
[11.144s] [ 48%] [32mBuilding CXX object CMakeFiles/ugv_interface__rosidl_typesupport_fastrtps_cpp.dir/rosidl_typesupport_fastrtps_cpp/ugv_interface/action/detail/dds_fastrtps/behavior__type_support.cpp.o[0m
[11.321s] [ 51%] [32m[1mLinking CXX shared library libugv_interface__rosidl_typesupport_c.so[0m
[11.567s] [ 51%] Built target ugv_interface__rosidl_typesupport_c
[12.041s] [ 53%] [32mBuilding CXX object CMakeFiles/ugv_interface__rosidl_typesupport_fastrtps_c.dir/rosidl_typesupport_fastrtps_c/ugv_interface/srv/detail/map_save__type_support_c.cpp.o[0m
[12.063s] [ 56%] [32mBuilding CXX object CMakeFiles/ugv_interface__rosidl_typesupport_fastrtps_c.dir/rosidl_typesupport_fastrtps_c/ugv_interface/action/detail/behavior__type_support_c.cpp.o[0m
[12.348s] [ 58%] [32mBuilding C object CMakeFiles/ugv_interface__rosidl_typesupport_introspection_c.dir/rosidl_typesupport_introspection_c/ugv_interface/srv/detail/map_save__type_support.c.o[0m
[12.378s] [ 61%] [32mBuilding C object CMakeFiles/ugv_interface__rosidl_typesupport_introspection_c.dir/rosidl_typesupport_introspection_c/ugv_interface/action/detail/behavior__type_support.c.o[0m
[12.446s] [ 64%] [32m[1mLinking CXX shared library libugv_interface__rosidl_typesupport_introspection_cpp.so[0m
[12.603s] [ 66%] [32m[1mLinking C shared library libugv_interface__rosidl_typesupport_introspection_c.so[0m
[12.713s] [ 69%] [32m[1mLinking CXX shared library libugv_interface__rosidl_typesupport_cpp.so[0m
[12.727s] [ 69%] Built target ugv_interface__rosidl_typesupport_introspection_c
[12.760s] [ 69%] Built target ugv_interface__rosidl_typesupport_introspection_cpp
[12.864s] [ 69%] Built target ugv_interface__rosidl_typesupport_cpp
[13.052s] [ 71%] [32m[1mLinking CXX shared library libugv_interface__rosidl_typesupport_fastrtps_cpp.so[0m
[13.348s] [ 74%] [32m[1mLinking CXX shared library libugv_interface__rosidl_typesupport_fastrtps_c.so[0m
[13.355s] [ 74%] Built target ugv_interface__rosidl_typesupport_fastrtps_cpp
[13.718s] [ 74%] Built target ugv_interface__rosidl_typesupport_fastrtps_c
[13.796s] [ 74%] Built target ugv_interface
[13.857s] [ 76%] [34m[1mGenerating Python code for ROS interfaces[0m
[16.062s] [ 76%] Built target ugv_interface__py
[16.118s] [ 79%] [32mBuilding C object CMakeFiles/ugv_interface__rosidl_generator_py.dir/rosidl_generator_py/ugv_interface/action/_behavior_s.c.o[0m
[16.121s] [ 82%] [32mBuilding C object CMakeFiles/ugv_interface__rosidl_generator_py.dir/rosidl_generator_py/ugv_interface/srv/_map_save_s.c.o[0m
[16.397s] [ 84%] [32m[1mLinking C shared library rosidl_generator_py/ugv_interface/libugv_interface__rosidl_generator_py.so[0m
[16.581s] [ 84%] Built target ugv_interface__rosidl_generator_py
[16.652s] [ 87%] [32mBuilding C object CMakeFiles/ugv_interface__rosidl_typesupport_c__pyext.dir/rosidl_generator_py/ugv_interface/_ugv_interface_s.ep.rosidl_typesupport_c.c.o[0m
[16.656s] [ 89%] [32mBuilding C object CMakeFiles/ugv_interface__rosidl_typesupport_introspection_c__pyext.dir/rosidl_generator_py/ugv_interface/_ugv_interface_s.ep.rosidl_typesupport_introspection_c.c.o[0m
[16.660s] [ 92%] [32mBuilding C object CMakeFiles/ugv_interface__rosidl_typesupport_fastrtps_c__pyext.dir/rosidl_generator_py/ugv_interface/_ugv_interface_s.ep.rosidl_typesupport_fastrtps_c.c.o[0m
[16.911s] [ 94%] [32m[1mLinking C shared library rosidl_generator_py/ugv_interface/ugv_interface_s__rosidl_typesupport_fastrtps_c.cpython-310-x86_64-linux-gnu.so[0m
[16.944s] [ 97%] [32m[1mLinking C shared library rosidl_generator_py/ugv_interface/ugv_interface_s__rosidl_typesupport_introspection_c.cpython-310-x86_64-linux-gnu.so[0m
[17.074s] [ 97%] Built target ugv_interface__rosidl_typesupport_fastrtps_c__pyext
[17.090s] [100%] [32m[1mLinking C shared library rosidl_generator_py/ugv_interface/ugv_interface_s__rosidl_typesupport_c.cpython-310-x86_64-linux-gnu.so[0m
[17.090s] [100%] Built target ugv_interface__rosidl_typesupport_introspection_c__pyext
[17.180s] [100%] Built target ugv_interface__rosidl_typesupport_c__pyext
[17.223s] Invoked command in '/home/chotaehyun/waver_ws/build/ugv_interface' returned '0': CMAKE_PREFIX_PATH=/opt/ros/humble /usr/bin/cmake --build /home/chotaehyun/waver_ws/build/ugv_interface -- -j16 -l16
[17.224s] Invoking command in '/home/chotaehyun/waver_ws/build/ugv_interface': CMAKE_PREFIX_PATH=/opt/ros/humble /usr/bin/cmake --install /home/chotaehyun/waver_ws/build/ugv_interface
[18.693s] -- Install configuration: ""
[18.693s] -- Execute custom install script
[18.693s] -- Symlinking: /home/chotaehyun/waver_ws/install/ugv_interface/share/ament_index/resource_index/rosidl_interfaces/ugv_interface
[18.693s] -- Symlinking: /home/chotaehyun/waver_ws/install/ugv_interface/include/ugv_interface/ugv_interface/action/behavior.h
[18.693s] -- Symlinking: /home/chotaehyun/waver_ws/install/ugv_interface/include/ugv_interface/ugv_interface/action/detail/behavior__functions.h
[18.693s] -- Symlinking: /home/chotaehyun/waver_ws/install/ugv_interface/include/ugv_interface/ugv_interface/action/detail/behavior__struct.h
[18.693s] -- Symlinking: /home/chotaehyun/waver_ws/install/ugv_interface/include/ugv_interface/ugv_interface/action/detail/behavior__type_support.h
[18.693s] -- Symlinking: /home/chotaehyun/waver_ws/install/ugv_interface/include/ugv_interface/ugv_interface/msg/rosidl_generator_c__visibility_control.h
[18.693s] -- Symlinking: /home/chotaehyun/waver_ws/install/ugv_interface/include/ugv_interface/ugv_interface/srv/detail/map_save__functions.h
[18.693s] -- Symlinking: /home/chotaehyun/waver_ws/install/ugv_interface/include/ugv_interface/ugv_interface/srv/detail/map_save__struct.h
[18.694s] -- Symlinking: /home/chotaehyun/waver_ws/install/ugv_interface/include/ugv_interface/ugv_interface/srv/detail/map_save__type_support.h
[18.694s] -- Symlinking: /home/chotaehyun/waver_ws/install/ugv_interface/include/ugv_interface/ugv_interface/srv/map_save.h
[18.694s] -- Symlinking: /home/chotaehyun/waver_ws/install/ugv_interface/share/ugv_interface/environment/library_path.sh
[18.694s] -- Symlinking: /home/chotaehyun/waver_ws/install/ugv_interface/share/ugv_interface/environment/library_path.dsv
[18.694s] -- Symlinking: /home/chotaehyun/waver_ws/install/ugv_interface/include/ugv_interface/ugv_interface/action/detail/behavior__rosidl_typesupport_fastrtps_c.h
[18.694s] -- Symlinking: /home/chotaehyun/waver_ws/install/ugv_interface/include/ugv_interface/ugv_interface/msg/rosidl_typesupport_fastrtps_c__visibility_control.h
[18.694s] -- Symlinking: /home/chotaehyun/waver_ws/install/ugv_interface/include/ugv_interface/ugv_interface/srv/detail/map_save__rosidl_typesupport_fastrtps_c.h
[18.694s] -- Symlinking: /home/chotaehyun/waver_ws/install/ugv_interface/include/ugv_interface/ugv_interface/action/detail/behavior__rosidl_typesupport_introspection_c.h
[18.694s] -- Symlinking: /home/chotaehyun/waver_ws/install/ugv_interface/include/ugv_interface/ugv_interface/msg/rosidl_typesupport_introspection_c__visibility_control.h
[18.694s] -- Symlinking: /home/chotaehyun/waver_ws/install/ugv_interface/include/ugv_interface/ugv_interface/srv/detail/map_save__rosidl_typesupport_introspection_c.h
[18.698s] -- Symlinking: /home/chotaehyun/waver_ws/install/ugv_interface/include/ugv_interface/ugv_interface/action/behavior.hpp
[18.698s] -- Symlinking: /home/chotaehyun/waver_ws/install/ugv_interface/include/ugv_interface/ugv_interface/action/detail/behavior__builder.hpp
[18.699s] -- Symlinking: /home/chotaehyun/waver_ws/install/ugv_interface/include/ugv_interface/ugv_interface/action/detail/behavior__struct.hpp
[18.699s] -- Symlinking: /home/chotaehyun/waver_ws/install/ugv_interface/include/ugv_interface/ugv_interface/action/detail/behavior__traits.hpp
[18.699s] -- Symlinking: /home/chotaehyun/waver_ws/install/ugv_interface/include/ugv_interface/ugv_interface/action/detail/behavior__type_support.hpp
[18.699s] -- Symlinking: /home/chotaehyun/waver_ws/install/ugv_interface/include/ugv_interface/ugv_interface/msg/rosidl_generator_cpp__visibility_control.hpp
[18.699s] -- Symlinking: /home/chotaehyun/waver_ws/install/ugv_interface/include/ugv_interface/ugv_interface/srv/detail/map_save__builder.hpp
[18.699s] -- Symlinking: /home/chotaehyun/waver_ws/install/ugv_interface/include/ugv_interface/ugv_interface/srv/detail/map_save__struct.hpp
[18.699s] -- Symlinking: /home/chotaehyun/waver_ws/install/ugv_interface/include/ugv_interface/ugv_interface/srv/detail/map_save__traits.hpp
[18.699s] -- Symlinking: /home/chotaehyun/waver_ws/install/ugv_interface/include/ugv_interface/ugv_interface/srv/detail/map_save__type_support.hpp
[18.699s] -- Symlinking: /home/chotaehyun/waver_ws/install/ugv_interface/include/ugv_interface/ugv_interface/srv/map_save.hpp
[18.699s] -- Symlinking: /home/chotaehyun/waver_ws/install/ugv_interface/include/ugv_interface/ugv_interface/action/detail/behavior__rosidl_typesupport_fastrtps_cpp.hpp
[18.699s] -- Symlinking: /home/chotaehyun/waver_ws/install/ugv_interface/include/ugv_interface/ugv_interface/msg/rosidl_typesupport_fastrtps_cpp__visibility_control.h
[18.699s] -- Symlinking: /home/chotaehyun/waver_ws/install/ugv_interface/include/ugv_interface/ugv_interface/srv/detail/map_save__rosidl_typesupport_fastrtps_cpp.hpp
[18.699s] -- Symlinking: /home/chotaehyun/waver_ws/install/ugv_interface/include/ugv_interface/ugv_interface/action/detail/behavior__rosidl_typesupport_introspection_cpp.hpp
[18.699s] -- Symlinking: /home/chotaehyun/waver_ws/install/ugv_interface/include/ugv_interface/ugv_interface/srv/detail/map_save__rosidl_typesupport_introspection_cpp.hpp
[18.700s] -- Symlinking: /home/chotaehyun/waver_ws/install/ugv_interface/share/ugv_interface/environment/pythonpath.sh
[18.700s] -- Symlinking: /home/chotaehyun/waver_ws/install/ugv_interface/share/ugv_interface/environment/pythonpath.dsv
[18.700s] -- Symlinking: /home/chotaehyun/waver_ws/install/ugv_interface/local/lib/python3.10/dist-packages/ugv_interface-0.0.0-py3.10.egg-info/PKG-INFO
[18.700s] -- Symlinking: /home/chotaehyun/waver_ws/install/ugv_interface/local/lib/python3.10/dist-packages/ugv_interface-0.0.0-py3.10.egg-info/SOURCES.txt
[18.700s] -- Symlinking: /home/chotaehyun/waver_ws/install/ugv_interface/local/lib/python3.10/dist-packages/ugv_interface-0.0.0-py3.10.egg-info/dependency_links.txt
[18.700s] -- Symlinking: /home/chotaehyun/waver_ws/install/ugv_interface/local/lib/python3.10/dist-packages/ugv_interface-0.0.0-py3.10.egg-info/top_level.txt
[18.700s] -- Symlinking: /home/chotaehyun/waver_ws/install/ugv_interface/local/lib/python3.10/dist-packages/ugv_interface/__init__.py
[18.700s] -- Symlinking: /home/chotaehyun/waver_ws/install/ugv_interface/local/lib/python3.10/dist-packages/ugv_interface/_ugv_interface_s.ep.rosidl_typesupport_c.c
[18.700s] -- Symlinking: /home/chotaehyun/waver_ws/install/ugv_interface/local/lib/python3.10/dist-packages/ugv_interface/_ugv_interface_s.ep.rosidl_typesupport_fastrtps_c.c
[18.700s] -- Symlinking: /home/chotaehyun/waver_ws/install/ugv_interface/local/lib/python3.10/dist-packages/ugv_interface/_ugv_interface_s.ep.rosidl_typesupport_introspection_c.c
[18.700s] -- Symlinking: /home/chotaehyun/waver_ws/install/ugv_interface/local/lib/python3.10/dist-packages/ugv_interface/action/__init__.py
[18.700s] -- Symlinking: /home/chotaehyun/waver_ws/install/ugv_interface/local/lib/python3.10/dist-packages/ugv_interface/action/_behavior.py
[18.700s] -- Symlinking: /home/chotaehyun/waver_ws/install/ugv_interface/local/lib/python3.10/dist-packages/ugv_interface/action/_behavior_s.c
[18.700s] -- Symlinking: /home/chotaehyun/waver_ws/install/ugv_interface/local/lib/python3.10/dist-packages/ugv_interface/libugv_interface__rosidl_generator_py.so
[18.700s] -- Symlinking: /home/chotaehyun/waver_ws/install/ugv_interface/local/lib/python3.10/dist-packages/ugv_interface/srv/__init__.py
[18.700s] -- Symlinking: /home/chotaehyun/waver_ws/install/ugv_interface/local/lib/python3.10/dist-packages/ugv_interface/srv/_map_save.py
[18.701s] -- Symlinking: /home/chotaehyun/waver_ws/install/ugv_interface/local/lib/python3.10/dist-packages/ugv_interface/srv/_map_save_s.c
[18.701s] -- Symlinking: /home/chotaehyun/waver_ws/install/ugv_interface/local/lib/python3.10/dist-packages/ugv_interface/ugv_interface_s__rosidl_typesupport_c.cpython-310-x86_64-linux-gnu.so
[18.701s] -- Symlinking: /home/chotaehyun/waver_ws/install/ugv_interface/local/lib/python3.10/dist-packages/ugv_interface/ugv_interface_s__rosidl_typesupport_fastrtps_c.cpython-310-x86_64-linux-gnu.so
[18.701s] -- Symlinking: /home/chotaehyun/waver_ws/install/ugv_interface/local/lib/python3.10/dist-packages/ugv_interface/ugv_interface_s__rosidl_typesupport_introspection_c.cpython-310-x86_64-linux-gnu.so
[18.701s] -- Up-to-date symlink: /home/chotaehyun/waver_ws/install/ugv_interface/local/lib/python3.10/dist-packages/ugv_interface/ugv_interface_s__rosidl_typesupport_fastrtps_c.cpython-310-x86_64-linux-gnu.so
[18.701s] -- Up-to-date symlink: /home/chotaehyun/waver_ws/install/ugv_interface/local/lib/python3.10/dist-packages/ugv_interface/ugv_interface_s__rosidl_typesupport_introspection_c.cpython-310-x86_64-linux-gnu.so
[18.701s] -- Up-to-date symlink: /home/chotaehyun/waver_ws/install/ugv_interface/local/lib/python3.10/dist-packages/ugv_interface/ugv_interface_s__rosidl_typesupport_c.cpython-310-x86_64-linux-gnu.so
[18.701s] -- Symlinking: /home/chotaehyun/waver_ws/install/ugv_interface/share/ugv_interface/srv/MapSave.idl
[18.701s] -- Symlinking: /home/chotaehyun/waver_ws/install/ugv_interface/share/ugv_interface/action/Behavior.idl
[18.707s] -- Symlinking: /home/chotaehyun/waver_ws/install/ugv_interface/share/ugv_interface/srv/MapSave.srv
[18.736s] -- Symlinking: /home/chotaehyun/waver_ws/install/ugv_interface/share/ugv_interface/srv/MapSave_Request.msg
[18.754s] -- Symlinking: /home/chotaehyun/waver_ws/install/ugv_interface/share/ugv_interface/srv/MapSave_Response.msg
[18.772s] -- Symlinking: /home/chotaehyun/waver_ws/install/ugv_interface/share/ugv_interface/action/Behavior.action
[18.791s] -- Up-to-date symlink: /home/chotaehyun/waver_ws/install/ugv_interface/share/ugv_interface/srv/MapSave.srv
[18.791s] -- Up-to-date symlink: /home/chotaehyun/waver_ws/install/ugv_interface/share/ugv_interface/action/Behavior.action
[18.792s] -- Symlinking: /home/chotaehyun/waver_ws/install/ugv_interface/share/ament_index/resource_index/package_run_dependencies/ugv_interface
[18.810s] -- Symlinking: /home/chotaehyun/waver_ws/install/ugv_interface/share/ament_index/resource_index/parent_prefix_path/ugv_interface
[18.825s] -- Symlinking: /home/chotaehyun/waver_ws/install/ugv_interface/share/ugv_interface/environment/ament_prefix_path.sh
[18.843s] -- Symlinking: /home/chotaehyun/waver_ws/install/ugv_interface/share/ugv_interface/environment/ament_prefix_path.dsv
[18.859s] -- Symlinking: /home/chotaehyun/waver_ws/install/ugv_interface/share/ugv_interface/environment/path.sh
[18.877s] -- Symlinking: /home/chotaehyun/waver_ws/install/ugv_interface/share/ugv_interface/environment/path.dsv
[18.892s] -- Symlinking: /home/chotaehyun/waver_ws/install/ugv_interface/share/ugv_interface/local_setup.bash
[18.910s] -- Symlinking: /home/chotaehyun/waver_ws/install/ugv_interface/share/ugv_interface/local_setup.sh
[18.927s] -- Symlinking: /home/chotaehyun/waver_ws/install/ugv_interface/share/ugv_interface/local_setup.zsh
[18.942s] -- Symlinking: /home/chotaehyun/waver_ws/install/ugv_interface/share/ugv_interface/local_setup.dsv
[18.958s] -- Symlinking: /home/chotaehyun/waver_ws/install/ugv_interface/share/ugv_interface/package.dsv
[18.975s] -- Symlinking: /home/chotaehyun/waver_ws/install/ugv_interface/share/ament_index/resource_index/packages/ugv_interface
[18.996s] -- Symlinking: /home/chotaehyun/waver_ws/install/ugv_interface/share/ugv_interface/cmake/rosidl_cmake-extras.cmake
[19.013s] -- Symlinking: /home/chotaehyun/waver_ws/install/ugv_interface/share/ugv_interface/cmake/ament_cmake_export_dependencies-extras.cmake
[19.039s] -- Symlinking: /home/chotaehyun/waver_ws/install/ugv_interface/share/ugv_interface/cmake/ament_cmake_export_include_directories-extras.cmake
[19.054s] -- Symlinking: /home/chotaehyun/waver_ws/install/ugv_interface/share/ugv_interface/cmake/ament_cmake_export_libraries-extras.cmake
[19.072s] -- Symlinking: /home/chotaehyun/waver_ws/install/ugv_interface/share/ugv_interface/cmake/ament_cmake_export_targets-extras.cmake
[19.092s] -- Symlinking: /home/chotaehyun/waver_ws/install/ugv_interface/share/ugv_interface/cmake/rosidl_cmake_export_typesupport_targets-extras.cmake
[19.116s] -- Symlinking: /home/chotaehyun/waver_ws/install/ugv_interface/share/ugv_interface/cmake/rosidl_cmake_export_typesupport_libraries-extras.cmake
[19.129s] -- Symlinking: /home/chotaehyun/waver_ws/install/ugv_interface/share/ugv_interface/cmake/ugv_interfaceConfig.cmake
[19.146s] -- Symlinking: /home/chotaehyun/waver_ws/install/ugv_interface/share/ugv_interface/cmake/ugv_interfaceConfig-version.cmake
[19.170s] -- Symlinking: /home/chotaehyun/waver_ws/install/ugv_interface/share/ugv_interface/package.xml
[19.190s] -- Installing: /home/chotaehyun/waver_ws/install/ugv_interface/lib/libugv_interface__rosidl_generator_c.so
[19.191s] -- Set runtime path of "/home/chotaehyun/waver_ws/install/ugv_interface/lib/libugv_interface__rosidl_generator_c.so" to ""
[19.191s] -- Installing: /home/chotaehyun/waver_ws/install/ugv_interface/lib/libugv_interface__rosidl_typesupport_fastrtps_c.so
[19.192s] -- Set runtime path of "/home/chotaehyun/waver_ws/install/ugv_interface/lib/libugv_interface__rosidl_typesupport_fastrtps_c.so" to ""
[19.192s] -- Installing: /home/chotaehyun/waver_ws/install/ugv_interface/lib/libugv_interface__rosidl_typesupport_introspection_c.so
[19.196s] -- Set runtime path of "/home/chotaehyun/waver_ws/install/ugv_interface/lib/libugv_interface__rosidl_typesupport_introspection_c.so" to ""
[19.197s] -- Installing: /home/chotaehyun/waver_ws/install/ugv_interface/lib/libugv_interface__rosidl_typesupport_c.so
[19.197s] -- Set runtime path of "/home/chotaehyun/waver_ws/install/ugv_interface/lib/libugv_interface__rosidl_typesupport_c.so" to ""
[19.197s] -- Installing: /home/chotaehyun/waver_ws/install/ugv_interface/lib/libugv_interface__rosidl_typesupport_fastrtps_cpp.so
[19.200s] -- Set runtime path of "/home/chotaehyun/waver_ws/install/ugv_interface/lib/libugv_interface__rosidl_typesupport_fastrtps_cpp.so" to ""
[19.201s] -- Installing: /home/chotaehyun/waver_ws/install/ugv_interface/lib/libugv_interface__rosidl_typesupport_introspection_cpp.so
[19.201s] -- Set runtime path of "/home/chotaehyun/waver_ws/install/ugv_interface/lib/libugv_interface__rosidl_typesupport_introspection_cpp.so" to ""
[19.201s] -- Installing: /home/chotaehyun/waver_ws/install/ugv_interface/lib/libugv_interface__rosidl_typesupport_cpp.so
[19.202s] -- Set runtime path of "/home/chotaehyun/waver_ws/install/ugv_interface/lib/libugv_interface__rosidl_typesupport_cpp.so" to ""
[19.295s] Listing '/home/chotaehyun/waver_ws/install/ugv_interface/local/lib/python3.10/dist-packages/ugv_interface'...
[19.295s] Compiling '/home/chotaehyun/waver_ws/install/ugv_interface/local/lib/python3.10/dist-packages/ugv_interface/__init__.py'...
[19.295s] Listing '/home/chotaehyun/waver_ws/install/ugv_interface/local/lib/python3.10/dist-packages/ugv_interface/action'...
[19.295s] Compiling '/home/chotaehyun/waver_ws/install/ugv_interface/local/lib/python3.10/dist-packages/ugv_interface/action/__init__.py'...
[19.295s] Compiling '/home/chotaehyun/waver_ws/install/ugv_interface/local/lib/python3.10/dist-packages/ugv_interface/action/_behavior.py'...
[19.295s] Listing '/home/chotaehyun/waver_ws/install/ugv_interface/local/lib/python3.10/dist-packages/ugv_interface/srv'...
[19.295s] Compiling '/home/chotaehyun/waver_ws/install/ugv_interface/local/lib/python3.10/dist-packages/ugv_interface/srv/__init__.py'...
[19.295s] Compiling '/home/chotaehyun/waver_ws/install/ugv_interface/local/lib/python3.10/dist-packages/ugv_interface/srv/_map_save.py'...
[19.299s] -- Installing: /home/chotaehyun/waver_ws/install/ugv_interface/lib/libugv_interface__rosidl_generator_py.so
[19.302s] -- Set runtime path of "/home/chotaehyun/waver_ws/install/ugv_interface/lib/libugv_interface__rosidl_generator_py.so" to ""
[19.302s] -- Installing: /home/chotaehyun/waver_ws/install/ugv_interface/share/ugv_interface/cmake/export_ugv_interface__rosidl_generator_cExport.cmake
[19.302s] -- Installing: /home/chotaehyun/waver_ws/install/ugv_interface/share/ugv_interface/cmake/export_ugv_interface__rosidl_generator_cExport-noconfig.cmake
[19.302s] -- Installing: /home/chotaehyun/waver_ws/install/ugv_interface/share/ugv_interface/cmake/export_ugv_interface__rosidl_typesupport_fastrtps_cExport.cmake
[19.302s] -- Installing: /home/chotaehyun/waver_ws/install/ugv_interface/share/ugv_interface/cmake/export_ugv_interface__rosidl_typesupport_fastrtps_cExport-noconfig.cmake
[19.306s] -- Installing: /home/chotaehyun/waver_ws/install/ugv_interface/share/ugv_interface/cmake/ugv_interface__rosidl_typesupport_introspection_cExport.cmake
[19.306s] -- Installing: /home/chotaehyun/waver_ws/install/ugv_interface/share/ugv_interface/cmake/ugv_interface__rosidl_typesupport_introspection_cExport-noconfig.cmake
[19.307s] -- Installing: /home/chotaehyun/waver_ws/install/ugv_interface/share/ugv_interface/cmake/ugv_interface__rosidl_typesupport_cExport.cmake
[19.307s] -- Installing: /home/chotaehyun/waver_ws/install/ugv_interface/share/ugv_interface/cmake/ugv_interface__rosidl_typesupport_cExport-noconfig.cmake
[19.307s] -- Installing: /home/chotaehyun/waver_ws/install/ugv_interface/share/ugv_interface/cmake/export_ugv_interface__rosidl_generator_cppExport.cmake
[19.307s] -- Installing: /home/chotaehyun/waver_ws/install/ugv_interface/share/ugv_interface/cmake/export_ugv_interface__rosidl_typesupport_fastrtps_cppExport.cmake
[19.307s] -- Installing: /home/chotaehyun/waver_ws/install/ugv_interface/share/ugv_interface/cmake/export_ugv_interface__rosidl_typesupport_fastrtps_cppExport-noconfig.cmake
[19.307s] -- Installing: /home/chotaehyun/waver_ws/install/ugv_interface/share/ugv_interface/cmake/ugv_interface__rosidl_typesupport_introspection_cppExport.cmake
[19.310s] -- Installing: /home/chotaehyun/waver_ws/install/ugv_interface/share/ugv_interface/cmake/ugv_interface__rosidl_typesupport_introspection_cppExport-noconfig.cmake
[19.310s] -- Installing: /home/chotaehyun/waver_ws/install/ugv_interface/share/ugv_interface/cmake/ugv_interface__rosidl_typesupport_cppExport.cmake
[19.310s] -- Installing: /home/chotaehyun/waver_ws/install/ugv_interface/share/ugv_interface/cmake/ugv_interface__rosidl_typesupport_cppExport-noconfig.cmake
[19.310s] -- Installing: /home/chotaehyun/waver_ws/install/ugv_interface/share/ugv_interface/cmake/export_ugv_interface__rosidl_generator_pyExport.cmake
[19.310s] -- Installing: /home/chotaehyun/waver_ws/install/ugv_interface/share/ugv_interface/cmake/export_ugv_interface__rosidl_generator_pyExport-noconfig.cmake
[19.339s] Invoked command in '/home/chotaehyun/waver_ws/build/ugv_interface' returned '0': CMAKE_PREFIX_PATH=/opt/ros/humble /usr/bin/cmake --install /home/chotaehyun/waver_ws/build/ugv_interface
