[  2%] Built target ugv_interface__cpp
[ 12%] Built target ugv_interface__rosidl_generator_c
[ 12%] Built target ament_cmake_python_symlink_ugv_interface
[ 23%] Built target ugv_interface__rosidl_typesupport_cpp
[ 33%] Built target ugv_interface__rosidl_typesupport_introspection_c
[ 43%] Built target ugv_interface__rosidl_typesupport_fastrtps_cpp
[ 53%] Built target ugv_interface__rosidl_typesupport_introspection_cpp
[ 66%] Built target ugv_interface__rosidl_typesupport_c
[ 74%] Built target ugv_interface__rosidl_typesupport_fastrtps_c
[ 74%] Built target ugv_interface
[ 76%] Built target ugv_interface__py
[ 84%] Built target ugv_interface__rosidl_generator_py
[ 94%] Built target ugv_interface__rosidl_typesupport_c__pyext
[ 94%] Built target ugv_interface__rosidl_typesupport_fastrtps_c__pyext
[100%] Built target ugv_interface__rosidl_typesupport_introspection_c__pyext
running egg_info
writing ugv_interface.egg-info/PKG-INFO
writing dependency_links to ugv_interface.egg-info/dependency_links.txt
writing top-level names to ugv_interface.egg-info/top_level.txt
reading manifest file 'ugv_interface.egg-info/SOURCES.txt'
writing manifest file 'ugv_interface.egg-info/SOURCES.txt'
[100%] Built target ament_cmake_python_build_ugv_interface_egg
