[0.185s] Invoking command in '/home/chotaehyun/waver_ws/build/ugv_interface': CMAKE_PREFIX_PATH=${CMAKE_PREFIX_PATH}:/home/chotaehyun/waver_ws/install/ugv_web_app:/home/chotaehyun/waver_ws/install/ugv_vision:/home/chotaehyun/waver_ws/install/ugv_tools:/home/chotaehyun/waver_ws/install/ugv_chat_ai:/home/chotaehyun/waver_ws/install/ugv_bringup:/home/chotaehyun/waver_ws/install/my_waver_app:/opt/ros/humble /usr/bin/cmake --build /home/chotaehyun/waver_ws/build/ugv_interface -- -j16 -l16
[1.024s] [  2%] Built target ugv_interface__cpp
[1.024s] [ 12%] Built target ugv_interface__rosidl_generator_c
[1.024s] [ 12%] Built target ament_cmake_python_symlink_ugv_interface
[1.024s] [ 23%] Built target ugv_interface__rosidl_typesupport_cpp
[1.024s] [ 33%] Built target ugv_interface__rosidl_typesupport_introspection_c
[1.025s] [ 43%] Built target ugv_interface__rosidl_typesupport_fastrtps_cpp
[1.025s] [ 53%] Built target ugv_interface__rosidl_typesupport_introspection_cpp
[1.025s] [ 66%] Built target ugv_interface__rosidl_typesupport_c
[1.025s] [ 74%] Built target ugv_interface__rosidl_typesupport_fastrtps_c
[1.025s] [ 74%] Built target ugv_interface
[1.025s] [ 76%] Built target ugv_interface__py
[1.025s] [ 84%] Built target ugv_interface__rosidl_generator_py
[1.025s] [ 94%] Built target ugv_interface__rosidl_typesupport_c__pyext
[1.025s] [ 94%] Built target ugv_interface__rosidl_typesupport_fastrtps_c__pyext
[1.025s] [100%] Built target ugv_interface__rosidl_typesupport_introspection_c__pyext
[1.026s] running egg_info
[1.026s] writing ugv_interface.egg-info/PKG-INFO
[1.026s] writing dependency_links to ugv_interface.egg-info/dependency_links.txt
[1.026s] writing top-level names to ugv_interface.egg-info/top_level.txt
[1.026s] reading manifest file 'ugv_interface.egg-info/SOURCES.txt'
[1.026s] writing manifest file 'ugv_interface.egg-info/SOURCES.txt'
[1.026s] [100%] Built target ament_cmake_python_build_ugv_interface_egg
