[1.322s] Invoking command in '/home/chotaehyun/waver_ws/build/teb_msgs': AMENT_PREFIX_PATH=/home/chotaehyun/waver_ws/install/costmap_converter_msgs:${AMENT_PREFIX_PATH} CMAKE_PREFIX_PATH=/home/chotaehyun/waver_ws/install/costmap_converter_msgs:/opt/ros/humble LD_LIBRARY_PATH=/home/chotaehyun/waver_ws/install/costmap_converter_msgs/lib:${LD_LIBRARY_PATH} PYTHONPATH=/home/chotaehyun/waver_ws/install/costmap_converter_msgs/local/lib/python3.10/dist-packages:${PYTHONPATH} /usr/bin/cmake --build /home/chotaehyun/waver_ws/build/teb_msgs -- -j16 -l16
[1.466s] [ 10%] Built target teb_msgs__rosidl_generator_c
[1.484s] [ 12%] Built target teb_msgs__cpp
[1.491s] [ 12%] Built target ament_cmake_python_symlink_teb_msgs
[1.549s] [ 23%] Built target teb_msgs__rosidl_typesupport_fastrtps_c
[1.559s] [ 34%] Built target teb_msgs__rosidl_typesupport_introspection_c
[1.559s] [ 44%] Built target teb_msgs__rosidl_typesupport_c
[1.565s] [ 55%] Built target teb_msgs__rosidl_typesupport_introspection_cpp
[1.578s] [ 65%] Built target teb_msgs__rosidl_typesupport_cpp
[1.578s] [ 76%] Built target teb_msgs__rosidl_typesupport_fastrtps_cpp
[1.619s] [ 76%] Built target teb_msgs
[1.665s] [ 78%] Built target teb_msgs__py
[1.756s] [ 87%] Built target teb_msgs__rosidl_generator_py
[1.792s] [ 91%] Built target teb_msgs__rosidl_typesupport_fastrtps_c__pyext
[1.802s] [ 95%] Built target teb_msgs__rosidl_typesupport_introspection_c__pyext
[1.814s] [100%] Built target teb_msgs__rosidl_typesupport_c__pyext
[2.086s] running egg_info
[2.086s] writing teb_msgs.egg-info/PKG-INFO
[2.086s] writing dependency_links to teb_msgs.egg-info/dependency_links.txt
[2.086s] writing top-level names to teb_msgs.egg-info/top_level.txt
[2.091s] reading manifest file 'teb_msgs.egg-info/SOURCES.txt'
[2.093s] writing manifest file 'teb_msgs.egg-info/SOURCES.txt'
[2.235s] [100%] Built target ament_cmake_python_build_teb_msgs_egg
[2.270s] Invoked command in '/home/chotaehyun/waver_ws/build/teb_msgs' returned '0': AMENT_PREFIX_PATH=/home/chotaehyun/waver_ws/install/costmap_converter_msgs:${AMENT_PREFIX_PATH} CMAKE_PREFIX_PATH=/home/chotaehyun/waver_ws/install/costmap_converter_msgs:/opt/ros/humble LD_LIBRARY_PATH=/home/chotaehyun/waver_ws/install/costmap_converter_msgs/lib:${LD_LIBRARY_PATH} PYTHONPATH=/home/chotaehyun/waver_ws/install/costmap_converter_msgs/local/lib/python3.10/dist-packages:${PYTHONPATH} /usr/bin/cmake --build /home/chotaehyun/waver_ws/build/teb_msgs -- -j16 -l16
[2.273s] Invoking command in '/home/chotaehyun/waver_ws/build/teb_msgs': AMENT_PREFIX_PATH=/home/chotaehyun/waver_ws/install/costmap_converter_msgs:${AMENT_PREFIX_PATH} CMAKE_PREFIX_PATH=/home/chotaehyun/waver_ws/install/costmap_converter_msgs:/opt/ros/humble LD_LIBRARY_PATH=/home/chotaehyun/waver_ws/install/costmap_converter_msgs/lib:${LD_LIBRARY_PATH} PYTHONPATH=/home/chotaehyun/waver_ws/install/costmap_converter_msgs/local/lib/python3.10/dist-packages:${PYTHONPATH} /usr/bin/cmake --install /home/chotaehyun/waver_ws/build/teb_msgs
[2.292s] -- Install configuration: ""
[2.293s] -- Execute custom install script
[2.293s] -- Up-to-date symlink: /home/chotaehyun/waver_ws/install/teb_msgs/share/ament_index/resource_index/rosidl_interfaces/teb_msgs
[2.294s] -- Up-to-date symlink: /home/chotaehyun/waver_ws/install/teb_msgs/include/teb_msgs/teb_msgs/msg/detail/feedback_msg__functions.h
[2.295s] -- Up-to-date symlink: /home/chotaehyun/waver_ws/install/teb_msgs/include/teb_msgs/teb_msgs/msg/detail/feedback_msg__struct.h
[2.295s] -- Up-to-date symlink: /home/chotaehyun/waver_ws/install/teb_msgs/include/teb_msgs/teb_msgs/msg/detail/feedback_msg__type_support.h
[2.295s] -- Up-to-date symlink: /home/chotaehyun/waver_ws/install/teb_msgs/include/teb_msgs/teb_msgs/msg/detail/trajectory_msg__functions.h
[2.296s] -- Up-to-date symlink: /home/chotaehyun/waver_ws/install/teb_msgs/include/teb_msgs/teb_msgs/msg/detail/trajectory_msg__struct.h
[2.296s] -- Up-to-date symlink: /home/chotaehyun/waver_ws/install/teb_msgs/include/teb_msgs/teb_msgs/msg/detail/trajectory_msg__type_support.h
[2.297s] -- Up-to-date symlink: /home/chotaehyun/waver_ws/install/teb_msgs/include/teb_msgs/teb_msgs/msg/detail/trajectory_point_msg__functions.h
[2.298s] -- Up-to-date symlink: /home/chotaehyun/waver_ws/install/teb_msgs/include/teb_msgs/teb_msgs/msg/detail/trajectory_point_msg__struct.h
[2.299s] -- Up-to-date symlink: /home/chotaehyun/waver_ws/install/teb_msgs/include/teb_msgs/teb_msgs/msg/detail/trajectory_point_msg__type_support.h
[2.301s] -- Up-to-date symlink: /home/chotaehyun/waver_ws/install/teb_msgs/include/teb_msgs/teb_msgs/msg/feedback_msg.h
[2.302s] -- Up-to-date symlink: /home/chotaehyun/waver_ws/install/teb_msgs/include/teb_msgs/teb_msgs/msg/rosidl_generator_c__visibility_control.h
[2.302s] -- Up-to-date symlink: /home/chotaehyun/waver_ws/install/teb_msgs/include/teb_msgs/teb_msgs/msg/trajectory_msg.h
[2.303s] -- Up-to-date symlink: /home/chotaehyun/waver_ws/install/teb_msgs/include/teb_msgs/teb_msgs/msg/trajectory_point_msg.h
[2.303s] -- Up-to-date symlink: /home/chotaehyun/waver_ws/install/teb_msgs/share/teb_msgs/environment/library_path.sh
[2.303s] -- Up-to-date symlink: /home/chotaehyun/waver_ws/install/teb_msgs/share/teb_msgs/environment/library_path.dsv
[2.304s] -- Up-to-date symlink: /home/chotaehyun/waver_ws/install/teb_msgs/include/teb_msgs/teb_msgs/msg/detail/feedback_msg__rosidl_typesupport_fastrtps_c.h
[2.305s] -- Up-to-date symlink: /home/chotaehyun/waver_ws/install/teb_msgs/include/teb_msgs/teb_msgs/msg/detail/trajectory_msg__rosidl_typesupport_fastrtps_c.h
[2.306s] -- Up-to-date symlink: /home/chotaehyun/waver_ws/install/teb_msgs/include/teb_msgs/teb_msgs/msg/detail/trajectory_point_msg__rosidl_typesupport_fastrtps_c.h
[2.306s] -- Up-to-date symlink: /home/chotaehyun/waver_ws/install/teb_msgs/include/teb_msgs/teb_msgs/msg/rosidl_typesupport_fastrtps_c__visibility_control.h
[2.306s] -- Up-to-date symlink: /home/chotaehyun/waver_ws/install/teb_msgs/include/teb_msgs/teb_msgs/msg/detail/feedback_msg__builder.hpp
[2.306s] -- Up-to-date symlink: /home/chotaehyun/waver_ws/install/teb_msgs/include/teb_msgs/teb_msgs/msg/detail/feedback_msg__struct.hpp
[2.306s] -- Up-to-date symlink: /home/chotaehyun/waver_ws/install/teb_msgs/include/teb_msgs/teb_msgs/msg/detail/feedback_msg__traits.hpp
[2.306s] -- Up-to-date symlink: /home/chotaehyun/waver_ws/install/teb_msgs/include/teb_msgs/teb_msgs/msg/detail/feedback_msg__type_support.hpp
[2.306s] -- Up-to-date symlink: /home/chotaehyun/waver_ws/install/teb_msgs/include/teb_msgs/teb_msgs/msg/detail/trajectory_msg__builder.hpp
[2.307s] -- Up-to-date symlink: /home/chotaehyun/waver_ws/install/teb_msgs/include/teb_msgs/teb_msgs/msg/detail/trajectory_msg__struct.hpp
[2.307s] -- Up-to-date symlink: /home/chotaehyun/waver_ws/install/teb_msgs/include/teb_msgs/teb_msgs/msg/detail/trajectory_msg__traits.hpp
[2.307s] -- Up-to-date symlink: /home/chotaehyun/waver_ws/install/teb_msgs/include/teb_msgs/teb_msgs/msg/detail/trajectory_msg__type_support.hpp
[2.307s] -- Up-to-date symlink: /home/chotaehyun/waver_ws/install/teb_msgs/include/teb_msgs/teb_msgs/msg/detail/trajectory_point_msg__builder.hpp
[2.308s] -- Up-to-date symlink: /home/chotaehyun/waver_ws/install/teb_msgs/include/teb_msgs/teb_msgs/msg/detail/trajectory_point_msg__struct.hpp
[2.308s] -- Up-to-date symlink: /home/chotaehyun/waver_ws/install/teb_msgs/include/teb_msgs/teb_msgs/msg/detail/trajectory_point_msg__traits.hpp
[2.308s] -- Up-to-date symlink: /home/chotaehyun/waver_ws/install/teb_msgs/include/teb_msgs/teb_msgs/msg/detail/trajectory_point_msg__type_support.hpp
[2.308s] -- Up-to-date symlink: /home/chotaehyun/waver_ws/install/teb_msgs/include/teb_msgs/teb_msgs/msg/feedback_msg.hpp
[2.308s] -- Up-to-date symlink: /home/chotaehyun/waver_ws/install/teb_msgs/include/teb_msgs/teb_msgs/msg/rosidl_generator_cpp__visibility_control.hpp
[2.308s] -- Up-to-date symlink: /home/chotaehyun/waver_ws/install/teb_msgs/include/teb_msgs/teb_msgs/msg/trajectory_msg.hpp
[2.309s] -- Up-to-date symlink: /home/chotaehyun/waver_ws/install/teb_msgs/include/teb_msgs/teb_msgs/msg/trajectory_point_msg.hpp
[2.309s] -- Up-to-date symlink: /home/chotaehyun/waver_ws/install/teb_msgs/include/teb_msgs/teb_msgs/msg/detail/feedback_msg__rosidl_typesupport_fastrtps_cpp.hpp
[2.309s] -- Up-to-date symlink: /home/chotaehyun/waver_ws/install/teb_msgs/include/teb_msgs/teb_msgs/msg/detail/trajectory_msg__rosidl_typesupport_fastrtps_cpp.hpp
[2.309s] -- Up-to-date symlink: /home/chotaehyun/waver_ws/install/teb_msgs/include/teb_msgs/teb_msgs/msg/detail/trajectory_point_msg__rosidl_typesupport_fastrtps_cpp.hpp
[2.309s] -- Up-to-date symlink: /home/chotaehyun/waver_ws/install/teb_msgs/include/teb_msgs/teb_msgs/msg/rosidl_typesupport_fastrtps_cpp__visibility_control.h
[2.310s] -- Up-to-date symlink: /home/chotaehyun/waver_ws/install/teb_msgs/include/teb_msgs/teb_msgs/msg/detail/feedback_msg__rosidl_typesupport_introspection_c.h
[2.310s] -- Up-to-date symlink: /home/chotaehyun/waver_ws/install/teb_msgs/include/teb_msgs/teb_msgs/msg/detail/trajectory_msg__rosidl_typesupport_introspection_c.h
[2.310s] -- Up-to-date symlink: /home/chotaehyun/waver_ws/install/teb_msgs/include/teb_msgs/teb_msgs/msg/detail/trajectory_point_msg__rosidl_typesupport_introspection_c.h
[2.310s] -- Up-to-date symlink: /home/chotaehyun/waver_ws/install/teb_msgs/include/teb_msgs/teb_msgs/msg/rosidl_typesupport_introspection_c__visibility_control.h
[2.310s] -- Up-to-date symlink: /home/chotaehyun/waver_ws/install/teb_msgs/include/teb_msgs/teb_msgs/msg/detail/feedback_msg__rosidl_typesupport_introspection_cpp.hpp
[2.310s] -- Up-to-date symlink: /home/chotaehyun/waver_ws/install/teb_msgs/include/teb_msgs/teb_msgs/msg/detail/trajectory_msg__rosidl_typesupport_introspection_cpp.hpp
[2.310s] -- Up-to-date symlink: /home/chotaehyun/waver_ws/install/teb_msgs/include/teb_msgs/teb_msgs/msg/detail/trajectory_point_msg__rosidl_typesupport_introspection_cpp.hpp
[2.310s] -- Up-to-date symlink: /home/chotaehyun/waver_ws/install/teb_msgs/share/teb_msgs/environment/pythonpath.sh
[2.310s] -- Up-to-date symlink: /home/chotaehyun/waver_ws/install/teb_msgs/share/teb_msgs/environment/pythonpath.dsv
[2.310s] -- Up-to-date symlink: /home/chotaehyun/waver_ws/install/teb_msgs/local/lib/python3.10/dist-packages/teb_msgs-0.0.1-py3.10.egg-info/PKG-INFO
[2.310s] -- Up-to-date symlink: /home/chotaehyun/waver_ws/install/teb_msgs/local/lib/python3.10/dist-packages/teb_msgs-0.0.1-py3.10.egg-info/SOURCES.txt
[2.310s] -- Up-to-date symlink: /home/chotaehyun/waver_ws/install/teb_msgs/local/lib/python3.10/dist-packages/teb_msgs-0.0.1-py3.10.egg-info/dependency_links.txt
[2.310s] -- Up-to-date symlink: /home/chotaehyun/waver_ws/install/teb_msgs/local/lib/python3.10/dist-packages/teb_msgs-0.0.1-py3.10.egg-info/top_level.txt
[2.310s] -- Up-to-date symlink: /home/chotaehyun/waver_ws/install/teb_msgs/local/lib/python3.10/dist-packages/teb_msgs/__init__.py
[2.310s] -- Up-to-date symlink: /home/chotaehyun/waver_ws/install/teb_msgs/local/lib/python3.10/dist-packages/teb_msgs/_teb_msgs_s.ep.rosidl_typesupport_c.c
[2.310s] -- Up-to-date symlink: /home/chotaehyun/waver_ws/install/teb_msgs/local/lib/python3.10/dist-packages/teb_msgs/_teb_msgs_s.ep.rosidl_typesupport_fastrtps_c.c
[2.311s] -- Up-to-date symlink: /home/chotaehyun/waver_ws/install/teb_msgs/local/lib/python3.10/dist-packages/teb_msgs/_teb_msgs_s.ep.rosidl_typesupport_introspection_c.c
[2.311s] -- Up-to-date symlink: /home/chotaehyun/waver_ws/install/teb_msgs/local/lib/python3.10/dist-packages/teb_msgs/libteb_msgs__rosidl_generator_py.so
[2.311s] -- Up-to-date symlink: /home/chotaehyun/waver_ws/install/teb_msgs/local/lib/python3.10/dist-packages/teb_msgs/msg/__init__.py
[2.311s] -- Up-to-date symlink: /home/chotaehyun/waver_ws/install/teb_msgs/local/lib/python3.10/dist-packages/teb_msgs/msg/_feedback_msg.py
[2.311s] -- Up-to-date symlink: /home/chotaehyun/waver_ws/install/teb_msgs/local/lib/python3.10/dist-packages/teb_msgs/msg/_feedback_msg_s.c
[2.312s] -- Up-to-date symlink: /home/chotaehyun/waver_ws/install/teb_msgs/local/lib/python3.10/dist-packages/teb_msgs/msg/_trajectory_msg.py
[2.312s] -- Up-to-date symlink: /home/chotaehyun/waver_ws/install/teb_msgs/local/lib/python3.10/dist-packages/teb_msgs/msg/_trajectory_msg_s.c
[2.313s] -- Up-to-date symlink: /home/chotaehyun/waver_ws/install/teb_msgs/local/lib/python3.10/dist-packages/teb_msgs/msg/_trajectory_point_msg.py
[2.314s] -- Up-to-date symlink: /home/chotaehyun/waver_ws/install/teb_msgs/local/lib/python3.10/dist-packages/teb_msgs/msg/_trajectory_point_msg_s.c
[2.314s] -- Up-to-date symlink: /home/chotaehyun/waver_ws/install/teb_msgs/local/lib/python3.10/dist-packages/teb_msgs/teb_msgs_s__rosidl_typesupport_c.cpython-310-x86_64-linux-gnu.so
[2.314s] -- Up-to-date symlink: /home/chotaehyun/waver_ws/install/teb_msgs/local/lib/python3.10/dist-packages/teb_msgs/teb_msgs_s__rosidl_typesupport_fastrtps_c.cpython-310-x86_64-linux-gnu.so
[2.314s] -- Up-to-date symlink: /home/chotaehyun/waver_ws/install/teb_msgs/local/lib/python3.10/dist-packages/teb_msgs/teb_msgs_s__rosidl_typesupport_introspection_c.cpython-310-x86_64-linux-gnu.so
[2.314s] -- Up-to-date symlink: /home/chotaehyun/waver_ws/install/teb_msgs/local/lib/python3.10/dist-packages/teb_msgs/teb_msgs_s__rosidl_typesupport_fastrtps_c.cpython-310-x86_64-linux-gnu.so
[2.314s] -- Up-to-date symlink: /home/chotaehyun/waver_ws/install/teb_msgs/local/lib/python3.10/dist-packages/teb_msgs/teb_msgs_s__rosidl_typesupport_introspection_c.cpython-310-x86_64-linux-gnu.so
[2.314s] -- Up-to-date symlink: /home/chotaehyun/waver_ws/install/teb_msgs/local/lib/python3.10/dist-packages/teb_msgs/teb_msgs_s__rosidl_typesupport_c.cpython-310-x86_64-linux-gnu.so
[2.314s] -- Up-to-date symlink: /home/chotaehyun/waver_ws/install/teb_msgs/share/teb_msgs/msg/FeedbackMsg.idl
[2.315s] -- Up-to-date symlink: /home/chotaehyun/waver_ws/install/teb_msgs/share/teb_msgs/msg/TrajectoryMsg.idl
[2.315s] -- Up-to-date symlink: /home/chotaehyun/waver_ws/install/teb_msgs/share/teb_msgs/msg/TrajectoryPointMsg.idl
[2.320s] -- Up-to-date symlink: /home/chotaehyun/waver_ws/install/teb_msgs/share/teb_msgs/msg/FeedbackMsg.msg
[2.322s] -- Up-to-date symlink: /home/chotaehyun/waver_ws/install/teb_msgs/share/teb_msgs/msg/TrajectoryMsg.msg
[2.322s] -- Up-to-date symlink: /home/chotaehyun/waver_ws/install/teb_msgs/share/teb_msgs/msg/TrajectoryPointMsg.msg
[2.323s] -- Up-to-date symlink: /home/chotaehyun/waver_ws/install/teb_msgs/share/ament_index/resource_index/package_run_dependencies/teb_msgs
[2.323s] -- Up-to-date symlink: /home/chotaehyun/waver_ws/install/teb_msgs/share/ament_index/resource_index/parent_prefix_path/teb_msgs
[2.323s] -- Up-to-date symlink: /home/chotaehyun/waver_ws/install/teb_msgs/share/teb_msgs/environment/ament_prefix_path.sh
[2.323s] -- Up-to-date symlink: /home/chotaehyun/waver_ws/install/teb_msgs/share/teb_msgs/environment/ament_prefix_path.dsv
[2.323s] -- Up-to-date symlink: /home/chotaehyun/waver_ws/install/teb_msgs/share/teb_msgs/environment/path.sh
[2.323s] -- Up-to-date symlink: /home/chotaehyun/waver_ws/install/teb_msgs/share/teb_msgs/environment/path.dsv
[2.323s] -- Up-to-date symlink: /home/chotaehyun/waver_ws/install/teb_msgs/share/teb_msgs/local_setup.bash
[2.323s] -- Up-to-date symlink: /home/chotaehyun/waver_ws/install/teb_msgs/share/teb_msgs/local_setup.sh
[2.323s] -- Up-to-date symlink: /home/chotaehyun/waver_ws/install/teb_msgs/share/teb_msgs/local_setup.zsh
[2.323s] -- Up-to-date symlink: /home/chotaehyun/waver_ws/install/teb_msgs/share/teb_msgs/local_setup.dsv
[2.323s] -- Symlinking: /home/chotaehyun/waver_ws/install/teb_msgs/share/teb_msgs/package.dsv
[2.342s] -- Up-to-date symlink: /home/chotaehyun/waver_ws/install/teb_msgs/share/ament_index/resource_index/packages/teb_msgs
[2.342s] -- Up-to-date symlink: /home/chotaehyun/waver_ws/install/teb_msgs/share/teb_msgs/cmake/rosidl_cmake-extras.cmake
[2.342s] -- Up-to-date symlink: /home/chotaehyun/waver_ws/install/teb_msgs/share/teb_msgs/cmake/ament_cmake_export_dependencies-extras.cmake
[2.343s] -- Up-to-date symlink: /home/chotaehyun/waver_ws/install/teb_msgs/share/teb_msgs/cmake/ament_cmake_export_include_directories-extras.cmake
[2.343s] -- Up-to-date symlink: /home/chotaehyun/waver_ws/install/teb_msgs/share/teb_msgs/cmake/ament_cmake_export_libraries-extras.cmake
[2.344s] -- Up-to-date symlink: /home/chotaehyun/waver_ws/install/teb_msgs/share/teb_msgs/cmake/ament_cmake_export_targets-extras.cmake
[2.345s] -- Up-to-date symlink: /home/chotaehyun/waver_ws/install/teb_msgs/share/teb_msgs/cmake/rosidl_cmake_export_typesupport_targets-extras.cmake
[2.346s] -- Up-to-date symlink: /home/chotaehyun/waver_ws/install/teb_msgs/share/teb_msgs/cmake/rosidl_cmake_export_typesupport_libraries-extras.cmake
[2.346s] -- Up-to-date symlink: /home/chotaehyun/waver_ws/install/teb_msgs/share/teb_msgs/cmake/teb_msgsConfig.cmake
[2.347s] -- Up-to-date symlink: /home/chotaehyun/waver_ws/install/teb_msgs/share/teb_msgs/cmake/teb_msgsConfig-version.cmake
[2.347s] -- Up-to-date symlink: /home/chotaehyun/waver_ws/install/teb_msgs/share/teb_msgs/package.xml
[2.347s] -- Up-to-date: /home/chotaehyun/waver_ws/install/teb_msgs/lib/libteb_msgs__rosidl_generator_c.so
[2.347s] -- Up-to-date: /home/chotaehyun/waver_ws/install/teb_msgs/lib/libteb_msgs__rosidl_typesupport_fastrtps_c.so
[2.349s] -- Up-to-date: /home/chotaehyun/waver_ws/install/teb_msgs/lib/libteb_msgs__rosidl_typesupport_fastrtps_cpp.so
[2.349s] -- Up-to-date: /home/chotaehyun/waver_ws/install/teb_msgs/lib/libteb_msgs__rosidl_typesupport_introspection_c.so
[2.349s] -- Up-to-date: /home/chotaehyun/waver_ws/install/teb_msgs/lib/libteb_msgs__rosidl_typesupport_c.so
[2.349s] -- Up-to-date: /home/chotaehyun/waver_ws/install/teb_msgs/lib/libteb_msgs__rosidl_typesupport_introspection_cpp.so
[2.349s] -- Up-to-date: /home/chotaehyun/waver_ws/install/teb_msgs/lib/libteb_msgs__rosidl_typesupport_cpp.so
[2.425s] Listing '/home/chotaehyun/waver_ws/install/teb_msgs/local/lib/python3.10/dist-packages/teb_msgs'...
[2.425s] Listing '/home/chotaehyun/waver_ws/install/teb_msgs/local/lib/python3.10/dist-packages/teb_msgs/msg'...
[2.448s] -- Up-to-date: /home/chotaehyun/waver_ws/install/teb_msgs/lib/libteb_msgs__rosidl_generator_py.so
[2.448s] -- Up-to-date: /home/chotaehyun/waver_ws/install/teb_msgs/share/teb_msgs/cmake/export_teb_msgs__rosidl_generator_cExport.cmake
[2.449s] -- Up-to-date: /home/chotaehyun/waver_ws/install/teb_msgs/share/teb_msgs/cmake/export_teb_msgs__rosidl_generator_cExport-noconfig.cmake
[2.449s] -- Up-to-date: /home/chotaehyun/waver_ws/install/teb_msgs/share/teb_msgs/cmake/export_teb_msgs__rosidl_typesupport_fastrtps_cExport.cmake
[2.449s] -- Up-to-date: /home/chotaehyun/waver_ws/install/teb_msgs/share/teb_msgs/cmake/export_teb_msgs__rosidl_typesupport_fastrtps_cExport-noconfig.cmake
[2.450s] -- Up-to-date: /home/chotaehyun/waver_ws/install/teb_msgs/share/teb_msgs/cmake/export_teb_msgs__rosidl_generator_cppExport.cmake
[2.450s] -- Up-to-date: /home/chotaehyun/waver_ws/install/teb_msgs/share/teb_msgs/cmake/export_teb_msgs__rosidl_typesupport_fastrtps_cppExport.cmake
[2.450s] -- Up-to-date: /home/chotaehyun/waver_ws/install/teb_msgs/share/teb_msgs/cmake/export_teb_msgs__rosidl_typesupport_fastrtps_cppExport-noconfig.cmake
[2.450s] -- Up-to-date: /home/chotaehyun/waver_ws/install/teb_msgs/share/teb_msgs/cmake/teb_msgs__rosidl_typesupport_introspection_cExport.cmake
[2.450s] -- Up-to-date: /home/chotaehyun/waver_ws/install/teb_msgs/share/teb_msgs/cmake/teb_msgs__rosidl_typesupport_introspection_cExport-noconfig.cmake
[2.450s] -- Up-to-date: /home/chotaehyun/waver_ws/install/teb_msgs/share/teb_msgs/cmake/teb_msgs__rosidl_typesupport_cExport.cmake
[2.450s] -- Up-to-date: /home/chotaehyun/waver_ws/install/teb_msgs/share/teb_msgs/cmake/teb_msgs__rosidl_typesupport_cExport-noconfig.cmake
[2.450s] -- Up-to-date: /home/chotaehyun/waver_ws/install/teb_msgs/share/teb_msgs/cmake/teb_msgs__rosidl_typesupport_introspection_cppExport.cmake
[2.450s] -- Up-to-date: /home/chotaehyun/waver_ws/install/teb_msgs/share/teb_msgs/cmake/teb_msgs__rosidl_typesupport_introspection_cppExport-noconfig.cmake
[2.450s] -- Up-to-date: /home/chotaehyun/waver_ws/install/teb_msgs/share/teb_msgs/cmake/teb_msgs__rosidl_typesupport_cppExport.cmake
[2.450s] -- Up-to-date: /home/chotaehyun/waver_ws/install/teb_msgs/share/teb_msgs/cmake/teb_msgs__rosidl_typesupport_cppExport-noconfig.cmake
[2.451s] -- Up-to-date: /home/chotaehyun/waver_ws/install/teb_msgs/share/teb_msgs/cmake/export_teb_msgs__rosidl_generator_pyExport.cmake
[2.451s] -- Up-to-date: /home/chotaehyun/waver_ws/install/teb_msgs/share/teb_msgs/cmake/export_teb_msgs__rosidl_generator_pyExport-noconfig.cmake
[2.459s] Invoked command in '/home/chotaehyun/waver_ws/build/teb_msgs' returned '0': AMENT_PREFIX_PATH=/home/chotaehyun/waver_ws/install/costmap_converter_msgs:${AMENT_PREFIX_PATH} CMAKE_PREFIX_PATH=/home/chotaehyun/waver_ws/install/costmap_converter_msgs:/opt/ros/humble LD_LIBRARY_PATH=/home/chotaehyun/waver_ws/install/costmap_converter_msgs/lib:${LD_LIBRARY_PATH} PYTHONPATH=/home/chotaehyun/waver_ws/install/costmap_converter_msgs/local/lib/python3.10/dist-packages:${PYTHONPATH} /usr/bin/cmake --install /home/chotaehyun/waver_ws/build/teb_msgs
