[0.087s] Invoking command in '/home/chotaehyun/waver_ws/build/apriltag_ros': AMENT_PREFIX_PATH=/home/chotaehyun/waver_ws/install/apriltag_msgs:${AMENT_PREFIX_PATH} CMAKE_PREFIX_PATH=/home/chotaehyun/waver_ws/install/apriltag_msgs:/home/chotaehyun/waver_ws/install/apriltag:/opt/ros/humble LD_LIBRARY_PATH=/home/chotaehyun/waver_ws/install/apriltag_msgs/lib:/home/chotaehyun/waver_ws/install/apriltag/lib:${LD_LIBRARY_PATH} PATH=/home/chotaehyun/waver_ws/install/apriltag/bin:${PATH} PKG_CONFIG_PATH=/home/chotaehyun/waver_ws/install/apriltag/lib/x86_64-linux-gnu/pkgconfig:/home/chotaehyun/waver_ws/install/apriltag/lib/pkgconfig PYTHONPATH=/home/chotaehyun/waver_ws/install/apriltag_msgs/local/lib/python3.10/dist-packages:/home/chotaehyun/waver_ws/install/apriltag/lib/python3.10/site-packages:${PYTHONPATH} /usr/bin/cmake --build /home/chotaehyun/waver_ws/build/apriltag_ros -- -j16 -l16
[0.199s] [ 50%] Built target tag_detector
[0.221s] [100%] Built target AprilTagNode
[0.393s] Invoked command in '/home/chotaehyun/waver_ws/build/apriltag_ros' returned '0': AMENT_PREFIX_PATH=/home/chotaehyun/waver_ws/install/apriltag_msgs:${AMENT_PREFIX_PATH} CMAKE_PREFIX_PATH=/home/chotaehyun/waver_ws/install/apriltag_msgs:/home/chotaehyun/waver_ws/install/apriltag:/opt/ros/humble LD_LIBRARY_PATH=/home/chotaehyun/waver_ws/install/apriltag_msgs/lib:/home/chotaehyun/waver_ws/install/apriltag/lib:${LD_LIBRARY_PATH} PATH=/home/chotaehyun/waver_ws/install/apriltag/bin:${PATH} PKG_CONFIG_PATH=/home/chotaehyun/waver_ws/install/apriltag/lib/x86_64-linux-gnu/pkgconfig:/home/chotaehyun/waver_ws/install/apriltag/lib/pkgconfig PYTHONPATH=/home/chotaehyun/waver_ws/install/apriltag_msgs/local/lib/python3.10/dist-packages:/home/chotaehyun/waver_ws/install/apriltag/lib/python3.10/site-packages:${PYTHONPATH} /usr/bin/cmake --build /home/chotaehyun/waver_ws/build/apriltag_ros -- -j16 -l16
[0.395s] Invoking command in '/home/chotaehyun/waver_ws/build/apriltag_ros': AMENT_PREFIX_PATH=/home/chotaehyun/waver_ws/install/apriltag_msgs:${AMENT_PREFIX_PATH} CMAKE_PREFIX_PATH=/home/chotaehyun/waver_ws/install/apriltag_msgs:/home/chotaehyun/waver_ws/install/apriltag:/opt/ros/humble LD_LIBRARY_PATH=/home/chotaehyun/waver_ws/install/apriltag_msgs/lib:/home/chotaehyun/waver_ws/install/apriltag/lib:${LD_LIBRARY_PATH} PATH=/home/chotaehyun/waver_ws/install/apriltag/bin:${PATH} PKG_CONFIG_PATH=/home/chotaehyun/waver_ws/install/apriltag/lib/x86_64-linux-gnu/pkgconfig:/home/chotaehyun/waver_ws/install/apriltag/lib/pkgconfig PYTHONPATH=/home/chotaehyun/waver_ws/install/apriltag_msgs/local/lib/python3.10/dist-packages:/home/chotaehyun/waver_ws/install/apriltag/lib/python3.10/site-packages:${PYTHONPATH} /usr/bin/cmake --install /home/chotaehyun/waver_ws/build/apriltag_ros
[0.404s] -- Install configuration: ""
[0.404s] -- Execute custom install script
[0.405s] -- Up-to-date symlink: /home/chotaehyun/waver_ws/install/apriltag_ros/share/apriltag_ros/environment/library_path.sh
[0.405s] -- Up-to-date symlink: /home/chotaehyun/waver_ws/install/apriltag_ros/share/apriltag_ros/environment/library_path.dsv
[0.405s] -- Up-to-date symlink: /home/chotaehyun/waver_ws/install/apriltag_ros/share/apriltag_ros/cfg/tags_16h5_all.yaml
[0.405s] -- Up-to-date symlink: /home/chotaehyun/waver_ws/install/apriltag_ros/share/apriltag_ros/cfg/tags_16h5_filtered.yaml
[0.405s] -- Up-to-date symlink: /home/chotaehyun/waver_ws/install/apriltag_ros/share/apriltag_ros/cfg/tags_36h11_all.yaml
[0.405s] -- Up-to-date symlink: /home/chotaehyun/waver_ws/install/apriltag_ros/share/apriltag_ros/cfg/tags_36h11_filter.yaml
[0.405s] -- Up-to-date symlink: /home/chotaehyun/waver_ws/install/apriltag_ros/share/apriltag_ros/launch/bringup.launch.py
[0.406s] -- Up-to-date symlink: /home/chotaehyun/waver_ws/install/apriltag_ros/share/apriltag_ros/launch/tag_gazebo.launch.py
[0.406s] -- Up-to-date symlink: /home/chotaehyun/waver_ws/install/apriltag_ros/share/apriltag_ros/launch/tag_realsense.launch.py
[0.406s] -- Up-to-date symlink: /home/chotaehyun/waver_ws/install/apriltag_ros/share/ament_index/resource_index/package_run_dependencies/apriltag_ros
[0.406s] -- Up-to-date symlink: /home/chotaehyun/waver_ws/install/apriltag_ros/share/ament_index/resource_index/parent_prefix_path/apriltag_ros
[0.406s] -- Up-to-date symlink: /home/chotaehyun/waver_ws/install/apriltag_ros/share/apriltag_ros/environment/ament_prefix_path.sh
[0.406s] -- Up-to-date symlink: /home/chotaehyun/waver_ws/install/apriltag_ros/share/apriltag_ros/environment/ament_prefix_path.dsv
[0.406s] -- Up-to-date symlink: /home/chotaehyun/waver_ws/install/apriltag_ros/share/apriltag_ros/environment/path.sh
[0.406s] -- Up-to-date symlink: /home/chotaehyun/waver_ws/install/apriltag_ros/share/apriltag_ros/environment/path.dsv
[0.407s] -- Up-to-date symlink: /home/chotaehyun/waver_ws/install/apriltag_ros/share/apriltag_ros/local_setup.bash
[0.408s] -- Up-to-date symlink: /home/chotaehyun/waver_ws/install/apriltag_ros/share/apriltag_ros/local_setup.sh
[0.408s] -- Up-to-date symlink: /home/chotaehyun/waver_ws/install/apriltag_ros/share/apriltag_ros/local_setup.zsh
[0.408s] -- Up-to-date symlink: /home/chotaehyun/waver_ws/install/apriltag_ros/share/apriltag_ros/local_setup.dsv
[0.409s] -- Symlinking: /home/chotaehyun/waver_ws/install/apriltag_ros/share/apriltag_ros/package.dsv
[0.416s] -- Up-to-date symlink: /home/chotaehyun/waver_ws/install/apriltag_ros/share/ament_index/resource_index/packages/apriltag_ros
[0.417s] -- Up-to-date symlink: /home/chotaehyun/waver_ws/install/apriltag_ros/share/ament_index/resource_index/rclcpp_components/apriltag_ros
[0.417s] -- Up-to-date symlink: /home/chotaehyun/waver_ws/install/apriltag_ros/share/apriltag_ros/cmake/ament_cmake_export_dependencies-extras.cmake
[0.417s] -- Up-to-date symlink: /home/chotaehyun/waver_ws/install/apriltag_ros/share/apriltag_ros/cmake/apriltag_rosConfig.cmake
[0.418s] -- Up-to-date symlink: /home/chotaehyun/waver_ws/install/apriltag_ros/share/apriltag_ros/cmake/apriltag_rosConfig-version.cmake
[0.418s] -- Up-to-date symlink: /home/chotaehyun/waver_ws/install/apriltag_ros/share/apriltag_ros/package.xml
[0.418s] -- Up-to-date: /home/chotaehyun/waver_ws/install/apriltag_ros/lib/libAprilTagNode.so
[0.418s] -- Up-to-date: /home/chotaehyun/waver_ws/install/apriltag_ros/bin/tag_detector
[0.449s] Invoked command in '/home/chotaehyun/waver_ws/build/apriltag_ros' returned '0': AMENT_PREFIX_PATH=/home/chotaehyun/waver_ws/install/apriltag_msgs:${AMENT_PREFIX_PATH} CMAKE_PREFIX_PATH=/home/chotaehyun/waver_ws/install/apriltag_msgs:/home/chotaehyun/waver_ws/install/apriltag:/opt/ros/humble LD_LIBRARY_PATH=/home/chotaehyun/waver_ws/install/apriltag_msgs/lib:/home/chotaehyun/waver_ws/install/apriltag/lib:${LD_LIBRARY_PATH} PATH=/home/chotaehyun/waver_ws/install/apriltag/bin:${PATH} PKG_CONFIG_PATH=/home/chotaehyun/waver_ws/install/apriltag/lib/x86_64-linux-gnu/pkgconfig:/home/chotaehyun/waver_ws/install/apriltag/lib/pkgconfig PYTHONPATH=/home/chotaehyun/waver_ws/install/apriltag_msgs/local/lib/python3.10/dist-packages:/home/chotaehyun/waver_ws/install/apriltag/lib/python3.10/site-packages:${PYTHONPATH} /usr/bin/cmake --install /home/chotaehyun/waver_ws/build/apriltag_ros
