[0.114s] Invoking command in '/home/chotaehyun/waver_ws/build/cartographer': CMAKE_PREFIX_PATH=/opt/ros/humble /usr/bin/cmake --build /home/chotaehyun/waver_ws/build/cartographer -- -j16 -l16
[1.662s] Invoked command in '/home/chotaehyun/waver_ws/build/cartographer' returned '0': CMAKE_PREFIX_PATH=/opt/ros/humble /usr/bin/cmake --build /home/chotaehyun/waver_ws/build/cartographer -- -j16 -l16
[1.676s] Invoking command in '/home/chotaehyun/waver_ws/build/cartographer': CMAKE_PREFIX_PATH=/opt/ros/humble /usr/bin/cmake --install /home/chotaehyun/waver_ws/build/cartographer
[1.747s] -- Install configuration: ""
[1.749s] -- Execute custom install script
[1.750s] -- Up-to-date symlink: /home/chotaehyun/waver_ws/install/cartographer/share/cartographer/config/localization_2d.lua
[1.750s] -- Up-to-date symlink: /home/chotaehyun/waver_ws/install/cartographer/share/cartographer/config/mapping_2d.lua
[1.751s] -- Up-to-date symlink: /home/chotaehyun/waver_ws/install/cartographer/share/cartographer/launch/localization.launch.py
[1.753s] -- Up-to-date symlink: /home/chotaehyun/waver_ws/install/cartographer/share/cartographer/launch/mapping.launch.py
[1.756s] -- Up-to-date symlink: /home/chotaehyun/waver_ws/install/cartographer/share/cartographer/launch/occupancy_grid.launch.py
[1.756s] -- Up-to-date symlink: /home/chotaehyun/waver_ws/install/cartographer/share/ament_index/resource_index/package_run_dependencies/cartographer
[1.757s] -- Up-to-date symlink: /home/chotaehyun/waver_ws/install/cartographer/share/ament_index/resource_index/parent_prefix_path/cartographer
[1.757s] -- Up-to-date symlink: /home/chotaehyun/waver_ws/install/cartographer/share/cartographer/environment/ament_prefix_path.sh
[1.757s] -- Up-to-date symlink: /home/chotaehyun/waver_ws/install/cartographer/share/cartographer/environment/ament_prefix_path.dsv
[1.757s] -- Up-to-date symlink: /home/chotaehyun/waver_ws/install/cartographer/share/cartographer/environment/path.sh
[1.757s] -- Up-to-date symlink: /home/chotaehyun/waver_ws/install/cartographer/share/cartographer/environment/path.dsv
[1.759s] -- Up-to-date symlink: /home/chotaehyun/waver_ws/install/cartographer/share/cartographer/local_setup.bash
[1.760s] -- Up-to-date symlink: /home/chotaehyun/waver_ws/install/cartographer/share/cartographer/local_setup.sh
[1.760s] -- Up-to-date symlink: /home/chotaehyun/waver_ws/install/cartographer/share/cartographer/local_setup.zsh
[1.760s] -- Up-to-date symlink: /home/chotaehyun/waver_ws/install/cartographer/share/cartographer/local_setup.dsv
[1.760s] -- Symlinking: /home/chotaehyun/waver_ws/install/cartographer/share/cartographer/package.dsv
[1.760s] -- Up-to-date symlink: /home/chotaehyun/waver_ws/install/cartographer/share/ament_index/resource_index/packages/cartographer
[1.760s] -- Up-to-date symlink: /home/chotaehyun/waver_ws/install/cartographer/share/cartographer/cmake/cartographerConfig.cmake
[1.761s] -- Up-to-date symlink: /home/chotaehyun/waver_ws/install/cartographer/share/cartographer/cmake/cartographerConfig-version.cmake
[1.761s] -- Up-to-date symlink: /home/chotaehyun/waver_ws/install/cartographer/share/cartographer/package.xml
[1.911s] Invoked command in '/home/chotaehyun/waver_ws/build/cartographer' returned '0': CMAKE_PREFIX_PATH=/opt/ros/humble /usr/bin/cmake --install /home/chotaehyun/waver_ws/build/cartographer
