[0.109s] Invoking command in '/home/chotaehyun/waver_ws/build/vizanti_msgs': CMAKE_PREFIX_PATH=/opt/ros/humble /usr/bin/cmake --build /home/chotaehyun/waver_ws/build/vizanti_msgs -- -j16 -l16
[1.951s] [  0%] Built target vizanti_msgs__cpp
[1.954s] [ 12%] Built target vizanti_msgs__rosidl_generator_c
[1.957s] [ 12%] Built target ament_cmake_python_symlink_vizanti_msgs
[1.958s] [ 24%] Built target vizanti_msgs__rosidl_typesupport_cpp
[1.958s] [ 35%] Built target vizanti_msgs__rosidl_typesupport_fastrtps_cpp
[1.961s] [ 46%] Built target vizanti_msgs__rosidl_typesupport_c
[1.965s] [ 58%] Built target vizanti_msgs__rosidl_typesupport_introspection_c
[1.966s] [ 70%] Built target vizanti_msgs__rosidl_typesupport_fastrtps_c
[1.967s] [ 82%] Built target vizanti_msgs__rosidl_typesupport_introspection_cpp
[1.968s] [ 82%] Built target vizanti_msgs
[1.969s] [ 83%] Built target vizanti_msgs__py
[1.969s] [ 94%] Built target vizanti_msgs__rosidl_generator_py
[1.970s] [ 96%] Built target vizanti_msgs__rosidl_typesupport_introspection_c__pyext
[1.970s] [100%] Built target vizanti_msgs__rosidl_typesupport_fastrtps_c__pyext
[1.970s] [100%] Built target vizanti_msgs__rosidl_typesupport_c__pyext
[1.970s] running egg_info
[1.970s] writing vizanti_msgs.egg-info/PKG-INFO
[1.970s] writing dependency_links to vizanti_msgs.egg-info/dependency_links.txt
[1.970s] writing top-level names to vizanti_msgs.egg-info/top_level.txt
[1.970s] reading manifest file 'vizanti_msgs.egg-info/SOURCES.txt'
[1.970s] writing manifest file 'vizanti_msgs.egg-info/SOURCES.txt'
[1.970s] [100%] Built target ament_cmake_python_build_vizanti_msgs_egg
[2.027s] Invoked command in '/home/chotaehyun/waver_ws/build/vizanti_msgs' returned '0': CMAKE_PREFIX_PATH=/opt/ros/humble /usr/bin/cmake --build /home/chotaehyun/waver_ws/build/vizanti_msgs -- -j16 -l16
[2.034s] Invoking command in '/home/chotaehyun/waver_ws/build/vizanti_msgs': CMAKE_PREFIX_PATH=/opt/ros/humble /usr/bin/cmake --install /home/chotaehyun/waver_ws/build/vizanti_msgs
[2.178s] -- Install configuration: ""
[2.178s] -- Execute custom install script
[2.178s] -- Up-to-date symlink: /home/chotaehyun/waver_ws/install/vizanti_msgs/share/ament_index/resource_index/rosidl_interfaces/vizanti_msgs
[2.178s] -- Up-to-date symlink: /home/chotaehyun/waver_ws/install/vizanti_msgs/include/vizanti_msgs/vizanti_msgs/msg/rosidl_generator_c__visibility_control.h
[2.178s] -- Up-to-date symlink: /home/chotaehyun/waver_ws/install/vizanti_msgs/include/vizanti_msgs/vizanti_msgs/srv/detail/get_node_parameters__functions.h
[2.178s] -- Up-to-date symlink: /home/chotaehyun/waver_ws/install/vizanti_msgs/include/vizanti_msgs/vizanti_msgs/srv/detail/get_node_parameters__struct.h
[2.178s] -- Up-to-date symlink: /home/chotaehyun/waver_ws/install/vizanti_msgs/include/vizanti_msgs/vizanti_msgs/srv/detail/get_node_parameters__type_support.h
[2.178s] -- Up-to-date symlink: /home/chotaehyun/waver_ws/install/vizanti_msgs/include/vizanti_msgs/vizanti_msgs/srv/detail/launches__functions.h
[2.178s] -- Up-to-date symlink: /home/chotaehyun/waver_ws/install/vizanti_msgs/include/vizanti_msgs/vizanti_msgs/srv/detail/launches__struct.h
[2.178s] -- Up-to-date symlink: /home/chotaehyun/waver_ws/install/vizanti_msgs/include/vizanti_msgs/vizanti_msgs/srv/detail/launches__type_support.h
[2.178s] -- Up-to-date symlink: /home/chotaehyun/waver_ws/install/vizanti_msgs/include/vizanti_msgs/vizanti_msgs/srv/detail/list_executables__functions.h
[2.178s] -- Up-to-date symlink: /home/chotaehyun/waver_ws/install/vizanti_msgs/include/vizanti_msgs/vizanti_msgs/srv/detail/list_executables__struct.h
[2.179s] -- Up-to-date symlink: /home/chotaehyun/waver_ws/install/vizanti_msgs/include/vizanti_msgs/vizanti_msgs/srv/detail/list_executables__type_support.h
[2.179s] -- Up-to-date symlink: /home/chotaehyun/waver_ws/install/vizanti_msgs/include/vizanti_msgs/vizanti_msgs/srv/detail/list_packages__functions.h
[2.179s] -- Up-to-date symlink: /home/chotaehyun/waver_ws/install/vizanti_msgs/include/vizanti_msgs/vizanti_msgs/srv/detail/list_packages__struct.h
[2.179s] -- Up-to-date symlink: /home/chotaehyun/waver_ws/install/vizanti_msgs/include/vizanti_msgs/vizanti_msgs/srv/detail/list_packages__type_support.h
[2.181s] -- Up-to-date symlink: /home/chotaehyun/waver_ws/install/vizanti_msgs/include/vizanti_msgs/vizanti_msgs/srv/detail/load_map__functions.h
[2.181s] -- Up-to-date symlink: /home/chotaehyun/waver_ws/install/vizanti_msgs/include/vizanti_msgs/vizanti_msgs/srv/detail/load_map__struct.h
[2.181s] -- Up-to-date symlink: /home/chotaehyun/waver_ws/install/vizanti_msgs/include/vizanti_msgs/vizanti_msgs/srv/detail/load_map__type_support.h
[2.181s] -- Up-to-date symlink: /home/chotaehyun/waver_ws/install/vizanti_msgs/include/vizanti_msgs/vizanti_msgs/srv/detail/manage_launch__functions.h
[2.182s] -- Up-to-date symlink: /home/chotaehyun/waver_ws/install/vizanti_msgs/include/vizanti_msgs/vizanti_msgs/srv/detail/manage_launch__struct.h
[2.182s] -- Up-to-date symlink: /home/chotaehyun/waver_ws/install/vizanti_msgs/include/vizanti_msgs/vizanti_msgs/srv/detail/manage_launch__type_support.h
[2.182s] -- Up-to-date symlink: /home/chotaehyun/waver_ws/install/vizanti_msgs/include/vizanti_msgs/vizanti_msgs/srv/detail/manage_node__functions.h
[2.183s] -- Up-to-date symlink: /home/chotaehyun/waver_ws/install/vizanti_msgs/include/vizanti_msgs/vizanti_msgs/srv/detail/manage_node__struct.h
[2.183s] -- Up-to-date symlink: /home/chotaehyun/waver_ws/install/vizanti_msgs/include/vizanti_msgs/vizanti_msgs/srv/detail/manage_node__type_support.h
[2.183s] -- Up-to-date symlink: /home/chotaehyun/waver_ws/install/vizanti_msgs/include/vizanti_msgs/vizanti_msgs/srv/detail/record_rosbag__functions.h
[2.183s] -- Up-to-date symlink: /home/chotaehyun/waver_ws/install/vizanti_msgs/include/vizanti_msgs/vizanti_msgs/srv/detail/record_rosbag__struct.h
[2.183s] -- Up-to-date symlink: /home/chotaehyun/waver_ws/install/vizanti_msgs/include/vizanti_msgs/vizanti_msgs/srv/detail/record_rosbag__type_support.h
[2.183s] -- Up-to-date symlink: /home/chotaehyun/waver_ws/install/vizanti_msgs/include/vizanti_msgs/vizanti_msgs/srv/detail/save_map__functions.h
[2.183s] -- Up-to-date symlink: /home/chotaehyun/waver_ws/install/vizanti_msgs/include/vizanti_msgs/vizanti_msgs/srv/detail/save_map__struct.h
[2.186s] -- Up-to-date symlink: /home/chotaehyun/waver_ws/install/vizanti_msgs/include/vizanti_msgs/vizanti_msgs/srv/detail/save_map__type_support.h
[2.186s] -- Up-to-date symlink: /home/chotaehyun/waver_ws/install/vizanti_msgs/include/vizanti_msgs/vizanti_msgs/srv/detail/set_node_parameter__functions.h
[2.186s] -- Up-to-date symlink: /home/chotaehyun/waver_ws/install/vizanti_msgs/include/vizanti_msgs/vizanti_msgs/srv/detail/set_node_parameter__struct.h
[2.186s] -- Up-to-date symlink: /home/chotaehyun/waver_ws/install/vizanti_msgs/include/vizanti_msgs/vizanti_msgs/srv/detail/set_node_parameter__type_support.h
[2.186s] -- Up-to-date symlink: /home/chotaehyun/waver_ws/install/vizanti_msgs/include/vizanti_msgs/vizanti_msgs/srv/get_node_parameters.h
[2.186s] -- Up-to-date symlink: /home/chotaehyun/waver_ws/install/vizanti_msgs/include/vizanti_msgs/vizanti_msgs/srv/launches.h
[2.186s] -- Up-to-date symlink: /home/chotaehyun/waver_ws/install/vizanti_msgs/include/vizanti_msgs/vizanti_msgs/srv/list_executables.h
[2.186s] -- Up-to-date symlink: /home/chotaehyun/waver_ws/install/vizanti_msgs/include/vizanti_msgs/vizanti_msgs/srv/list_packages.h
[2.186s] -- Up-to-date symlink: /home/chotaehyun/waver_ws/install/vizanti_msgs/include/vizanti_msgs/vizanti_msgs/srv/load_map.h
[2.187s] -- Up-to-date symlink: /home/chotaehyun/waver_ws/install/vizanti_msgs/include/vizanti_msgs/vizanti_msgs/srv/manage_launch.h
[2.187s] -- Up-to-date symlink: /home/chotaehyun/waver_ws/install/vizanti_msgs/include/vizanti_msgs/vizanti_msgs/srv/manage_node.h
[2.187s] -- Up-to-date symlink: /home/chotaehyun/waver_ws/install/vizanti_msgs/include/vizanti_msgs/vizanti_msgs/srv/record_rosbag.h
[2.187s] -- Up-to-date symlink: /home/chotaehyun/waver_ws/install/vizanti_msgs/include/vizanti_msgs/vizanti_msgs/srv/save_map.h
[2.187s] -- Up-to-date symlink: /home/chotaehyun/waver_ws/install/vizanti_msgs/include/vizanti_msgs/vizanti_msgs/srv/set_node_parameter.h
[2.187s] -- Up-to-date symlink: /home/chotaehyun/waver_ws/install/vizanti_msgs/share/vizanti_msgs/environment/library_path.sh
[2.187s] -- Up-to-date symlink: /home/chotaehyun/waver_ws/install/vizanti_msgs/share/vizanti_msgs/environment/library_path.dsv
[2.187s] -- Up-to-date symlink: /home/chotaehyun/waver_ws/install/vizanti_msgs/include/vizanti_msgs/vizanti_msgs/msg/rosidl_typesupport_fastrtps_c__visibility_control.h
[2.187s] -- Up-to-date symlink: /home/chotaehyun/waver_ws/install/vizanti_msgs/include/vizanti_msgs/vizanti_msgs/srv/detail/get_node_parameters__rosidl_typesupport_fastrtps_c.h
[2.188s] -- Up-to-date symlink: /home/chotaehyun/waver_ws/install/vizanti_msgs/include/vizanti_msgs/vizanti_msgs/srv/detail/launches__rosidl_typesupport_fastrtps_c.h
[2.188s] -- Up-to-date symlink: /home/chotaehyun/waver_ws/install/vizanti_msgs/include/vizanti_msgs/vizanti_msgs/srv/detail/list_executables__rosidl_typesupport_fastrtps_c.h
[2.188s] -- Up-to-date symlink: /home/chotaehyun/waver_ws/install/vizanti_msgs/include/vizanti_msgs/vizanti_msgs/srv/detail/list_packages__rosidl_typesupport_fastrtps_c.h
[2.188s] -- Up-to-date symlink: /home/chotaehyun/waver_ws/install/vizanti_msgs/include/vizanti_msgs/vizanti_msgs/srv/detail/load_map__rosidl_typesupport_fastrtps_c.h
[2.188s] -- Up-to-date symlink: /home/chotaehyun/waver_ws/install/vizanti_msgs/include/vizanti_msgs/vizanti_msgs/srv/detail/manage_launch__rosidl_typesupport_fastrtps_c.h
[2.188s] -- Up-to-date symlink: /home/chotaehyun/waver_ws/install/vizanti_msgs/include/vizanti_msgs/vizanti_msgs/srv/detail/manage_node__rosidl_typesupport_fastrtps_c.h
[2.188s] -- Up-to-date symlink: /home/chotaehyun/waver_ws/install/vizanti_msgs/include/vizanti_msgs/vizanti_msgs/srv/detail/record_rosbag__rosidl_typesupport_fastrtps_c.h
[2.188s] -- Up-to-date symlink: /home/chotaehyun/waver_ws/install/vizanti_msgs/include/vizanti_msgs/vizanti_msgs/srv/detail/save_map__rosidl_typesupport_fastrtps_c.h
[2.188s] -- Up-to-date symlink: /home/chotaehyun/waver_ws/install/vizanti_msgs/include/vizanti_msgs/vizanti_msgs/srv/detail/set_node_parameter__rosidl_typesupport_fastrtps_c.h
[2.189s] -- Up-to-date symlink: /home/chotaehyun/waver_ws/install/vizanti_msgs/include/vizanti_msgs/vizanti_msgs/msg/rosidl_typesupport_introspection_c__visibility_control.h
[2.196s] -- Up-to-date symlink: /home/chotaehyun/waver_ws/install/vizanti_msgs/include/vizanti_msgs/vizanti_msgs/srv/detail/get_node_parameters__rosidl_typesupport_introspection_c.h
[2.196s] -- Up-to-date symlink: /home/chotaehyun/waver_ws/install/vizanti_msgs/include/vizanti_msgs/vizanti_msgs/srv/detail/launches__rosidl_typesupport_introspection_c.h
[2.196s] -- Up-to-date symlink: /home/chotaehyun/waver_ws/install/vizanti_msgs/include/vizanti_msgs/vizanti_msgs/srv/detail/list_executables__rosidl_typesupport_introspection_c.h
[2.198s] -- Up-to-date symlink: /home/chotaehyun/waver_ws/install/vizanti_msgs/include/vizanti_msgs/vizanti_msgs/srv/detail/list_packages__rosidl_typesupport_introspection_c.h
[2.199s] -- Up-to-date symlink: /home/chotaehyun/waver_ws/install/vizanti_msgs/include/vizanti_msgs/vizanti_msgs/srv/detail/load_map__rosidl_typesupport_introspection_c.h
[2.200s] -- Up-to-date symlink: /home/chotaehyun/waver_ws/install/vizanti_msgs/include/vizanti_msgs/vizanti_msgs/srv/detail/manage_launch__rosidl_typesupport_introspection_c.h
[2.200s] -- Up-to-date symlink: /home/chotaehyun/waver_ws/install/vizanti_msgs/include/vizanti_msgs/vizanti_msgs/srv/detail/manage_node__rosidl_typesupport_introspection_c.h
[2.200s] -- Up-to-date symlink: /home/chotaehyun/waver_ws/install/vizanti_msgs/include/vizanti_msgs/vizanti_msgs/srv/detail/record_rosbag__rosidl_typesupport_introspection_c.h
[2.200s] -- Up-to-date symlink: /home/chotaehyun/waver_ws/install/vizanti_msgs/include/vizanti_msgs/vizanti_msgs/srv/detail/save_map__rosidl_typesupport_introspection_c.h
[2.201s] -- Up-to-date symlink: /home/chotaehyun/waver_ws/install/vizanti_msgs/include/vizanti_msgs/vizanti_msgs/srv/detail/set_node_parameter__rosidl_typesupport_introspection_c.h
[2.202s] -- Up-to-date symlink: /home/chotaehyun/waver_ws/install/vizanti_msgs/include/vizanti_msgs/vizanti_msgs/msg/rosidl_generator_cpp__visibility_control.hpp
[2.202s] -- Up-to-date symlink: /home/chotaehyun/waver_ws/install/vizanti_msgs/include/vizanti_msgs/vizanti_msgs/srv/detail/get_node_parameters__builder.hpp
[2.202s] -- Up-to-date symlink: /home/chotaehyun/waver_ws/install/vizanti_msgs/include/vizanti_msgs/vizanti_msgs/srv/detail/get_node_parameters__struct.hpp
[2.202s] -- Up-to-date symlink: /home/chotaehyun/waver_ws/install/vizanti_msgs/include/vizanti_msgs/vizanti_msgs/srv/detail/get_node_parameters__traits.hpp
[2.202s] -- Up-to-date symlink: /home/chotaehyun/waver_ws/install/vizanti_msgs/include/vizanti_msgs/vizanti_msgs/srv/detail/get_node_parameters__type_support.hpp
[2.202s] -- Up-to-date symlink: /home/chotaehyun/waver_ws/install/vizanti_msgs/include/vizanti_msgs/vizanti_msgs/srv/detail/launches__builder.hpp
[2.202s] -- Up-to-date symlink: /home/chotaehyun/waver_ws/install/vizanti_msgs/include/vizanti_msgs/vizanti_msgs/srv/detail/launches__struct.hpp
[2.202s] -- Up-to-date symlink: /home/chotaehyun/waver_ws/install/vizanti_msgs/include/vizanti_msgs/vizanti_msgs/srv/detail/launches__traits.hpp
[2.202s] -- Up-to-date symlink: /home/chotaehyun/waver_ws/install/vizanti_msgs/include/vizanti_msgs/vizanti_msgs/srv/detail/launches__type_support.hpp
[2.203s] -- Up-to-date symlink: /home/chotaehyun/waver_ws/install/vizanti_msgs/include/vizanti_msgs/vizanti_msgs/srv/detail/list_executables__builder.hpp
[2.206s] -- Up-to-date symlink: /home/chotaehyun/waver_ws/install/vizanti_msgs/include/vizanti_msgs/vizanti_msgs/srv/detail/list_executables__struct.hpp
[2.207s] -- Up-to-date symlink: /home/chotaehyun/waver_ws/install/vizanti_msgs/include/vizanti_msgs/vizanti_msgs/srv/detail/list_executables__traits.hpp
[2.208s] -- Up-to-date symlink: /home/chotaehyun/waver_ws/install/vizanti_msgs/include/vizanti_msgs/vizanti_msgs/srv/detail/list_executables__type_support.hpp
[2.208s] -- Up-to-date symlink: /home/chotaehyun/waver_ws/install/vizanti_msgs/include/vizanti_msgs/vizanti_msgs/srv/detail/list_packages__builder.hpp
[2.208s] -- Up-to-date symlink: /home/chotaehyun/waver_ws/install/vizanti_msgs/include/vizanti_msgs/vizanti_msgs/srv/detail/list_packages__struct.hpp
[2.208s] -- Up-to-date symlink: /home/chotaehyun/waver_ws/install/vizanti_msgs/include/vizanti_msgs/vizanti_msgs/srv/detail/list_packages__traits.hpp
[2.208s] -- Up-to-date symlink: /home/chotaehyun/waver_ws/install/vizanti_msgs/include/vizanti_msgs/vizanti_msgs/srv/detail/list_packages__type_support.hpp
[2.210s] -- Up-to-date symlink: /home/chotaehyun/waver_ws/install/vizanti_msgs/include/vizanti_msgs/vizanti_msgs/srv/detail/load_map__builder.hpp
[2.211s] -- Up-to-date symlink: /home/chotaehyun/waver_ws/install/vizanti_msgs/include/vizanti_msgs/vizanti_msgs/srv/detail/load_map__struct.hpp
[2.211s] -- Up-to-date symlink: /home/chotaehyun/waver_ws/install/vizanti_msgs/include/vizanti_msgs/vizanti_msgs/srv/detail/load_map__traits.hpp
[2.211s] -- Up-to-date symlink: /home/chotaehyun/waver_ws/install/vizanti_msgs/include/vizanti_msgs/vizanti_msgs/srv/detail/load_map__type_support.hpp
[2.211s] -- Up-to-date symlink: /home/chotaehyun/waver_ws/install/vizanti_msgs/include/vizanti_msgs/vizanti_msgs/srv/detail/manage_launch__builder.hpp
[2.212s] -- Up-to-date symlink: /home/chotaehyun/waver_ws/install/vizanti_msgs/include/vizanti_msgs/vizanti_msgs/srv/detail/manage_launch__struct.hpp
[2.212s] -- Up-to-date symlink: /home/chotaehyun/waver_ws/install/vizanti_msgs/include/vizanti_msgs/vizanti_msgs/srv/detail/manage_launch__traits.hpp
[2.212s] -- Up-to-date symlink: /home/chotaehyun/waver_ws/install/vizanti_msgs/include/vizanti_msgs/vizanti_msgs/srv/detail/manage_launch__type_support.hpp
[2.212s] -- Up-to-date symlink: /home/chotaehyun/waver_ws/install/vizanti_msgs/include/vizanti_msgs/vizanti_msgs/srv/detail/manage_node__builder.hpp
[2.212s] -- Up-to-date symlink: /home/chotaehyun/waver_ws/install/vizanti_msgs/include/vizanti_msgs/vizanti_msgs/srv/detail/manage_node__struct.hpp
[2.212s] -- Up-to-date symlink: /home/chotaehyun/waver_ws/install/vizanti_msgs/include/vizanti_msgs/vizanti_msgs/srv/detail/manage_node__traits.hpp
[2.212s] -- Up-to-date symlink: /home/chotaehyun/waver_ws/install/vizanti_msgs/include/vizanti_msgs/vizanti_msgs/srv/detail/manage_node__type_support.hpp
[2.212s] -- Up-to-date symlink: /home/chotaehyun/waver_ws/install/vizanti_msgs/include/vizanti_msgs/vizanti_msgs/srv/detail/record_rosbag__builder.hpp
[2.212s] -- Up-to-date symlink: /home/chotaehyun/waver_ws/install/vizanti_msgs/include/vizanti_msgs/vizanti_msgs/srv/detail/record_rosbag__struct.hpp
[2.212s] -- Up-to-date symlink: /home/chotaehyun/waver_ws/install/vizanti_msgs/include/vizanti_msgs/vizanti_msgs/srv/detail/record_rosbag__traits.hpp
[2.212s] -- Up-to-date symlink: /home/chotaehyun/waver_ws/install/vizanti_msgs/include/vizanti_msgs/vizanti_msgs/srv/detail/record_rosbag__type_support.hpp
[2.212s] -- Up-to-date symlink: /home/chotaehyun/waver_ws/install/vizanti_msgs/include/vizanti_msgs/vizanti_msgs/srv/detail/save_map__builder.hpp
[2.212s] -- Up-to-date symlink: /home/chotaehyun/waver_ws/install/vizanti_msgs/include/vizanti_msgs/vizanti_msgs/srv/detail/save_map__struct.hpp
[2.212s] -- Up-to-date symlink: /home/chotaehyun/waver_ws/install/vizanti_msgs/include/vizanti_msgs/vizanti_msgs/srv/detail/save_map__traits.hpp
[2.212s] -- Up-to-date symlink: /home/chotaehyun/waver_ws/install/vizanti_msgs/include/vizanti_msgs/vizanti_msgs/srv/detail/save_map__type_support.hpp
[2.213s] -- Up-to-date symlink: /home/chotaehyun/waver_ws/install/vizanti_msgs/include/vizanti_msgs/vizanti_msgs/srv/detail/set_node_parameter__builder.hpp
[2.213s] -- Up-to-date symlink: /home/chotaehyun/waver_ws/install/vizanti_msgs/include/vizanti_msgs/vizanti_msgs/srv/detail/set_node_parameter__struct.hpp
[2.213s] -- Up-to-date symlink: /home/chotaehyun/waver_ws/install/vizanti_msgs/include/vizanti_msgs/vizanti_msgs/srv/detail/set_node_parameter__traits.hpp
[2.213s] -- Up-to-date symlink: /home/chotaehyun/waver_ws/install/vizanti_msgs/include/vizanti_msgs/vizanti_msgs/srv/detail/set_node_parameter__type_support.hpp
[2.213s] -- Up-to-date symlink: /home/chotaehyun/waver_ws/install/vizanti_msgs/include/vizanti_msgs/vizanti_msgs/srv/get_node_parameters.hpp
[2.213s] -- Up-to-date symlink: /home/chotaehyun/waver_ws/install/vizanti_msgs/include/vizanti_msgs/vizanti_msgs/srv/launches.hpp
[2.213s] -- Up-to-date symlink: /home/chotaehyun/waver_ws/install/vizanti_msgs/include/vizanti_msgs/vizanti_msgs/srv/list_executables.hpp
[2.213s] -- Up-to-date symlink: /home/chotaehyun/waver_ws/install/vizanti_msgs/include/vizanti_msgs/vizanti_msgs/srv/list_packages.hpp
[2.213s] -- Up-to-date symlink: /home/chotaehyun/waver_ws/install/vizanti_msgs/include/vizanti_msgs/vizanti_msgs/srv/load_map.hpp
[2.230s] -- Up-to-date symlink: /home/chotaehyun/waver_ws/install/vizanti_msgs/include/vizanti_msgs/vizanti_msgs/srv/manage_launch.hpp
[2.230s] -- Up-to-date symlink: /home/chotaehyun/waver_ws/install/vizanti_msgs/include/vizanti_msgs/vizanti_msgs/srv/manage_node.hpp
[2.230s] -- Up-to-date symlink: /home/chotaehyun/waver_ws/install/vizanti_msgs/include/vizanti_msgs/vizanti_msgs/srv/record_rosbag.hpp
[2.230s] -- Up-to-date symlink: /home/chotaehyun/waver_ws/install/vizanti_msgs/include/vizanti_msgs/vizanti_msgs/srv/save_map.hpp
[2.230s] -- Up-to-date symlink: /home/chotaehyun/waver_ws/install/vizanti_msgs/include/vizanti_msgs/vizanti_msgs/srv/set_node_parameter.hpp
[2.230s] -- Up-to-date symlink: /home/chotaehyun/waver_ws/install/vizanti_msgs/include/vizanti_msgs/vizanti_msgs/msg/rosidl_typesupport_fastrtps_cpp__visibility_control.h
[2.230s] -- Up-to-date symlink: /home/chotaehyun/waver_ws/install/vizanti_msgs/include/vizanti_msgs/vizanti_msgs/srv/detail/get_node_parameters__rosidl_typesupport_fastrtps_cpp.hpp
[2.231s] -- Up-to-date symlink: /home/chotaehyun/waver_ws/install/vizanti_msgs/include/vizanti_msgs/vizanti_msgs/srv/detail/launches__rosidl_typesupport_fastrtps_cpp.hpp
[2.231s] -- Up-to-date symlink: /home/chotaehyun/waver_ws/install/vizanti_msgs/include/vizanti_msgs/vizanti_msgs/srv/detail/list_executables__rosidl_typesupport_fastrtps_cpp.hpp
[2.231s] -- Up-to-date symlink: /home/chotaehyun/waver_ws/install/vizanti_msgs/include/vizanti_msgs/vizanti_msgs/srv/detail/list_packages__rosidl_typesupport_fastrtps_cpp.hpp
[2.231s] -- Up-to-date symlink: /home/chotaehyun/waver_ws/install/vizanti_msgs/include/vizanti_msgs/vizanti_msgs/srv/detail/load_map__rosidl_typesupport_fastrtps_cpp.hpp
[2.231s] -- Up-to-date symlink: /home/chotaehyun/waver_ws/install/vizanti_msgs/include/vizanti_msgs/vizanti_msgs/srv/detail/manage_launch__rosidl_typesupport_fastrtps_cpp.hpp
[2.231s] -- Up-to-date symlink: /home/chotaehyun/waver_ws/install/vizanti_msgs/include/vizanti_msgs/vizanti_msgs/srv/detail/manage_node__rosidl_typesupport_fastrtps_cpp.hpp
[2.231s] -- Up-to-date symlink: /home/chotaehyun/waver_ws/install/vizanti_msgs/include/vizanti_msgs/vizanti_msgs/srv/detail/record_rosbag__rosidl_typesupport_fastrtps_cpp.hpp
[2.231s] -- Up-to-date symlink: /home/chotaehyun/waver_ws/install/vizanti_msgs/include/vizanti_msgs/vizanti_msgs/srv/detail/save_map__rosidl_typesupport_fastrtps_cpp.hpp
[2.232s] -- Up-to-date symlink: /home/chotaehyun/waver_ws/install/vizanti_msgs/include/vizanti_msgs/vizanti_msgs/srv/detail/set_node_parameter__rosidl_typesupport_fastrtps_cpp.hpp
[2.232s] -- Up-to-date symlink: /home/chotaehyun/waver_ws/install/vizanti_msgs/include/vizanti_msgs/vizanti_msgs/srv/detail/get_node_parameters__rosidl_typesupport_introspection_cpp.hpp
[2.232s] -- Up-to-date symlink: /home/chotaehyun/waver_ws/install/vizanti_msgs/include/vizanti_msgs/vizanti_msgs/srv/detail/launches__rosidl_typesupport_introspection_cpp.hpp
[2.232s] -- Up-to-date symlink: /home/chotaehyun/waver_ws/install/vizanti_msgs/include/vizanti_msgs/vizanti_msgs/srv/detail/list_executables__rosidl_typesupport_introspection_cpp.hpp
[2.233s] -- Up-to-date symlink: /home/chotaehyun/waver_ws/install/vizanti_msgs/include/vizanti_msgs/vizanti_msgs/srv/detail/list_packages__rosidl_typesupport_introspection_cpp.hpp
[2.233s] -- Up-to-date symlink: /home/chotaehyun/waver_ws/install/vizanti_msgs/include/vizanti_msgs/vizanti_msgs/srv/detail/load_map__rosidl_typesupport_introspection_cpp.hpp
[2.233s] -- Up-to-date symlink: /home/chotaehyun/waver_ws/install/vizanti_msgs/include/vizanti_msgs/vizanti_msgs/srv/detail/manage_launch__rosidl_typesupport_introspection_cpp.hpp
[2.233s] -- Up-to-date symlink: /home/chotaehyun/waver_ws/install/vizanti_msgs/include/vizanti_msgs/vizanti_msgs/srv/detail/manage_node__rosidl_typesupport_introspection_cpp.hpp
[2.233s] -- Up-to-date symlink: /home/chotaehyun/waver_ws/install/vizanti_msgs/include/vizanti_msgs/vizanti_msgs/srv/detail/record_rosbag__rosidl_typesupport_introspection_cpp.hpp
[2.233s] -- Up-to-date symlink: /home/chotaehyun/waver_ws/install/vizanti_msgs/include/vizanti_msgs/vizanti_msgs/srv/detail/save_map__rosidl_typesupport_introspection_cpp.hpp
[2.233s] -- Up-to-date symlink: /home/chotaehyun/waver_ws/install/vizanti_msgs/include/vizanti_msgs/vizanti_msgs/srv/detail/set_node_parameter__rosidl_typesupport_introspection_cpp.hpp
[2.233s] -- Up-to-date symlink: /home/chotaehyun/waver_ws/install/vizanti_msgs/share/vizanti_msgs/environment/pythonpath.sh
[2.233s] -- Up-to-date symlink: /home/chotaehyun/waver_ws/install/vizanti_msgs/share/vizanti_msgs/environment/pythonpath.dsv
[2.233s] -- Up-to-date symlink: /home/chotaehyun/waver_ws/install/vizanti_msgs/local/lib/python3.10/dist-packages/vizanti_msgs-0.1.0-py3.10.egg-info/PKG-INFO
[2.233s] -- Up-to-date symlink: /home/chotaehyun/waver_ws/install/vizanti_msgs/local/lib/python3.10/dist-packages/vizanti_msgs-0.1.0-py3.10.egg-info/SOURCES.txt
[2.234s] -- Up-to-date symlink: /home/chotaehyun/waver_ws/install/vizanti_msgs/local/lib/python3.10/dist-packages/vizanti_msgs-0.1.0-py3.10.egg-info/dependency_links.txt
[2.234s] -- Up-to-date symlink: /home/chotaehyun/waver_ws/install/vizanti_msgs/local/lib/python3.10/dist-packages/vizanti_msgs-0.1.0-py3.10.egg-info/top_level.txt
[2.234s] -- Up-to-date symlink: /home/chotaehyun/waver_ws/install/vizanti_msgs/local/lib/python3.10/dist-packages/vizanti_msgs/__init__.py
[2.234s] -- Up-to-date symlink: /home/chotaehyun/waver_ws/install/vizanti_msgs/local/lib/python3.10/dist-packages/vizanti_msgs/_vizanti_msgs_s.ep.rosidl_typesupport_c.c
[2.234s] -- Up-to-date symlink: /home/chotaehyun/waver_ws/install/vizanti_msgs/local/lib/python3.10/dist-packages/vizanti_msgs/_vizanti_msgs_s.ep.rosidl_typesupport_fastrtps_c.c
[2.234s] -- Up-to-date symlink: /home/chotaehyun/waver_ws/install/vizanti_msgs/local/lib/python3.10/dist-packages/vizanti_msgs/_vizanti_msgs_s.ep.rosidl_typesupport_introspection_c.c
[2.234s] -- Up-to-date symlink: /home/chotaehyun/waver_ws/install/vizanti_msgs/local/lib/python3.10/dist-packages/vizanti_msgs/libvizanti_msgs__rosidl_generator_py.so
[2.234s] -- Up-to-date symlink: /home/chotaehyun/waver_ws/install/vizanti_msgs/local/lib/python3.10/dist-packages/vizanti_msgs/srv/__init__.py
[2.234s] -- Up-to-date symlink: /home/chotaehyun/waver_ws/install/vizanti_msgs/local/lib/python3.10/dist-packages/vizanti_msgs/srv/_get_node_parameters.py
[2.234s] -- Up-to-date symlink: /home/chotaehyun/waver_ws/install/vizanti_msgs/local/lib/python3.10/dist-packages/vizanti_msgs/srv/_get_node_parameters_s.c
[2.235s] -- Up-to-date symlink: /home/chotaehyun/waver_ws/install/vizanti_msgs/local/lib/python3.10/dist-packages/vizanti_msgs/srv/_launches.py
[2.235s] -- Up-to-date symlink: /home/chotaehyun/waver_ws/install/vizanti_msgs/local/lib/python3.10/dist-packages/vizanti_msgs/srv/_launches_s.c
[2.235s] -- Up-to-date symlink: /home/chotaehyun/waver_ws/install/vizanti_msgs/local/lib/python3.10/dist-packages/vizanti_msgs/srv/_list_executables.py
[2.235s] -- Up-to-date symlink: /home/chotaehyun/waver_ws/install/vizanti_msgs/local/lib/python3.10/dist-packages/vizanti_msgs/srv/_list_executables_s.c
[2.235s] -- Up-to-date symlink: /home/chotaehyun/waver_ws/install/vizanti_msgs/local/lib/python3.10/dist-packages/vizanti_msgs/srv/_list_packages.py
[2.235s] -- Up-to-date symlink: /home/chotaehyun/waver_ws/install/vizanti_msgs/local/lib/python3.10/dist-packages/vizanti_msgs/srv/_list_packages_s.c
[2.236s] -- Up-to-date symlink: /home/chotaehyun/waver_ws/install/vizanti_msgs/local/lib/python3.10/dist-packages/vizanti_msgs/srv/_load_map.py
[2.236s] -- Up-to-date symlink: /home/chotaehyun/waver_ws/install/vizanti_msgs/local/lib/python3.10/dist-packages/vizanti_msgs/srv/_load_map_s.c
[2.236s] -- Up-to-date symlink: /home/chotaehyun/waver_ws/install/vizanti_msgs/local/lib/python3.10/dist-packages/vizanti_msgs/srv/_manage_launch.py
[2.236s] -- Up-to-date symlink: /home/chotaehyun/waver_ws/install/vizanti_msgs/local/lib/python3.10/dist-packages/vizanti_msgs/srv/_manage_launch_s.c
[2.246s] -- Up-to-date symlink: /home/chotaehyun/waver_ws/install/vizanti_msgs/local/lib/python3.10/dist-packages/vizanti_msgs/srv/_manage_node.py
[2.247s] -- Up-to-date symlink: /home/chotaehyun/waver_ws/install/vizanti_msgs/local/lib/python3.10/dist-packages/vizanti_msgs/srv/_manage_node_s.c
[2.247s] -- Up-to-date symlink: /home/chotaehyun/waver_ws/install/vizanti_msgs/local/lib/python3.10/dist-packages/vizanti_msgs/srv/_record_rosbag.py
[2.247s] -- Up-to-date symlink: /home/chotaehyun/waver_ws/install/vizanti_msgs/local/lib/python3.10/dist-packages/vizanti_msgs/srv/_record_rosbag_s.c
[2.248s] -- Up-to-date symlink: /home/chotaehyun/waver_ws/install/vizanti_msgs/local/lib/python3.10/dist-packages/vizanti_msgs/srv/_save_map.py
[2.248s] -- Up-to-date symlink: /home/chotaehyun/waver_ws/install/vizanti_msgs/local/lib/python3.10/dist-packages/vizanti_msgs/srv/_save_map_s.c
[2.248s] -- Up-to-date symlink: /home/chotaehyun/waver_ws/install/vizanti_msgs/local/lib/python3.10/dist-packages/vizanti_msgs/srv/_set_node_parameter.py
[2.248s] -- Up-to-date symlink: /home/chotaehyun/waver_ws/install/vizanti_msgs/local/lib/python3.10/dist-packages/vizanti_msgs/srv/_set_node_parameter_s.c
[2.248s] -- Up-to-date symlink: /home/chotaehyun/waver_ws/install/vizanti_msgs/local/lib/python3.10/dist-packages/vizanti_msgs/vizanti_msgs_s__rosidl_typesupport_c.cpython-310-x86_64-linux-gnu.so
[2.248s] -- Up-to-date symlink: /home/chotaehyun/waver_ws/install/vizanti_msgs/local/lib/python3.10/dist-packages/vizanti_msgs/vizanti_msgs_s__rosidl_typesupport_fastrtps_c.cpython-310-x86_64-linux-gnu.so
[2.252s] -- Up-to-date symlink: /home/chotaehyun/waver_ws/install/vizanti_msgs/local/lib/python3.10/dist-packages/vizanti_msgs/vizanti_msgs_s__rosidl_typesupport_introspection_c.cpython-310-x86_64-linux-gnu.so
[2.253s] -- Up-to-date symlink: /home/chotaehyun/waver_ws/install/vizanti_msgs/local/lib/python3.10/dist-packages/vizanti_msgs/vizanti_msgs_s__rosidl_typesupport_fastrtps_c.cpython-310-x86_64-linux-gnu.so
[2.256s] -- Up-to-date symlink: /home/chotaehyun/waver_ws/install/vizanti_msgs/local/lib/python3.10/dist-packages/vizanti_msgs/vizanti_msgs_s__rosidl_typesupport_introspection_c.cpython-310-x86_64-linux-gnu.so
[2.256s] -- Up-to-date symlink: /home/chotaehyun/waver_ws/install/vizanti_msgs/local/lib/python3.10/dist-packages/vizanti_msgs/vizanti_msgs_s__rosidl_typesupport_c.cpython-310-x86_64-linux-gnu.so
[2.256s] -- Up-to-date symlink: /home/chotaehyun/waver_ws/install/vizanti_msgs/share/vizanti_msgs/srv/GetNodeParameters.idl
[2.259s] -- Up-to-date symlink: /home/chotaehyun/waver_ws/install/vizanti_msgs/share/vizanti_msgs/srv/SetNodeParameter.idl
[2.261s] -- Up-to-date symlink: /home/chotaehyun/waver_ws/install/vizanti_msgs/share/vizanti_msgs/srv/SaveMap.idl
[2.262s] -- Up-to-date symlink: /home/chotaehyun/waver_ws/install/vizanti_msgs/share/vizanti_msgs/srv/LoadMap.idl
[2.262s] -- Up-to-date symlink: /home/chotaehyun/waver_ws/install/vizanti_msgs/share/vizanti_msgs/srv/Launches.idl
[2.262s] -- Up-to-date symlink: /home/chotaehyun/waver_ws/install/vizanti_msgs/share/vizanti_msgs/srv/RecordRosbag.idl
[2.262s] -- Up-to-date symlink: /home/chotaehyun/waver_ws/install/vizanti_msgs/share/vizanti_msgs/srv/ManageNode.idl
[2.262s] -- Up-to-date symlink: /home/chotaehyun/waver_ws/install/vizanti_msgs/share/vizanti_msgs/srv/ManageLaunch.idl
[2.263s] -- Up-to-date symlink: /home/chotaehyun/waver_ws/install/vizanti_msgs/share/vizanti_msgs/srv/ListPackages.idl
[2.264s] -- Up-to-date symlink: /home/chotaehyun/waver_ws/install/vizanti_msgs/share/vizanti_msgs/srv/ListExecutables.idl
[2.264s] -- Up-to-date symlink: /home/chotaehyun/waver_ws/install/vizanti_msgs/share/vizanti_msgs/srv/GetNodeParameters.srv
[2.264s] -- Up-to-date symlink: /home/chotaehyun/waver_ws/install/vizanti_msgs/share/vizanti_msgs/srv/GetNodeParameters_Request.msg
[2.264s] -- Up-to-date symlink: /home/chotaehyun/waver_ws/install/vizanti_msgs/share/vizanti_msgs/srv/GetNodeParameters_Response.msg
[2.264s] -- Up-to-date symlink: /home/chotaehyun/waver_ws/install/vizanti_msgs/share/vizanti_msgs/srv/SetNodeParameter.srv
[2.264s] -- Up-to-date symlink: /home/chotaehyun/waver_ws/install/vizanti_msgs/share/vizanti_msgs/srv/SetNodeParameter_Request.msg
[2.264s] -- Up-to-date symlink: /home/chotaehyun/waver_ws/install/vizanti_msgs/share/vizanti_msgs/srv/SetNodeParameter_Response.msg
[2.264s] -- Up-to-date symlink: /home/chotaehyun/waver_ws/install/vizanti_msgs/share/vizanti_msgs/srv/SaveMap.srv
[2.266s] -- Up-to-date symlink: /home/chotaehyun/waver_ws/install/vizanti_msgs/share/vizanti_msgs/srv/SaveMap_Request.msg
[2.266s] -- Up-to-date symlink: /home/chotaehyun/waver_ws/install/vizanti_msgs/share/vizanti_msgs/srv/SaveMap_Response.msg
[2.266s] -- Up-to-date symlink: /home/chotaehyun/waver_ws/install/vizanti_msgs/share/vizanti_msgs/srv/LoadMap.srv
[2.266s] -- Up-to-date symlink: /home/chotaehyun/waver_ws/install/vizanti_msgs/share/vizanti_msgs/srv/LoadMap_Request.msg
[2.266s] -- Up-to-date symlink: /home/chotaehyun/waver_ws/install/vizanti_msgs/share/vizanti_msgs/srv/LoadMap_Response.msg
[2.266s] -- Up-to-date symlink: /home/chotaehyun/waver_ws/install/vizanti_msgs/share/vizanti_msgs/srv/Launches.srv
[2.266s] -- Up-to-date symlink: /home/chotaehyun/waver_ws/install/vizanti_msgs/share/vizanti_msgs/srv/Launches_Request.msg
[2.266s] -- Up-to-date symlink: /home/chotaehyun/waver_ws/install/vizanti_msgs/share/vizanti_msgs/srv/Launches_Response.msg
[2.267s] -- Up-to-date symlink: /home/chotaehyun/waver_ws/install/vizanti_msgs/share/vizanti_msgs/srv/RecordRosbag.srv
[2.267s] -- Up-to-date symlink: /home/chotaehyun/waver_ws/install/vizanti_msgs/share/vizanti_msgs/srv/RecordRosbag_Request.msg
[2.267s] -- Up-to-date symlink: /home/chotaehyun/waver_ws/install/vizanti_msgs/share/vizanti_msgs/srv/RecordRosbag_Response.msg
[2.268s] -- Up-to-date symlink: /home/chotaehyun/waver_ws/install/vizanti_msgs/share/vizanti_msgs/srv/ManageNode.srv
[2.268s] -- Up-to-date symlink: /home/chotaehyun/waver_ws/install/vizanti_msgs/share/vizanti_msgs/srv/ManageNode_Request.msg
[2.269s] -- Up-to-date symlink: /home/chotaehyun/waver_ws/install/vizanti_msgs/share/vizanti_msgs/srv/ManageNode_Response.msg
[2.269s] -- Up-to-date symlink: /home/chotaehyun/waver_ws/install/vizanti_msgs/share/vizanti_msgs/srv/ManageLaunch.srv
[2.269s] -- Up-to-date symlink: /home/chotaehyun/waver_ws/install/vizanti_msgs/share/vizanti_msgs/srv/ManageLaunch_Request.msg
[2.269s] -- Up-to-date symlink: /home/chotaehyun/waver_ws/install/vizanti_msgs/share/vizanti_msgs/srv/ManageLaunch_Response.msg
[2.269s] -- Up-to-date symlink: /home/chotaehyun/waver_ws/install/vizanti_msgs/share/vizanti_msgs/srv/ListPackages.srv
[2.269s] -- Up-to-date symlink: /home/chotaehyun/waver_ws/install/vizanti_msgs/share/vizanti_msgs/srv/ListPackages_Request.msg
[2.269s] -- Up-to-date symlink: /home/chotaehyun/waver_ws/install/vizanti_msgs/share/vizanti_msgs/srv/ListPackages_Response.msg
[2.269s] -- Up-to-date symlink: /home/chotaehyun/waver_ws/install/vizanti_msgs/share/vizanti_msgs/srv/ListExecutables.srv
[2.269s] -- Up-to-date symlink: /home/chotaehyun/waver_ws/install/vizanti_msgs/share/vizanti_msgs/srv/ListExecutables_Request.msg
[2.269s] -- Up-to-date symlink: /home/chotaehyun/waver_ws/install/vizanti_msgs/share/vizanti_msgs/srv/ListExecutables_Response.msg
[2.269s] -- Up-to-date symlink: /home/chotaehyun/waver_ws/install/vizanti_msgs/share/ament_index/resource_index/package_run_dependencies/vizanti_msgs
[2.270s] -- Up-to-date symlink: /home/chotaehyun/waver_ws/install/vizanti_msgs/share/ament_index/resource_index/parent_prefix_path/vizanti_msgs
[2.270s] -- Up-to-date symlink: /home/chotaehyun/waver_ws/install/vizanti_msgs/share/vizanti_msgs/environment/ament_prefix_path.sh
[2.270s] -- Up-to-date symlink: /home/chotaehyun/waver_ws/install/vizanti_msgs/share/vizanti_msgs/environment/ament_prefix_path.dsv
[2.270s] -- Up-to-date symlink: /home/chotaehyun/waver_ws/install/vizanti_msgs/share/vizanti_msgs/environment/path.sh
[2.270s] -- Up-to-date symlink: /home/chotaehyun/waver_ws/install/vizanti_msgs/share/vizanti_msgs/environment/path.dsv
[2.270s] -- Up-to-date symlink: /home/chotaehyun/waver_ws/install/vizanti_msgs/share/vizanti_msgs/local_setup.bash
[2.270s] -- Up-to-date symlink: /home/chotaehyun/waver_ws/install/vizanti_msgs/share/vizanti_msgs/local_setup.sh
[2.270s] -- Up-to-date symlink: /home/chotaehyun/waver_ws/install/vizanti_msgs/share/vizanti_msgs/local_setup.zsh
[2.271s] -- Up-to-date symlink: /home/chotaehyun/waver_ws/install/vizanti_msgs/share/vizanti_msgs/local_setup.dsv
[2.271s] -- Symlinking: /home/chotaehyun/waver_ws/install/vizanti_msgs/share/vizanti_msgs/package.dsv
[2.282s] -- Up-to-date symlink: /home/chotaehyun/waver_ws/install/vizanti_msgs/share/ament_index/resource_index/packages/vizanti_msgs
[2.282s] -- Up-to-date symlink: /home/chotaehyun/waver_ws/install/vizanti_msgs/share/vizanti_msgs/cmake/rosidl_cmake-extras.cmake
[2.282s] -- Up-to-date symlink: /home/chotaehyun/waver_ws/install/vizanti_msgs/share/vizanti_msgs/cmake/ament_cmake_export_dependencies-extras.cmake
[2.282s] -- Up-to-date symlink: /home/chotaehyun/waver_ws/install/vizanti_msgs/share/vizanti_msgs/cmake/ament_cmake_export_include_directories-extras.cmake
[2.283s] -- Up-to-date symlink: /home/chotaehyun/waver_ws/install/vizanti_msgs/share/vizanti_msgs/cmake/ament_cmake_export_libraries-extras.cmake
[2.283s] -- Up-to-date symlink: /home/chotaehyun/waver_ws/install/vizanti_msgs/share/vizanti_msgs/cmake/ament_cmake_export_targets-extras.cmake
[2.283s] -- Up-to-date symlink: /home/chotaehyun/waver_ws/install/vizanti_msgs/share/vizanti_msgs/cmake/rosidl_cmake_export_typesupport_targets-extras.cmake
[2.283s] -- Up-to-date symlink: /home/chotaehyun/waver_ws/install/vizanti_msgs/share/vizanti_msgs/cmake/rosidl_cmake_export_typesupport_libraries-extras.cmake
[2.283s] -- Up-to-date symlink: /home/chotaehyun/waver_ws/install/vizanti_msgs/share/vizanti_msgs/cmake/vizanti_msgsConfig.cmake
[2.283s] -- Up-to-date symlink: /home/chotaehyun/waver_ws/install/vizanti_msgs/share/vizanti_msgs/cmake/vizanti_msgsConfig-version.cmake
[2.284s] -- Up-to-date symlink: /home/chotaehyun/waver_ws/install/vizanti_msgs/share/vizanti_msgs/package.xml
[2.284s] -- Up-to-date: /home/chotaehyun/waver_ws/install/vizanti_msgs/lib/libvizanti_msgs__rosidl_generator_c.so
[2.285s] -- Up-to-date: /home/chotaehyun/waver_ws/install/vizanti_msgs/lib/libvizanti_msgs__rosidl_typesupport_fastrtps_c.so
[2.285s] -- Up-to-date: /home/chotaehyun/waver_ws/install/vizanti_msgs/lib/libvizanti_msgs__rosidl_typesupport_introspection_c.so
[2.285s] -- Up-to-date: /home/chotaehyun/waver_ws/install/vizanti_msgs/lib/libvizanti_msgs__rosidl_typesupport_c.so
[2.285s] -- Up-to-date: /home/chotaehyun/waver_ws/install/vizanti_msgs/lib/libvizanti_msgs__rosidl_typesupport_fastrtps_cpp.so
[2.285s] -- Up-to-date: /home/chotaehyun/waver_ws/install/vizanti_msgs/lib/libvizanti_msgs__rosidl_typesupport_introspection_cpp.so
[2.285s] -- Up-to-date: /home/chotaehyun/waver_ws/install/vizanti_msgs/lib/libvizanti_msgs__rosidl_typesupport_cpp.so
[2.290s] Listing '/home/chotaehyun/waver_ws/install/vizanti_msgs/local/lib/python3.10/dist-packages/vizanti_msgs'...
[2.291s] Listing '/home/chotaehyun/waver_ws/install/vizanti_msgs/local/lib/python3.10/dist-packages/vizanti_msgs/srv'...
[2.294s] -- Up-to-date: /home/chotaehyun/waver_ws/install/vizanti_msgs/lib/libvizanti_msgs__rosidl_generator_py.so
[2.294s] -- Up-to-date: /home/chotaehyun/waver_ws/install/vizanti_msgs/share/vizanti_msgs/cmake/export_vizanti_msgs__rosidl_generator_cExport.cmake
[2.294s] -- Up-to-date: /home/chotaehyun/waver_ws/install/vizanti_msgs/share/vizanti_msgs/cmake/export_vizanti_msgs__rosidl_generator_cExport-noconfig.cmake
[2.294s] -- Up-to-date: /home/chotaehyun/waver_ws/install/vizanti_msgs/share/vizanti_msgs/cmake/export_vizanti_msgs__rosidl_typesupport_fastrtps_cExport.cmake
[2.294s] -- Up-to-date: /home/chotaehyun/waver_ws/install/vizanti_msgs/share/vizanti_msgs/cmake/export_vizanti_msgs__rosidl_typesupport_fastrtps_cExport-noconfig.cmake
[2.294s] -- Up-to-date: /home/chotaehyun/waver_ws/install/vizanti_msgs/share/vizanti_msgs/cmake/vizanti_msgs__rosidl_typesupport_introspection_cExport.cmake
[2.294s] -- Up-to-date: /home/chotaehyun/waver_ws/install/vizanti_msgs/share/vizanti_msgs/cmake/vizanti_msgs__rosidl_typesupport_introspection_cExport-noconfig.cmake
[2.294s] -- Up-to-date: /home/chotaehyun/waver_ws/install/vizanti_msgs/share/vizanti_msgs/cmake/vizanti_msgs__rosidl_typesupport_cExport.cmake
[2.294s] -- Up-to-date: /home/chotaehyun/waver_ws/install/vizanti_msgs/share/vizanti_msgs/cmake/vizanti_msgs__rosidl_typesupport_cExport-noconfig.cmake
[2.295s] -- Up-to-date: /home/chotaehyun/waver_ws/install/vizanti_msgs/share/vizanti_msgs/cmake/export_vizanti_msgs__rosidl_generator_cppExport.cmake
[2.296s] -- Up-to-date: /home/chotaehyun/waver_ws/install/vizanti_msgs/share/vizanti_msgs/cmake/export_vizanti_msgs__rosidl_typesupport_fastrtps_cppExport.cmake
[2.296s] -- Up-to-date: /home/chotaehyun/waver_ws/install/vizanti_msgs/share/vizanti_msgs/cmake/export_vizanti_msgs__rosidl_typesupport_fastrtps_cppExport-noconfig.cmake
[2.296s] -- Up-to-date: /home/chotaehyun/waver_ws/install/vizanti_msgs/share/vizanti_msgs/cmake/vizanti_msgs__rosidl_typesupport_introspection_cppExport.cmake
[2.296s] -- Up-to-date: /home/chotaehyun/waver_ws/install/vizanti_msgs/share/vizanti_msgs/cmake/vizanti_msgs__rosidl_typesupport_introspection_cppExport-noconfig.cmake
[2.296s] -- Up-to-date: /home/chotaehyun/waver_ws/install/vizanti_msgs/share/vizanti_msgs/cmake/vizanti_msgs__rosidl_typesupport_cppExport.cmake
[2.296s] -- Up-to-date: /home/chotaehyun/waver_ws/install/vizanti_msgs/share/vizanti_msgs/cmake/vizanti_msgs__rosidl_typesupport_cppExport-noconfig.cmake
[2.297s] -- Up-to-date: /home/chotaehyun/waver_ws/install/vizanti_msgs/share/vizanti_msgs/cmake/export_vizanti_msgs__rosidl_generator_pyExport.cmake
[2.297s] -- Up-to-date: /home/chotaehyun/waver_ws/install/vizanti_msgs/share/vizanti_msgs/cmake/export_vizanti_msgs__rosidl_generator_pyExport-noconfig.cmake
[2.694s] Invoked command in '/home/chotaehyun/waver_ws/build/vizanti_msgs' returned '0': CMAKE_PREFIX_PATH=/opt/ros/humble /usr/bin/cmake --install /home/chotaehyun/waver_ws/build/vizanti_msgs
