[0.360s] Invoking command in '/home/chotaehyun/waver_ws/build/ugv_interface': CMAKE_PREFIX_PATH=${CMAKE_PREFIX_PATH}:/home/chotaehyun/waver_ws/install/ugv_web_app:/home/chotaehyun/waver_ws/install/ugv_vision:/home/chotaehyun/waver_ws/install/ugv_tools:/home/chotaehyun/waver_ws/install/ugv_chat_ai:/home/chotaehyun/waver_ws/install/ugv_bringup:/home/chotaehyun/waver_ws/install/my_waver_app:/opt/ros/humble /usr/bin/cmake --build /home/chotaehyun/waver_ws/build/ugv_interface -- -j16 -l16
[0.849s] [  2%] Built target ugv_interface__cpp
[0.849s] [ 12%] Built target ugv_interface__rosidl_generator_c
[0.849s] [ 12%] Built target ament_cmake_python_symlink_ugv_interface
[0.850s] [ 23%] Built target ugv_interface__rosidl_typesupport_fastrtps_c
[0.850s] [ 43%] Built target ugv_interface__rosidl_typesupport_c
[0.850s] [ 43%] Built target ugv_interface__rosidl_typesupport_introspection_c
[0.850s] [ 53%] Built target ugv_interface__rosidl_typesupport_fastrtps_cpp
[0.850s] [ 64%] Built target ugv_interface__rosidl_typesupport_introspection_cpp
[0.850s] [ 74%] Built target ugv_interface__rosidl_typesupport_cpp
[0.850s] [ 74%] Built target ugv_interface
[0.850s] [ 76%] Built target ugv_interface__py
[0.850s] [ 84%] Built target ugv_interface__rosidl_generator_py
[0.850s] [100%] Built target ugv_interface__rosidl_typesupport_c__pyext
[0.850s] [100%] Built target ugv_interface__rosidl_typesupport_fastrtps_c__pyext
[0.850s] [100%] Built target ugv_interface__rosidl_typesupport_introspection_c__pyext
[0.852s] running egg_info
[0.853s] writing ugv_interface.egg-info/PKG-INFO
[0.853s] writing dependency_links to ugv_interface.egg-info/dependency_links.txt
[0.853s] writing top-level names to ugv_interface.egg-info/top_level.txt
[0.857s] reading manifest file 'ugv_interface.egg-info/SOURCES.txt'
[0.858s] writing manifest file 'ugv_interface.egg-info/SOURCES.txt'
[0.956s] [100%] Built target ament_cmake_python_build_ugv_interface_egg
[1.828s] Invoked command in '/home/chotaehyun/waver_ws/build/ugv_interface' returned '0': CMAKE_PREFIX_PATH=${CMAKE_PREFIX_PATH}:/home/chotaehyun/waver_ws/install/ugv_web_app:/home/chotaehyun/waver_ws/install/ugv_vision:/home/chotaehyun/waver_ws/install/ugv_tools:/home/chotaehyun/waver_ws/install/ugv_chat_ai:/home/chotaehyun/waver_ws/install/ugv_bringup:/home/chotaehyun/waver_ws/install/my_waver_app:/opt/ros/humble /usr/bin/cmake --build /home/chotaehyun/waver_ws/build/ugv_interface -- -j16 -l16
[1.833s] Invoking command in '/home/chotaehyun/waver_ws/build/ugv_interface': CMAKE_PREFIX_PATH=${CMAKE_PREFIX_PATH}:/home/chotaehyun/waver_ws/install/ugv_web_app:/home/chotaehyun/waver_ws/install/ugv_vision:/home/chotaehyun/waver_ws/install/ugv_tools:/home/chotaehyun/waver_ws/install/ugv_chat_ai:/home/chotaehyun/waver_ws/install/ugv_bringup:/home/chotaehyun/waver_ws/install/my_waver_app:/opt/ros/humble /usr/bin/cmake --install /home/chotaehyun/waver_ws/build/ugv_interface
[1.882s] -- Install configuration: ""
[1.882s] -- Execute custom install script
[1.882s] -- Up-to-date symlink: /home/chotaehyun/waver_ws/install/ugv_interface/share/ament_index/resource_index/rosidl_interfaces/ugv_interface
[1.883s] -- Up-to-date symlink: /home/chotaehyun/waver_ws/install/ugv_interface/include/ugv_interface/ugv_interface/action/behavior.h
[1.883s] -- Up-to-date symlink: /home/chotaehyun/waver_ws/install/ugv_interface/include/ugv_interface/ugv_interface/action/detail/behavior__functions.h
[1.883s] -- Up-to-date symlink: /home/chotaehyun/waver_ws/install/ugv_interface/include/ugv_interface/ugv_interface/action/detail/behavior__struct.h
[1.883s] -- Up-to-date symlink: /home/chotaehyun/waver_ws/install/ugv_interface/include/ugv_interface/ugv_interface/action/detail/behavior__type_support.h
[1.887s] -- Up-to-date symlink: /home/chotaehyun/waver_ws/install/ugv_interface/include/ugv_interface/ugv_interface/msg/rosidl_generator_c__visibility_control.h
[1.887s] -- Up-to-date symlink: /home/chotaehyun/waver_ws/install/ugv_interface/include/ugv_interface/ugv_interface/srv/detail/map_save__functions.h
[1.887s] -- Up-to-date symlink: /home/chotaehyun/waver_ws/install/ugv_interface/include/ugv_interface/ugv_interface/srv/detail/map_save__struct.h
[1.887s] -- Up-to-date symlink: /home/chotaehyun/waver_ws/install/ugv_interface/include/ugv_interface/ugv_interface/srv/detail/map_save__type_support.h
[1.887s] -- Up-to-date symlink: /home/chotaehyun/waver_ws/install/ugv_interface/include/ugv_interface/ugv_interface/srv/map_save.h
[1.887s] -- Up-to-date symlink: /home/chotaehyun/waver_ws/install/ugv_interface/share/ugv_interface/environment/library_path.sh
[1.888s] -- Up-to-date symlink: /home/chotaehyun/waver_ws/install/ugv_interface/share/ugv_interface/environment/library_path.dsv
[1.888s] -- Up-to-date symlink: /home/chotaehyun/waver_ws/install/ugv_interface/include/ugv_interface/ugv_interface/action/detail/behavior__rosidl_typesupport_fastrtps_c.h
[1.888s] -- Up-to-date symlink: /home/chotaehyun/waver_ws/install/ugv_interface/include/ugv_interface/ugv_interface/msg/rosidl_typesupport_fastrtps_c__visibility_control.h
[1.888s] -- Up-to-date symlink: /home/chotaehyun/waver_ws/install/ugv_interface/include/ugv_interface/ugv_interface/srv/detail/map_save__rosidl_typesupport_fastrtps_c.h
[1.888s] -- Up-to-date symlink: /home/chotaehyun/waver_ws/install/ugv_interface/include/ugv_interface/ugv_interface/action/detail/behavior__rosidl_typesupport_introspection_c.h
[1.888s] -- Up-to-date symlink: /home/chotaehyun/waver_ws/install/ugv_interface/include/ugv_interface/ugv_interface/msg/rosidl_typesupport_introspection_c__visibility_control.h
[1.888s] -- Up-to-date symlink: /home/chotaehyun/waver_ws/install/ugv_interface/include/ugv_interface/ugv_interface/srv/detail/map_save__rosidl_typesupport_introspection_c.h
[1.888s] -- Up-to-date symlink: /home/chotaehyun/waver_ws/install/ugv_interface/include/ugv_interface/ugv_interface/action/behavior.hpp
[1.888s] -- Up-to-date symlink: /home/chotaehyun/waver_ws/install/ugv_interface/include/ugv_interface/ugv_interface/action/detail/behavior__builder.hpp
[1.888s] -- Up-to-date symlink: /home/chotaehyun/waver_ws/install/ugv_interface/include/ugv_interface/ugv_interface/action/detail/behavior__struct.hpp
[1.888s] -- Up-to-date symlink: /home/chotaehyun/waver_ws/install/ugv_interface/include/ugv_interface/ugv_interface/action/detail/behavior__traits.hpp
[1.888s] -- Up-to-date symlink: /home/chotaehyun/waver_ws/install/ugv_interface/include/ugv_interface/ugv_interface/action/detail/behavior__type_support.hpp
[1.889s] -- Up-to-date symlink: /home/chotaehyun/waver_ws/install/ugv_interface/include/ugv_interface/ugv_interface/msg/rosidl_generator_cpp__visibility_control.hpp
[1.889s] -- Up-to-date symlink: /home/chotaehyun/waver_ws/install/ugv_interface/include/ugv_interface/ugv_interface/srv/detail/map_save__builder.hpp
[1.889s] -- Up-to-date symlink: /home/chotaehyun/waver_ws/install/ugv_interface/include/ugv_interface/ugv_interface/srv/detail/map_save__struct.hpp
[1.889s] -- Up-to-date symlink: /home/chotaehyun/waver_ws/install/ugv_interface/include/ugv_interface/ugv_interface/srv/detail/map_save__traits.hpp
[1.889s] -- Up-to-date symlink: /home/chotaehyun/waver_ws/install/ugv_interface/include/ugv_interface/ugv_interface/srv/detail/map_save__type_support.hpp
[1.890s] -- Up-to-date symlink: /home/chotaehyun/waver_ws/install/ugv_interface/include/ugv_interface/ugv_interface/srv/map_save.hpp
[1.890s] -- Up-to-date symlink: /home/chotaehyun/waver_ws/install/ugv_interface/include/ugv_interface/ugv_interface/action/detail/behavior__rosidl_typesupport_fastrtps_cpp.hpp
[1.890s] -- Up-to-date symlink: /home/chotaehyun/waver_ws/install/ugv_interface/include/ugv_interface/ugv_interface/msg/rosidl_typesupport_fastrtps_cpp__visibility_control.h
[1.890s] -- Up-to-date symlink: /home/chotaehyun/waver_ws/install/ugv_interface/include/ugv_interface/ugv_interface/srv/detail/map_save__rosidl_typesupport_fastrtps_cpp.hpp
[1.890s] -- Up-to-date symlink: /home/chotaehyun/waver_ws/install/ugv_interface/include/ugv_interface/ugv_interface/action/detail/behavior__rosidl_typesupport_introspection_cpp.hpp
[1.890s] -- Up-to-date symlink: /home/chotaehyun/waver_ws/install/ugv_interface/include/ugv_interface/ugv_interface/srv/detail/map_save__rosidl_typesupport_introspection_cpp.hpp
[1.890s] -- Up-to-date symlink: /home/chotaehyun/waver_ws/install/ugv_interface/share/ugv_interface/environment/pythonpath.sh
[1.890s] -- Up-to-date symlink: /home/chotaehyun/waver_ws/install/ugv_interface/share/ugv_interface/environment/pythonpath.dsv
[1.890s] -- Up-to-date symlink: /home/chotaehyun/waver_ws/install/ugv_interface/local/lib/python3.10/dist-packages/ugv_interface-0.0.0-py3.10.egg-info/PKG-INFO
[1.891s] -- Up-to-date symlink: /home/chotaehyun/waver_ws/install/ugv_interface/local/lib/python3.10/dist-packages/ugv_interface-0.0.0-py3.10.egg-info/SOURCES.txt
[1.891s] -- Up-to-date symlink: /home/chotaehyun/waver_ws/install/ugv_interface/local/lib/python3.10/dist-packages/ugv_interface-0.0.0-py3.10.egg-info/dependency_links.txt
[1.891s] -- Up-to-date symlink: /home/chotaehyun/waver_ws/install/ugv_interface/local/lib/python3.10/dist-packages/ugv_interface-0.0.0-py3.10.egg-info/top_level.txt
[1.891s] -- Up-to-date symlink: /home/chotaehyun/waver_ws/install/ugv_interface/local/lib/python3.10/dist-packages/ugv_interface/__init__.py
[1.891s] -- Up-to-date symlink: /home/chotaehyun/waver_ws/install/ugv_interface/local/lib/python3.10/dist-packages/ugv_interface/_ugv_interface_s.ep.rosidl_typesupport_c.c
[1.891s] -- Up-to-date symlink: /home/chotaehyun/waver_ws/install/ugv_interface/local/lib/python3.10/dist-packages/ugv_interface/_ugv_interface_s.ep.rosidl_typesupport_fastrtps_c.c
[1.891s] -- Up-to-date symlink: /home/chotaehyun/waver_ws/install/ugv_interface/local/lib/python3.10/dist-packages/ugv_interface/_ugv_interface_s.ep.rosidl_typesupport_introspection_c.c
[1.891s] -- Up-to-date symlink: /home/chotaehyun/waver_ws/install/ugv_interface/local/lib/python3.10/dist-packages/ugv_interface/action/__init__.py
[1.891s] -- Up-to-date symlink: /home/chotaehyun/waver_ws/install/ugv_interface/local/lib/python3.10/dist-packages/ugv_interface/action/_behavior.py
[1.891s] -- Up-to-date symlink: /home/chotaehyun/waver_ws/install/ugv_interface/local/lib/python3.10/dist-packages/ugv_interface/action/_behavior_s.c
[1.891s] -- Up-to-date symlink: /home/chotaehyun/waver_ws/install/ugv_interface/local/lib/python3.10/dist-packages/ugv_interface/libugv_interface__rosidl_generator_py.so
[1.891s] -- Up-to-date symlink: /home/chotaehyun/waver_ws/install/ugv_interface/local/lib/python3.10/dist-packages/ugv_interface/srv/__init__.py
[1.891s] -- Up-to-date symlink: /home/chotaehyun/waver_ws/install/ugv_interface/local/lib/python3.10/dist-packages/ugv_interface/srv/_map_save.py
[1.892s] -- Up-to-date symlink: /home/chotaehyun/waver_ws/install/ugv_interface/local/lib/python3.10/dist-packages/ugv_interface/srv/_map_save_s.c
[1.892s] -- Up-to-date symlink: /home/chotaehyun/waver_ws/install/ugv_interface/local/lib/python3.10/dist-packages/ugv_interface/ugv_interface_s__rosidl_typesupport_c.cpython-310-x86_64-linux-gnu.so
[1.892s] -- Up-to-date symlink: /home/chotaehyun/waver_ws/install/ugv_interface/local/lib/python3.10/dist-packages/ugv_interface/ugv_interface_s__rosidl_typesupport_fastrtps_c.cpython-310-x86_64-linux-gnu.so
[1.892s] -- Up-to-date symlink: /home/chotaehyun/waver_ws/install/ugv_interface/local/lib/python3.10/dist-packages/ugv_interface/ugv_interface_s__rosidl_typesupport_introspection_c.cpython-310-x86_64-linux-gnu.so
[1.892s] -- Up-to-date symlink: /home/chotaehyun/waver_ws/install/ugv_interface/local/lib/python3.10/dist-packages/ugv_interface/ugv_interface_s__rosidl_typesupport_fastrtps_c.cpython-310-x86_64-linux-gnu.so
[1.892s] -- Up-to-date symlink: /home/chotaehyun/waver_ws/install/ugv_interface/local/lib/python3.10/dist-packages/ugv_interface/ugv_interface_s__rosidl_typesupport_introspection_c.cpython-310-x86_64-linux-gnu.so
[1.892s] -- Up-to-date symlink: /home/chotaehyun/waver_ws/install/ugv_interface/local/lib/python3.10/dist-packages/ugv_interface/ugv_interface_s__rosidl_typesupport_c.cpython-310-x86_64-linux-gnu.so
[1.892s] -- Up-to-date symlink: /home/chotaehyun/waver_ws/install/ugv_interface/share/ugv_interface/srv/MapSave.idl
[1.892s] -- Up-to-date symlink: /home/chotaehyun/waver_ws/install/ugv_interface/share/ugv_interface/action/Behavior.idl
[1.892s] -- Up-to-date symlink: /home/chotaehyun/waver_ws/install/ugv_interface/share/ugv_interface/srv/MapSave.srv
[1.893s] -- Up-to-date symlink: /home/chotaehyun/waver_ws/install/ugv_interface/share/ugv_interface/srv/MapSave_Request.msg
[1.893s] -- Up-to-date symlink: /home/chotaehyun/waver_ws/install/ugv_interface/share/ugv_interface/srv/MapSave_Response.msg
[1.893s] -- Up-to-date symlink: /home/chotaehyun/waver_ws/install/ugv_interface/share/ugv_interface/action/Behavior.action
[1.896s] -- Up-to-date symlink: /home/chotaehyun/waver_ws/install/ugv_interface/share/ugv_interface/srv/MapSave.srv
[1.896s] -- Up-to-date symlink: /home/chotaehyun/waver_ws/install/ugv_interface/share/ugv_interface/action/Behavior.action
[1.897s] -- Up-to-date symlink: /home/chotaehyun/waver_ws/install/ugv_interface/share/ament_index/resource_index/package_run_dependencies/ugv_interface
[1.897s] -- Up-to-date symlink: /home/chotaehyun/waver_ws/install/ugv_interface/share/ament_index/resource_index/parent_prefix_path/ugv_interface
[1.897s] -- Up-to-date symlink: /home/chotaehyun/waver_ws/install/ugv_interface/share/ugv_interface/environment/ament_prefix_path.sh
[1.897s] -- Up-to-date symlink: /home/chotaehyun/waver_ws/install/ugv_interface/share/ugv_interface/environment/ament_prefix_path.dsv
[1.897s] -- Up-to-date symlink: /home/chotaehyun/waver_ws/install/ugv_interface/share/ugv_interface/environment/path.sh
[1.897s] -- Up-to-date symlink: /home/chotaehyun/waver_ws/install/ugv_interface/share/ugv_interface/environment/path.dsv
[1.897s] -- Up-to-date symlink: /home/chotaehyun/waver_ws/install/ugv_interface/share/ugv_interface/local_setup.bash
[1.897s] -- Up-to-date symlink: /home/chotaehyun/waver_ws/install/ugv_interface/share/ugv_interface/local_setup.sh
[1.897s] -- Up-to-date symlink: /home/chotaehyun/waver_ws/install/ugv_interface/share/ugv_interface/local_setup.zsh
[1.897s] -- Up-to-date symlink: /home/chotaehyun/waver_ws/install/ugv_interface/share/ugv_interface/local_setup.dsv
[1.897s] -- Symlinking: /home/chotaehyun/waver_ws/install/ugv_interface/share/ugv_interface/package.dsv
[1.914s] -- Up-to-date symlink: /home/chotaehyun/waver_ws/install/ugv_interface/share/ament_index/resource_index/packages/ugv_interface
[1.917s] -- Up-to-date symlink: /home/chotaehyun/waver_ws/install/ugv_interface/share/ugv_interface/cmake/rosidl_cmake-extras.cmake
[1.918s] -- Up-to-date symlink: /home/chotaehyun/waver_ws/install/ugv_interface/share/ugv_interface/cmake/ament_cmake_export_dependencies-extras.cmake
[1.918s] -- Up-to-date symlink: /home/chotaehyun/waver_ws/install/ugv_interface/share/ugv_interface/cmake/ament_cmake_export_include_directories-extras.cmake
[1.918s] -- Up-to-date symlink: /home/chotaehyun/waver_ws/install/ugv_interface/share/ugv_interface/cmake/ament_cmake_export_libraries-extras.cmake
[1.919s] -- Up-to-date symlink: /home/chotaehyun/waver_ws/install/ugv_interface/share/ugv_interface/cmake/ament_cmake_export_targets-extras.cmake
[1.919s] -- Up-to-date symlink: /home/chotaehyun/waver_ws/install/ugv_interface/share/ugv_interface/cmake/rosidl_cmake_export_typesupport_targets-extras.cmake
[1.919s] -- Up-to-date symlink: /home/chotaehyun/waver_ws/install/ugv_interface/share/ugv_interface/cmake/rosidl_cmake_export_typesupport_libraries-extras.cmake
[1.919s] -- Up-to-date symlink: /home/chotaehyun/waver_ws/install/ugv_interface/share/ugv_interface/cmake/ugv_interfaceConfig.cmake
[1.919s] -- Up-to-date symlink: /home/chotaehyun/waver_ws/install/ugv_interface/share/ugv_interface/cmake/ugv_interfaceConfig-version.cmake
[1.919s] -- Up-to-date symlink: /home/chotaehyun/waver_ws/install/ugv_interface/share/ugv_interface/package.xml
[1.919s] -- Up-to-date: /home/chotaehyun/waver_ws/install/ugv_interface/lib/libugv_interface__rosidl_generator_c.so
[1.922s] -- Up-to-date: /home/chotaehyun/waver_ws/install/ugv_interface/lib/libugv_interface__rosidl_typesupport_fastrtps_c.so
[1.923s] -- Up-to-date: /home/chotaehyun/waver_ws/install/ugv_interface/lib/libugv_interface__rosidl_typesupport_introspection_c.so
[1.934s] -- Up-to-date: /home/chotaehyun/waver_ws/install/ugv_interface/lib/libugv_interface__rosidl_typesupport_c.so
[1.935s] -- Up-to-date: /home/chotaehyun/waver_ws/install/ugv_interface/lib/libugv_interface__rosidl_typesupport_fastrtps_cpp.so
[1.935s] -- Up-to-date: /home/chotaehyun/waver_ws/install/ugv_interface/lib/libugv_interface__rosidl_typesupport_introspection_cpp.so
[1.935s] -- Up-to-date: /home/chotaehyun/waver_ws/install/ugv_interface/lib/libugv_interface__rosidl_typesupport_cpp.so
[2.031s] Listing '/home/chotaehyun/waver_ws/install/ugv_interface/local/lib/python3.10/dist-packages/ugv_interface'...
[2.031s] Listing '/home/chotaehyun/waver_ws/install/ugv_interface/local/lib/python3.10/dist-packages/ugv_interface/action'...
[2.032s] Listing '/home/chotaehyun/waver_ws/install/ugv_interface/local/lib/python3.10/dist-packages/ugv_interface/srv'...
[2.060s] -- Up-to-date: /home/chotaehyun/waver_ws/install/ugv_interface/lib/libugv_interface__rosidl_generator_py.so
[2.060s] -- Up-to-date: /home/chotaehyun/waver_ws/install/ugv_interface/share/ugv_interface/cmake/export_ugv_interface__rosidl_generator_cExport.cmake
[2.061s] -- Up-to-date: /home/chotaehyun/waver_ws/install/ugv_interface/share/ugv_interface/cmake/export_ugv_interface__rosidl_generator_cExport-noconfig.cmake
[2.061s] -- Up-to-date: /home/chotaehyun/waver_ws/install/ugv_interface/share/ugv_interface/cmake/export_ugv_interface__rosidl_typesupport_fastrtps_cExport.cmake
[2.061s] -- Up-to-date: /home/chotaehyun/waver_ws/install/ugv_interface/share/ugv_interface/cmake/export_ugv_interface__rosidl_typesupport_fastrtps_cExport-noconfig.cmake
[2.061s] -- Up-to-date: /home/chotaehyun/waver_ws/install/ugv_interface/share/ugv_interface/cmake/ugv_interface__rosidl_typesupport_introspection_cExport.cmake
[2.061s] -- Up-to-date: /home/chotaehyun/waver_ws/install/ugv_interface/share/ugv_interface/cmake/ugv_interface__rosidl_typesupport_introspection_cExport-noconfig.cmake
[2.062s] -- Up-to-date: /home/chotaehyun/waver_ws/install/ugv_interface/share/ugv_interface/cmake/ugv_interface__rosidl_typesupport_cExport.cmake
[2.063s] -- Up-to-date: /home/chotaehyun/waver_ws/install/ugv_interface/share/ugv_interface/cmake/ugv_interface__rosidl_typesupport_cExport-noconfig.cmake
[2.063s] -- Up-to-date: /home/chotaehyun/waver_ws/install/ugv_interface/share/ugv_interface/cmake/export_ugv_interface__rosidl_generator_cppExport.cmake
[2.063s] -- Up-to-date: /home/chotaehyun/waver_ws/install/ugv_interface/share/ugv_interface/cmake/export_ugv_interface__rosidl_typesupport_fastrtps_cppExport.cmake
[2.064s] -- Up-to-date: /home/chotaehyun/waver_ws/install/ugv_interface/share/ugv_interface/cmake/export_ugv_interface__rosidl_typesupport_fastrtps_cppExport-noconfig.cmake
[2.065s] -- Up-to-date: /home/chotaehyun/waver_ws/install/ugv_interface/share/ugv_interface/cmake/ugv_interface__rosidl_typesupport_introspection_cppExport.cmake
[2.066s] -- Up-to-date: /home/chotaehyun/waver_ws/install/ugv_interface/share/ugv_interface/cmake/ugv_interface__rosidl_typesupport_introspection_cppExport-noconfig.cmake
[2.066s] -- Up-to-date: /home/chotaehyun/waver_ws/install/ugv_interface/share/ugv_interface/cmake/ugv_interface__rosidl_typesupport_cppExport.cmake
[2.066s] -- Up-to-date: /home/chotaehyun/waver_ws/install/ugv_interface/share/ugv_interface/cmake/ugv_interface__rosidl_typesupport_cppExport-noconfig.cmake
[2.066s] -- Up-to-date: /home/chotaehyun/waver_ws/install/ugv_interface/share/ugv_interface/cmake/export_ugv_interface__rosidl_generator_pyExport.cmake
[2.066s] -- Up-to-date: /home/chotaehyun/waver_ws/install/ugv_interface/share/ugv_interface/cmake/export_ugv_interface__rosidl_generator_pyExport-noconfig.cmake
[2.199s] Invoked command in '/home/chotaehyun/waver_ws/build/ugv_interface' returned '0': CMAKE_PREFIX_PATH=${CMAKE_PREFIX_PATH}:/home/chotaehyun/waver_ws/install/ugv_web_app:/home/chotaehyun/waver_ws/install/ugv_vision:/home/chotaehyun/waver_ws/install/ugv_tools:/home/chotaehyun/waver_ws/install/ugv_chat_ai:/home/chotaehyun/waver_ws/install/ugv_bringup:/home/chotaehyun/waver_ws/install/my_waver_app:/opt/ros/humble /usr/bin/cmake --install /home/chotaehyun/waver_ws/build/ugv_interface
