[0.195s] Invoking command in '/home/chotaehyun/waver_ws/build/ugv_slam': CMAKE_PREFIX_PATH=/opt/ros/humble /usr/bin/cmake --build /home/chotaehyun/waver_ws/build/ugv_slam -- -j16 -l16
[1.044s] Invoked command in '/home/chotaehyun/waver_ws/build/ugv_slam' returned '0': CMAKE_PREFIX_PATH=/opt/ros/humble /usr/bin/cmake --build /home/chotaehyun/waver_ws/build/ugv_slam -- -j16 -l16
[1.045s] Invoking command in '/home/chotaehyun/waver_ws/build/ugv_slam': CMAKE_PREFIX_PATH=/opt/ros/humble /usr/bin/cmake --install /home/chotaehyun/waver_ws/build/ugv_slam
[1.077s] -- Install configuration: ""
[1.078s] -- Execute custom install script
[1.078s] -- Up-to-date symlink: /home/chotaehyun/waver_ws/install/ugv_slam/share/ugv_slam/launch/cartographer.launch.py
[1.079s] -- Up-to-date symlink: /home/chotaehyun/waver_ws/install/ugv_slam/share/ugv_slam/launch/gmapping.launch.py
[1.079s] -- Up-to-date symlink: /home/chotaehyun/waver_ws/install/ugv_slam/share/ugv_slam/launch/rtabmap_rgbd.launch.py
[1.079s] -- Up-to-date symlink: /home/chotaehyun/waver_ws/install/ugv_slam/share/ugv_slam/launch/waver_gmapping.launch.py
[1.079s] -- Up-to-date symlink: /home/chotaehyun/waver_ws/install/ugv_slam/share/ugv_slam/rviz/view_slam_2d.rviz
[1.079s] -- Up-to-date symlink: /home/chotaehyun/waver_ws/install/ugv_slam/share/ugv_slam/rviz/view_slam_3d.rviz
[1.079s] -- Up-to-date symlink: /home/chotaehyun/waver_ws/install/ugv_slam/share/ament_index/resource_index/package_run_dependencies/ugv_slam
[1.079s] -- Up-to-date symlink: /home/chotaehyun/waver_ws/install/ugv_slam/share/ament_index/resource_index/parent_prefix_path/ugv_slam
[1.079s] -- Up-to-date symlink: /home/chotaehyun/waver_ws/install/ugv_slam/share/ugv_slam/environment/ament_prefix_path.sh
[1.079s] -- Up-to-date symlink: /home/chotaehyun/waver_ws/install/ugv_slam/share/ugv_slam/environment/ament_prefix_path.dsv
[1.079s] -- Up-to-date symlink: /home/chotaehyun/waver_ws/install/ugv_slam/share/ugv_slam/environment/path.sh
[1.079s] -- Up-to-date symlink: /home/chotaehyun/waver_ws/install/ugv_slam/share/ugv_slam/environment/path.dsv
[1.079s] -- Up-to-date symlink: /home/chotaehyun/waver_ws/install/ugv_slam/share/ugv_slam/local_setup.bash
[1.079s] -- Up-to-date symlink: /home/chotaehyun/waver_ws/install/ugv_slam/share/ugv_slam/local_setup.sh
[1.080s] -- Up-to-date symlink: /home/chotaehyun/waver_ws/install/ugv_slam/share/ugv_slam/local_setup.zsh
[1.080s] -- Up-to-date symlink: /home/chotaehyun/waver_ws/install/ugv_slam/share/ugv_slam/local_setup.dsv
[1.080s] -- Symlinking: /home/chotaehyun/waver_ws/install/ugv_slam/share/ugv_slam/package.dsv
[1.080s] -- Up-to-date symlink: /home/chotaehyun/waver_ws/install/ugv_slam/share/ament_index/resource_index/packages/ugv_slam
[1.080s] -- Up-to-date symlink: /home/chotaehyun/waver_ws/install/ugv_slam/share/ugv_slam/cmake/ugv_slamConfig.cmake
[1.083s] -- Up-to-date symlink: /home/chotaehyun/waver_ws/install/ugv_slam/share/ugv_slam/cmake/ugv_slamConfig-version.cmake
[1.083s] -- Up-to-date symlink: /home/chotaehyun/waver_ws/install/ugv_slam/share/ugv_slam/package.xml
[1.156s] Invoked command in '/home/chotaehyun/waver_ws/build/ugv_slam' returned '0': CMAKE_PREFIX_PATH=/opt/ros/humble /usr/bin/cmake --install /home/chotaehyun/waver_ws/build/ugv_slam
