[0.923s] Invoking command in '/home/chotaehyun/waver_ws/build/robot_pose_publisher': CMAKE_PREFIX_PATH=/opt/ros/humble /usr/bin/cmake --build /home/chotaehyun/waver_ws/build/robot_pose_publisher -- -j16 -l16
[1.917s] [100%] Built target robot_pose_publisher
[1.986s] Invoked command in '/home/chotaehyun/waver_ws/build/robot_pose_publisher' returned '0': CMAKE_PREFIX_PATH=/opt/ros/humble /usr/bin/cmake --build /home/chotaehyun/waver_ws/build/robot_pose_publisher -- -j16 -l16
[1.988s] Invoking command in '/home/chotaehyun/waver_ws/build/robot_pose_publisher': CMAKE_PREFIX_PATH=/opt/ros/humble /usr/bin/cmake --install /home/chotaehyun/waver_ws/build/robot_pose_publisher
[2.156s] -- Install configuration: ""
[2.156s] -- Execute custom install script
[2.157s] -- Up-to-date symlink: /home/chotaehyun/waver_ws/install/robot_pose_publisher/lib/robot_pose_publisher/robot_pose_publisher
[2.157s] -- Up-to-date symlink: /home/chotaehyun/waver_ws/install/robot_pose_publisher/share/robot_pose_publisher/launch/robot_pose_publisher_launch.py
[2.157s] -- Up-to-date symlink: /home/chotaehyun/waver_ws/install/robot_pose_publisher/share/ament_index/resource_index/package_run_dependencies/robot_pose_publisher
[2.157s] -- Up-to-date symlink: /home/chotaehyun/waver_ws/install/robot_pose_publisher/share/ament_index/resource_index/parent_prefix_path/robot_pose_publisher
[2.157s] -- Up-to-date symlink: /home/chotaehyun/waver_ws/install/robot_pose_publisher/share/robot_pose_publisher/environment/ament_prefix_path.sh
[2.157s] -- Up-to-date symlink: /home/chotaehyun/waver_ws/install/robot_pose_publisher/share/robot_pose_publisher/environment/ament_prefix_path.dsv
[2.158s] -- Up-to-date symlink: /home/chotaehyun/waver_ws/install/robot_pose_publisher/share/robot_pose_publisher/environment/path.sh
[2.158s] -- Up-to-date symlink: /home/chotaehyun/waver_ws/install/robot_pose_publisher/share/robot_pose_publisher/environment/path.dsv
[2.158s] -- Up-to-date symlink: /home/chotaehyun/waver_ws/install/robot_pose_publisher/share/robot_pose_publisher/local_setup.bash
[2.158s] -- Up-to-date symlink: /home/chotaehyun/waver_ws/install/robot_pose_publisher/share/robot_pose_publisher/local_setup.sh
[2.159s] -- Up-to-date symlink: /home/chotaehyun/waver_ws/install/robot_pose_publisher/share/robot_pose_publisher/local_setup.zsh
[2.159s] -- Up-to-date symlink: /home/chotaehyun/waver_ws/install/robot_pose_publisher/share/robot_pose_publisher/local_setup.dsv
[2.159s] -- Symlinking: /home/chotaehyun/waver_ws/install/robot_pose_publisher/share/robot_pose_publisher/package.dsv
[2.159s] -- Up-to-date symlink: /home/chotaehyun/waver_ws/install/robot_pose_publisher/share/ament_index/resource_index/packages/robot_pose_publisher
[2.159s] -- Up-to-date symlink: /home/chotaehyun/waver_ws/install/robot_pose_publisher/share/robot_pose_publisher/cmake/robot_pose_publisherConfig.cmake
[2.159s] -- Up-to-date symlink: /home/chotaehyun/waver_ws/install/robot_pose_publisher/share/robot_pose_publisher/cmake/robot_pose_publisherConfig-version.cmake
[2.160s] -- Up-to-date symlink: /home/chotaehyun/waver_ws/install/robot_pose_publisher/share/robot_pose_publisher/package.xml
[2.445s] Invoked command in '/home/chotaehyun/waver_ws/build/robot_pose_publisher' returned '0': CMAKE_PREFIX_PATH=/opt/ros/humble /usr/bin/cmake --install /home/chotaehyun/waver_ws/build/robot_pose_publisher
