[3.130s] Invoking command in '/home/chotaehyun/waver_ws/build/ugv_vision': PYTHONPATH=/home/chotaehyun/waver_ws/build/ugv_vision/prefix_override:/usr/lib/python3/dist-packages/colcon_core/task/python/colcon_distutils_commands:/home/chotaehyun/waver_ws/install/ugv_vision/lib/python3.10/site-packages:${PYTHONPATH} /usr/bin/python3 -W ignore:setup.py install is deprecated -W ignore:easy_install command is deprecated setup.py develop --editable --build-directory /home/chotaehyun/waver_ws/build/ugv_vision/build --no-deps symlink_data
[5.993s] running develop
[6.001s] running egg_info
[6.002s] creating ugv_vision.egg-info
[6.002s] writing ugv_vision.egg-info/PKG-INFO
[6.002s] writing dependency_links to ugv_vision.egg-info/dependency_links.txt
[6.002s] writing entry points to ugv_vision.egg-info/entry_points.txt
[6.002s] writing requirements to ugv_vision.egg-info/requires.txt
[6.002s] writing top-level names to ugv_vision.egg-info/top_level.txt
[6.002s] writing manifest file 'ugv_vision.egg-info/SOURCES.txt'
[6.002s] reading manifest file 'ugv_vision.egg-info/SOURCES.txt'
[6.002s] writing manifest file 'ugv_vision.egg-info/SOURCES.txt'
[6.003s] running build_ext
[6.003s] Creating /home/chotaehyun/waver_ws/install/ugv_vision/lib/python3.10/site-packages/ugv-vision.egg-link (link to .)
[6.003s] Installing apriltag_ctrl script to /home/chotaehyun/waver_ws/install/ugv_vision/lib/ugv_vision
[6.003s] Installing apriltag_track_0 script to /home/chotaehyun/waver_ws/install/ugv_vision/lib/ugv_vision
[6.003s] Installing apriltag_track_1 script to /home/chotaehyun/waver_ws/install/ugv_vision/lib/ugv_vision
[6.003s] Installing apriltag_track_2 script to /home/chotaehyun/waver_ws/install/ugv_vision/lib/ugv_vision
[6.003s] Installing color_track script to /home/chotaehyun/waver_ws/install/ugv_vision/lib/ugv_vision
[6.003s] Installing gesture_ctrl script to /home/chotaehyun/waver_ws/install/ugv_vision/lib/ugv_vision
[6.003s] Installing kcf_track script to /home/chotaehyun/waver_ws/install/ugv_vision/lib/ugv_vision
[6.003s] 
[6.003s] Installed /home/chotaehyun/waver_ws/build/ugv_vision
[6.003s] running symlink_data
[6.003s] creating /home/chotaehyun/waver_ws/install/ugv_vision/share/ament_index
[6.003s] creating /home/chotaehyun/waver_ws/install/ugv_vision/share/ament_index/resource_index
[6.004s] creating /home/chotaehyun/waver_ws/install/ugv_vision/share/ament_index/resource_index/packages
[6.004s] symbolically linking /home/chotaehyun/waver_ws/build/ugv_vision/resource/ugv_vision -> /home/chotaehyun/waver_ws/install/ugv_vision/share/ament_index/resource_index/packages
[6.004s] symbolically linking /home/chotaehyun/waver_ws/build/ugv_vision/package.xml -> /home/chotaehyun/waver_ws/install/ugv_vision/share/ugv_vision
[6.004s] creating /home/chotaehyun/waver_ws/install/ugv_vision/share/ugv_vision/launch
[6.004s] symbolically linking /home/chotaehyun/waver_ws/build/ugv_vision/launch/stereo.launch.py -> /home/chotaehyun/waver_ws/install/ugv_vision/share/ugv_vision/launch
[6.004s] symbolically linking /home/chotaehyun/waver_ws/build/ugv_vision/launch/oak_d_lite.launch.py -> /home/chotaehyun/waver_ws/install/ugv_vision/share/ugv_vision/launch
[6.004s] symbolically linking /home/chotaehyun/waver_ws/build/ugv_vision/launch/camera.launch.py -> /home/chotaehyun/waver_ws/install/ugv_vision/share/ugv_vision/launch
[6.004s] symbolically linking /home/chotaehyun/waver_ws/build/ugv_vision/launch/apriltag_track.launch.py -> /home/chotaehyun/waver_ws/install/ugv_vision/share/ugv_vision/launch
[6.004s] creating /home/chotaehyun/waver_ws/install/ugv_vision/share/ugv_vision/config
[6.004s] symbolically linking /home/chotaehyun/waver_ws/build/ugv_vision/config/camera_info.yaml -> /home/chotaehyun/waver_ws/install/ugv_vision/share/ugv_vision/config
[6.004s] symbolically linking /home/chotaehyun/waver_ws/build/ugv_vision/config/oak_d_lite.yaml -> /home/chotaehyun/waver_ws/install/ugv_vision/share/ugv_vision/config
[6.004s] symbolically linking /home/chotaehyun/waver_ws/build/ugv_vision/config/params.yaml -> /home/chotaehyun/waver_ws/install/ugv_vision/share/ugv_vision/config
[6.004s] symbolically linking /home/chotaehyun/waver_ws/build/ugv_vision/config/stereo.yaml -> /home/chotaehyun/waver_ws/install/ugv_vision/share/ugv_vision/config
[6.019s] Invoked command in '/home/chotaehyun/waver_ws/build/ugv_vision' returned '0': PYTHONPATH=/home/chotaehyun/waver_ws/build/ugv_vision/prefix_override:/usr/lib/python3/dist-packages/colcon_core/task/python/colcon_distutils_commands:/home/chotaehyun/waver_ws/install/ugv_vision/lib/python3.10/site-packages:${PYTHONPATH} /usr/bin/python3 -W ignore:setup.py install is deprecated -W ignore:easy_install command is deprecated setup.py develop --editable --build-directory /home/chotaehyun/waver_ws/build/ugv_vision/build --no-deps symlink_data
