[0.033s] Invoking command in '/home/chotaehyun/waver_ws/build/ugv_nav': CMAKE_PREFIX_PATH=/opt/ros/humble /usr/bin/cmake /home/chotaehyun/waver_ws/src/ugv_ws/src/ugv_main/ugv_nav -DAMENT_CMAKE_SYMLINK_INSTALL=1 -DCMAKE_INSTALL_PREFIX=/home/chotaehyun/waver_ws/install/ugv_nav
[1.867s] -- The C compiler identification is GNU 11.4.0
[1.867s] -- The CXX compiler identification is GNU 11.4.0
[1.867s] -- Detecting C compiler ABI info
[1.867s] -- Detecting C compiler ABI info - done
[1.867s] -- Check for working C compiler: /usr/bin/cc - skipped
[1.869s] -- Detecting C compile features
[1.879s] -- Detecting C compile features - done
[1.879s] -- Detecting CXX compiler ABI info
[1.879s] -- Detecting CXX compiler ABI info - done
[1.879s] -- Check for working CXX compiler: /usr/bin/c++ - skipped
[1.879s] -- Detecting CXX compile features
[1.879s] -- Detecting CXX compile features - done
[1.879s] -- Found ament_cmake: 1.3.14 (/opt/ros/humble/share/ament_cmake/cmake)
[2.022s] -- Found Python3: /usr/bin/python3 (found version "3.10.12") found components: Interpreter 
[2.293s] -- Override CMake install command with custom implementation using symlinks instead of copying resources
[2.472s] -- Found nav2_bringup: 1.1.20 (/opt/ros/humble/share/nav2_bringup/cmake)
[2.485s] -- Found ament_lint_auto: 0.12.15 (/opt/ros/humble/share/ament_lint_auto/cmake)
[2.865s] -- Added test 'flake8' to check Python code syntax and style conventions
[2.869s] -- Added test 'lint_cmake' to check CMake code style
[2.876s] -- Added test 'pep257' to check Python code against some of the docstring style conventions in PEP 257
[2.884s] -- Added test 'xmllint' to check XML markup files
[2.893s] -- Configuring done
[2.919s] -- Generating done
[2.923s] -- Build files have been written to: /home/chotaehyun/waver_ws/build/ugv_nav
[3.128s] Invoked command in '/home/chotaehyun/waver_ws/build/ugv_nav' returned '0': CMAKE_PREFIX_PATH=/opt/ros/humble /usr/bin/cmake /home/chotaehyun/waver_ws/src/ugv_ws/src/ugv_main/ugv_nav -DAMENT_CMAKE_SYMLINK_INSTALL=1 -DCMAKE_INSTALL_PREFIX=/home/chotaehyun/waver_ws/install/ugv_nav
[3.132s] Invoking command in '/home/chotaehyun/waver_ws/build/ugv_nav': CMAKE_PREFIX_PATH=/opt/ros/humble /usr/bin/cmake --build /home/chotaehyun/waver_ws/build/ugv_nav -- -j16 -l16
[10.619s] Invoked command in '/home/chotaehyun/waver_ws/build/ugv_nav' returned '0': CMAKE_PREFIX_PATH=/opt/ros/humble /usr/bin/cmake --build /home/chotaehyun/waver_ws/build/ugv_nav -- -j16 -l16
[10.620s] Invoking command in '/home/chotaehyun/waver_ws/build/ugv_nav': CMAKE_PREFIX_PATH=/opt/ros/humble /usr/bin/cmake --install /home/chotaehyun/waver_ws/build/ugv_nav
[12.405s] -- Install configuration: ""
[12.405s] -- Execute custom install script
[12.411s] -- Symlinking: /home/chotaehyun/waver_ws/install/ugv_nav/share/ugv_nav/launch/bringup_launch.py
[12.412s] -- Symlinking: /home/chotaehyun/waver_ws/install/ugv_nav/share/ugv_nav/launch/nav.launch.py
[12.412s] -- Symlinking: /home/chotaehyun/waver_ws/install/ugv_nav/share/ugv_nav/launch/nav_bringup/bringup_launch_cartographer.launch.py
[12.412s] -- Symlinking: /home/chotaehyun/waver_ws/install/ugv_nav/share/ugv_nav/launch/nav_bringup/cartographer_localization.launch.py
[12.412s] -- Symlinking: /home/chotaehyun/waver_ws/install/ugv_nav/share/ugv_nav/launch/nav_bringup/localization_launch.py
[12.412s] -- Symlinking: /home/chotaehyun/waver_ws/install/ugv_nav/share/ugv_nav/launch/nav_bringup/nav2_bringup.launch.py
[12.412s] -- Symlinking: /home/chotaehyun/waver_ws/install/ugv_nav/share/ugv_nav/launch/nav_rtabmap.launch.py
[12.412s] -- Symlinking: /home/chotaehyun/waver_ws/install/ugv_nav/share/ugv_nav/launch/rtabmap_localization_launch.py
[12.412s] -- Symlinking: /home/chotaehyun/waver_ws/install/ugv_nav/share/ugv_nav/launch/slam_nav.launch.py
[12.412s] -- Symlinking: /home/chotaehyun/waver_ws/install/ugv_nav/share/ugv_nav/param/amcl_dwa.yaml
[12.416s] -- Symlinking: /home/chotaehyun/waver_ws/install/ugv_nav/share/ugv_nav/param/amcl_teb.yaml
[12.420s] -- Symlinking: /home/chotaehyun/waver_ws/install/ugv_nav/share/ugv_nav/param/emcl_dwa.yaml
[12.420s] -- Symlinking: /home/chotaehyun/waver_ws/install/ugv_nav/share/ugv_nav/param/emcl_teb.yaml
[12.420s] -- Symlinking: /home/chotaehyun/waver_ws/install/ugv_nav/share/ugv_nav/param/rtabmap_dwa.yaml
[12.420s] -- Symlinking: /home/chotaehyun/waver_ws/install/ugv_nav/share/ugv_nav/param/rtabmap_teb.yaml
[12.420s] -- Symlinking: /home/chotaehyun/waver_ws/install/ugv_nav/share/ugv_nav/param/slam_nav.yaml
[12.420s] -- Symlinking: /home/chotaehyun/waver_ws/install/ugv_nav/share/ugv_nav/maps/map.pbstream
[12.420s] -- Symlinking: /home/chotaehyun/waver_ws/install/ugv_nav/share/ugv_nav/maps/map.pgm
[12.420s] -- Symlinking: /home/chotaehyun/waver_ws/install/ugv_nav/share/ugv_nav/maps/map.yaml
[12.420s] -- Symlinking: /home/chotaehyun/waver_ws/install/ugv_nav/share/ugv_nav/maps/map_server_params.yaml
[12.421s] -- Symlinking: /home/chotaehyun/waver_ws/install/ugv_nav/share/ugv_nav/rviz/view_nav_2d.rviz
[12.421s] -- Symlinking: /home/chotaehyun/waver_ws/install/ugv_nav/share/ugv_nav/rviz/view_nav_3d.rviz
[12.421s] -- Symlinking: /home/chotaehyun/waver_ws/install/ugv_nav/share/ament_index/resource_index/package_run_dependencies/ugv_nav
[12.421s] -- Symlinking: /home/chotaehyun/waver_ws/install/ugv_nav/share/ament_index/resource_index/parent_prefix_path/ugv_nav
[12.421s] -- Symlinking: /home/chotaehyun/waver_ws/install/ugv_nav/share/ugv_nav/environment/ament_prefix_path.sh
[12.421s] -- Symlinking: /home/chotaehyun/waver_ws/install/ugv_nav/share/ugv_nav/environment/ament_prefix_path.dsv
[12.421s] -- Symlinking: /home/chotaehyun/waver_ws/install/ugv_nav/share/ugv_nav/environment/path.sh
[12.421s] -- Symlinking: /home/chotaehyun/waver_ws/install/ugv_nav/share/ugv_nav/environment/path.dsv
[12.421s] -- Symlinking: /home/chotaehyun/waver_ws/install/ugv_nav/share/ugv_nav/local_setup.bash
[12.421s] -- Symlinking: /home/chotaehyun/waver_ws/install/ugv_nav/share/ugv_nav/local_setup.sh
[12.421s] -- Symlinking: /home/chotaehyun/waver_ws/install/ugv_nav/share/ugv_nav/local_setup.zsh
[12.421s] -- Symlinking: /home/chotaehyun/waver_ws/install/ugv_nav/share/ugv_nav/local_setup.dsv
[12.421s] -- Symlinking: /home/chotaehyun/waver_ws/install/ugv_nav/share/ugv_nav/package.dsv
[12.422s] -- Symlinking: /home/chotaehyun/waver_ws/install/ugv_nav/share/ament_index/resource_index/packages/ugv_nav
[12.422s] -- Symlinking: /home/chotaehyun/waver_ws/install/ugv_nav/share/ugv_nav/cmake/ugv_navConfig.cmake
[12.422s] -- Symlinking: /home/chotaehyun/waver_ws/install/ugv_nav/share/ugv_nav/cmake/ugv_navConfig-version.cmake
[12.422s] -- Symlinking: /home/chotaehyun/waver_ws/install/ugv_nav/share/ugv_nav/package.xml
[12.604s] Invoked command in '/home/chotaehyun/waver_ws/build/ugv_nav' returned '0': CMAKE_PREFIX_PATH=/opt/ros/humble /usr/bin/cmake --install /home/chotaehyun/waver_ws/build/ugv_nav
