[0.861s] Invoking command in '/home/chotaehyun/waver_ws/build/ugv_base_node': CMAKE_PREFIX_PATH=/opt/ros/humble /usr/bin/cmake --build /home/chotaehyun/waver_ws/build/ugv_base_node -- -j16 -l16
[1.811s] [100%] Built target base_node
[1.811s] [100%] Built target base_node_ekf
[1.887s] Invoked command in '/home/chotaehyun/waver_ws/build/ugv_base_node' returned '0': CMAKE_PREFIX_PATH=/opt/ros/humble /usr/bin/cmake --build /home/chotaehyun/waver_ws/build/ugv_base_node -- -j16 -l16
[1.890s] Invoking command in '/home/chotaehyun/waver_ws/build/ugv_base_node': CMAKE_PREFIX_PATH=/opt/ros/humble /usr/bin/cmake --install /home/chotaehyun/waver_ws/build/ugv_base_node
[1.989s] -- Install configuration: ""
[1.989s] -- Execute custom install script
[1.989s] -- Up-to-date symlink: /home/chotaehyun/waver_ws/install/ugv_base_node/lib/ugv_base_node/base_node
[1.989s] -- Up-to-date symlink: /home/chotaehyun/waver_ws/install/ugv_base_node/lib/ugv_base_node/base_node_ekf
[1.989s] -- Up-to-date symlink: /home/chotaehyun/waver_ws/install/ugv_base_node/share/ament_index/resource_index/package_run_dependencies/ugv_base_node
[1.989s] -- Up-to-date symlink: /home/chotaehyun/waver_ws/install/ugv_base_node/share/ament_index/resource_index/parent_prefix_path/ugv_base_node
[1.989s] -- Up-to-date symlink: /home/chotaehyun/waver_ws/install/ugv_base_node/share/ugv_base_node/environment/ament_prefix_path.sh
[1.989s] -- Up-to-date symlink: /home/chotaehyun/waver_ws/install/ugv_base_node/share/ugv_base_node/environment/ament_prefix_path.dsv
[1.990s] -- Up-to-date symlink: /home/chotaehyun/waver_ws/install/ugv_base_node/share/ugv_base_node/environment/path.sh
[1.991s] -- Up-to-date symlink: /home/chotaehyun/waver_ws/install/ugv_base_node/share/ugv_base_node/environment/path.dsv
[1.992s] -- Up-to-date symlink: /home/chotaehyun/waver_ws/install/ugv_base_node/share/ugv_base_node/local_setup.bash
[1.996s] -- Up-to-date symlink: /home/chotaehyun/waver_ws/install/ugv_base_node/share/ugv_base_node/local_setup.sh
[1.999s] -- Up-to-date symlink: /home/chotaehyun/waver_ws/install/ugv_base_node/share/ugv_base_node/local_setup.zsh
[1.999s] -- Up-to-date symlink: /home/chotaehyun/waver_ws/install/ugv_base_node/share/ugv_base_node/local_setup.dsv
[1.999s] -- Symlinking: /home/chotaehyun/waver_ws/install/ugv_base_node/share/ugv_base_node/package.dsv
[2.071s] -- Up-to-date symlink: /home/chotaehyun/waver_ws/install/ugv_base_node/share/ament_index/resource_index/packages/ugv_base_node
[2.073s] -- Up-to-date symlink: /home/chotaehyun/waver_ws/install/ugv_base_node/share/ugv_base_node/cmake/ugv_base_nodeConfig.cmake
[2.073s] -- Up-to-date symlink: /home/chotaehyun/waver_ws/install/ugv_base_node/share/ugv_base_node/cmake/ugv_base_nodeConfig-version.cmake
[2.073s] -- Up-to-date symlink: /home/chotaehyun/waver_ws/install/ugv_base_node/share/ugv_base_node/package.xml
[2.379s] Invoked command in '/home/chotaehyun/waver_ws/build/ugv_base_node' returned '0': CMAKE_PREFIX_PATH=/opt/ros/humble /usr/bin/cmake --install /home/chotaehyun/waver_ws/build/ugv_base_node
