[0.875s] Invoking command in '/home/chotaehyun/waver_ws/build/teb_msgs': AMENT_PREFIX_PATH=/home/chotaehyun/waver_ws/install/costmap_converter_msgs:${AMENT_PREFIX_PATH} CMAKE_PREFIX_PATH=/home/chotaehyun/waver_ws/install/costmap_converter_msgs:/opt/ros/humble LD_LIBRARY_PATH=/home/chotaehyun/waver_ws/install/costmap_converter_msgs/lib:${LD_LIBRARY_PATH} PYTHONPATH=/home/chotaehyun/waver_ws/install/costmap_converter_msgs/local/lib/python3.10/dist-packages:${PYTHONPATH} /usr/bin/cmake --build /home/chotaehyun/waver_ws/build/teb_msgs -- -j16 -l16
[1.002s] [  2%] Built target teb_msgs__cpp
[1.002s] [ 12%] Built target teb_msgs__rosidl_generator_c
[1.004s] [ 12%] Built target ament_cmake_python_symlink_teb_msgs
[1.025s] [ 23%] Built target teb_msgs__rosidl_typesupport_cpp
[1.026s] [ 34%] Built target teb_msgs__rosidl_typesupport_fastrtps_cpp
[1.033s] [ 44%] Built target teb_msgs__rosidl_typesupport_introspection_cpp
[1.044s] [ 55%] Built target teb_msgs__rosidl_typesupport_introspection_c
[1.050s] [ 65%] Built target teb_msgs__rosidl_typesupport_fastrtps_c
[1.054s] [ 76%] Built target teb_msgs__rosidl_typesupport_c
[1.085s] [ 76%] Built target teb_msgs
[1.115s] [ 78%] Built target teb_msgs__py
[1.165s] [ 87%] Built target teb_msgs__rosidl_generator_py
[1.293s] [ 91%] Built target teb_msgs__rosidl_typesupport_introspection_c__pyext
[1.297s] [ 95%] Built target teb_msgs__rosidl_typesupport_c__pyext
[1.297s] [100%] Built target teb_msgs__rosidl_typesupport_fastrtps_c__pyext
[1.483s] running egg_info
[1.484s] writing teb_msgs.egg-info/PKG-INFO
[1.485s] writing dependency_links to teb_msgs.egg-info/dependency_links.txt
[1.485s] writing top-level names to teb_msgs.egg-info/top_level.txt
[1.490s] reading manifest file 'teb_msgs.egg-info/SOURCES.txt'
[1.492s] writing manifest file 'teb_msgs.egg-info/SOURCES.txt'
[1.588s] [100%] Built target ament_cmake_python_build_teb_msgs_egg
[1.608s] Invoked command in '/home/chotaehyun/waver_ws/build/teb_msgs' returned '0': AMENT_PREFIX_PATH=/home/chotaehyun/waver_ws/install/costmap_converter_msgs:${AMENT_PREFIX_PATH} CMAKE_PREFIX_PATH=/home/chotaehyun/waver_ws/install/costmap_converter_msgs:/opt/ros/humble LD_LIBRARY_PATH=/home/chotaehyun/waver_ws/install/costmap_converter_msgs/lib:${LD_LIBRARY_PATH} PYTHONPATH=/home/chotaehyun/waver_ws/install/costmap_converter_msgs/local/lib/python3.10/dist-packages:${PYTHONPATH} /usr/bin/cmake --build /home/chotaehyun/waver_ws/build/teb_msgs -- -j16 -l16
[1.612s] Invoking command in '/home/chotaehyun/waver_ws/build/teb_msgs': AMENT_PREFIX_PATH=/home/chotaehyun/waver_ws/install/costmap_converter_msgs:${AMENT_PREFIX_PATH} CMAKE_PREFIX_PATH=/home/chotaehyun/waver_ws/install/costmap_converter_msgs:/opt/ros/humble LD_LIBRARY_PATH=/home/chotaehyun/waver_ws/install/costmap_converter_msgs/lib:${LD_LIBRARY_PATH} PYTHONPATH=/home/chotaehyun/waver_ws/install/costmap_converter_msgs/local/lib/python3.10/dist-packages:${PYTHONPATH} /usr/bin/cmake --install /home/chotaehyun/waver_ws/build/teb_msgs
[1.623s] -- Install configuration: ""
[1.624s] -- Execute custom install script
[1.624s] -- Up-to-date symlink: /home/chotaehyun/waver_ws/install/teb_msgs/share/ament_index/resource_index/rosidl_interfaces/teb_msgs
[1.625s] -- Up-to-date symlink: /home/chotaehyun/waver_ws/install/teb_msgs/include/teb_msgs/teb_msgs/msg/detail/feedback_msg__functions.h
[1.625s] -- Up-to-date symlink: /home/chotaehyun/waver_ws/install/teb_msgs/include/teb_msgs/teb_msgs/msg/detail/feedback_msg__struct.h
[1.625s] -- Up-to-date symlink: /home/chotaehyun/waver_ws/install/teb_msgs/include/teb_msgs/teb_msgs/msg/detail/feedback_msg__type_support.h
[1.625s] -- Up-to-date symlink: /home/chotaehyun/waver_ws/install/teb_msgs/include/teb_msgs/teb_msgs/msg/detail/trajectory_msg__functions.h
[1.625s] -- Up-to-date symlink: /home/chotaehyun/waver_ws/install/teb_msgs/include/teb_msgs/teb_msgs/msg/detail/trajectory_msg__struct.h
[1.625s] -- Up-to-date symlink: /home/chotaehyun/waver_ws/install/teb_msgs/include/teb_msgs/teb_msgs/msg/detail/trajectory_msg__type_support.h
[1.626s] -- Up-to-date symlink: /home/chotaehyun/waver_ws/install/teb_msgs/include/teb_msgs/teb_msgs/msg/detail/trajectory_point_msg__functions.h
[1.626s] -- Up-to-date symlink: /home/chotaehyun/waver_ws/install/teb_msgs/include/teb_msgs/teb_msgs/msg/detail/trajectory_point_msg__struct.h
[1.626s] -- Up-to-date symlink: /home/chotaehyun/waver_ws/install/teb_msgs/include/teb_msgs/teb_msgs/msg/detail/trajectory_point_msg__type_support.h
[1.626s] -- Up-to-date symlink: /home/chotaehyun/waver_ws/install/teb_msgs/include/teb_msgs/teb_msgs/msg/feedback_msg.h
[1.626s] -- Up-to-date symlink: /home/chotaehyun/waver_ws/install/teb_msgs/include/teb_msgs/teb_msgs/msg/rosidl_generator_c__visibility_control.h
[1.626s] -- Up-to-date symlink: /home/chotaehyun/waver_ws/install/teb_msgs/include/teb_msgs/teb_msgs/msg/trajectory_msg.h
[1.626s] -- Up-to-date symlink: /home/chotaehyun/waver_ws/install/teb_msgs/include/teb_msgs/teb_msgs/msg/trajectory_point_msg.h
[1.627s] -- Up-to-date symlink: /home/chotaehyun/waver_ws/install/teb_msgs/share/teb_msgs/environment/library_path.sh
[1.627s] -- Up-to-date symlink: /home/chotaehyun/waver_ws/install/teb_msgs/share/teb_msgs/environment/library_path.dsv
[1.628s] -- Up-to-date symlink: /home/chotaehyun/waver_ws/install/teb_msgs/include/teb_msgs/teb_msgs/msg/detail/feedback_msg__rosidl_typesupport_fastrtps_c.h
[1.628s] -- Up-to-date symlink: /home/chotaehyun/waver_ws/install/teb_msgs/include/teb_msgs/teb_msgs/msg/detail/trajectory_msg__rosidl_typesupport_fastrtps_c.h
[1.628s] -- Up-to-date symlink: /home/chotaehyun/waver_ws/install/teb_msgs/include/teb_msgs/teb_msgs/msg/detail/trajectory_point_msg__rosidl_typesupport_fastrtps_c.h
[1.628s] -- Up-to-date symlink: /home/chotaehyun/waver_ws/install/teb_msgs/include/teb_msgs/teb_msgs/msg/rosidl_typesupport_fastrtps_c__visibility_control.h
[1.629s] -- Up-to-date symlink: /home/chotaehyun/waver_ws/install/teb_msgs/include/teb_msgs/teb_msgs/msg/detail/feedback_msg__builder.hpp
[1.629s] -- Up-to-date symlink: /home/chotaehyun/waver_ws/install/teb_msgs/include/teb_msgs/teb_msgs/msg/detail/feedback_msg__struct.hpp
[1.629s] -- Up-to-date symlink: /home/chotaehyun/waver_ws/install/teb_msgs/include/teb_msgs/teb_msgs/msg/detail/feedback_msg__traits.hpp
[1.629s] -- Up-to-date symlink: /home/chotaehyun/waver_ws/install/teb_msgs/include/teb_msgs/teb_msgs/msg/detail/feedback_msg__type_support.hpp
[1.630s] -- Up-to-date symlink: /home/chotaehyun/waver_ws/install/teb_msgs/include/teb_msgs/teb_msgs/msg/detail/trajectory_msg__builder.hpp
[1.630s] -- Up-to-date symlink: /home/chotaehyun/waver_ws/install/teb_msgs/include/teb_msgs/teb_msgs/msg/detail/trajectory_msg__struct.hpp
[1.630s] -- Up-to-date symlink: /home/chotaehyun/waver_ws/install/teb_msgs/include/teb_msgs/teb_msgs/msg/detail/trajectory_msg__traits.hpp
[1.630s] -- Up-to-date symlink: /home/chotaehyun/waver_ws/install/teb_msgs/include/teb_msgs/teb_msgs/msg/detail/trajectory_msg__type_support.hpp
[1.630s] -- Up-to-date symlink: /home/chotaehyun/waver_ws/install/teb_msgs/include/teb_msgs/teb_msgs/msg/detail/trajectory_point_msg__builder.hpp
[1.630s] -- Up-to-date symlink: /home/chotaehyun/waver_ws/install/teb_msgs/include/teb_msgs/teb_msgs/msg/detail/trajectory_point_msg__struct.hpp
[1.630s] -- Up-to-date symlink: /home/chotaehyun/waver_ws/install/teb_msgs/include/teb_msgs/teb_msgs/msg/detail/trajectory_point_msg__traits.hpp
[1.631s] -- Up-to-date symlink: /home/chotaehyun/waver_ws/install/teb_msgs/include/teb_msgs/teb_msgs/msg/detail/trajectory_point_msg__type_support.hpp
[1.631s] -- Up-to-date symlink: /home/chotaehyun/waver_ws/install/teb_msgs/include/teb_msgs/teb_msgs/msg/feedback_msg.hpp
[1.631s] -- Up-to-date symlink: /home/chotaehyun/waver_ws/install/teb_msgs/include/teb_msgs/teb_msgs/msg/rosidl_generator_cpp__visibility_control.hpp
[1.631s] -- Up-to-date symlink: /home/chotaehyun/waver_ws/install/teb_msgs/include/teb_msgs/teb_msgs/msg/trajectory_msg.hpp
[1.631s] -- Up-to-date symlink: /home/chotaehyun/waver_ws/install/teb_msgs/include/teb_msgs/teb_msgs/msg/trajectory_point_msg.hpp
[1.632s] -- Up-to-date symlink: /home/chotaehyun/waver_ws/install/teb_msgs/include/teb_msgs/teb_msgs/msg/detail/feedback_msg__rosidl_typesupport_fastrtps_cpp.hpp
[1.632s] -- Up-to-date symlink: /home/chotaehyun/waver_ws/install/teb_msgs/include/teb_msgs/teb_msgs/msg/detail/trajectory_msg__rosidl_typesupport_fastrtps_cpp.hpp
[1.632s] -- Up-to-date symlink: /home/chotaehyun/waver_ws/install/teb_msgs/include/teb_msgs/teb_msgs/msg/detail/trajectory_point_msg__rosidl_typesupport_fastrtps_cpp.hpp
[1.633s] -- Up-to-date symlink: /home/chotaehyun/waver_ws/install/teb_msgs/include/teb_msgs/teb_msgs/msg/rosidl_typesupport_fastrtps_cpp__visibility_control.h
[1.633s] -- Up-to-date symlink: /home/chotaehyun/waver_ws/install/teb_msgs/include/teb_msgs/teb_msgs/msg/detail/feedback_msg__rosidl_typesupport_introspection_c.h
[1.633s] -- Up-to-date symlink: /home/chotaehyun/waver_ws/install/teb_msgs/include/teb_msgs/teb_msgs/msg/detail/trajectory_msg__rosidl_typesupport_introspection_c.h
[1.633s] -- Up-to-date symlink: /home/chotaehyun/waver_ws/install/teb_msgs/include/teb_msgs/teb_msgs/msg/detail/trajectory_point_msg__rosidl_typesupport_introspection_c.h
[1.633s] -- Up-to-date symlink: /home/chotaehyun/waver_ws/install/teb_msgs/include/teb_msgs/teb_msgs/msg/rosidl_typesupport_introspection_c__visibility_control.h
[1.634s] -- Up-to-date symlink: /home/chotaehyun/waver_ws/install/teb_msgs/include/teb_msgs/teb_msgs/msg/detail/feedback_msg__rosidl_typesupport_introspection_cpp.hpp
[1.634s] -- Up-to-date symlink: /home/chotaehyun/waver_ws/install/teb_msgs/include/teb_msgs/teb_msgs/msg/detail/trajectory_msg__rosidl_typesupport_introspection_cpp.hpp
[1.634s] -- Up-to-date symlink: /home/chotaehyun/waver_ws/install/teb_msgs/include/teb_msgs/teb_msgs/msg/detail/trajectory_point_msg__rosidl_typesupport_introspection_cpp.hpp
[1.634s] -- Up-to-date symlink: /home/chotaehyun/waver_ws/install/teb_msgs/share/teb_msgs/environment/pythonpath.sh
[1.635s] -- Up-to-date symlink: /home/chotaehyun/waver_ws/install/teb_msgs/share/teb_msgs/environment/pythonpath.dsv
[1.635s] -- Up-to-date symlink: /home/chotaehyun/waver_ws/install/teb_msgs/local/lib/python3.10/dist-packages/teb_msgs-0.0.1-py3.10.egg-info/PKG-INFO
[1.635s] -- Up-to-date symlink: /home/chotaehyun/waver_ws/install/teb_msgs/local/lib/python3.10/dist-packages/teb_msgs-0.0.1-py3.10.egg-info/SOURCES.txt
[1.635s] -- Up-to-date symlink: /home/chotaehyun/waver_ws/install/teb_msgs/local/lib/python3.10/dist-packages/teb_msgs-0.0.1-py3.10.egg-info/dependency_links.txt
[1.635s] -- Up-to-date symlink: /home/chotaehyun/waver_ws/install/teb_msgs/local/lib/python3.10/dist-packages/teb_msgs-0.0.1-py3.10.egg-info/top_level.txt
[1.636s] -- Up-to-date symlink: /home/chotaehyun/waver_ws/install/teb_msgs/local/lib/python3.10/dist-packages/teb_msgs/__init__.py
[1.637s] -- Up-to-date symlink: /home/chotaehyun/waver_ws/install/teb_msgs/local/lib/python3.10/dist-packages/teb_msgs/_teb_msgs_s.ep.rosidl_typesupport_c.c
[1.637s] -- Up-to-date symlink: /home/chotaehyun/waver_ws/install/teb_msgs/local/lib/python3.10/dist-packages/teb_msgs/_teb_msgs_s.ep.rosidl_typesupport_fastrtps_c.c
[1.637s] -- Up-to-date symlink: /home/chotaehyun/waver_ws/install/teb_msgs/local/lib/python3.10/dist-packages/teb_msgs/_teb_msgs_s.ep.rosidl_typesupport_introspection_c.c
[1.637s] -- Up-to-date symlink: /home/chotaehyun/waver_ws/install/teb_msgs/local/lib/python3.10/dist-packages/teb_msgs/libteb_msgs__rosidl_generator_py.so
[1.637s] -- Up-to-date symlink: /home/chotaehyun/waver_ws/install/teb_msgs/local/lib/python3.10/dist-packages/teb_msgs/msg/__init__.py
[1.637s] -- Up-to-date symlink: /home/chotaehyun/waver_ws/install/teb_msgs/local/lib/python3.10/dist-packages/teb_msgs/msg/_feedback_msg.py
[1.637s] -- Up-to-date symlink: /home/chotaehyun/waver_ws/install/teb_msgs/local/lib/python3.10/dist-packages/teb_msgs/msg/_feedback_msg_s.c
[1.637s] -- Up-to-date symlink: /home/chotaehyun/waver_ws/install/teb_msgs/local/lib/python3.10/dist-packages/teb_msgs/msg/_trajectory_msg.py
[1.637s] -- Up-to-date symlink: /home/chotaehyun/waver_ws/install/teb_msgs/local/lib/python3.10/dist-packages/teb_msgs/msg/_trajectory_msg_s.c
[1.638s] -- Up-to-date symlink: /home/chotaehyun/waver_ws/install/teb_msgs/local/lib/python3.10/dist-packages/teb_msgs/msg/_trajectory_point_msg.py
[1.638s] -- Up-to-date symlink: /home/chotaehyun/waver_ws/install/teb_msgs/local/lib/python3.10/dist-packages/teb_msgs/msg/_trajectory_point_msg_s.c
[1.638s] -- Up-to-date symlink: /home/chotaehyun/waver_ws/install/teb_msgs/local/lib/python3.10/dist-packages/teb_msgs/teb_msgs_s__rosidl_typesupport_c.cpython-310-x86_64-linux-gnu.so
[1.638s] -- Up-to-date symlink: /home/chotaehyun/waver_ws/install/teb_msgs/local/lib/python3.10/dist-packages/teb_msgs/teb_msgs_s__rosidl_typesupport_fastrtps_c.cpython-310-x86_64-linux-gnu.so
[1.638s] -- Up-to-date symlink: /home/chotaehyun/waver_ws/install/teb_msgs/local/lib/python3.10/dist-packages/teb_msgs/teb_msgs_s__rosidl_typesupport_introspection_c.cpython-310-x86_64-linux-gnu.so
[1.638s] -- Up-to-date symlink: /home/chotaehyun/waver_ws/install/teb_msgs/local/lib/python3.10/dist-packages/teb_msgs/teb_msgs_s__rosidl_typesupport_fastrtps_c.cpython-310-x86_64-linux-gnu.so
[1.639s] -- Up-to-date symlink: /home/chotaehyun/waver_ws/install/teb_msgs/local/lib/python3.10/dist-packages/teb_msgs/teb_msgs_s__rosidl_typesupport_introspection_c.cpython-310-x86_64-linux-gnu.so
[1.639s] -- Up-to-date symlink: /home/chotaehyun/waver_ws/install/teb_msgs/local/lib/python3.10/dist-packages/teb_msgs/teb_msgs_s__rosidl_typesupport_c.cpython-310-x86_64-linux-gnu.so
[1.639s] -- Up-to-date symlink: /home/chotaehyun/waver_ws/install/teb_msgs/share/teb_msgs/msg/FeedbackMsg.idl
[1.639s] -- Up-to-date symlink: /home/chotaehyun/waver_ws/install/teb_msgs/share/teb_msgs/msg/TrajectoryMsg.idl
[1.639s] -- Up-to-date symlink: /home/chotaehyun/waver_ws/install/teb_msgs/share/teb_msgs/msg/TrajectoryPointMsg.idl
[1.639s] -- Up-to-date symlink: /home/chotaehyun/waver_ws/install/teb_msgs/share/teb_msgs/msg/FeedbackMsg.msg
[1.640s] -- Up-to-date symlink: /home/chotaehyun/waver_ws/install/teb_msgs/share/teb_msgs/msg/TrajectoryMsg.msg
[1.640s] -- Up-to-date symlink: /home/chotaehyun/waver_ws/install/teb_msgs/share/teb_msgs/msg/TrajectoryPointMsg.msg
[1.640s] -- Up-to-date symlink: /home/chotaehyun/waver_ws/install/teb_msgs/share/ament_index/resource_index/package_run_dependencies/teb_msgs
[1.640s] -- Up-to-date symlink: /home/chotaehyun/waver_ws/install/teb_msgs/share/ament_index/resource_index/parent_prefix_path/teb_msgs
[1.641s] -- Up-to-date symlink: /home/chotaehyun/waver_ws/install/teb_msgs/share/teb_msgs/environment/ament_prefix_path.sh
[1.641s] -- Up-to-date symlink: /home/chotaehyun/waver_ws/install/teb_msgs/share/teb_msgs/environment/ament_prefix_path.dsv
[1.641s] -- Up-to-date symlink: /home/chotaehyun/waver_ws/install/teb_msgs/share/teb_msgs/environment/path.sh
[1.641s] -- Up-to-date symlink: /home/chotaehyun/waver_ws/install/teb_msgs/share/teb_msgs/environment/path.dsv
[1.641s] -- Up-to-date symlink: /home/chotaehyun/waver_ws/install/teb_msgs/share/teb_msgs/local_setup.bash
[1.642s] -- Up-to-date symlink: /home/chotaehyun/waver_ws/install/teb_msgs/share/teb_msgs/local_setup.sh
[1.642s] -- Up-to-date symlink: /home/chotaehyun/waver_ws/install/teb_msgs/share/teb_msgs/local_setup.zsh
[1.642s] -- Up-to-date symlink: /home/chotaehyun/waver_ws/install/teb_msgs/share/teb_msgs/local_setup.dsv
[1.642s] -- Symlinking: /home/chotaehyun/waver_ws/install/teb_msgs/share/teb_msgs/package.dsv
[1.657s] -- Up-to-date symlink: /home/chotaehyun/waver_ws/install/teb_msgs/share/ament_index/resource_index/packages/teb_msgs
[1.657s] -- Up-to-date symlink: /home/chotaehyun/waver_ws/install/teb_msgs/share/teb_msgs/cmake/rosidl_cmake-extras.cmake
[1.658s] -- Up-to-date symlink: /home/chotaehyun/waver_ws/install/teb_msgs/share/teb_msgs/cmake/ament_cmake_export_dependencies-extras.cmake
[1.658s] -- Up-to-date symlink: /home/chotaehyun/waver_ws/install/teb_msgs/share/teb_msgs/cmake/ament_cmake_export_include_directories-extras.cmake
[1.658s] -- Up-to-date symlink: /home/chotaehyun/waver_ws/install/teb_msgs/share/teb_msgs/cmake/ament_cmake_export_libraries-extras.cmake
[1.658s] -- Up-to-date symlink: /home/chotaehyun/waver_ws/install/teb_msgs/share/teb_msgs/cmake/ament_cmake_export_targets-extras.cmake
[1.658s] -- Up-to-date symlink: /home/chotaehyun/waver_ws/install/teb_msgs/share/teb_msgs/cmake/rosidl_cmake_export_typesupport_targets-extras.cmake
[1.658s] -- Up-to-date symlink: /home/chotaehyun/waver_ws/install/teb_msgs/share/teb_msgs/cmake/rosidl_cmake_export_typesupport_libraries-extras.cmake
[1.659s] -- Up-to-date symlink: /home/chotaehyun/waver_ws/install/teb_msgs/share/teb_msgs/cmake/teb_msgsConfig.cmake
[1.659s] -- Up-to-date symlink: /home/chotaehyun/waver_ws/install/teb_msgs/share/teb_msgs/cmake/teb_msgsConfig-version.cmake
[1.659s] -- Up-to-date symlink: /home/chotaehyun/waver_ws/install/teb_msgs/share/teb_msgs/package.xml
[1.660s] -- Up-to-date: /home/chotaehyun/waver_ws/install/teb_msgs/lib/libteb_msgs__rosidl_generator_c.so
[1.660s] -- Up-to-date: /home/chotaehyun/waver_ws/install/teb_msgs/lib/libteb_msgs__rosidl_typesupport_fastrtps_c.so
[1.660s] -- Up-to-date: /home/chotaehyun/waver_ws/install/teb_msgs/lib/libteb_msgs__rosidl_typesupport_fastrtps_cpp.so
[1.661s] -- Up-to-date: /home/chotaehyun/waver_ws/install/teb_msgs/lib/libteb_msgs__rosidl_typesupport_introspection_c.so
[1.661s] -- Up-to-date: /home/chotaehyun/waver_ws/install/teb_msgs/lib/libteb_msgs__rosidl_typesupport_c.so
[1.661s] -- Up-to-date: /home/chotaehyun/waver_ws/install/teb_msgs/lib/libteb_msgs__rosidl_typesupport_introspection_cpp.so
[1.661s] -- Up-to-date: /home/chotaehyun/waver_ws/install/teb_msgs/lib/libteb_msgs__rosidl_typesupport_cpp.so
[1.712s] Listing '/home/chotaehyun/waver_ws/install/teb_msgs/local/lib/python3.10/dist-packages/teb_msgs'...
[1.712s] Listing '/home/chotaehyun/waver_ws/install/teb_msgs/local/lib/python3.10/dist-packages/teb_msgs/msg'...
[1.719s] -- Up-to-date: /home/chotaehyun/waver_ws/install/teb_msgs/lib/libteb_msgs__rosidl_generator_py.so
[1.720s] -- Up-to-date: /home/chotaehyun/waver_ws/install/teb_msgs/share/teb_msgs/cmake/export_teb_msgs__rosidl_generator_cExport.cmake
[1.720s] -- Up-to-date: /home/chotaehyun/waver_ws/install/teb_msgs/share/teb_msgs/cmake/export_teb_msgs__rosidl_generator_cExport-noconfig.cmake
[1.720s] -- Up-to-date: /home/chotaehyun/waver_ws/install/teb_msgs/share/teb_msgs/cmake/export_teb_msgs__rosidl_typesupport_fastrtps_cExport.cmake
[1.720s] -- Up-to-date: /home/chotaehyun/waver_ws/install/teb_msgs/share/teb_msgs/cmake/export_teb_msgs__rosidl_typesupport_fastrtps_cExport-noconfig.cmake
[1.720s] -- Up-to-date: /home/chotaehyun/waver_ws/install/teb_msgs/share/teb_msgs/cmake/export_teb_msgs__rosidl_generator_cppExport.cmake
[1.720s] -- Up-to-date: /home/chotaehyun/waver_ws/install/teb_msgs/share/teb_msgs/cmake/export_teb_msgs__rosidl_typesupport_fastrtps_cppExport.cmake
[1.720s] -- Up-to-date: /home/chotaehyun/waver_ws/install/teb_msgs/share/teb_msgs/cmake/export_teb_msgs__rosidl_typesupport_fastrtps_cppExport-noconfig.cmake
[1.720s] -- Up-to-date: /home/chotaehyun/waver_ws/install/teb_msgs/share/teb_msgs/cmake/teb_msgs__rosidl_typesupport_introspection_cExport.cmake
[1.720s] -- Up-to-date: /home/chotaehyun/waver_ws/install/teb_msgs/share/teb_msgs/cmake/teb_msgs__rosidl_typesupport_introspection_cExport-noconfig.cmake
[1.721s] -- Up-to-date: /home/chotaehyun/waver_ws/install/teb_msgs/share/teb_msgs/cmake/teb_msgs__rosidl_typesupport_cExport.cmake
[1.721s] -- Up-to-date: /home/chotaehyun/waver_ws/install/teb_msgs/share/teb_msgs/cmake/teb_msgs__rosidl_typesupport_cExport-noconfig.cmake
[1.721s] -- Up-to-date: /home/chotaehyun/waver_ws/install/teb_msgs/share/teb_msgs/cmake/teb_msgs__rosidl_typesupport_introspection_cppExport.cmake
[1.721s] -- Up-to-date: /home/chotaehyun/waver_ws/install/teb_msgs/share/teb_msgs/cmake/teb_msgs__rosidl_typesupport_introspection_cppExport-noconfig.cmake
[1.721s] -- Up-to-date: /home/chotaehyun/waver_ws/install/teb_msgs/share/teb_msgs/cmake/teb_msgs__rosidl_typesupport_cppExport.cmake
[1.721s] -- Up-to-date: /home/chotaehyun/waver_ws/install/teb_msgs/share/teb_msgs/cmake/teb_msgs__rosidl_typesupport_cppExport-noconfig.cmake
[1.721s] -- Up-to-date: /home/chotaehyun/waver_ws/install/teb_msgs/share/teb_msgs/cmake/export_teb_msgs__rosidl_generator_pyExport.cmake
[1.721s] -- Up-to-date: /home/chotaehyun/waver_ws/install/teb_msgs/share/teb_msgs/cmake/export_teb_msgs__rosidl_generator_pyExport-noconfig.cmake
[1.728s] Invoked command in '/home/chotaehyun/waver_ws/build/teb_msgs' returned '0': AMENT_PREFIX_PATH=/home/chotaehyun/waver_ws/install/costmap_converter_msgs:${AMENT_PREFIX_PATH} CMAKE_PREFIX_PATH=/home/chotaehyun/waver_ws/install/costmap_converter_msgs:/opt/ros/humble LD_LIBRARY_PATH=/home/chotaehyun/waver_ws/install/costmap_converter_msgs/lib:${LD_LIBRARY_PATH} PYTHONPATH=/home/chotaehyun/waver_ws/install/costmap_converter_msgs/local/lib/python3.10/dist-packages:${PYTHONPATH} /usr/bin/cmake --install /home/chotaehyun/waver_ws/build/teb_msgs
