[0.097s] Invoking command in '/home/chotaehyun/waver_ws/build/ldlidar': CMAKE_PREFIX_PATH=/opt/ros/humble /usr/bin/cmake --build /home/chotaehyun/waver_ws/build/ldlidar -- -j16 -l16
[1.628s] [100%] Built target ldlidar_node
[1.648s] Invoked command in '/home/chotaehyun/waver_ws/build/ldlidar' returned '0': CMAKE_PREFIX_PATH=/opt/ros/humble /usr/bin/cmake --build /home/chotaehyun/waver_ws/build/ldlidar -- -j16 -l16
[1.650s] Invoking command in '/home/chotaehyun/waver_ws/build/ldlidar': CMAKE_PREFIX_PATH=/opt/ros/humble /usr/bin/cmake --install /home/chotaehyun/waver_ws/build/ldlidar
[1.728s] -- Install configuration: ""
[1.728s] -- Execute custom install script
[1.729s] -- Up-to-date symlink: /home/chotaehyun/waver_ws/install/ldlidar/lib/ldlidar/ldlidar_node
[1.729s] -- Up-to-date symlink: /home/chotaehyun/waver_ws/install/ldlidar/share/ldlidar//launch/ld06.launch.py
[1.729s] -- Up-to-date symlink: /home/chotaehyun/waver_ws/install/ldlidar/share/ldlidar//launch/ld19.launch.py
[1.729s] -- Up-to-date symlink: /home/chotaehyun/waver_ws/install/ldlidar/share/ldlidar//launch/ldlidar.launch.py
[1.729s] -- Up-to-date symlink: /home/chotaehyun/waver_ws/install/ldlidar/share/ldlidar//launch/stl27l.launch.py
[1.729s] -- Up-to-date symlink: /home/chotaehyun/waver_ws/install/ldlidar/share/ldlidar//launch/viewer_ld06.launch.py
[1.729s] -- Up-to-date symlink: /home/chotaehyun/waver_ws/install/ldlidar/share/ldlidar//launch/viewer_ld19.launch.py
[1.729s] -- Up-to-date symlink: /home/chotaehyun/waver_ws/install/ldlidar/share/ldlidar//launch/viewer_ldlidar.launch.py
[1.729s] -- Up-to-date symlink: /home/chotaehyun/waver_ws/install/ldlidar/share/ldlidar//launch/viewer_stl27l.launch.py
[1.729s] -- Up-to-date symlink: /home/chotaehyun/waver_ws/install/ldlidar/share/ldlidar//rviz/view.rviz
[1.729s] -- Up-to-date symlink: /home/chotaehyun/waver_ws/install/ldlidar/share/ament_index/resource_index/package_run_dependencies/ldlidar
[1.730s] -- Up-to-date symlink: /home/chotaehyun/waver_ws/install/ldlidar/share/ament_index/resource_index/parent_prefix_path/ldlidar
[1.730s] -- Up-to-date symlink: /home/chotaehyun/waver_ws/install/ldlidar/share/ldlidar/environment/ament_prefix_path.sh
[1.730s] -- Up-to-date symlink: /home/chotaehyun/waver_ws/install/ldlidar/share/ldlidar/environment/ament_prefix_path.dsv
[1.730s] -- Up-to-date symlink: /home/chotaehyun/waver_ws/install/ldlidar/share/ldlidar/environment/path.sh
[1.730s] -- Up-to-date symlink: /home/chotaehyun/waver_ws/install/ldlidar/share/ldlidar/environment/path.dsv
[1.730s] -- Up-to-date symlink: /home/chotaehyun/waver_ws/install/ldlidar/share/ldlidar/local_setup.bash
[1.730s] -- Up-to-date symlink: /home/chotaehyun/waver_ws/install/ldlidar/share/ldlidar/local_setup.sh
[1.731s] -- Up-to-date symlink: /home/chotaehyun/waver_ws/install/ldlidar/share/ldlidar/local_setup.zsh
[1.731s] -- Up-to-date symlink: /home/chotaehyun/waver_ws/install/ldlidar/share/ldlidar/local_setup.dsv
[1.732s] -- Symlinking: /home/chotaehyun/waver_ws/install/ldlidar/share/ldlidar/package.dsv
[1.733s] -- Up-to-date symlink: /home/chotaehyun/waver_ws/install/ldlidar/share/ament_index/resource_index/packages/ldlidar
[1.735s] -- Up-to-date symlink: /home/chotaehyun/waver_ws/install/ldlidar/share/ldlidar/cmake/ldlidarConfig.cmake
[1.736s] -- Up-to-date symlink: /home/chotaehyun/waver_ws/install/ldlidar/share/ldlidar/cmake/ldlidarConfig-version.cmake
[1.737s] -- Up-to-date symlink: /home/chotaehyun/waver_ws/install/ldlidar/share/ldlidar/package.xml
[1.842s] Invoked command in '/home/chotaehyun/waver_ws/build/ldlidar' returned '0': CMAKE_PREFIX_PATH=/opt/ros/humble /usr/bin/cmake --install /home/chotaehyun/waver_ws/build/ldlidar
