[0.066s] Invoking command in '/home/chotaehyun/waver_ws/build/apriltag': CMAKE_PREFIX_PATH=/opt/ros/humble /usr/bin/cmake /home/chotaehyun/waver_ws/src/ugv_ws/src/ugv_else/apriltag_ros/apriltag -DCMAKE_INSTALL_PREFIX=/home/chotaehyun/waver_ws/install/apriltag
[1.250s] -- The C compiler identification is GNU 11.4.0
[1.251s] -- Detecting C compiler ABI info
[1.251s] -- Detecting C compiler ABI info - done
[1.251s] -- Check for working C compiler: /usr/bin/cc - skipped
[1.251s] -- Detecting C compile features
[1.251s] -- Detecting C compile features - done
[1.251s] -- Setting build type to 'Release' as none was specified.
[1.251s] -- Looking for pthread.h
[1.251s] -- Looking for pthread.h - found
[1.251s] -- Performing Test CMAKE_HAVE_LIBC_PTHREAD
[1.251s] -- Performing Test CMAKE_HAVE_LIBC_PTHREAD - Success
[1.251s] -- Found Threads: TRUE  
[1.736s] -- The CXX compiler identification is GNU 11.4.0
[1.758s] -- Detecting CXX compiler ABI info
[1.935s] -- Detecting CXX compiler ABI info - done
[1.952s] -- Check for working CXX compiler: /usr/bin/c++ - skipped
[1.952s] -- Detecting CXX compile features
[1.955s] -- Detecting CXX compile features - done
[1.956s] -- Configuring done
[1.979s] -- Generating done
[1.990s] -- Build files have been written to: /home/chotaehyun/waver_ws/build/apriltag
[2.010s] Invoked command in '/home/chotaehyun/waver_ws/build/apriltag' returned '0': CMAKE_PREFIX_PATH=/opt/ros/humble /usr/bin/cmake /home/chotaehyun/waver_ws/src/ugv_ws/src/ugv_else/apriltag_ros/apriltag -DCMAKE_INSTALL_PREFIX=/home/chotaehyun/waver_ws/install/apriltag
[2.012s] Invoking command in '/home/chotaehyun/waver_ws/build/apriltag': CMAKE_PREFIX_PATH=/opt/ros/humble /usr/bin/cmake --build /home/chotaehyun/waver_ws/build/apriltag -- -j16 -l16
[3.214s] [  2%] [32mBuilding C object CMakeFiles/apriltag.dir/apriltag.c.o[0m
[3.214s] [  4%] [34m[1mGenerating apriltag_detect_docstring.h, apriltag_detect_docstring.cxx[0m
[3.214s] [  7%] [34m[1mGenerating apriltag_py_type_docstring.h, apriltag_py_type_docstring.cxx[0m
[3.214s] [ 12%] [32mBuilding C object CMakeFiles/apriltag.dir/apriltag_quad_thresh.c.o[0m
[3.215s] [ 12%] [32mBuilding C object CMakeFiles/apriltag.dir/common/image_u8.c.o[0m
[3.215s] [ 14%] [32mBuilding C object CMakeFiles/apriltag.dir/common/getopt.c.o[0m
[3.215s] [ 17%] [32mBuilding C object CMakeFiles/apriltag.dir/common/g2d.c.o[0m
[3.215s] [ 19%] [32mBuilding C object CMakeFiles/apriltag.dir/apriltag_pose.c.o[0m
[3.215s] [ 21%] [32mBuilding C object CMakeFiles/apriltag.dir/common/homography.c.o[0m
[3.215s] [ 24%] [32mBuilding C object CMakeFiles/apriltag.dir/common/image_u8x3.c.o[0m
[3.215s] [ 26%] [32mBuilding C object CMakeFiles/apriltag.dir/common/pam.c.o[0m
[3.215s] [ 31%] [32mBuilding C object CMakeFiles/apriltag.dir/common/pjpeg-idct.c.o[0m
[3.215s] [ 31%] [32mBuilding C object CMakeFiles/apriltag.dir/common/image_u8x4.c.o[0m
[3.215s] [ 34%] [32mBuilding C object CMakeFiles/apriltag.dir/common/matd.c.o[0m
[3.215s] [ 36%] [32mBuilding C object CMakeFiles/apriltag.dir/common/pjpeg.c.o[0m
[3.215s] [ 39%] [32mBuilding C object CMakeFiles/apriltag.dir/common/pnm.c.o[0m
[3.216s] [ 41%] [32mBuilding C object CMakeFiles/apriltag.dir/common/pthreads_cross.c.o[0m
[3.216s] [ 41%] Built target apriltag_py_docstrings
[3.216s] [ 43%] [32mBuilding C object CMakeFiles/apriltag.dir/common/string_util.c.o[0m
[3.216s] [ 46%] [32mBuilding C object CMakeFiles/apriltag.dir/common/svd22.c.o[0m
[3.216s] [ 48%] [32mBuilding C object CMakeFiles/apriltag.dir/common/time_util.c.o[0m
[3.216s] [ 51%] [32mBuilding C object CMakeFiles/apriltag.dir/common/unionfind.c.o[0m
[3.216s] [ 53%] [32mBuilding C object CMakeFiles/apriltag.dir/common/workerpool.c.o[0m
[3.216s] [ 56%] [32mBuilding C object CMakeFiles/apriltag.dir/common/zarray.c.o[0m
[3.216s] [ 58%] [32mBuilding C object CMakeFiles/apriltag.dir/common/zhash.c.o[0m
[3.216s] [ 60%] [32mBuilding C object CMakeFiles/apriltag.dir/common/zmaxheap.c.o[0m
[3.216s] [ 63%] [32mBuilding C object CMakeFiles/apriltag.dir/tag16h5.c.o[0m
[3.216s] [ 65%] [32mBuilding C object CMakeFiles/apriltag.dir/tag25h9.c.o[0m
[3.217s] [ 68%] [32mBuilding C object CMakeFiles/apriltag.dir/tag36h10.c.o[0m
[3.217s] [ 70%] [32mBuilding C object CMakeFiles/apriltag.dir/tag36h11.c.o[0m
[3.217s] [ 73%] [32mBuilding C object CMakeFiles/apriltag.dir/tagCircle21h7.c.o[0m
[3.217s] [ 75%] [32mBuilding C object CMakeFiles/apriltag.dir/tagCircle49h12.c.o[0m
[3.217s] [ 78%] [32mBuilding C object CMakeFiles/apriltag.dir/tagCustom48h12.c.o[0m
[3.217s] [ 80%] [32mBuilding C object CMakeFiles/apriltag.dir/tagStandard41h12.c.o[0m
[3.217s] [ 82%] [32mBuilding C object CMakeFiles/apriltag.dir/tagStandard52h13.c.o[0m
[4.450s] [ 85%] [32m[1mLinking C shared library libapriltag.so[0m
[4.737s] [ 85%] Built target apriltag
[4.808s] [ 87%] [32mBuilding C object CMakeFiles/apriltag.cpython-310-x86_64-linux-gnu.dir/apriltag_pywrap.c.o[0m
[4.822s] [ 90%] [32mBuilding CXX object CMakeFiles/opencv_demo.dir/example/opencv_demo.cc.o[0m
[4.830s] [ 92%] [32mBuilding C object CMakeFiles/apriltag_demo.dir/example/apriltag_demo.c.o[0m
[5.307s] [ 95%] [32m[1mLinking C executable apriltag_demo[0m
[5.519s] [ 97%] [32m[1mLinking C shared module apriltag.cpython-310-x86_64-linux-gnu.so[0m
[5.522s] [ 97%] Built target apriltag_demo
[5.724s] [ 97%] Built target apriltag.cpython-310-x86_64-linux-gnu
[10.579s] [100%] [32m[1mLinking CXX executable opencv_demo[0m
[12.935s] [100%] Built target opencv_demo
[13.034s] Invoked command in '/home/chotaehyun/waver_ws/build/apriltag' returned '0': CMAKE_PREFIX_PATH=/opt/ros/humble /usr/bin/cmake --build /home/chotaehyun/waver_ws/build/apriltag -- -j16 -l16
[13.034s] Invoking command in '/home/chotaehyun/waver_ws/build/apriltag': CMAKE_PREFIX_PATH=/opt/ros/humble /usr/bin/cmake --install /home/chotaehyun/waver_ws/build/apriltag
[16.245s] -- Install configuration: "Release"
[16.245s] -- Installing: /home/chotaehyun/waver_ws/install/apriltag/include/apriltag/apriltag.h
[16.246s] -- Installing: /home/chotaehyun/waver_ws/install/apriltag/include/apriltag/apriltag_math.h
[16.246s] -- Installing: /home/chotaehyun/waver_ws/install/apriltag/include/apriltag/apriltag_pose.h
[16.246s] -- Installing: /home/chotaehyun/waver_ws/install/apriltag/include/apriltag/common/debug_print.h
[16.247s] -- Installing: /home/chotaehyun/waver_ws/install/apriltag/include/apriltag/common/doubles.h
[16.247s] -- Installing: /home/chotaehyun/waver_ws/install/apriltag/include/apriltag/common/doubles_floats_impl.h
[16.247s] -- Installing: /home/chotaehyun/waver_ws/install/apriltag/include/apriltag/common/floats.h
[16.247s] -- Installing: /home/chotaehyun/waver_ws/install/apriltag/include/apriltag/common/g2d.h
[16.247s] -- Installing: /home/chotaehyun/waver_ws/install/apriltag/include/apriltag/common/getopt.h
[16.247s] -- Installing: /home/chotaehyun/waver_ws/install/apriltag/include/apriltag/common/homography.h
[16.247s] -- Installing: /home/chotaehyun/waver_ws/install/apriltag/include/apriltag/common/image_types.h
[16.247s] -- Installing: /home/chotaehyun/waver_ws/install/apriltag/include/apriltag/common/image_u8.h
[16.247s] -- Installing: /home/chotaehyun/waver_ws/install/apriltag/include/apriltag/common/image_u8x3.h
[16.247s] -- Installing: /home/chotaehyun/waver_ws/install/apriltag/include/apriltag/common/image_u8x4.h
[16.247s] -- Installing: /home/chotaehyun/waver_ws/install/apriltag/include/apriltag/common/matd.h
[16.247s] -- Installing: /home/chotaehyun/waver_ws/install/apriltag/include/apriltag/common/math_util.h
[16.247s] -- Installing: /home/chotaehyun/waver_ws/install/apriltag/include/apriltag/common/pam.h
[16.247s] -- Installing: /home/chotaehyun/waver_ws/install/apriltag/include/apriltag/common/pjpeg.h
[16.247s] -- Installing: /home/chotaehyun/waver_ws/install/apriltag/include/apriltag/common/pnm.h
[16.248s] -- Installing: /home/chotaehyun/waver_ws/install/apriltag/include/apriltag/common/postscript_utils.h
[16.248s] -- Installing: /home/chotaehyun/waver_ws/install/apriltag/include/apriltag/common/pthreads_cross.h
[16.248s] -- Installing: /home/chotaehyun/waver_ws/install/apriltag/include/apriltag/common/string_util.h
[16.248s] -- Installing: /home/chotaehyun/waver_ws/install/apriltag/include/apriltag/common/svd22.h
[16.248s] -- Installing: /home/chotaehyun/waver_ws/install/apriltag/include/apriltag/common/time_util.h
[16.248s] -- Installing: /home/chotaehyun/waver_ws/install/apriltag/include/apriltag/common/timeprofile.h
[16.248s] -- Installing: /home/chotaehyun/waver_ws/install/apriltag/include/apriltag/common/unionfind.h
[16.248s] -- Installing: /home/chotaehyun/waver_ws/install/apriltag/include/apriltag/common/workerpool.h
[16.248s] -- Installing: /home/chotaehyun/waver_ws/install/apriltag/include/apriltag/common/zarray.h
[16.248s] -- Installing: /home/chotaehyun/waver_ws/install/apriltag/include/apriltag/common/zhash.h
[16.248s] -- Installing: /home/chotaehyun/waver_ws/install/apriltag/include/apriltag/common/zmaxheap.h
[16.248s] -- Installing: /home/chotaehyun/waver_ws/install/apriltag/include/apriltag/tag16h5.h
[16.248s] -- Installing: /home/chotaehyun/waver_ws/install/apriltag/include/apriltag/tag25h9.h
[16.249s] -- Installing: /home/chotaehyun/waver_ws/install/apriltag/include/apriltag/tag36h10.h
[16.249s] -- Installing: /home/chotaehyun/waver_ws/install/apriltag/include/apriltag/tag36h11.h
[16.249s] -- Installing: /home/chotaehyun/waver_ws/install/apriltag/include/apriltag/tagCircle21h7.h
[16.249s] -- Installing: /home/chotaehyun/waver_ws/install/apriltag/include/apriltag/tagCircle49h12.h
[16.249s] -- Installing: /home/chotaehyun/waver_ws/install/apriltag/include/apriltag/tagCustom48h12.h
[16.249s] -- Installing: /home/chotaehyun/waver_ws/install/apriltag/include/apriltag/tagStandard41h12.h
[16.249s] -- Installing: /home/chotaehyun/waver_ws/install/apriltag/include/apriltag/tagStandard52h13.h
[16.249s] -- Installing: /home/chotaehyun/waver_ws/install/apriltag/lib/libapriltag.so.3.4.2
[16.249s] -- Installing: /home/chotaehyun/waver_ws/install/apriltag/lib/libapriltag.so.3
[16.249s] -- Installing: /home/chotaehyun/waver_ws/install/apriltag/lib/libapriltag.so
[16.249s] -- Installing: /home/chotaehyun/waver_ws/install/apriltag/share/apriltag/cmake/apriltagTargets.cmake
[16.249s] -- Installing: /home/chotaehyun/waver_ws/install/apriltag/share/apriltag/cmake/apriltagTargets-release.cmake
[16.249s] -- Installing: /home/chotaehyun/waver_ws/install/apriltag/share/apriltag/cmake/apriltagConfig.cmake
[16.249s] -- Installing: /home/chotaehyun/waver_ws/install/apriltag/share/apriltag/cmake/apriltagConfigVersion.cmake
[16.249s] -- Installing: /home/chotaehyun/waver_ws/install/apriltag/lib/pkgconfig/apriltag.pc
[16.250s] -- Installing: /home/chotaehyun/waver_ws/install/apriltag/lib/python3.10/site-packages/apriltag.cpython-310-x86_64-linux-gnu.so
[16.250s] -- Set runtime path of "/home/chotaehyun/waver_ws/install/apriltag/lib/python3.10/site-packages/apriltag.cpython-310-x86_64-linux-gnu.so" to ""
[16.250s] -- Installing: /home/chotaehyun/waver_ws/install/apriltag/bin/opencv_demo
[16.250s] -- Set runtime path of "/home/chotaehyun/waver_ws/install/apriltag/bin/opencv_demo" to ""
[16.250s] -- Installing: /home/chotaehyun/waver_ws/install/apriltag/bin/apriltag_demo
[16.250s] -- Set runtime path of "/home/chotaehyun/waver_ws/install/apriltag/bin/apriltag_demo" to ""
[16.324s] Invoked command in '/home/chotaehyun/waver_ws/build/apriltag' returned '0': CMAKE_PREFIX_PATH=/opt/ros/humble /usr/bin/cmake --install /home/chotaehyun/waver_ws/build/apriltag
