[0.096s] Invoking command in '/home/chotaehyun/waver_ws/build/cartographer': CMAKE_PREFIX_PATH=${CMAKE_PREFIX_PATH}:/home/chotaehyun/waver_ws/install/ugv_web_app:/home/chotaehyun/waver_ws/install/ugv_vision:/home/chotaehyun/waver_ws/install/ugv_tools:/home/chotaehyun/waver_ws/install/ugv_chat_ai:/home/chotaehyun/waver_ws/install/ugv_bringup:/home/chotaehyun/waver_ws/install/my_waver_app:/opt/ros/humble /usr/bin/cmake --build /home/chotaehyun/waver_ws/build/cartographer -- -j16 -l16
[1.155s] Invoked command in '/home/chotaehyun/waver_ws/build/cartographer' returned '0': CMAKE_PREFIX_PATH=${CMAKE_PREFIX_PATH}:/home/chotaehyun/waver_ws/install/ugv_web_app:/home/chotaehyun/waver_ws/install/ugv_vision:/home/chotaehyun/waver_ws/install/ugv_tools:/home/chotaehyun/waver_ws/install/ugv_chat_ai:/home/chotaehyun/waver_ws/install/ugv_bringup:/home/chotaehyun/waver_ws/install/my_waver_app:/opt/ros/humble /usr/bin/cmake --build /home/chotaehyun/waver_ws/build/cartographer -- -j16 -l16
[1.157s] Invoking command in '/home/chotaehyun/waver_ws/build/cartographer': CMAKE_PREFIX_PATH=${CMAKE_PREFIX_PATH}:/home/chotaehyun/waver_ws/install/ugv_web_app:/home/chotaehyun/waver_ws/install/ugv_vision:/home/chotaehyun/waver_ws/install/ugv_tools:/home/chotaehyun/waver_ws/install/ugv_chat_ai:/home/chotaehyun/waver_ws/install/ugv_bringup:/home/chotaehyun/waver_ws/install/my_waver_app:/opt/ros/humble /usr/bin/cmake --install /home/chotaehyun/waver_ws/build/cartographer
[1.215s] -- Install configuration: ""
[1.216s] -- Execute custom install script
[1.217s] -- Up-to-date symlink: /home/chotaehyun/waver_ws/install/cartographer/share/cartographer/config/localization_2d.lua
[1.219s] -- Up-to-date symlink: /home/chotaehyun/waver_ws/install/cartographer/share/cartographer/config/mapping_2d.lua
[1.220s] -- Up-to-date symlink: /home/chotaehyun/waver_ws/install/cartographer/share/cartographer/launch/localization.launch.py
[1.221s] -- Up-to-date symlink: /home/chotaehyun/waver_ws/install/cartographer/share/cartographer/launch/mapping.launch.py
[1.221s] -- Up-to-date symlink: /home/chotaehyun/waver_ws/install/cartographer/share/cartographer/launch/occupancy_grid.launch.py
[1.221s] -- Up-to-date symlink: /home/chotaehyun/waver_ws/install/cartographer/share/ament_index/resource_index/package_run_dependencies/cartographer
[1.221s] -- Up-to-date symlink: /home/chotaehyun/waver_ws/install/cartographer/share/ament_index/resource_index/parent_prefix_path/cartographer
[1.222s] -- Up-to-date symlink: /home/chotaehyun/waver_ws/install/cartographer/share/cartographer/environment/ament_prefix_path.sh
[1.222s] -- Up-to-date symlink: /home/chotaehyun/waver_ws/install/cartographer/share/cartographer/environment/ament_prefix_path.dsv
[1.222s] -- Up-to-date symlink: /home/chotaehyun/waver_ws/install/cartographer/share/cartographer/environment/path.sh
[1.222s] -- Up-to-date symlink: /home/chotaehyun/waver_ws/install/cartographer/share/cartographer/environment/path.dsv
[1.223s] -- Up-to-date symlink: /home/chotaehyun/waver_ws/install/cartographer/share/cartographer/local_setup.bash
[1.223s] -- Up-to-date symlink: /home/chotaehyun/waver_ws/install/cartographer/share/cartographer/local_setup.sh
[1.223s] -- Up-to-date symlink: /home/chotaehyun/waver_ws/install/cartographer/share/cartographer/local_setup.zsh
[1.223s] -- Up-to-date symlink: /home/chotaehyun/waver_ws/install/cartographer/share/cartographer/local_setup.dsv
[1.223s] -- Symlinking: /home/chotaehyun/waver_ws/install/cartographer/share/cartographer/package.dsv
[1.223s] -- Up-to-date symlink: /home/chotaehyun/waver_ws/install/cartographer/share/ament_index/resource_index/packages/cartographer
[1.223s] -- Up-to-date symlink: /home/chotaehyun/waver_ws/install/cartographer/share/cartographer/cmake/cartographerConfig.cmake
[1.224s] -- Up-to-date symlink: /home/chotaehyun/waver_ws/install/cartographer/share/cartographer/cmake/cartographerConfig-version.cmake
[1.224s] -- Up-to-date symlink: /home/chotaehyun/waver_ws/install/cartographer/share/cartographer/package.xml
[1.300s] Invoked command in '/home/chotaehyun/waver_ws/build/cartographer' returned '0': CMAKE_PREFIX_PATH=${CMAKE_PREFIX_PATH}:/home/chotaehyun/waver_ws/install/ugv_web_app:/home/chotaehyun/waver_ws/install/ugv_vision:/home/chotaehyun/waver_ws/install/ugv_tools:/home/chotaehyun/waver_ws/install/ugv_chat_ai:/home/chotaehyun/waver_ws/install/ugv_bringup:/home/chotaehyun/waver_ws/install/my_waver_app:/opt/ros/humble /usr/bin/cmake --install /home/chotaehyun/waver_ws/build/cartographer
