[0.779s] Invoking command in '/home/chotaehyun/waver_ws/build/ugv_base_node': CMAKE_PREFIX_PATH=/opt/ros/humble /usr/bin/cmake --build /home/chotaehyun/waver_ws/build/ugv_base_node -- -j16 -l16
[1.605s] [ 50%] Built target base_node
[1.605s] [100%] Built target base_node_ekf
[1.663s] Invoked command in '/home/chotaehyun/waver_ws/build/ugv_base_node' returned '0': CMAKE_PREFIX_PATH=/opt/ros/humble /usr/bin/cmake --build /home/chotaehyun/waver_ws/build/ugv_base_node -- -j16 -l16
[1.666s] Invoking command in '/home/chotaehyun/waver_ws/build/ugv_base_node': CMAKE_PREFIX_PATH=/opt/ros/humble /usr/bin/cmake --install /home/chotaehyun/waver_ws/build/ugv_base_node
[1.792s] -- Install configuration: ""
[1.792s] -- Execute custom install script
[1.792s] -- Up-to-date symlink: /home/chotaehyun/waver_ws/install/ugv_base_node/lib/ugv_base_node/base_node
[1.793s] -- Up-to-date symlink: /home/chotaehyun/waver_ws/install/ugv_base_node/lib/ugv_base_node/base_node_ekf
[1.793s] -- Up-to-date symlink: /home/chotaehyun/waver_ws/install/ugv_base_node/share/ament_index/resource_index/package_run_dependencies/ugv_base_node
[1.794s] -- Up-to-date symlink: /home/chotaehyun/waver_ws/install/ugv_base_node/share/ament_index/resource_index/parent_prefix_path/ugv_base_node
[1.794s] -- Up-to-date symlink: /home/chotaehyun/waver_ws/install/ugv_base_node/share/ugv_base_node/environment/ament_prefix_path.sh
[1.794s] -- Up-to-date symlink: /home/chotaehyun/waver_ws/install/ugv_base_node/share/ugv_base_node/environment/ament_prefix_path.dsv
[1.796s] -- Up-to-date symlink: /home/chotaehyun/waver_ws/install/ugv_base_node/share/ugv_base_node/environment/path.sh
[1.797s] -- Up-to-date symlink: /home/chotaehyun/waver_ws/install/ugv_base_node/share/ugv_base_node/environment/path.dsv
[1.797s] -- Up-to-date symlink: /home/chotaehyun/waver_ws/install/ugv_base_node/share/ugv_base_node/local_setup.bash
[1.797s] -- Up-to-date symlink: /home/chotaehyun/waver_ws/install/ugv_base_node/share/ugv_base_node/local_setup.sh
[1.797s] -- Up-to-date symlink: /home/chotaehyun/waver_ws/install/ugv_base_node/share/ugv_base_node/local_setup.zsh
[1.797s] -- Up-to-date symlink: /home/chotaehyun/waver_ws/install/ugv_base_node/share/ugv_base_node/local_setup.dsv
[1.797s] -- Symlinking: /home/chotaehyun/waver_ws/install/ugv_base_node/share/ugv_base_node/package.dsv
[1.798s] -- Up-to-date symlink: /home/chotaehyun/waver_ws/install/ugv_base_node/share/ament_index/resource_index/packages/ugv_base_node
[1.799s] -- Up-to-date symlink: /home/chotaehyun/waver_ws/install/ugv_base_node/share/ugv_base_node/cmake/ugv_base_nodeConfig.cmake
[1.799s] -- Up-to-date symlink: /home/chotaehyun/waver_ws/install/ugv_base_node/share/ugv_base_node/cmake/ugv_base_nodeConfig-version.cmake
[1.799s] -- Up-to-date symlink: /home/chotaehyun/waver_ws/install/ugv_base_node/share/ugv_base_node/package.xml
[2.070s] Invoked command in '/home/chotaehyun/waver_ws/build/ugv_base_node' returned '0': CMAKE_PREFIX_PATH=/opt/ros/humble /usr/bin/cmake --install /home/chotaehyun/waver_ws/build/ugv_base_node
