[0.145s] Invoking command in '/home/chotaehyun/waver_ws/build/slam_gmapping': AMENT_PREFIX_PATH=/home/chotaehyun/waver_ws/install/openslam_gmapping:${AMENT_PREFIX_PATH} CMAKE_PREFIX_PATH=/home/chotaehyun/waver_ws/install/openslam_gmapping:/opt/ros/humble LD_LIBRARY_PATH=/home/chotaehyun/waver_ws/install/openslam_gmapping/lib:${LD_LIBRARY_PATH} /usr/bin/cmake --build /home/chotaehyun/waver_ws/build/slam_gmapping -- -j16 -l16
[0.300s] [100%] Built target slam_gmapping
[0.391s] Invoked command in '/home/chotaehyun/waver_ws/build/slam_gmapping' returned '0': AMENT_PREFIX_PATH=/home/chotaehyun/waver_ws/install/openslam_gmapping:${AMENT_PREFIX_PATH} CMAKE_PREFIX_PATH=/home/chotaehyun/waver_ws/install/openslam_gmapping:/opt/ros/humble LD_LIBRARY_PATH=/home/chotaehyun/waver_ws/install/openslam_gmapping/lib:${LD_LIBRARY_PATH} /usr/bin/cmake --build /home/chotaehyun/waver_ws/build/slam_gmapping -- -j16 -l16
[0.394s] Invoking command in '/home/chotaehyun/waver_ws/build/slam_gmapping': AMENT_PREFIX_PATH=/home/chotaehyun/waver_ws/install/openslam_gmapping:${AMENT_PREFIX_PATH} CMAKE_PREFIX_PATH=/home/chotaehyun/waver_ws/install/openslam_gmapping:/opt/ros/humble LD_LIBRARY_PATH=/home/chotaehyun/waver_ws/install/openslam_gmapping/lib:${LD_LIBRARY_PATH} /usr/bin/cmake --install /home/chotaehyun/waver_ws/build/slam_gmapping
[0.409s] -- Install configuration: ""
[0.409s] -- Execute custom install script
[0.409s] -- Up-to-date symlink: /home/chotaehyun/waver_ws/install/slam_gmapping/lib/slam_gmapping/slam_gmapping
[0.411s] -- Up-to-date symlink: /home/chotaehyun/waver_ws/install/slam_gmapping/share/slam_gmapping/launch/mapping.launch.py
[0.411s] -- Up-to-date symlink: /home/chotaehyun/waver_ws/install/slam_gmapping/share/ament_index/resource_index/package_run_dependencies/slam_gmapping
[0.411s] -- Up-to-date symlink: /home/chotaehyun/waver_ws/install/slam_gmapping/share/ament_index/resource_index/parent_prefix_path/slam_gmapping
[0.411s] -- Up-to-date symlink: /home/chotaehyun/waver_ws/install/slam_gmapping/share/slam_gmapping/environment/ament_prefix_path.sh
[0.412s] -- Up-to-date symlink: /home/chotaehyun/waver_ws/install/slam_gmapping/share/slam_gmapping/environment/ament_prefix_path.dsv
[0.412s] -- Up-to-date symlink: /home/chotaehyun/waver_ws/install/slam_gmapping/share/slam_gmapping/environment/path.sh
[0.412s] -- Up-to-date symlink: /home/chotaehyun/waver_ws/install/slam_gmapping/share/slam_gmapping/environment/path.dsv
[0.415s] -- Up-to-date symlink: /home/chotaehyun/waver_ws/install/slam_gmapping/share/slam_gmapping/local_setup.bash
[0.415s] -- Up-to-date symlink: /home/chotaehyun/waver_ws/install/slam_gmapping/share/slam_gmapping/local_setup.sh
[0.415s] -- Up-to-date symlink: /home/chotaehyun/waver_ws/install/slam_gmapping/share/slam_gmapping/local_setup.zsh
[0.415s] -- Up-to-date symlink: /home/chotaehyun/waver_ws/install/slam_gmapping/share/slam_gmapping/local_setup.dsv
[0.415s] -- Symlinking: /home/chotaehyun/waver_ws/install/slam_gmapping/share/slam_gmapping/package.dsv
[0.435s] -- Up-to-date symlink: /home/chotaehyun/waver_ws/install/slam_gmapping/share/ament_index/resource_index/packages/slam_gmapping
[0.435s] -- Up-to-date symlink: /home/chotaehyun/waver_ws/install/slam_gmapping/share/slam_gmapping/cmake/slam_gmappingConfig.cmake
[0.435s] -- Up-to-date symlink: /home/chotaehyun/waver_ws/install/slam_gmapping/share/slam_gmapping/cmake/slam_gmappingConfig-version.cmake
[0.436s] -- Up-to-date symlink: /home/chotaehyun/waver_ws/install/slam_gmapping/share/slam_gmapping/package.xml
[0.509s] Invoked command in '/home/chotaehyun/waver_ws/build/slam_gmapping' returned '0': AMENT_PREFIX_PATH=/home/chotaehyun/waver_ws/install/openslam_gmapping:${AMENT_PREFIX_PATH} CMAKE_PREFIX_PATH=/home/chotaehyun/waver_ws/install/openslam_gmapping:/opt/ros/humble LD_LIBRARY_PATH=/home/chotaehyun/waver_ws/install/openslam_gmapping/lib:${LD_LIBRARY_PATH} /usr/bin/cmake --install /home/chotaehyun/waver_ws/build/slam_gmapping
