[1.237s] Invoking command in '/home/chotaehyun/waver_ws/build/costmap_converter': AMENT_PREFIX_PATH=/home/chotaehyun/waver_ws/install/costmap_converter_msgs:${AMENT_PREFIX_PATH} CMAKE_PREFIX_PATH=/home/chotaehyun/waver_ws/install/costmap_converter_msgs:/opt/ros/humble LD_LIBRARY_PATH=/home/chotaehyun/waver_ws/install/costmap_converter_msgs/lib:${LD_LIBRARY_PATH} PYTHONPATH=/home/chotaehyun/waver_ws/install/costmap_converter_msgs/local/lib/python3.10/dist-packages:${PYTHONPATH} /usr/bin/cmake --build /home/chotaehyun/waver_ws/build/costmap_converter -- -j16 -l16
[1.388s] [ 10%] Built target gtest_main
[1.407s] [ 21%] Built target gtest
[1.422s] [ 78%] Built target costmap_converter
[1.491s] [ 89%] Built target standalone_converter
[1.515s] [100%] Built target test_costmap_polygons
[1.653s] Invoked command in '/home/chotaehyun/waver_ws/build/costmap_converter' returned '0': AMENT_PREFIX_PATH=/home/chotaehyun/waver_ws/install/costmap_converter_msgs:${AMENT_PREFIX_PATH} CMAKE_PREFIX_PATH=/home/chotaehyun/waver_ws/install/costmap_converter_msgs:/opt/ros/humble LD_LIBRARY_PATH=/home/chotaehyun/waver_ws/install/costmap_converter_msgs/lib:${LD_LIBRARY_PATH} PYTHONPATH=/home/chotaehyun/waver_ws/install/costmap_converter_msgs/local/lib/python3.10/dist-packages:${PYTHONPATH} /usr/bin/cmake --build /home/chotaehyun/waver_ws/build/costmap_converter -- -j16 -l16
[1.670s] Invoking command in '/home/chotaehyun/waver_ws/build/costmap_converter': AMENT_PREFIX_PATH=/home/chotaehyun/waver_ws/install/costmap_converter_msgs:${AMENT_PREFIX_PATH} CMAKE_PREFIX_PATH=/home/chotaehyun/waver_ws/install/costmap_converter_msgs:/opt/ros/humble LD_LIBRARY_PATH=/home/chotaehyun/waver_ws/install/costmap_converter_msgs/lib:${LD_LIBRARY_PATH} PYTHONPATH=/home/chotaehyun/waver_ws/install/costmap_converter_msgs/local/lib/python3.10/dist-packages:${PYTHONPATH} /usr/bin/cmake --install /home/chotaehyun/waver_ws/build/costmap_converter
[1.703s] -- Install configuration: "Release"
[1.703s] -- Execute custom install script
[1.703s] -- Up-to-date symlink: /home/chotaehyun/waver_ws/install/costmap_converter/lib/libcostmap_converter.so
[1.703s] -- Up-to-date symlink: /home/chotaehyun/waver_ws/install/costmap_converter/bin/standalone_converter
[1.704s] -- Up-to-date symlink: /home/chotaehyun/waver_ws/install/costmap_converter/include//costmap_converter/costmap_converter_interface.h
[1.704s] -- Up-to-date symlink: /home/chotaehyun/waver_ws/install/costmap_converter/include//costmap_converter/costmap_to_dynamic_obstacles/background_subtractor.h
[1.704s] -- Up-to-date symlink: /home/chotaehyun/waver_ws/install/costmap_converter/include//costmap_converter/costmap_to_dynamic_obstacles/blob_detector.h
[1.704s] -- Up-to-date symlink: /home/chotaehyun/waver_ws/install/costmap_converter/include//costmap_converter/costmap_to_dynamic_obstacles/costmap_to_dynamic_obstacles.h
[1.704s] -- Up-to-date symlink: /home/chotaehyun/waver_ws/install/costmap_converter/include//costmap_converter/costmap_to_dynamic_obstacles/multitarget_tracker/Ctracker.h
[1.705s] -- Up-to-date symlink: /home/chotaehyun/waver_ws/install/costmap_converter/include//costmap_converter/costmap_to_dynamic_obstacles/multitarget_tracker/HungarianAlg.h
[1.705s] -- Up-to-date symlink: /home/chotaehyun/waver_ws/install/costmap_converter/include//costmap_converter/costmap_to_dynamic_obstacles/multitarget_tracker/Kalman.h
[1.705s] -- Up-to-date symlink: /home/chotaehyun/waver_ws/install/costmap_converter/include//costmap_converter/costmap_to_dynamic_obstacles/multitarget_tracker/README.md
[1.705s] -- Up-to-date symlink: /home/chotaehyun/waver_ws/install/costmap_converter/include//costmap_converter/costmap_to_dynamic_obstacles/multitarget_tracker/defines.h
[1.705s] -- Up-to-date symlink: /home/chotaehyun/waver_ws/install/costmap_converter/include//costmap_converter/costmap_to_lines_convex_hull.h
[1.705s] -- Up-to-date symlink: /home/chotaehyun/waver_ws/install/costmap_converter/include//costmap_converter/costmap_to_lines_ransac.h
[1.705s] -- Up-to-date symlink: /home/chotaehyun/waver_ws/install/costmap_converter/include//costmap_converter/costmap_to_polygons.h
[1.705s] -- Up-to-date symlink: /home/chotaehyun/waver_ws/install/costmap_converter/include//costmap_converter/costmap_to_polygons_concave.h
[1.705s] -- Up-to-date symlink: /home/chotaehyun/waver_ws/install/costmap_converter/include//costmap_converter/misc.h
[1.706s] -- Up-to-date symlink: /home/chotaehyun/waver_ws/install/costmap_converter/share/costmap_converter/environment/library_path.sh
[1.706s] -- Up-to-date symlink: /home/chotaehyun/waver_ws/install/costmap_converter/share/costmap_converter/environment/library_path.dsv
[1.706s] -- Up-to-date symlink: /home/chotaehyun/waver_ws/install/costmap_converter/share/costmap_converter//costmap_converter_plugins.xml
[1.706s] -- Up-to-date symlink: /home/chotaehyun/waver_ws/install/costmap_converter/share/ament_index/resource_index/package_run_dependencies/costmap_converter
[1.706s] -- Up-to-date symlink: /home/chotaehyun/waver_ws/install/costmap_converter/share/ament_index/resource_index/parent_prefix_path/costmap_converter
[1.706s] -- Up-to-date symlink: /home/chotaehyun/waver_ws/install/costmap_converter/share/costmap_converter/environment/ament_prefix_path.sh
[1.706s] -- Up-to-date symlink: /home/chotaehyun/waver_ws/install/costmap_converter/share/costmap_converter/environment/ament_prefix_path.dsv
[1.707s] -- Up-to-date symlink: /home/chotaehyun/waver_ws/install/costmap_converter/share/costmap_converter/environment/path.sh
[1.707s] -- Up-to-date symlink: /home/chotaehyun/waver_ws/install/costmap_converter/share/costmap_converter/environment/path.dsv
[1.707s] -- Up-to-date symlink: /home/chotaehyun/waver_ws/install/costmap_converter/share/costmap_converter/local_setup.bash
[1.707s] -- Up-to-date symlink: /home/chotaehyun/waver_ws/install/costmap_converter/share/costmap_converter/local_setup.sh
[1.707s] -- Up-to-date symlink: /home/chotaehyun/waver_ws/install/costmap_converter/share/costmap_converter/local_setup.zsh
[1.707s] -- Up-to-date symlink: /home/chotaehyun/waver_ws/install/costmap_converter/share/costmap_converter/local_setup.dsv
[1.708s] -- Symlinking: /home/chotaehyun/waver_ws/install/costmap_converter/share/costmap_converter/package.dsv
[1.711s] -- Up-to-date symlink: /home/chotaehyun/waver_ws/install/costmap_converter/share/ament_index/resource_index/packages/costmap_converter
[1.712s] -- Up-to-date symlink: /home/chotaehyun/waver_ws/install/costmap_converter/share/ament_index/resource_index/costmap_converter__pluginlib__plugin/costmap_converter
[1.716s] -- Up-to-date symlink: /home/chotaehyun/waver_ws/install/costmap_converter/share/costmap_converter/cmake/ament_cmake_export_include_directories-extras.cmake
[1.716s] -- Up-to-date symlink: /home/chotaehyun/waver_ws/install/costmap_converter/share/costmap_converter/cmake/ament_cmake_export_libraries-extras.cmake
[1.717s] -- Up-to-date symlink: /home/chotaehyun/waver_ws/install/costmap_converter/share/costmap_converter/cmake/ament_cmake_export_dependencies-extras.cmake
[1.717s] -- Up-to-date symlink: /home/chotaehyun/waver_ws/install/costmap_converter/share/costmap_converter/cmake/costmap_converterConfig.cmake
[1.717s] -- Up-to-date symlink: /home/chotaehyun/waver_ws/install/costmap_converter/share/costmap_converter/cmake/costmap_converterConfig-version.cmake
[1.717s] -- Up-to-date symlink: /home/chotaehyun/waver_ws/install/costmap_converter/share/costmap_converter/package.xml
[1.814s] Invoked command in '/home/chotaehyun/waver_ws/build/costmap_converter' returned '0': AMENT_PREFIX_PATH=/home/chotaehyun/waver_ws/install/costmap_converter_msgs:${AMENT_PREFIX_PATH} CMAKE_PREFIX_PATH=/home/chotaehyun/waver_ws/install/costmap_converter_msgs:/opt/ros/humble LD_LIBRARY_PATH=/home/chotaehyun/waver_ws/install/costmap_converter_msgs/lib:${LD_LIBRARY_PATH} PYTHONPATH=/home/chotaehyun/waver_ws/install/costmap_converter_msgs/local/lib/python3.10/dist-packages:${PYTHONPATH} /usr/bin/cmake --install /home/chotaehyun/waver_ws/build/costmap_converter
