[0.064s] Invoking command in '/home/chotaehyun/waver_ws/build/openslam_gmapping': CMAKE_PREFIX_PATH=/opt/ros/humble /usr/bin/cmake /home/chotaehyun/waver_ws/src/ugv_ws/src/ugv_else/gmapping/openslam_gmapping -DAMENT_CMAKE_SYMLINK_INSTALL=1 -DCMAKE_INSTALL_PREFIX=/home/chotaehyun/waver_ws/install/openslam_gmapping
[1.259s] -- The C compiler identification is GNU 11.4.0
[1.259s] -- The CXX compiler identification is GNU 11.4.0
[1.259s] -- Detecting C compiler ABI info
[1.259s] -- Detecting C compiler ABI info - done
[1.259s] -- Check for working C compiler: /usr/bin/cc - skipped
[1.260s] -- Detecting C compile features
[1.260s] -- Detecting C compile features - done
[1.260s] -- Detecting CXX compiler ABI info
[1.260s] -- Detecting CXX compiler ABI info - done
[1.260s] -- Check for working CXX compiler: /usr/bin/c++ - skipped
[1.260s] -- Detecting CXX compile features
[1.260s] -- Detecting CXX compile features - done
[1.262s] -- Found ament_cmake: 1.3.14 (/opt/ros/humble/share/ament_cmake/cmake)
[1.262s] -- Found Python3: /usr/bin/python3 (found version "3.10.12") found components: Interpreter 
[1.262s] -- Override CMake install command with custom implementation using symlinks instead of copying resources
[1.262s] -- Configuring done
[1.278s] -- Generating done
[1.279s] -- Build files have been written to: /home/chotaehyun/waver_ws/build/openslam_gmapping
[1.298s] Invoked command in '/home/chotaehyun/waver_ws/build/openslam_gmapping' returned '0': CMAKE_PREFIX_PATH=/opt/ros/humble /usr/bin/cmake /home/chotaehyun/waver_ws/src/ugv_ws/src/ugv_else/gmapping/openslam_gmapping -DAMENT_CMAKE_SYMLINK_INSTALL=1 -DCMAKE_INSTALL_PREFIX=/home/chotaehyun/waver_ws/install/openslam_gmapping
[1.301s] Invoking command in '/home/chotaehyun/waver_ws/build/openslam_gmapping': CMAKE_PREFIX_PATH=/opt/ros/humble /usr/bin/cmake --build /home/chotaehyun/waver_ws/build/openslam_gmapping -- -j16 -l16
[3.113s] [  9%] [32mBuilding CXX object utils/CMakeFiles/utils.dir/movement.cpp.o[0m
[3.114s] [  9%] [32mBuilding CXX object sensor/sensor_base/CMakeFiles/sensor_base.dir/sensor.cpp.o[0m
[3.114s] [ 13%] [32mBuilding CXX object utils/CMakeFiles/utils.dir/stat.cpp.o[0m
[3.114s] [ 18%] [32mBuilding CXX object sensor/sensor_base/CMakeFiles/sensor_base.dir/sensorreading.cpp.o[0m
[3.114s] [ 22%] [32m[1mLinking CXX static library libsensor_base.a[0m
[3.114s] [ 22%] Built target sensor_base
[3.114s] [ 27%] [32mBuilding CXX object sensor/sensor_odometry/CMakeFiles/sensor_odometry.dir/odometryreading.cpp.o[0m
[3.121s] [ 31%] [32mBuilding CXX object sensor/sensor_range/CMakeFiles/sensor_range.dir/rangereading.cpp.o[0m
[3.122s] [ 36%] [32mBuilding CXX object sensor/sensor_odometry/CMakeFiles/sensor_odometry.dir/odometrysensor.cpp.o[0m
[3.122s] [ 40%] [32mBuilding CXX object sensor/sensor_range/CMakeFiles/sensor_range.dir/rangesensor.cpp.o[0m
[3.122s] [ 45%] [32m[1mLinking CXX static library libutils.a[0m
[3.122s] [ 45%] Built target utils
[3.122s] [ 50%] [32m[1mLinking CXX static library libsensor_odometry.a[0m
[3.122s] [ 50%] Built target sensor_odometry
[3.373s] [ 54%] [32m[1mLinking CXX static library libsensor_range.a[0m
[3.497s] [ 54%] Built target sensor_range
[3.563s] [ 59%] [32mBuilding CXX object scanmatcher/CMakeFiles/scanmatcher.dir/eig3.cpp.o[0m
[3.583s] [ 63%] [32mBuilding CXX object scanmatcher/CMakeFiles/scanmatcher.dir/scanmatcherprocessor.cpp.o[0m
[3.585s] [ 68%] [32mBuilding CXX object scanmatcher/CMakeFiles/scanmatcher.dir/scanmatcher.cpp.o[0m
[3.585s] [ 72%] [32mBuilding CXX object scanmatcher/CMakeFiles/scanmatcher.dir/smmap.cpp.o[0m
[7.857s] [ 77%] [32m[1mLinking CXX static library libscanmatcher.a[0m
[8.009s] [ 77%] Built target scanmatcher
[8.101s] [ 81%] [32mBuilding CXX object gridfastslam/CMakeFiles/gridfastslam.dir/gfsreader.cpp.o[0m
[8.102s] [ 86%] [32mBuilding CXX object gridfastslam/CMakeFiles/gridfastslam.dir/gridslamprocessor.cpp.o[0m
[8.102s] [ 90%] [32mBuilding CXX object gridfastslam/CMakeFiles/gridfastslam.dir/gridslamprocessor_tree.cpp.o[0m
[8.113s] [ 95%] [32mBuilding CXX object gridfastslam/CMakeFiles/gridfastslam.dir/motionmodel.cpp.o[0m
[14.191s] [100%] [32m[1mLinking CXX static library libgridfastslam.a[0m
[14.373s] [100%] Built target gridfastslam
[14.559s] Invoked command in '/home/chotaehyun/waver_ws/build/openslam_gmapping' returned '0': CMAKE_PREFIX_PATH=/opt/ros/humble /usr/bin/cmake --build /home/chotaehyun/waver_ws/build/openslam_gmapping -- -j16 -l16
[14.573s] Invoking command in '/home/chotaehyun/waver_ws/build/openslam_gmapping': CMAKE_PREFIX_PATH=/opt/ros/humble /usr/bin/cmake --install /home/chotaehyun/waver_ws/build/openslam_gmapping
[16.288s] -- Install configuration: ""
[16.288s] -- Execute custom install script
[16.288s] -- Symlinking: /home/chotaehyun/waver_ws/install/openslam_gmapping/lib/libgridfastslam.a
[16.288s] -- Symlinking: /home/chotaehyun/waver_ws/install/openslam_gmapping/lib/libscanmatcher.a
[16.288s] -- Symlinking: /home/chotaehyun/waver_ws/install/openslam_gmapping/lib/libsensor_base.a
[16.288s] -- Symlinking: /home/chotaehyun/waver_ws/install/openslam_gmapping/share/openslam_gmapping/environment/library_path.sh
[16.288s] -- Symlinking: /home/chotaehyun/waver_ws/install/openslam_gmapping/share/openslam_gmapping/environment/library_path.dsv
[16.288s] -- Up-to-date symlink: /home/chotaehyun/waver_ws/install/openslam_gmapping/share/openslam_gmapping/environment/library_path.sh
[16.288s] -- Up-to-date symlink: /home/chotaehyun/waver_ws/install/openslam_gmapping/share/openslam_gmapping/environment/library_path.dsv
[16.288s] -- Symlinking: /home/chotaehyun/waver_ws/install/openslam_gmapping/lib/libsensor_odometry.a
[16.288s] -- Symlinking: /home/chotaehyun/waver_ws/install/openslam_gmapping/lib/libsensor_range.a
[16.288s] -- Symlinking: /home/chotaehyun/waver_ws/install/openslam_gmapping/lib/libutils.a
[16.288s] -- Up-to-date symlink: /home/chotaehyun/waver_ws/install/openslam_gmapping/share/openslam_gmapping/environment/library_path.sh
[16.288s] -- Up-to-date symlink: /home/chotaehyun/waver_ws/install/openslam_gmapping/share/openslam_gmapping/environment/library_path.dsv
[16.289s] -- Up-to-date symlink: /home/chotaehyun/waver_ws/install/openslam_gmapping/share/openslam_gmapping/environment/library_path.sh
[16.289s] -- Up-to-date symlink: /home/chotaehyun/waver_ws/install/openslam_gmapping/share/openslam_gmapping/environment/library_path.dsv
[16.289s] -- Symlinking: /home/chotaehyun/waver_ws/install/openslam_gmapping/include//gmapping/grid/accessstate.h
[16.289s] -- Symlinking: /home/chotaehyun/waver_ws/install/openslam_gmapping/include//gmapping/grid/array2d.h
[16.289s] -- Symlinking: /home/chotaehyun/waver_ws/install/openslam_gmapping/include//gmapping/grid/harray2d.h
[16.289s] -- Symlinking: /home/chotaehyun/waver_ws/install/openslam_gmapping/include//gmapping/grid/map.h
[16.289s] -- Symlinking: /home/chotaehyun/waver_ws/install/openslam_gmapping/include//gmapping/gridfastslam/gridslamprocessor.h
[16.289s] -- Symlinking: /home/chotaehyun/waver_ws/install/openslam_gmapping/include//gmapping/gridfastslam/gridslamprocessor.hxx
[16.289s] -- Symlinking: /home/chotaehyun/waver_ws/install/openslam_gmapping/include//gmapping/gridfastslam/motionmodel.h
[16.289s] -- Symlinking: /home/chotaehyun/waver_ws/install/openslam_gmapping/include//gmapping/log/configuration.h
[16.292s] -- Symlinking: /home/chotaehyun/waver_ws/install/openslam_gmapping/include//gmapping/log/sensorlog.h
[16.292s] -- Symlinking: /home/chotaehyun/waver_ws/install/openslam_gmapping/include//gmapping/particlefilter/particlefilter.h
[16.301s] -- Symlinking: /home/chotaehyun/waver_ws/install/openslam_gmapping/include//gmapping/scanmatcher/icp.h
[16.304s] -- Symlinking: /home/chotaehyun/waver_ws/install/openslam_gmapping/include//gmapping/scanmatcher/scanmatcher.h
[16.304s] -- Symlinking: /home/chotaehyun/waver_ws/install/openslam_gmapping/include//gmapping/scanmatcher/smmap.h
[16.305s] -- Symlinking: /home/chotaehyun/waver_ws/install/openslam_gmapping/include//gmapping/sensor/sensor_base/sensor.h
[16.305s] -- Symlinking: /home/chotaehyun/waver_ws/install/openslam_gmapping/include//gmapping/sensor/sensor_base/sensorreading.h
[16.306s] -- Symlinking: /home/chotaehyun/waver_ws/install/openslam_gmapping/include//gmapping/sensor/sensor_odometry/odometryreading.h
[16.306s] -- Symlinking: /home/chotaehyun/waver_ws/install/openslam_gmapping/include//gmapping/sensor/sensor_odometry/odometrysensor.h
[16.306s] -- Symlinking: /home/chotaehyun/waver_ws/install/openslam_gmapping/include//gmapping/sensor/sensor_range/rangereading.h
[16.306s] -- Symlinking: /home/chotaehyun/waver_ws/install/openslam_gmapping/include//gmapping/sensor/sensor_range/rangesensor.h
[16.306s] -- Symlinking: /home/chotaehyun/waver_ws/install/openslam_gmapping/include//gmapping/utils/autoptr.h
[16.306s] -- Symlinking: /home/chotaehyun/waver_ws/install/openslam_gmapping/include//gmapping/utils/commandline.h
[16.306s] -- Symlinking: /home/chotaehyun/waver_ws/install/openslam_gmapping/include//gmapping/utils/gvalues.h
[16.306s] -- Symlinking: /home/chotaehyun/waver_ws/install/openslam_gmapping/include//gmapping/utils/macro_params.h
[16.306s] -- Symlinking: /home/chotaehyun/waver_ws/install/openslam_gmapping/include//gmapping/utils/point.h
[16.306s] -- Symlinking: /home/chotaehyun/waver_ws/install/openslam_gmapping/include//gmapping/utils/stat.h
[16.306s] -- Symlinking: /home/chotaehyun/waver_ws/install/openslam_gmapping/share/ament_index/resource_index/package_run_dependencies/openslam_gmapping
[16.306s] -- Symlinking: /home/chotaehyun/waver_ws/install/openslam_gmapping/share/ament_index/resource_index/parent_prefix_path/openslam_gmapping
[16.306s] -- Symlinking: /home/chotaehyun/waver_ws/install/openslam_gmapping/share/openslam_gmapping/environment/ament_prefix_path.sh
[16.306s] -- Symlinking: /home/chotaehyun/waver_ws/install/openslam_gmapping/share/openslam_gmapping/environment/ament_prefix_path.dsv
[16.307s] -- Symlinking: /home/chotaehyun/waver_ws/install/openslam_gmapping/share/openslam_gmapping/environment/path.sh
[16.307s] -- Symlinking: /home/chotaehyun/waver_ws/install/openslam_gmapping/share/openslam_gmapping/environment/path.dsv
[16.307s] -- Symlinking: /home/chotaehyun/waver_ws/install/openslam_gmapping/share/openslam_gmapping/local_setup.bash
[16.317s] -- Symlinking: /home/chotaehyun/waver_ws/install/openslam_gmapping/share/openslam_gmapping/local_setup.sh
[16.363s] -- Symlinking: /home/chotaehyun/waver_ws/install/openslam_gmapping/share/openslam_gmapping/local_setup.zsh
[16.397s] -- Symlinking: /home/chotaehyun/waver_ws/install/openslam_gmapping/share/openslam_gmapping/local_setup.dsv
[16.446s] -- Symlinking: /home/chotaehyun/waver_ws/install/openslam_gmapping/share/openslam_gmapping/package.dsv
[16.470s] -- Symlinking: /home/chotaehyun/waver_ws/install/openslam_gmapping/share/ament_index/resource_index/packages/openslam_gmapping
[16.498s] -- Symlinking: /home/chotaehyun/waver_ws/install/openslam_gmapping/share/openslam_gmapping/cmake/ament_cmake_export_libraries-extras.cmake
[16.535s] -- Symlinking: /home/chotaehyun/waver_ws/install/openslam_gmapping/share/openslam_gmapping/cmake/ament_cmake_export_include_directories-extras.cmake
[16.568s] -- Symlinking: /home/chotaehyun/waver_ws/install/openslam_gmapping/share/openslam_gmapping/cmake/openslam_gmappingConfig.cmake
[16.616s] -- Symlinking: /home/chotaehyun/waver_ws/install/openslam_gmapping/share/openslam_gmapping/cmake/openslam_gmappingConfig-version.cmake
[16.654s] -- Symlinking: /home/chotaehyun/waver_ws/install/openslam_gmapping/share/openslam_gmapping/package.xml
[17.373s] Invoked command in '/home/chotaehyun/waver_ws/build/openslam_gmapping' returned '0': CMAKE_PREFIX_PATH=/opt/ros/humble /usr/bin/cmake --install /home/chotaehyun/waver_ws/build/openslam_gmapping
