[1.466s] Invoking command in '/home/chotaehyun/waver_ws/build/vizanti_cpp': CMAKE_PREFIX_PATH=/opt/ros/humble /usr/bin/cmake --build /home/chotaehyun/waver_ws/build/vizanti_cpp -- -j16 -l16
[1.633s] [100%] Built target tf_consolidator
[1.813s] Invoked command in '/home/chotaehyun/waver_ws/build/vizanti_cpp' returned '0': CMAKE_PREFIX_PATH=/opt/ros/humble /usr/bin/cmake --build /home/chotaehyun/waver_ws/build/vizanti_cpp -- -j16 -l16
[1.817s] Invoking command in '/home/chotaehyun/waver_ws/build/vizanti_cpp': CMAKE_PREFIX_PATH=/opt/ros/humble /usr/bin/cmake --install /home/chotaehyun/waver_ws/build/vizanti_cpp
[1.867s] -- Install configuration: ""
[1.868s] -- Execute custom install script
[1.868s] -- Up-to-date symlink: /home/chotaehyun/waver_ws/install/vizanti_cpp/lib/vizanti_cpp/tf_consolidator
[1.869s] -- Up-to-date symlink: /home/chotaehyun/waver_ws/install/vizanti_cpp/share/ament_index/resource_index/package_run_dependencies/vizanti_cpp
[1.870s] -- Up-to-date symlink: /home/chotaehyun/waver_ws/install/vizanti_cpp/share/ament_index/resource_index/parent_prefix_path/vizanti_cpp
[1.870s] -- Up-to-date symlink: /home/chotaehyun/waver_ws/install/vizanti_cpp/share/vizanti_cpp/environment/ament_prefix_path.sh
[1.870s] -- Up-to-date symlink: /home/chotaehyun/waver_ws/install/vizanti_cpp/share/vizanti_cpp/environment/ament_prefix_path.dsv
[1.870s] -- Up-to-date symlink: /home/chotaehyun/waver_ws/install/vizanti_cpp/share/vizanti_cpp/environment/path.sh
[1.871s] -- Up-to-date symlink: /home/chotaehyun/waver_ws/install/vizanti_cpp/share/vizanti_cpp/environment/path.dsv
[1.872s] -- Up-to-date symlink: /home/chotaehyun/waver_ws/install/vizanti_cpp/share/vizanti_cpp/local_setup.bash
[1.872s] -- Up-to-date symlink: /home/chotaehyun/waver_ws/install/vizanti_cpp/share/vizanti_cpp/local_setup.sh
[1.873s] -- Up-to-date symlink: /home/chotaehyun/waver_ws/install/vizanti_cpp/share/vizanti_cpp/local_setup.zsh
[1.873s] -- Up-to-date symlink: /home/chotaehyun/waver_ws/install/vizanti_cpp/share/vizanti_cpp/local_setup.dsv
[1.873s] -- Symlinking: /home/chotaehyun/waver_ws/install/vizanti_cpp/share/vizanti_cpp/package.dsv
[1.873s] -- Up-to-date symlink: /home/chotaehyun/waver_ws/install/vizanti_cpp/share/ament_index/resource_index/packages/vizanti_cpp
[1.874s] -- Up-to-date symlink: /home/chotaehyun/waver_ws/install/vizanti_cpp/share/vizanti_cpp/cmake/vizanti_cppConfig.cmake
[1.874s] -- Up-to-date symlink: /home/chotaehyun/waver_ws/install/vizanti_cpp/share/vizanti_cpp/cmake/vizanti_cppConfig-version.cmake
[1.874s] -- Up-to-date symlink: /home/chotaehyun/waver_ws/install/vizanti_cpp/share/vizanti_cpp/package.xml
[1.980s] Invoked command in '/home/chotaehyun/waver_ws/build/vizanti_cpp' returned '0': CMAKE_PREFIX_PATH=/opt/ros/humble /usr/bin/cmake --install /home/chotaehyun/waver_ws/build/vizanti_cpp
