[0.155s] Invoking command in '/home/chotaehyun/waver_ws/build/costmap_converter_msgs': CMAKE_PREFIX_PATH=${CMAKE_PREFIX_PATH}:/home/chotaehyun/waver_ws/install/ugv_web_app:/home/chotaehyun/waver_ws/install/ugv_vision:/home/chotaehyun/waver_ws/install/ugv_tools:/home/chotaehyun/waver_ws/install/ugv_chat_ai:/home/chotaehyun/waver_ws/install/ugv_bringup:/home/chotaehyun/waver_ws/install/my_waver_app:/opt/ros/humble /usr/bin/cmake --build /home/chotaehyun/waver_ws/build/costmap_converter_msgs -- -j16 -l16
[1.864s] [ 10%] Built target costmap_converter_msgs__rosidl_generator_c
[1.866s] [ 12%] Built target costmap_converter_msgs__cpp
[1.866s] [ 12%] Built target ament_cmake_python_symlink_costmap_converter_msgs
[1.866s] [ 23%] Built target costmap_converter_msgs__rosidl_typesupport_introspection_cpp
[1.866s] [ 33%] Built target costmap_converter_msgs__rosidl_typesupport_cpp
[1.866s] [ 43%] Built target costmap_converter_msgs__rosidl_typesupport_fastrtps_cpp
[1.866s] [ 53%] Built target costmap_converter_msgs__rosidl_typesupport_fastrtps_c
[1.866s] [ 74%] Built target costmap_converter_msgs__rosidl_typesupport_c
[1.867s] [ 74%] Built target costmap_converter_msgs__rosidl_typesupport_introspection_c
[1.867s] [ 74%] Built target costmap_converter_msgs
[1.867s] [ 76%] Built target costmap_converter_msgs__py
[1.867s] [ 84%] Built target costmap_converter_msgs__rosidl_generator_py
[1.868s] [ 89%] Built target costmap_converter_msgs__rosidl_typesupport_fastrtps_c__pyext
[1.868s] [ 94%] Built target costmap_converter_msgs__rosidl_typesupport_c__pyext
[1.868s] [100%] Built target costmap_converter_msgs__rosidl_typesupport_introspection_c__pyext
[1.869s] running egg_info
[1.869s] writing costmap_converter_msgs.egg-info/PKG-INFO
[1.870s] writing dependency_links to costmap_converter_msgs.egg-info/dependency_links.txt
[1.870s] writing top-level names to costmap_converter_msgs.egg-info/top_level.txt
[1.871s] reading manifest file 'costmap_converter_msgs.egg-info/SOURCES.txt'
[1.871s] writing manifest file 'costmap_converter_msgs.egg-info/SOURCES.txt'
[1.871s] [100%] Built target ament_cmake_python_build_costmap_converter_msgs_egg
[1.949s] Invoked command in '/home/chotaehyun/waver_ws/build/costmap_converter_msgs' returned '0': CMAKE_PREFIX_PATH=${CMAKE_PREFIX_PATH}:/home/chotaehyun/waver_ws/install/ugv_web_app:/home/chotaehyun/waver_ws/install/ugv_vision:/home/chotaehyun/waver_ws/install/ugv_tools:/home/chotaehyun/waver_ws/install/ugv_chat_ai:/home/chotaehyun/waver_ws/install/ugv_bringup:/home/chotaehyun/waver_ws/install/my_waver_app:/opt/ros/humble /usr/bin/cmake --build /home/chotaehyun/waver_ws/build/costmap_converter_msgs -- -j16 -l16
[1.952s] Invoking command in '/home/chotaehyun/waver_ws/build/costmap_converter_msgs': CMAKE_PREFIX_PATH=${CMAKE_PREFIX_PATH}:/home/chotaehyun/waver_ws/install/ugv_web_app:/home/chotaehyun/waver_ws/install/ugv_vision:/home/chotaehyun/waver_ws/install/ugv_tools:/home/chotaehyun/waver_ws/install/ugv_chat_ai:/home/chotaehyun/waver_ws/install/ugv_bringup:/home/chotaehyun/waver_ws/install/my_waver_app:/opt/ros/humble /usr/bin/cmake --install /home/chotaehyun/waver_ws/build/costmap_converter_msgs
[2.066s] -- Install configuration: ""
[2.067s] -- Execute custom install script
[2.069s] -- Up-to-date symlink: /home/chotaehyun/waver_ws/install/costmap_converter_msgs/share/ament_index/resource_index/rosidl_interfaces/costmap_converter_msgs
[2.069s] -- Up-to-date symlink: /home/chotaehyun/waver_ws/install/costmap_converter_msgs/include/costmap_converter_msgs/costmap_converter_msgs/msg/detail/obstacle_array_msg__functions.h
[2.069s] -- Up-to-date symlink: /home/chotaehyun/waver_ws/install/costmap_converter_msgs/include/costmap_converter_msgs/costmap_converter_msgs/msg/detail/obstacle_array_msg__struct.h
[2.069s] -- Up-to-date symlink: /home/chotaehyun/waver_ws/install/costmap_converter_msgs/include/costmap_converter_msgs/costmap_converter_msgs/msg/detail/obstacle_array_msg__type_support.h
[2.069s] -- Up-to-date symlink: /home/chotaehyun/waver_ws/install/costmap_converter_msgs/include/costmap_converter_msgs/costmap_converter_msgs/msg/detail/obstacle_msg__functions.h
[2.069s] -- Up-to-date symlink: /home/chotaehyun/waver_ws/install/costmap_converter_msgs/include/costmap_converter_msgs/costmap_converter_msgs/msg/detail/obstacle_msg__struct.h
[2.069s] -- Up-to-date symlink: /home/chotaehyun/waver_ws/install/costmap_converter_msgs/include/costmap_converter_msgs/costmap_converter_msgs/msg/detail/obstacle_msg__type_support.h
[2.069s] -- Up-to-date symlink: /home/chotaehyun/waver_ws/install/costmap_converter_msgs/include/costmap_converter_msgs/costmap_converter_msgs/msg/obstacle_array_msg.h
[2.069s] -- Up-to-date symlink: /home/chotaehyun/waver_ws/install/costmap_converter_msgs/include/costmap_converter_msgs/costmap_converter_msgs/msg/obstacle_msg.h
[2.069s] -- Up-to-date symlink: /home/chotaehyun/waver_ws/install/costmap_converter_msgs/include/costmap_converter_msgs/costmap_converter_msgs/msg/rosidl_generator_c__visibility_control.h
[2.070s] -- Up-to-date symlink: /home/chotaehyun/waver_ws/install/costmap_converter_msgs/share/costmap_converter_msgs/environment/library_path.sh
[2.070s] -- Up-to-date symlink: /home/chotaehyun/waver_ws/install/costmap_converter_msgs/share/costmap_converter_msgs/environment/library_path.dsv
[2.070s] -- Up-to-date symlink: /home/chotaehyun/waver_ws/install/costmap_converter_msgs/include/costmap_converter_msgs/costmap_converter_msgs/msg/detail/obstacle_array_msg__rosidl_typesupport_fastrtps_c.h
[2.070s] -- Up-to-date symlink: /home/chotaehyun/waver_ws/install/costmap_converter_msgs/include/costmap_converter_msgs/costmap_converter_msgs/msg/detail/obstacle_msg__rosidl_typesupport_fastrtps_c.h
[2.070s] -- Up-to-date symlink: /home/chotaehyun/waver_ws/install/costmap_converter_msgs/include/costmap_converter_msgs/costmap_converter_msgs/msg/rosidl_typesupport_fastrtps_c__visibility_control.h
[2.072s] -- Up-to-date symlink: /home/chotaehyun/waver_ws/install/costmap_converter_msgs/include/costmap_converter_msgs/costmap_converter_msgs/msg/detail/obstacle_array_msg__builder.hpp
[2.072s] -- Up-to-date symlink: /home/chotaehyun/waver_ws/install/costmap_converter_msgs/include/costmap_converter_msgs/costmap_converter_msgs/msg/detail/obstacle_array_msg__struct.hpp
[2.072s] -- Up-to-date symlink: /home/chotaehyun/waver_ws/install/costmap_converter_msgs/include/costmap_converter_msgs/costmap_converter_msgs/msg/detail/obstacle_array_msg__traits.hpp
[2.072s] -- Up-to-date symlink: /home/chotaehyun/waver_ws/install/costmap_converter_msgs/include/costmap_converter_msgs/costmap_converter_msgs/msg/detail/obstacle_array_msg__type_support.hpp
[2.073s] -- Up-to-date symlink: /home/chotaehyun/waver_ws/install/costmap_converter_msgs/include/costmap_converter_msgs/costmap_converter_msgs/msg/detail/obstacle_msg__builder.hpp
[2.073s] -- Up-to-date symlink: /home/chotaehyun/waver_ws/install/costmap_converter_msgs/include/costmap_converter_msgs/costmap_converter_msgs/msg/detail/obstacle_msg__struct.hpp
[2.073s] -- Up-to-date symlink: /home/chotaehyun/waver_ws/install/costmap_converter_msgs/include/costmap_converter_msgs/costmap_converter_msgs/msg/detail/obstacle_msg__traits.hpp
[2.073s] -- Up-to-date symlink: /home/chotaehyun/waver_ws/install/costmap_converter_msgs/include/costmap_converter_msgs/costmap_converter_msgs/msg/detail/obstacle_msg__type_support.hpp
[2.074s] -- Up-to-date symlink: /home/chotaehyun/waver_ws/install/costmap_converter_msgs/include/costmap_converter_msgs/costmap_converter_msgs/msg/obstacle_array_msg.hpp
[2.074s] -- Up-to-date symlink: /home/chotaehyun/waver_ws/install/costmap_converter_msgs/include/costmap_converter_msgs/costmap_converter_msgs/msg/obstacle_msg.hpp
[2.074s] -- Up-to-date symlink: /home/chotaehyun/waver_ws/install/costmap_converter_msgs/include/costmap_converter_msgs/costmap_converter_msgs/msg/rosidl_generator_cpp__visibility_control.hpp
[2.074s] -- Up-to-date symlink: /home/chotaehyun/waver_ws/install/costmap_converter_msgs/include/costmap_converter_msgs/costmap_converter_msgs/msg/detail/obstacle_array_msg__rosidl_typesupport_fastrtps_cpp.hpp
[2.074s] -- Up-to-date symlink: /home/chotaehyun/waver_ws/install/costmap_converter_msgs/include/costmap_converter_msgs/costmap_converter_msgs/msg/detail/obstacle_msg__rosidl_typesupport_fastrtps_cpp.hpp
[2.074s] -- Up-to-date symlink: /home/chotaehyun/waver_ws/install/costmap_converter_msgs/include/costmap_converter_msgs/costmap_converter_msgs/msg/rosidl_typesupport_fastrtps_cpp__visibility_control.h
[2.074s] -- Up-to-date symlink: /home/chotaehyun/waver_ws/install/costmap_converter_msgs/include/costmap_converter_msgs/costmap_converter_msgs/msg/detail/obstacle_array_msg__rosidl_typesupport_introspection_c.h
[2.074s] -- Up-to-date symlink: /home/chotaehyun/waver_ws/install/costmap_converter_msgs/include/costmap_converter_msgs/costmap_converter_msgs/msg/detail/obstacle_msg__rosidl_typesupport_introspection_c.h
[2.074s] -- Up-to-date symlink: /home/chotaehyun/waver_ws/install/costmap_converter_msgs/include/costmap_converter_msgs/costmap_converter_msgs/msg/rosidl_typesupport_introspection_c__visibility_control.h
[2.074s] -- Up-to-date symlink: /home/chotaehyun/waver_ws/install/costmap_converter_msgs/include/costmap_converter_msgs/costmap_converter_msgs/msg/detail/obstacle_array_msg__rosidl_typesupport_introspection_cpp.hpp
[2.074s] -- Up-to-date symlink: /home/chotaehyun/waver_ws/install/costmap_converter_msgs/include/costmap_converter_msgs/costmap_converter_msgs/msg/detail/obstacle_msg__rosidl_typesupport_introspection_cpp.hpp
[2.075s] -- Up-to-date symlink: /home/chotaehyun/waver_ws/install/costmap_converter_msgs/share/costmap_converter_msgs/environment/pythonpath.sh
[2.075s] -- Up-to-date symlink: /home/chotaehyun/waver_ws/install/costmap_converter_msgs/share/costmap_converter_msgs/environment/pythonpath.dsv
[2.075s] -- Up-to-date symlink: /home/chotaehyun/waver_ws/install/costmap_converter_msgs/local/lib/python3.10/dist-packages/costmap_converter_msgs-0.1.2-py3.10.egg-info/PKG-INFO
[2.075s] -- Up-to-date symlink: /home/chotaehyun/waver_ws/install/costmap_converter_msgs/local/lib/python3.10/dist-packages/costmap_converter_msgs-0.1.2-py3.10.egg-info/SOURCES.txt
[2.075s] -- Up-to-date symlink: /home/chotaehyun/waver_ws/install/costmap_converter_msgs/local/lib/python3.10/dist-packages/costmap_converter_msgs-0.1.2-py3.10.egg-info/dependency_links.txt
[2.075s] -- Up-to-date symlink: /home/chotaehyun/waver_ws/install/costmap_converter_msgs/local/lib/python3.10/dist-packages/costmap_converter_msgs-0.1.2-py3.10.egg-info/top_level.txt
[2.076s] -- Up-to-date symlink: /home/chotaehyun/waver_ws/install/costmap_converter_msgs/local/lib/python3.10/dist-packages/costmap_converter_msgs/__init__.py
[2.083s] -- Up-to-date symlink: /home/chotaehyun/waver_ws/install/costmap_converter_msgs/local/lib/python3.10/dist-packages/costmap_converter_msgs/_costmap_converter_msgs_s.ep.rosidl_typesupport_c.c
[2.083s] -- Up-to-date symlink: /home/chotaehyun/waver_ws/install/costmap_converter_msgs/local/lib/python3.10/dist-packages/costmap_converter_msgs/_costmap_converter_msgs_s.ep.rosidl_typesupport_fastrtps_c.c
[2.102s] -- Up-to-date symlink: /home/chotaehyun/waver_ws/install/costmap_converter_msgs/local/lib/python3.10/dist-packages/costmap_converter_msgs/_costmap_converter_msgs_s.ep.rosidl_typesupport_introspection_c.c
[2.102s] -- Up-to-date symlink: /home/chotaehyun/waver_ws/install/costmap_converter_msgs/local/lib/python3.10/dist-packages/costmap_converter_msgs/costmap_converter_msgs_s__rosidl_typesupport_c.cpython-310-x86_64-linux-gnu.so
[2.102s] -- Up-to-date symlink: /home/chotaehyun/waver_ws/install/costmap_converter_msgs/local/lib/python3.10/dist-packages/costmap_converter_msgs/costmap_converter_msgs_s__rosidl_typesupport_fastrtps_c.cpython-310-x86_64-linux-gnu.so
[2.102s] -- Up-to-date symlink: /home/chotaehyun/waver_ws/install/costmap_converter_msgs/local/lib/python3.10/dist-packages/costmap_converter_msgs/costmap_converter_msgs_s__rosidl_typesupport_introspection_c.cpython-310-x86_64-linux-gnu.so
[2.106s] -- Up-to-date symlink: /home/chotaehyun/waver_ws/install/costmap_converter_msgs/local/lib/python3.10/dist-packages/costmap_converter_msgs/libcostmap_converter_msgs__rosidl_generator_py.so
[2.106s] -- Up-to-date symlink: /home/chotaehyun/waver_ws/install/costmap_converter_msgs/local/lib/python3.10/dist-packages/costmap_converter_msgs/msg/__init__.py
[2.107s] -- Up-to-date symlink: /home/chotaehyun/waver_ws/install/costmap_converter_msgs/local/lib/python3.10/dist-packages/costmap_converter_msgs/msg/_obstacle_array_msg.py
[2.107s] -- Up-to-date symlink: /home/chotaehyun/waver_ws/install/costmap_converter_msgs/local/lib/python3.10/dist-packages/costmap_converter_msgs/msg/_obstacle_array_msg_s.c
[2.107s] -- Up-to-date symlink: /home/chotaehyun/waver_ws/install/costmap_converter_msgs/local/lib/python3.10/dist-packages/costmap_converter_msgs/msg/_obstacle_msg.py
[2.107s] -- Up-to-date symlink: /home/chotaehyun/waver_ws/install/costmap_converter_msgs/local/lib/python3.10/dist-packages/costmap_converter_msgs/msg/_obstacle_msg_s.c
[2.107s] -- Up-to-date symlink: /home/chotaehyun/waver_ws/install/costmap_converter_msgs/local/lib/python3.10/dist-packages/costmap_converter_msgs/costmap_converter_msgs_s__rosidl_typesupport_fastrtps_c.cpython-310-x86_64-linux-gnu.so
[2.107s] -- Up-to-date symlink: /home/chotaehyun/waver_ws/install/costmap_converter_msgs/local/lib/python3.10/dist-packages/costmap_converter_msgs/costmap_converter_msgs_s__rosidl_typesupport_introspection_c.cpython-310-x86_64-linux-gnu.so
[2.107s] -- Up-to-date symlink: /home/chotaehyun/waver_ws/install/costmap_converter_msgs/local/lib/python3.10/dist-packages/costmap_converter_msgs/costmap_converter_msgs_s__rosidl_typesupport_c.cpython-310-x86_64-linux-gnu.so
[2.109s] -- Up-to-date symlink: /home/chotaehyun/waver_ws/install/costmap_converter_msgs/share/costmap_converter_msgs/msg/ObstacleMsg.idl
[2.109s] -- Up-to-date symlink: /home/chotaehyun/waver_ws/install/costmap_converter_msgs/share/costmap_converter_msgs/msg/ObstacleArrayMsg.idl
[2.109s] -- Up-to-date symlink: /home/chotaehyun/waver_ws/install/costmap_converter_msgs/share/costmap_converter_msgs/msg/ObstacleMsg.msg
[2.111s] -- Up-to-date symlink: /home/chotaehyun/waver_ws/install/costmap_converter_msgs/share/costmap_converter_msgs/msg/ObstacleArrayMsg.msg
[2.137s] -- Up-to-date symlink: /home/chotaehyun/waver_ws/install/costmap_converter_msgs/share/ament_index/resource_index/package_run_dependencies/costmap_converter_msgs
[2.140s] -- Up-to-date symlink: /home/chotaehyun/waver_ws/install/costmap_converter_msgs/share/ament_index/resource_index/parent_prefix_path/costmap_converter_msgs
[2.140s] -- Up-to-date symlink: /home/chotaehyun/waver_ws/install/costmap_converter_msgs/share/costmap_converter_msgs/environment/ament_prefix_path.sh
[2.141s] -- Up-to-date symlink: /home/chotaehyun/waver_ws/install/costmap_converter_msgs/share/costmap_converter_msgs/environment/ament_prefix_path.dsv
[2.142s] -- Up-to-date symlink: /home/chotaehyun/waver_ws/install/costmap_converter_msgs/share/costmap_converter_msgs/environment/path.sh
[2.143s] -- Up-to-date symlink: /home/chotaehyun/waver_ws/install/costmap_converter_msgs/share/costmap_converter_msgs/environment/path.dsv
[2.149s] -- Up-to-date symlink: /home/chotaehyun/waver_ws/install/costmap_converter_msgs/share/costmap_converter_msgs/local_setup.bash
[2.151s] -- Up-to-date symlink: /home/chotaehyun/waver_ws/install/costmap_converter_msgs/share/costmap_converter_msgs/local_setup.sh
[2.151s] -- Up-to-date symlink: /home/chotaehyun/waver_ws/install/costmap_converter_msgs/share/costmap_converter_msgs/local_setup.zsh
[2.157s] -- Up-to-date symlink: /home/chotaehyun/waver_ws/install/costmap_converter_msgs/share/costmap_converter_msgs/local_setup.dsv
[2.158s] -- Symlinking: /home/chotaehyun/waver_ws/install/costmap_converter_msgs/share/costmap_converter_msgs/package.dsv
[2.191s] -- Up-to-date symlink: /home/chotaehyun/waver_ws/install/costmap_converter_msgs/share/ament_index/resource_index/packages/costmap_converter_msgs
[2.191s] -- Up-to-date symlink: /home/chotaehyun/waver_ws/install/costmap_converter_msgs/share/costmap_converter_msgs/cmake/rosidl_cmake-extras.cmake
[2.191s] -- Up-to-date symlink: /home/chotaehyun/waver_ws/install/costmap_converter_msgs/share/costmap_converter_msgs/cmake/ament_cmake_export_dependencies-extras.cmake
[2.191s] -- Up-to-date symlink: /home/chotaehyun/waver_ws/install/costmap_converter_msgs/share/costmap_converter_msgs/cmake/ament_cmake_export_include_directories-extras.cmake
[2.191s] -- Up-to-date symlink: /home/chotaehyun/waver_ws/install/costmap_converter_msgs/share/costmap_converter_msgs/cmake/ament_cmake_export_libraries-extras.cmake
[2.191s] -- Up-to-date symlink: /home/chotaehyun/waver_ws/install/costmap_converter_msgs/share/costmap_converter_msgs/cmake/ament_cmake_export_targets-extras.cmake
[2.192s] -- Up-to-date symlink: /home/chotaehyun/waver_ws/install/costmap_converter_msgs/share/costmap_converter_msgs/cmake/rosidl_cmake_export_typesupport_targets-extras.cmake
[2.192s] -- Up-to-date symlink: /home/chotaehyun/waver_ws/install/costmap_converter_msgs/share/costmap_converter_msgs/cmake/rosidl_cmake_export_typesupport_libraries-extras.cmake
[2.198s] -- Up-to-date symlink: /home/chotaehyun/waver_ws/install/costmap_converter_msgs/share/costmap_converter_msgs/cmake/costmap_converter_msgsConfig.cmake
[2.198s] -- Up-to-date symlink: /home/chotaehyun/waver_ws/install/costmap_converter_msgs/share/costmap_converter_msgs/cmake/costmap_converter_msgsConfig-version.cmake
[2.198s] -- Up-to-date symlink: /home/chotaehyun/waver_ws/install/costmap_converter_msgs/share/costmap_converter_msgs/package.xml
[2.198s] -- Up-to-date: /home/chotaehyun/waver_ws/install/costmap_converter_msgs/lib/libcostmap_converter_msgs__rosidl_generator_c.so
[2.200s] -- Up-to-date: /home/chotaehyun/waver_ws/install/costmap_converter_msgs/lib/libcostmap_converter_msgs__rosidl_typesupport_fastrtps_c.so
[2.201s] -- Up-to-date: /home/chotaehyun/waver_ws/install/costmap_converter_msgs/lib/libcostmap_converter_msgs__rosidl_typesupport_fastrtps_cpp.so
[2.202s] -- Up-to-date: /home/chotaehyun/waver_ws/install/costmap_converter_msgs/lib/libcostmap_converter_msgs__rosidl_typesupport_introspection_c.so
[2.203s] -- Up-to-date: /home/chotaehyun/waver_ws/install/costmap_converter_msgs/lib/libcostmap_converter_msgs__rosidl_typesupport_c.so
[2.203s] -- Up-to-date: /home/chotaehyun/waver_ws/install/costmap_converter_msgs/lib/libcostmap_converter_msgs__rosidl_typesupport_introspection_cpp.so
[2.203s] -- Up-to-date: /home/chotaehyun/waver_ws/install/costmap_converter_msgs/lib/libcostmap_converter_msgs__rosidl_typesupport_cpp.so
[2.219s] Listing '/home/chotaehyun/waver_ws/install/costmap_converter_msgs/local/lib/python3.10/dist-packages/costmap_converter_msgs'...
[2.220s] Listing '/home/chotaehyun/waver_ws/install/costmap_converter_msgs/local/lib/python3.10/dist-packages/costmap_converter_msgs/msg'...
[2.227s] -- Up-to-date: /home/chotaehyun/waver_ws/install/costmap_converter_msgs/lib/libcostmap_converter_msgs__rosidl_generator_py.so
[2.227s] -- Up-to-date: /home/chotaehyun/waver_ws/install/costmap_converter_msgs/share/costmap_converter_msgs/cmake/export_costmap_converter_msgs__rosidl_generator_cExport.cmake
[2.227s] -- Up-to-date: /home/chotaehyun/waver_ws/install/costmap_converter_msgs/share/costmap_converter_msgs/cmake/export_costmap_converter_msgs__rosidl_generator_cExport-noconfig.cmake
[2.227s] -- Up-to-date: /home/chotaehyun/waver_ws/install/costmap_converter_msgs/share/costmap_converter_msgs/cmake/export_costmap_converter_msgs__rosidl_typesupport_fastrtps_cExport.cmake
[2.227s] -- Up-to-date: /home/chotaehyun/waver_ws/install/costmap_converter_msgs/share/costmap_converter_msgs/cmake/export_costmap_converter_msgs__rosidl_typesupport_fastrtps_cExport-noconfig.cmake
[2.227s] -- Up-to-date: /home/chotaehyun/waver_ws/install/costmap_converter_msgs/share/costmap_converter_msgs/cmake/export_costmap_converter_msgs__rosidl_generator_cppExport.cmake
[2.227s] -- Up-to-date: /home/chotaehyun/waver_ws/install/costmap_converter_msgs/share/costmap_converter_msgs/cmake/export_costmap_converter_msgs__rosidl_typesupport_fastrtps_cppExport.cmake
[2.228s] -- Up-to-date: /home/chotaehyun/waver_ws/install/costmap_converter_msgs/share/costmap_converter_msgs/cmake/export_costmap_converter_msgs__rosidl_typesupport_fastrtps_cppExport-noconfig.cmake
[2.228s] -- Up-to-date: /home/chotaehyun/waver_ws/install/costmap_converter_msgs/share/costmap_converter_msgs/cmake/costmap_converter_msgs__rosidl_typesupport_introspection_cExport.cmake
[2.228s] -- Up-to-date: /home/chotaehyun/waver_ws/install/costmap_converter_msgs/share/costmap_converter_msgs/cmake/costmap_converter_msgs__rosidl_typesupport_introspection_cExport-noconfig.cmake
[2.228s] -- Up-to-date: /home/chotaehyun/waver_ws/install/costmap_converter_msgs/share/costmap_converter_msgs/cmake/costmap_converter_msgs__rosidl_typesupport_cExport.cmake
[2.228s] -- Up-to-date: /home/chotaehyun/waver_ws/install/costmap_converter_msgs/share/costmap_converter_msgs/cmake/costmap_converter_msgs__rosidl_typesupport_cExport-noconfig.cmake
[2.228s] -- Up-to-date: /home/chotaehyun/waver_ws/install/costmap_converter_msgs/share/costmap_converter_msgs/cmake/costmap_converter_msgs__rosidl_typesupport_introspection_cppExport.cmake
[2.228s] -- Up-to-date: /home/chotaehyun/waver_ws/install/costmap_converter_msgs/share/costmap_converter_msgs/cmake/costmap_converter_msgs__rosidl_typesupport_introspection_cppExport-noconfig.cmake
[2.228s] -- Up-to-date: /home/chotaehyun/waver_ws/install/costmap_converter_msgs/share/costmap_converter_msgs/cmake/costmap_converter_msgs__rosidl_typesupport_cppExport.cmake
[2.228s] -- Up-to-date: /home/chotaehyun/waver_ws/install/costmap_converter_msgs/share/costmap_converter_msgs/cmake/costmap_converter_msgs__rosidl_typesupport_cppExport-noconfig.cmake
[2.228s] -- Up-to-date: /home/chotaehyun/waver_ws/install/costmap_converter_msgs/share/costmap_converter_msgs/cmake/export_costmap_converter_msgs__rosidl_generator_pyExport.cmake
[2.228s] -- Up-to-date: /home/chotaehyun/waver_ws/install/costmap_converter_msgs/share/costmap_converter_msgs/cmake/export_costmap_converter_msgs__rosidl_generator_pyExport-noconfig.cmake
[2.536s] Invoked command in '/home/chotaehyun/waver_ws/build/costmap_converter_msgs' returned '0': CMAKE_PREFIX_PATH=${CMAKE_PREFIX_PATH}:/home/chotaehyun/waver_ws/install/ugv_web_app:/home/chotaehyun/waver_ws/install/ugv_vision:/home/chotaehyun/waver_ws/install/ugv_tools:/home/chotaehyun/waver_ws/install/ugv_chat_ai:/home/chotaehyun/waver_ws/install/ugv_bringup:/home/chotaehyun/waver_ws/install/my_waver_app:/opt/ros/humble /usr/bin/cmake --install /home/chotaehyun/waver_ws/build/costmap_converter_msgs
