[0.099s] Invoking command in '/home/chotaehyun/waver_ws/build/openslam_gmapping': CMAKE_PREFIX_PATH=${CMAKE_PREFIX_PATH}:/home/chotaehyun/waver_ws/install/ugv_web_app:/home/chotaehyun/waver_ws/install/ugv_vision:/home/chotaehyun/waver_ws/install/ugv_tools:/home/chotaehyun/waver_ws/install/ugv_chat_ai:/home/chotaehyun/waver_ws/install/ugv_bringup:/home/chotaehyun/waver_ws/install/my_waver_app:/opt/ros/humble /usr/bin/cmake --build /home/chotaehyun/waver_ws/build/openslam_gmapping -- -j16 -l16
[1.132s] [35m[1mConsolidate compiler generated dependencies of target utils[0m
[1.132s] [35m[1mConsolidate compiler generated dependencies of target sensor_base[0m
[1.133s] [ 13%] Built target utils
[1.133s] [ 27%] Built target sensor_base
[1.133s] [35m[1mConsolidate compiler generated dependencies of target sensor_range[0m
[1.133s] [35m[1mConsolidate compiler generated dependencies of target sensor_odometry[0m
[1.133s] [ 40%] Built target sensor_range
[1.133s] [ 54%] Built target sensor_odometry
[1.133s] [35m[1mConsolidate compiler generated dependencies of target scanmatcher[0m
[1.133s] [ 77%] Built target scanmatcher
[1.133s] [35m[1mConsolidate compiler generated dependencies of target gridfastslam[0m
[1.133s] [100%] Built target gridfastslam
[1.149s] Invoked command in '/home/chotaehyun/waver_ws/build/openslam_gmapping' returned '0': CMAKE_PREFIX_PATH=${CMAKE_PREFIX_PATH}:/home/chotaehyun/waver_ws/install/ugv_web_app:/home/chotaehyun/waver_ws/install/ugv_vision:/home/chotaehyun/waver_ws/install/ugv_tools:/home/chotaehyun/waver_ws/install/ugv_chat_ai:/home/chotaehyun/waver_ws/install/ugv_bringup:/home/chotaehyun/waver_ws/install/my_waver_app:/opt/ros/humble /usr/bin/cmake --build /home/chotaehyun/waver_ws/build/openslam_gmapping -- -j16 -l16
[1.151s] Invoking command in '/home/chotaehyun/waver_ws/build/openslam_gmapping': CMAKE_PREFIX_PATH=${CMAKE_PREFIX_PATH}:/home/chotaehyun/waver_ws/install/ugv_web_app:/home/chotaehyun/waver_ws/install/ugv_vision:/home/chotaehyun/waver_ws/install/ugv_tools:/home/chotaehyun/waver_ws/install/ugv_chat_ai:/home/chotaehyun/waver_ws/install/ugv_bringup:/home/chotaehyun/waver_ws/install/my_waver_app:/opt/ros/humble /usr/bin/cmake --install /home/chotaehyun/waver_ws/build/openslam_gmapping
[1.205s] -- Install configuration: ""
[1.205s] -- Execute custom install script
[1.205s] -- Up-to-date symlink: /home/chotaehyun/waver_ws/install/openslam_gmapping/lib/libgridfastslam.a
[1.206s] -- Up-to-date symlink: /home/chotaehyun/waver_ws/install/openslam_gmapping/lib/libscanmatcher.a
[1.206s] -- Up-to-date symlink: /home/chotaehyun/waver_ws/install/openslam_gmapping/lib/libsensor_base.a
[1.206s] -- Up-to-date symlink: /home/chotaehyun/waver_ws/install/openslam_gmapping/share/openslam_gmapping/environment/library_path.sh
[1.206s] -- Up-to-date symlink: /home/chotaehyun/waver_ws/install/openslam_gmapping/share/openslam_gmapping/environment/library_path.dsv
[1.206s] -- Up-to-date symlink: /home/chotaehyun/waver_ws/install/openslam_gmapping/share/openslam_gmapping/environment/library_path.sh
[1.206s] -- Up-to-date symlink: /home/chotaehyun/waver_ws/install/openslam_gmapping/share/openslam_gmapping/environment/library_path.dsv
[1.207s] -- Up-to-date symlink: /home/chotaehyun/waver_ws/install/openslam_gmapping/lib/libsensor_odometry.a
[1.208s] -- Up-to-date symlink: /home/chotaehyun/waver_ws/install/openslam_gmapping/lib/libsensor_range.a
[1.208s] -- Up-to-date symlink: /home/chotaehyun/waver_ws/install/openslam_gmapping/lib/libutils.a
[1.209s] -- Up-to-date symlink: /home/chotaehyun/waver_ws/install/openslam_gmapping/share/openslam_gmapping/environment/library_path.sh
[1.209s] -- Up-to-date symlink: /home/chotaehyun/waver_ws/install/openslam_gmapping/share/openslam_gmapping/environment/library_path.dsv
[1.210s] -- Up-to-date symlink: /home/chotaehyun/waver_ws/install/openslam_gmapping/share/openslam_gmapping/environment/library_path.sh
[1.210s] -- Up-to-date symlink: /home/chotaehyun/waver_ws/install/openslam_gmapping/share/openslam_gmapping/environment/library_path.dsv
[1.210s] -- Up-to-date symlink: /home/chotaehyun/waver_ws/install/openslam_gmapping/include//gmapping/grid/accessstate.h
[1.213s] -- Up-to-date symlink: /home/chotaehyun/waver_ws/install/openslam_gmapping/include//gmapping/grid/array2d.h
[1.214s] -- Up-to-date symlink: /home/chotaehyun/waver_ws/install/openslam_gmapping/include//gmapping/grid/harray2d.h
[1.215s] -- Up-to-date symlink: /home/chotaehyun/waver_ws/install/openslam_gmapping/include//gmapping/grid/map.h
[1.216s] -- Up-to-date symlink: /home/chotaehyun/waver_ws/install/openslam_gmapping/include//gmapping/gridfastslam/gridslamprocessor.h
[1.216s] -- Up-to-date symlink: /home/chotaehyun/waver_ws/install/openslam_gmapping/include//gmapping/gridfastslam/gridslamprocessor.hxx
[1.216s] -- Up-to-date symlink: /home/chotaehyun/waver_ws/install/openslam_gmapping/include//gmapping/gridfastslam/motionmodel.h
[1.216s] -- Up-to-date symlink: /home/chotaehyun/waver_ws/install/openslam_gmapping/include//gmapping/log/configuration.h
[1.216s] -- Up-to-date symlink: /home/chotaehyun/waver_ws/install/openslam_gmapping/include//gmapping/log/sensorlog.h
[1.216s] -- Up-to-date symlink: /home/chotaehyun/waver_ws/install/openslam_gmapping/include//gmapping/particlefilter/particlefilter.h
[1.216s] -- Up-to-date symlink: /home/chotaehyun/waver_ws/install/openslam_gmapping/include//gmapping/scanmatcher/icp.h
[1.216s] -- Up-to-date symlink: /home/chotaehyun/waver_ws/install/openslam_gmapping/include//gmapping/scanmatcher/scanmatcher.h
[1.216s] -- Up-to-date symlink: /home/chotaehyun/waver_ws/install/openslam_gmapping/include//gmapping/scanmatcher/smmap.h
[1.216s] -- Up-to-date symlink: /home/chotaehyun/waver_ws/install/openslam_gmapping/include//gmapping/sensor/sensor_base/sensor.h
[1.216s] -- Up-to-date symlink: /home/chotaehyun/waver_ws/install/openslam_gmapping/include//gmapping/sensor/sensor_base/sensorreading.h
[1.216s] -- Up-to-date symlink: /home/chotaehyun/waver_ws/install/openslam_gmapping/include//gmapping/sensor/sensor_odometry/odometryreading.h
[1.217s] -- Up-to-date symlink: /home/chotaehyun/waver_ws/install/openslam_gmapping/include//gmapping/sensor/sensor_odometry/odometrysensor.h
[1.217s] -- Up-to-date symlink: /home/chotaehyun/waver_ws/install/openslam_gmapping/include//gmapping/sensor/sensor_range/rangereading.h
[1.217s] -- Up-to-date symlink: /home/chotaehyun/waver_ws/install/openslam_gmapping/include//gmapping/sensor/sensor_range/rangesensor.h
[1.217s] -- Up-to-date symlink: /home/chotaehyun/waver_ws/install/openslam_gmapping/include//gmapping/utils/autoptr.h
[1.219s] -- Up-to-date symlink: /home/chotaehyun/waver_ws/install/openslam_gmapping/include//gmapping/utils/commandline.h
[1.220s] -- Up-to-date symlink: /home/chotaehyun/waver_ws/install/openslam_gmapping/include//gmapping/utils/gvalues.h
[1.220s] -- Up-to-date symlink: /home/chotaehyun/waver_ws/install/openslam_gmapping/include//gmapping/utils/macro_params.h
[1.220s] -- Up-to-date symlink: /home/chotaehyun/waver_ws/install/openslam_gmapping/include//gmapping/utils/point.h
[1.220s] -- Up-to-date symlink: /home/chotaehyun/waver_ws/install/openslam_gmapping/include//gmapping/utils/stat.h
[1.220s] -- Up-to-date symlink: /home/chotaehyun/waver_ws/install/openslam_gmapping/share/ament_index/resource_index/package_run_dependencies/openslam_gmapping
[1.220s] -- Up-to-date symlink: /home/chotaehyun/waver_ws/install/openslam_gmapping/share/ament_index/resource_index/parent_prefix_path/openslam_gmapping
[1.220s] -- Up-to-date symlink: /home/chotaehyun/waver_ws/install/openslam_gmapping/share/openslam_gmapping/environment/ament_prefix_path.sh
[1.220s] -- Up-to-date symlink: /home/chotaehyun/waver_ws/install/openslam_gmapping/share/openslam_gmapping/environment/ament_prefix_path.dsv
[1.220s] -- Up-to-date symlink: /home/chotaehyun/waver_ws/install/openslam_gmapping/share/openslam_gmapping/environment/path.sh
[1.220s] -- Up-to-date symlink: /home/chotaehyun/waver_ws/install/openslam_gmapping/share/openslam_gmapping/environment/path.dsv
[1.220s] -- Up-to-date symlink: /home/chotaehyun/waver_ws/install/openslam_gmapping/share/openslam_gmapping/local_setup.bash
[1.220s] -- Up-to-date symlink: /home/chotaehyun/waver_ws/install/openslam_gmapping/share/openslam_gmapping/local_setup.sh
[1.220s] -- Up-to-date symlink: /home/chotaehyun/waver_ws/install/openslam_gmapping/share/openslam_gmapping/local_setup.zsh
[1.220s] -- Up-to-date symlink: /home/chotaehyun/waver_ws/install/openslam_gmapping/share/openslam_gmapping/local_setup.dsv
[1.220s] -- Symlinking: /home/chotaehyun/waver_ws/install/openslam_gmapping/share/openslam_gmapping/package.dsv
[1.220s] -- Up-to-date symlink: /home/chotaehyun/waver_ws/install/openslam_gmapping/share/ament_index/resource_index/packages/openslam_gmapping
[1.221s] -- Up-to-date symlink: /home/chotaehyun/waver_ws/install/openslam_gmapping/share/openslam_gmapping/cmake/ament_cmake_export_libraries-extras.cmake
[1.221s] -- Up-to-date symlink: /home/chotaehyun/waver_ws/install/openslam_gmapping/share/openslam_gmapping/cmake/ament_cmake_export_include_directories-extras.cmake
[1.221s] -- Up-to-date symlink: /home/chotaehyun/waver_ws/install/openslam_gmapping/share/openslam_gmapping/cmake/openslam_gmappingConfig.cmake
[1.221s] -- Up-to-date symlink: /home/chotaehyun/waver_ws/install/openslam_gmapping/share/openslam_gmapping/cmake/openslam_gmappingConfig-version.cmake
[1.221s] -- Up-to-date symlink: /home/chotaehyun/waver_ws/install/openslam_gmapping/share/openslam_gmapping/package.xml
[1.430s] Invoked command in '/home/chotaehyun/waver_ws/build/openslam_gmapping' returned '0': CMAKE_PREFIX_PATH=${CMAKE_PREFIX_PATH}:/home/chotaehyun/waver_ws/install/ugv_web_app:/home/chotaehyun/waver_ws/install/ugv_vision:/home/chotaehyun/waver_ws/install/ugv_tools:/home/chotaehyun/waver_ws/install/ugv_chat_ai:/home/chotaehyun/waver_ws/install/ugv_bringup:/home/chotaehyun/waver_ws/install/my_waver_app:/opt/ros/humble /usr/bin/cmake --install /home/chotaehyun/waver_ws/build/openslam_gmapping
