[0.191s] Invoking command in '/home/chotaehyun/waver_ws/build/ugv_interface': CMAKE_PREFIX_PATH=/opt/ros/humble /usr/bin/cmake --build /home/chotaehyun/waver_ws/build/ugv_interface -- -j16 -l16
[0.247s] [  2%] Built target ugv_interface__cpp
[0.248s] [ 12%] Built target ugv_interface__rosidl_generator_c
[0.258s] [ 12%] Built target ament_cmake_python_symlink_ugv_interface
[0.272s] [ 43%] Built target ugv_interface__rosidl_typesupport_cpp
[0.272s] [ 43%] Built target ugv_interface__rosidl_typesupport_introspection_cpp
[0.272s] [ 43%] Built target ugv_interface__rosidl_typesupport_introspection_c
[0.273s] [ 53%] Built target ugv_interface__rosidl_typesupport_fastrtps_cpp
[0.274s] [ 64%] Built target ugv_interface__rosidl_typesupport_fastrtps_c
[0.275s] [ 74%] Built target ugv_interface__rosidl_typesupport_c
[0.298s] [ 74%] Built target ugv_interface
[0.322s] [ 76%] Built target ugv_interface__py
[0.344s] [ 84%] Built target ugv_interface__rosidl_generator_py
[0.368s] [ 94%] Built target ugv_interface__rosidl_typesupport_c__pyext
[0.368s] [ 94%] Built target ugv_interface__rosidl_typesupport_fastrtps_c__pyext
[0.380s] [100%] Built target ugv_interface__rosidl_typesupport_introspection_c__pyext
[0.486s] running egg_info
[0.486s] writing ugv_interface.egg-info/PKG-INFO
[0.487s] writing dependency_links to ugv_interface.egg-info/dependency_links.txt
[0.487s] writing top-level names to ugv_interface.egg-info/top_level.txt
[0.489s] reading manifest file 'ugv_interface.egg-info/SOURCES.txt'
[0.489s] writing manifest file 'ugv_interface.egg-info/SOURCES.txt'
[0.523s] [100%] Built target ament_cmake_python_build_ugv_interface_egg
[0.985s] Invoked command in '/home/chotaehyun/waver_ws/build/ugv_interface' returned '0': CMAKE_PREFIX_PATH=/opt/ros/humble /usr/bin/cmake --build /home/chotaehyun/waver_ws/build/ugv_interface -- -j16 -l16
[0.987s] Invoking command in '/home/chotaehyun/waver_ws/build/ugv_interface': CMAKE_PREFIX_PATH=/opt/ros/humble /usr/bin/cmake --install /home/chotaehyun/waver_ws/build/ugv_interface
[1.038s] -- Install configuration: ""
[1.038s] -- Execute custom install script
[1.038s] -- Up-to-date symlink: /home/chotaehyun/waver_ws/install/ugv_interface/share/ament_index/resource_index/rosidl_interfaces/ugv_interface
[1.038s] -- Up-to-date symlink: /home/chotaehyun/waver_ws/install/ugv_interface/include/ugv_interface/ugv_interface/action/behavior.h
[1.038s] -- Up-to-date symlink: /home/chotaehyun/waver_ws/install/ugv_interface/include/ugv_interface/ugv_interface/action/detail/behavior__functions.h
[1.038s] -- Up-to-date symlink: /home/chotaehyun/waver_ws/install/ugv_interface/include/ugv_interface/ugv_interface/action/detail/behavior__struct.h
[1.038s] -- Up-to-date symlink: /home/chotaehyun/waver_ws/install/ugv_interface/include/ugv_interface/ugv_interface/action/detail/behavior__type_support.h
[1.038s] -- Up-to-date symlink: /home/chotaehyun/waver_ws/install/ugv_interface/include/ugv_interface/ugv_interface/msg/rosidl_generator_c__visibility_control.h
[1.038s] -- Up-to-date symlink: /home/chotaehyun/waver_ws/install/ugv_interface/include/ugv_interface/ugv_interface/srv/detail/map_save__functions.h
[1.038s] -- Up-to-date symlink: /home/chotaehyun/waver_ws/install/ugv_interface/include/ugv_interface/ugv_interface/srv/detail/map_save__struct.h
[1.038s] -- Up-to-date symlink: /home/chotaehyun/waver_ws/install/ugv_interface/include/ugv_interface/ugv_interface/srv/detail/map_save__type_support.h
[1.038s] -- Up-to-date symlink: /home/chotaehyun/waver_ws/install/ugv_interface/include/ugv_interface/ugv_interface/srv/map_save.h
[1.039s] -- Up-to-date symlink: /home/chotaehyun/waver_ws/install/ugv_interface/share/ugv_interface/environment/library_path.sh
[1.039s] -- Up-to-date symlink: /home/chotaehyun/waver_ws/install/ugv_interface/share/ugv_interface/environment/library_path.dsv
[1.039s] -- Up-to-date symlink: /home/chotaehyun/waver_ws/install/ugv_interface/include/ugv_interface/ugv_interface/action/detail/behavior__rosidl_typesupport_fastrtps_c.h
[1.039s] -- Up-to-date symlink: /home/chotaehyun/waver_ws/install/ugv_interface/include/ugv_interface/ugv_interface/msg/rosidl_typesupport_fastrtps_c__visibility_control.h
[1.040s] -- Up-to-date symlink: /home/chotaehyun/waver_ws/install/ugv_interface/include/ugv_interface/ugv_interface/srv/detail/map_save__rosidl_typesupport_fastrtps_c.h
[1.040s] -- Up-to-date symlink: /home/chotaehyun/waver_ws/install/ugv_interface/include/ugv_interface/ugv_interface/action/detail/behavior__rosidl_typesupport_introspection_c.h
[1.040s] -- Up-to-date symlink: /home/chotaehyun/waver_ws/install/ugv_interface/include/ugv_interface/ugv_interface/msg/rosidl_typesupport_introspection_c__visibility_control.h
[1.040s] -- Up-to-date symlink: /home/chotaehyun/waver_ws/install/ugv_interface/include/ugv_interface/ugv_interface/srv/detail/map_save__rosidl_typesupport_introspection_c.h
[1.040s] -- Up-to-date symlink: /home/chotaehyun/waver_ws/install/ugv_interface/include/ugv_interface/ugv_interface/action/behavior.hpp
[1.040s] -- Up-to-date symlink: /home/chotaehyun/waver_ws/install/ugv_interface/include/ugv_interface/ugv_interface/action/detail/behavior__builder.hpp
[1.041s] -- Up-to-date symlink: /home/chotaehyun/waver_ws/install/ugv_interface/include/ugv_interface/ugv_interface/action/detail/behavior__struct.hpp
[1.041s] -- Up-to-date symlink: /home/chotaehyun/waver_ws/install/ugv_interface/include/ugv_interface/ugv_interface/action/detail/behavior__traits.hpp
[1.041s] -- Up-to-date symlink: /home/chotaehyun/waver_ws/install/ugv_interface/include/ugv_interface/ugv_interface/action/detail/behavior__type_support.hpp
[1.041s] -- Up-to-date symlink: /home/chotaehyun/waver_ws/install/ugv_interface/include/ugv_interface/ugv_interface/msg/rosidl_generator_cpp__visibility_control.hpp
[1.041s] -- Up-to-date symlink: /home/chotaehyun/waver_ws/install/ugv_interface/include/ugv_interface/ugv_interface/srv/detail/map_save__builder.hpp
[1.041s] -- Up-to-date symlink: /home/chotaehyun/waver_ws/install/ugv_interface/include/ugv_interface/ugv_interface/srv/detail/map_save__struct.hpp
[1.041s] -- Up-to-date symlink: /home/chotaehyun/waver_ws/install/ugv_interface/include/ugv_interface/ugv_interface/srv/detail/map_save__traits.hpp
[1.041s] -- Up-to-date symlink: /home/chotaehyun/waver_ws/install/ugv_interface/include/ugv_interface/ugv_interface/srv/detail/map_save__type_support.hpp
[1.041s] -- Up-to-date symlink: /home/chotaehyun/waver_ws/install/ugv_interface/include/ugv_interface/ugv_interface/srv/map_save.hpp
[1.042s] -- Up-to-date symlink: /home/chotaehyun/waver_ws/install/ugv_interface/include/ugv_interface/ugv_interface/action/detail/behavior__rosidl_typesupport_fastrtps_cpp.hpp
[1.042s] -- Up-to-date symlink: /home/chotaehyun/waver_ws/install/ugv_interface/include/ugv_interface/ugv_interface/msg/rosidl_typesupport_fastrtps_cpp__visibility_control.h
[1.043s] -- Up-to-date symlink: /home/chotaehyun/waver_ws/install/ugv_interface/include/ugv_interface/ugv_interface/srv/detail/map_save__rosidl_typesupport_fastrtps_cpp.hpp
[1.044s] -- Up-to-date symlink: /home/chotaehyun/waver_ws/install/ugv_interface/include/ugv_interface/ugv_interface/action/detail/behavior__rosidl_typesupport_introspection_cpp.hpp
[1.046s] -- Up-to-date symlink: /home/chotaehyun/waver_ws/install/ugv_interface/include/ugv_interface/ugv_interface/srv/detail/map_save__rosidl_typesupport_introspection_cpp.hpp
[1.048s] -- Up-to-date symlink: /home/chotaehyun/waver_ws/install/ugv_interface/share/ugv_interface/environment/pythonpath.sh
[1.048s] -- Up-to-date symlink: /home/chotaehyun/waver_ws/install/ugv_interface/share/ugv_interface/environment/pythonpath.dsv
[1.048s] -- Up-to-date symlink: /home/chotaehyun/waver_ws/install/ugv_interface/local/lib/python3.10/dist-packages/ugv_interface-0.0.0-py3.10.egg-info/PKG-INFO
[1.048s] -- Up-to-date symlink: /home/chotaehyun/waver_ws/install/ugv_interface/local/lib/python3.10/dist-packages/ugv_interface-0.0.0-py3.10.egg-info/SOURCES.txt
[1.048s] -- Up-to-date symlink: /home/chotaehyun/waver_ws/install/ugv_interface/local/lib/python3.10/dist-packages/ugv_interface-0.0.0-py3.10.egg-info/dependency_links.txt
[1.048s] -- Up-to-date symlink: /home/chotaehyun/waver_ws/install/ugv_interface/local/lib/python3.10/dist-packages/ugv_interface-0.0.0-py3.10.egg-info/top_level.txt
[1.048s] -- Up-to-date symlink: /home/chotaehyun/waver_ws/install/ugv_interface/local/lib/python3.10/dist-packages/ugv_interface/__init__.py
[1.048s] -- Up-to-date symlink: /home/chotaehyun/waver_ws/install/ugv_interface/local/lib/python3.10/dist-packages/ugv_interface/_ugv_interface_s.ep.rosidl_typesupport_c.c
[1.048s] -- Up-to-date symlink: /home/chotaehyun/waver_ws/install/ugv_interface/local/lib/python3.10/dist-packages/ugv_interface/_ugv_interface_s.ep.rosidl_typesupport_fastrtps_c.c
[1.048s] -- Up-to-date symlink: /home/chotaehyun/waver_ws/install/ugv_interface/local/lib/python3.10/dist-packages/ugv_interface/_ugv_interface_s.ep.rosidl_typesupport_introspection_c.c
[1.048s] -- Up-to-date symlink: /home/chotaehyun/waver_ws/install/ugv_interface/local/lib/python3.10/dist-packages/ugv_interface/action/__init__.py
[1.048s] -- Up-to-date symlink: /home/chotaehyun/waver_ws/install/ugv_interface/local/lib/python3.10/dist-packages/ugv_interface/action/_behavior.py
[1.049s] -- Up-to-date symlink: /home/chotaehyun/waver_ws/install/ugv_interface/local/lib/python3.10/dist-packages/ugv_interface/action/_behavior_s.c
[1.049s] -- Up-to-date symlink: /home/chotaehyun/waver_ws/install/ugv_interface/local/lib/python3.10/dist-packages/ugv_interface/libugv_interface__rosidl_generator_py.so
[1.049s] -- Up-to-date symlink: /home/chotaehyun/waver_ws/install/ugv_interface/local/lib/python3.10/dist-packages/ugv_interface/srv/__init__.py
[1.053s] -- Up-to-date symlink: /home/chotaehyun/waver_ws/install/ugv_interface/local/lib/python3.10/dist-packages/ugv_interface/srv/_map_save.py
[1.053s] -- Up-to-date symlink: /home/chotaehyun/waver_ws/install/ugv_interface/local/lib/python3.10/dist-packages/ugv_interface/srv/_map_save_s.c
[1.053s] -- Up-to-date symlink: /home/chotaehyun/waver_ws/install/ugv_interface/local/lib/python3.10/dist-packages/ugv_interface/ugv_interface_s__rosidl_typesupport_c.cpython-310-x86_64-linux-gnu.so
[1.054s] -- Up-to-date symlink: /home/chotaehyun/waver_ws/install/ugv_interface/local/lib/python3.10/dist-packages/ugv_interface/ugv_interface_s__rosidl_typesupport_fastrtps_c.cpython-310-x86_64-linux-gnu.so
[1.054s] -- Up-to-date symlink: /home/chotaehyun/waver_ws/install/ugv_interface/local/lib/python3.10/dist-packages/ugv_interface/ugv_interface_s__rosidl_typesupport_introspection_c.cpython-310-x86_64-linux-gnu.so
[1.054s] -- Up-to-date symlink: /home/chotaehyun/waver_ws/install/ugv_interface/local/lib/python3.10/dist-packages/ugv_interface/ugv_interface_s__rosidl_typesupport_fastrtps_c.cpython-310-x86_64-linux-gnu.so
[1.054s] -- Up-to-date symlink: /home/chotaehyun/waver_ws/install/ugv_interface/local/lib/python3.10/dist-packages/ugv_interface/ugv_interface_s__rosidl_typesupport_introspection_c.cpython-310-x86_64-linux-gnu.so
[1.054s] -- Up-to-date symlink: /home/chotaehyun/waver_ws/install/ugv_interface/local/lib/python3.10/dist-packages/ugv_interface/ugv_interface_s__rosidl_typesupport_c.cpython-310-x86_64-linux-gnu.so
[1.054s] -- Up-to-date symlink: /home/chotaehyun/waver_ws/install/ugv_interface/share/ugv_interface/srv/MapSave.idl
[1.054s] -- Up-to-date symlink: /home/chotaehyun/waver_ws/install/ugv_interface/share/ugv_interface/action/Behavior.idl
[1.054s] -- Up-to-date symlink: /home/chotaehyun/waver_ws/install/ugv_interface/share/ugv_interface/srv/MapSave.srv
[1.054s] -- Up-to-date symlink: /home/chotaehyun/waver_ws/install/ugv_interface/share/ugv_interface/srv/MapSave_Request.msg
[1.054s] -- Up-to-date symlink: /home/chotaehyun/waver_ws/install/ugv_interface/share/ugv_interface/srv/MapSave_Response.msg
[1.054s] -- Up-to-date symlink: /home/chotaehyun/waver_ws/install/ugv_interface/share/ugv_interface/action/Behavior.action
[1.054s] -- Up-to-date symlink: /home/chotaehyun/waver_ws/install/ugv_interface/share/ugv_interface/srv/MapSave.srv
[1.054s] -- Up-to-date symlink: /home/chotaehyun/waver_ws/install/ugv_interface/share/ugv_interface/action/Behavior.action
[1.061s] -- Up-to-date symlink: /home/chotaehyun/waver_ws/install/ugv_interface/share/ament_index/resource_index/package_run_dependencies/ugv_interface
[1.062s] -- Up-to-date symlink: /home/chotaehyun/waver_ws/install/ugv_interface/share/ament_index/resource_index/parent_prefix_path/ugv_interface
[1.062s] -- Up-to-date symlink: /home/chotaehyun/waver_ws/install/ugv_interface/share/ugv_interface/environment/ament_prefix_path.sh
[1.062s] -- Up-to-date symlink: /home/chotaehyun/waver_ws/install/ugv_interface/share/ugv_interface/environment/ament_prefix_path.dsv
[1.062s] -- Up-to-date symlink: /home/chotaehyun/waver_ws/install/ugv_interface/share/ugv_interface/environment/path.sh
[1.062s] -- Up-to-date symlink: /home/chotaehyun/waver_ws/install/ugv_interface/share/ugv_interface/environment/path.dsv
[1.062s] -- Up-to-date symlink: /home/chotaehyun/waver_ws/install/ugv_interface/share/ugv_interface/local_setup.bash
[1.062s] -- Up-to-date symlink: /home/chotaehyun/waver_ws/install/ugv_interface/share/ugv_interface/local_setup.sh
[1.062s] -- Up-to-date symlink: /home/chotaehyun/waver_ws/install/ugv_interface/share/ugv_interface/local_setup.zsh
[1.062s] -- Up-to-date symlink: /home/chotaehyun/waver_ws/install/ugv_interface/share/ugv_interface/local_setup.dsv
[1.062s] -- Symlinking: /home/chotaehyun/waver_ws/install/ugv_interface/share/ugv_interface/package.dsv
[1.079s] -- Up-to-date symlink: /home/chotaehyun/waver_ws/install/ugv_interface/share/ament_index/resource_index/packages/ugv_interface
[1.079s] -- Up-to-date symlink: /home/chotaehyun/waver_ws/install/ugv_interface/share/ugv_interface/cmake/rosidl_cmake-extras.cmake
[1.079s] -- Up-to-date symlink: /home/chotaehyun/waver_ws/install/ugv_interface/share/ugv_interface/cmake/ament_cmake_export_dependencies-extras.cmake
[1.079s] -- Up-to-date symlink: /home/chotaehyun/waver_ws/install/ugv_interface/share/ugv_interface/cmake/ament_cmake_export_include_directories-extras.cmake
[1.079s] -- Up-to-date symlink: /home/chotaehyun/waver_ws/install/ugv_interface/share/ugv_interface/cmake/ament_cmake_export_libraries-extras.cmake
[1.079s] -- Up-to-date symlink: /home/chotaehyun/waver_ws/install/ugv_interface/share/ugv_interface/cmake/ament_cmake_export_targets-extras.cmake
[1.080s] -- Up-to-date symlink: /home/chotaehyun/waver_ws/install/ugv_interface/share/ugv_interface/cmake/rosidl_cmake_export_typesupport_targets-extras.cmake
[1.080s] -- Up-to-date symlink: /home/chotaehyun/waver_ws/install/ugv_interface/share/ugv_interface/cmake/rosidl_cmake_export_typesupport_libraries-extras.cmake
[1.080s] -- Up-to-date symlink: /home/chotaehyun/waver_ws/install/ugv_interface/share/ugv_interface/cmake/ugv_interfaceConfig.cmake
[1.080s] -- Up-to-date symlink: /home/chotaehyun/waver_ws/install/ugv_interface/share/ugv_interface/cmake/ugv_interfaceConfig-version.cmake
[1.080s] -- Up-to-date symlink: /home/chotaehyun/waver_ws/install/ugv_interface/share/ugv_interface/package.xml
[1.080s] -- Up-to-date: /home/chotaehyun/waver_ws/install/ugv_interface/lib/libugv_interface__rosidl_generator_c.so
[1.080s] -- Up-to-date: /home/chotaehyun/waver_ws/install/ugv_interface/lib/libugv_interface__rosidl_typesupport_fastrtps_c.so
[1.080s] -- Up-to-date: /home/chotaehyun/waver_ws/install/ugv_interface/lib/libugv_interface__rosidl_typesupport_introspection_c.so
[1.080s] -- Up-to-date: /home/chotaehyun/waver_ws/install/ugv_interface/lib/libugv_interface__rosidl_typesupport_c.so
[1.080s] -- Up-to-date: /home/chotaehyun/waver_ws/install/ugv_interface/lib/libugv_interface__rosidl_typesupport_fastrtps_cpp.so
[1.080s] -- Up-to-date: /home/chotaehyun/waver_ws/install/ugv_interface/lib/libugv_interface__rosidl_typesupport_introspection_cpp.so
[1.080s] -- Up-to-date: /home/chotaehyun/waver_ws/install/ugv_interface/lib/libugv_interface__rosidl_typesupport_cpp.so
[1.088s] Listing '/home/chotaehyun/waver_ws/install/ugv_interface/local/lib/python3.10/dist-packages/ugv_interface'...
[1.089s] Listing '/home/chotaehyun/waver_ws/install/ugv_interface/local/lib/python3.10/dist-packages/ugv_interface/action'...
[1.089s] Listing '/home/chotaehyun/waver_ws/install/ugv_interface/local/lib/python3.10/dist-packages/ugv_interface/srv'...
[1.101s] -- Up-to-date: /home/chotaehyun/waver_ws/install/ugv_interface/lib/libugv_interface__rosidl_generator_py.so
[1.103s] -- Up-to-date: /home/chotaehyun/waver_ws/install/ugv_interface/share/ugv_interface/cmake/export_ugv_interface__rosidl_generator_cExport.cmake
[1.103s] -- Up-to-date: /home/chotaehyun/waver_ws/install/ugv_interface/share/ugv_interface/cmake/export_ugv_interface__rosidl_generator_cExport-noconfig.cmake
[1.103s] -- Up-to-date: /home/chotaehyun/waver_ws/install/ugv_interface/share/ugv_interface/cmake/export_ugv_interface__rosidl_typesupport_fastrtps_cExport.cmake
[1.104s] -- Up-to-date: /home/chotaehyun/waver_ws/install/ugv_interface/share/ugv_interface/cmake/export_ugv_interface__rosidl_typesupport_fastrtps_cExport-noconfig.cmake
[1.104s] -- Up-to-date: /home/chotaehyun/waver_ws/install/ugv_interface/share/ugv_interface/cmake/ugv_interface__rosidl_typesupport_introspection_cExport.cmake
[1.104s] -- Up-to-date: /home/chotaehyun/waver_ws/install/ugv_interface/share/ugv_interface/cmake/ugv_interface__rosidl_typesupport_introspection_cExport-noconfig.cmake
[1.104s] -- Up-to-date: /home/chotaehyun/waver_ws/install/ugv_interface/share/ugv_interface/cmake/ugv_interface__rosidl_typesupport_cExport.cmake
[1.104s] -- Up-to-date: /home/chotaehyun/waver_ws/install/ugv_interface/share/ugv_interface/cmake/ugv_interface__rosidl_typesupport_cExport-noconfig.cmake
[1.104s] -- Up-to-date: /home/chotaehyun/waver_ws/install/ugv_interface/share/ugv_interface/cmake/export_ugv_interface__rosidl_generator_cppExport.cmake
[1.104s] -- Up-to-date: /home/chotaehyun/waver_ws/install/ugv_interface/share/ugv_interface/cmake/export_ugv_interface__rosidl_typesupport_fastrtps_cppExport.cmake
[1.105s] -- Up-to-date: /home/chotaehyun/waver_ws/install/ugv_interface/share/ugv_interface/cmake/export_ugv_interface__rosidl_typesupport_fastrtps_cppExport-noconfig.cmake
[1.105s] -- Up-to-date: /home/chotaehyun/waver_ws/install/ugv_interface/share/ugv_interface/cmake/ugv_interface__rosidl_typesupport_introspection_cppExport.cmake
[1.105s] -- Up-to-date: /home/chotaehyun/waver_ws/install/ugv_interface/share/ugv_interface/cmake/ugv_interface__rosidl_typesupport_introspection_cppExport-noconfig.cmake
[1.105s] -- Up-to-date: /home/chotaehyun/waver_ws/install/ugv_interface/share/ugv_interface/cmake/ugv_interface__rosidl_typesupport_cppExport.cmake
[1.105s] -- Up-to-date: /home/chotaehyun/waver_ws/install/ugv_interface/share/ugv_interface/cmake/ugv_interface__rosidl_typesupport_cppExport-noconfig.cmake
[1.105s] -- Up-to-date: /home/chotaehyun/waver_ws/install/ugv_interface/share/ugv_interface/cmake/export_ugv_interface__rosidl_generator_pyExport.cmake
[1.105s] -- Up-to-date: /home/chotaehyun/waver_ws/install/ugv_interface/share/ugv_interface/cmake/export_ugv_interface__rosidl_generator_pyExport-noconfig.cmake
[1.170s] Invoked command in '/home/chotaehyun/waver_ws/build/ugv_interface' returned '0': CMAKE_PREFIX_PATH=/opt/ros/humble /usr/bin/cmake --install /home/chotaehyun/waver_ws/build/ugv_interface
